2024-07-12 00:16:00,750 [ERROR] LogOutputStream:75 - [STDERR_REDIRECT] 
2024-07-12 00:18:27,143 [INFO] Activator:176 - 


2024-07-12 00:18:27,149 [INFO] Activator:177 - !SESSION log4j initialized
2024-07-12 00:18:53,875 [INFO] LogOutputStream:77 - [STDOUT_REDIRECT] 
2024-07-12 00:19:40,803 [INFO] ApplicationProperties:184 - Using Application install path: C:\ST\STM32CubeIDE_1.14.1\STM32CubeIDE\plugins\com.st.stm32cube.common.mx_6.10.0.202311202037
2024-07-12 00:19:40,847 [INFO] DbMcusXml:78 - Set database path to: C:\ST\STM32CubeIDE_1.14.1\STM32CubeIDE\plugins\com.st.stm32cube.common.mx_6.10.0.202311202037\\db\/mcu/
2024-07-12 00:19:40,848 [INFO] ApiDb:274 - Set plugin database path to: C:\ST\STM32CubeIDE_1.14.1\STM32CubeIDE\plugins\com.st.stm32cube.common.mx_6.10.0.202311202037\\db\/plugins/boardmanager/
2024-07-12 00:19:40,849 [WARN] ApiDb:259 - Overriding images path with different value:  => C:\ST\STM32CubeIDE_1.14.1\STM32CubeIDE\plugins\com.st.stm32cube.common.mx_6.10.0.202311202037\\db\/plugins/mcufinder/images/
2024-07-12 00:19:40,874 [INFO] ApiDb:250 - Set database path to: C:\Users\revat\.stmcufinder\plugins\mcufinder//mcu/
2024-07-12 00:19:40,876 [INFO] DbMcusAds:125 - Set database path to: C:\Users\revat\.stmcufinder\plugins\mcufinder//mcu/
2024-07-12 00:19:40,887 [INFO] CrossReferenceDbSqlite:203 - Set database path to: C:\Users\revat\.stmcufinder\plugins\mcufinder//mcu/cs/
2024-07-12 00:19:41,130 [INFO] RulesReader:64 - Compatibility file has been processed (297 Rules)
2024-07-12 00:19:41,330 [INFO] DbMcusXml:78 - Set database path to: C:\ST\STM32CubeIDE_1.14.1\STM32CubeIDE\plugins\com.st.stm32cube.common.mx_6.10.0.202311202037\\db\/mcu/
2024-07-12 00:19:41,330 [INFO] ApiDb:274 - Set plugin database path to: C:\ST\STM32CubeIDE_1.14.1\STM32CubeIDE\plugins\com.st.stm32cube.common.mx_6.10.0.202311202037\\db\/plugins/boardmanager/
2024-07-12 00:19:41,331 [INFO] ApiDb:261 - Set plugin images path to: C:\ST\STM32CubeIDE_1.14.1\STM32CubeIDE\plugins\com.st.stm32cube.common.mx_6.10.0.202311202037\\db\/plugins/mcufinder/images/
2024-07-12 00:19:41,331 [WARN] DbFile:41 - Overriding database path with different value: C:\Users\revat\.stmcufinder\plugins\mcufinder/ => C:\Users\revat\.stmcufinder\plugins\mcufinder
2024-07-12 00:19:41,332 [INFO] ApiDb:250 - Set database path to: C:\Users\revat\.stmcufinder\plugins\mcufinder//mcu/
2024-07-12 00:19:41,332 [WARN] DbFile:41 - Overriding database path with different value: C:\Users\revat\.stmcufinder\plugins\mcufinder/ => C:\Users\revat\.stmcufinder\plugins\mcufinder
2024-07-12 00:19:41,333 [INFO] DbMcusAds:125 - Set database path to: C:\Users\revat\.stmcufinder\plugins\mcufinder//mcu/
2024-07-12 00:19:41,333 [WARN] DbFile:41 - Overriding database path with different value: C:\Users\revat\.stmcufinder\plugins\mcufinder/ => C:\Users\revat\.stmcufinder\plugins\mcufinder
2024-07-12 00:19:41,333 [WARN] DbFile:41 - Overriding database path with different value: C:\Users\revat\.stmcufinder\plugins\mcufinder/ => C:\Users\revat\.stmcufinder\plugins\mcufinder
2024-07-12 00:19:41,334 [INFO] CrossReferenceDbSqlite:203 - Set database path to: C:\Users\revat\.stmcufinder\plugins\mcufinder//mcu/cs/
2024-07-12 00:19:41,511 [INFO] MainPanel:264 - HeapMemory: 268435456
2024-07-12 00:19:41,703 [INFO] DbMcusXml:78 - Set database path to: C:\ST\STM32CubeIDE_1.14.1\STM32CubeIDE\plugins\com.st.stm32cube.common.mx_6.10.0.202311202037\\db\/mcu/
2024-07-12 00:19:41,703 [INFO] ApiDb:274 - Set plugin database path to: C:\ST\STM32CubeIDE_1.14.1\STM32CubeIDE\plugins\com.st.stm32cube.common.mx_6.10.0.202311202037\\db\/plugins/boardmanager/
2024-07-12 00:19:41,703 [INFO] ApiDb:261 - Set plugin images path to: C:\ST\STM32CubeIDE_1.14.1\STM32CubeIDE\plugins\com.st.stm32cube.common.mx_6.10.0.202311202037\\db\/plugins/mcufinder/images/
2024-07-12 00:19:41,704 [WARN] DbFile:41 - Overriding database path with different value: C:\Users\revat\.stmcufinder\plugins\mcufinder/ => C:\Users\revat\.stmcufinder\plugins\mcufinder
2024-07-12 00:19:41,704 [INFO] ApiDb:250 - Set database path to: C:\Users\revat\.stmcufinder\plugins\mcufinder//mcu/
2024-07-12 00:19:41,705 [WARN] DbFile:41 - Overriding database path with different value: C:\Users\revat\.stmcufinder\plugins\mcufinder/ => C:\Users\revat\.stmcufinder\plugins\mcufinder
2024-07-12 00:19:41,705 [INFO] DbMcusAds:125 - Set database path to: C:\Users\revat\.stmcufinder\plugins\mcufinder//mcu/
2024-07-12 00:19:41,705 [WARN] DbFile:41 - Overriding database path with different value: C:\Users\revat\.stmcufinder\plugins\mcufinder/ => C:\Users\revat\.stmcufinder\plugins\mcufinder
2024-07-12 00:19:41,705 [WARN] DbFile:41 - Overriding database path with different value: C:\Users\revat\.stmcufinder\plugins\mcufinder/ => C:\Users\revat\.stmcufinder\plugins\mcufinder
2024-07-12 00:19:41,706 [INFO] CrossReferenceDbSqlite:203 - Set database path to: C:\Users\revat\.stmcufinder\plugins\mcufinder//mcu/cs/
2024-07-12 00:19:41,742 [INFO] ApplicationProperties:184 - Using Application install path: C:\ST\STM32CubeIDE_1.14.1\STM32CubeIDE\plugins\com.st.stm32cube.common.mx_6.10.0.202311202037
2024-07-12 00:19:41,747 [INFO] PluginManage:196 - Search for loadable plugins [exclusion list=, ]
2024-07-12 00:19:41,749 [INFO] PluginManage:310 - Check plugin analytics
2024-07-12 00:19:42,201 [INFO] AnalyticsPlugin:253 - Accepted Software Licenses: 
2024-07-12 00:19:42,201 [INFO] AnalyticsPlugin:255 - Accepted CMSIS Pack Licenses: 
2024-07-12 00:19:42,202 [INFO] AnalyticsPlugin:257 - Accepted Firmware Licenses: FW.F4.1.28.0
2024-07-12 00:19:42,207 [INFO] PluginManage:359 - Loaded plugin analytics (category:tool,tabindex:-1)
2024-07-12 00:19:42,208 [INFO] PluginManage:310 - Check plugin cadmodel
2024-07-12 00:19:42,237 [INFO] CADModel:105 - Init CAD model plugin
2024-07-12 00:19:42,238 [INFO] PluginManage:359 - Loaded plugin cadmodel (category:power,tabindex:5)
2024-07-12 00:19:42,239 [INFO] PluginManage:310 - Check plugin clock
2024-07-12 00:19:42,294 [INFO] PluginManage:359 - Loaded plugin clock (category:base,tabindex:2)
2024-07-12 00:19:42,294 [INFO] PluginManage:310 - Check plugin ddr
2024-07-12 00:19:42,299 [INFO] PluginManage:359 - Loaded plugin ddr (category:tool,tabindex:6)
2024-07-12 00:19:42,300 [INFO] PluginManage:310 - Check plugin filemanager
2024-07-12 00:19:42,589 [INFO] PluginManage:359 - Loaded plugin filemanager (category:base,tabindex:10)
2024-07-12 00:19:42,590 [INFO] PluginManage:310 - Check plugin ipmanager
2024-07-12 00:19:42,604 [INFO] PluginManage:359 - Loaded plugin ipmanager (category:base,tabindex:5)
2024-07-12 00:19:42,604 [INFO] PluginManage:310 - Check plugin lpbam
2024-07-12 00:19:42,632 [INFO] PluginManage:359 - Loaded plugin lpbam (category:base,tabindex:0)
2024-07-12 00:19:42,632 [INFO] PluginManage:310 - Check plugin memorymap
2024-07-12 00:19:42,667 [INFO] PluginManage:359 - Loaded plugin memorymap (category:base,tabindex:4)
2024-07-12 00:19:42,668 [INFO] PluginManage:310 - Check plugin pinoutandconfiguration
2024-07-12 00:19:42,690 [INFO] PluginManage:359 - Loaded plugin pinoutandconfiguration (category:base,tabindex:1)
2024-07-12 00:19:42,690 [INFO] PluginManage:310 - Check plugin pinoutconfig
2024-07-12 00:19:42,845 [WARN] SupportedApi:132 - Cannot load RTOS API schema: s4s-elt-must-match.1: The content of 'definitions' must match (annotation?, (simpleType | complexType)?, (unique | key | keyref)*)). A problem was found starting at: attribute.
2024-07-12 00:19:43,141 [INFO] PluginManage:359 - Loaded plugin pinoutconfig (category:base,tabindex:0)
2024-07-12 00:19:43,141 [INFO] PluginManage:310 - Check plugin power
2024-07-12 00:19:43,186 [INFO] PluginManage:359 - Loaded plugin power (category:power,tabindex:4)
2024-07-12 00:19:43,187 [INFO] PluginManage:310 - Check plugin projectmanager
2024-07-12 00:19:43,227 [INFO] PluginManage:359 - Loaded plugin projectmanager (category:projectmanager,tabindex:3)
2024-07-12 00:19:43,228 [INFO] PluginManage:310 - Check plugin thirdparty
2024-07-12 00:19:43,981 [INFO] PluginManage:359 - Loaded plugin thirdparty (category:base,tabindex:-1)
2024-07-12 00:19:43,981 [WARN] IntegrityCheckThread:84 - waiting for thirdparty lock release [integrity check]
2024-07-12 00:19:43,982 [INFO] PluginManage:310 - Check plugin tools
2024-07-12 00:19:43,982 [INFO] IntegrityCheckThread:86 - entering critical section [integrity check]
2024-07-12 00:19:43,983 [INFO] ThirdPartyUpdaterWithRetryManager:70 - Updater plugin not ready yet. [1/15]
2024-07-12 00:19:44,089 [INFO] PluginManage:359 - Loaded plugin tools (category:base,tabindex:7)
2024-07-12 00:19:44,089 [INFO] PluginManage:310 - Check plugin tutovideos
2024-07-12 00:19:44,674 [INFO] PluginManage:359 - Loaded plugin tutovideos (category:base,tabindex:-1)
2024-07-12 00:19:44,674 [INFO] PluginManage:310 - Check plugin updater
2024-07-12 00:19:44,703 [INFO] PluginManage:359 - Loaded plugin updater (category:base,tabindex:12)
2024-07-12 00:19:44,703 [INFO] PluginManage:310 - Check plugin userauth
2024-07-12 00:19:44,717 [INFO] UserAuth:114 - Init User Auth plugin
2024-07-12 00:19:44,717 [INFO] PluginManage:359 - Loaded plugin userauth (category:base,tabindex:14)
2024-07-12 00:19:44,719 [INFO] PluginManage:283 - PluginManage : Loaded plugins [17]
2024-07-12 00:19:45,240 [INFO] PinOutPanel:1499 - setPackage(No Configuration,No Configuration)
2024-07-12 00:19:45,433 [INFO] CADModel:165 - CPN selected for project level
2024-07-12 00:19:45,433 [INFO] CADModel:114 - Register for checkConnection events
2024-07-12 00:19:45,491 [INFO] IPUIPlugin:80 - create IPUIPlugin
2024-07-12 00:19:45,492 [INFO] PluginManager:220 - loadIPPluginJar : add adc
2024-07-12 00:19:45,572 [INFO] IPUIPlugin:80 - create IPUIPlugin
2024-07-12 00:19:45,572 [INFO] PluginManager:220 - loadIPPluginJar : add aes
2024-07-12 00:19:45,655 [INFO] IPUIPlugin:80 - create IPUIPlugin
2024-07-12 00:19:45,656 [INFO] PluginManager:220 - loadIPPluginJar : add can
2024-07-12 00:19:45,707 [INFO] IPUIPlugin:80 - create IPUIPlugin
2024-07-12 00:19:45,709 [INFO] PluginManager:220 - loadIPPluginJar : add comp
2024-07-12 00:19:45,788 [INFO] IPUIPlugin:80 - create IPUIPlugin
2024-07-12 00:19:45,789 [INFO] PluginManager:220 - loadIPPluginJar : add cryp
2024-07-12 00:19:45,860 [INFO] IPUIPlugin:80 - create IPUIPlugin
2024-07-12 00:19:45,860 [INFO] PluginManager:220 - loadIPPluginJar : add dfsdm
2024-07-12 00:19:45,894 [INFO] IPUIPlugin:80 - create IPUIPlugin
2024-07-12 00:19:45,894 [INFO] PluginManager:220 - loadIPPluginJar : add dma
2024-07-12 00:19:45,981 [INFO] IPUIPlugin:80 - create IPUIPlugin
2024-07-12 00:19:45,981 [INFO] PluginManager:220 - loadIPPluginJar : add dma3
2024-07-12 00:19:46,017 [INFO] IPUIPlugin:80 - create IPUIPlugin
2024-07-12 00:19:46,017 [INFO] PluginManager:220 - loadIPPluginJar : add fatfs
2024-07-12 00:19:46,094 [INFO] IPUIPlugin:80 - create IPUIPlugin
2024-07-12 00:19:46,094 [INFO] PluginManager:220 - loadIPPluginJar : add fmc
2024-07-12 00:19:46,118 [INFO] IPUIPlugin:80 - create IPUIPlugin
2024-07-12 00:19:46,118 [INFO] PluginManager:220 - loadIPPluginJar : add freertos
2024-07-12 00:19:46,156 [INFO] IPUIPlugin:80 - create IPUIPlugin
2024-07-12 00:19:46,156 [INFO] PluginManager:220 - loadIPPluginJar : add genericplugin
2024-07-12 00:19:46,337 [INFO] IPUIPlugin:80 - create IPUIPlugin
2024-07-12 00:19:46,337 [INFO] PluginManager:220 - loadIPPluginJar : add gfxmmu
2024-07-12 00:19:46,560 [INFO] IPUIPlugin:80 - create IPUIPlugin
2024-07-12 00:19:46,560 [INFO] PluginManager:220 - loadIPPluginJar : add gic
2024-07-12 00:19:46,582 [INFO] IPUIPlugin:80 - create IPUIPlugin
2024-07-12 00:19:46,582 [INFO] PluginManager:220 - loadIPPluginJar : add gpio
2024-07-12 00:19:46,756 [INFO] IPUIPlugin:80 - create IPUIPlugin
2024-07-12 00:19:46,756 [INFO] PluginManager:220 - loadIPPluginJar : add gtzc
2024-07-12 00:19:46,814 [INFO] IPUIPlugin:80 - create IPUIPlugin
2024-07-12 00:19:46,814 [INFO] PluginManager:220 - loadIPPluginJar : add hash
2024-07-12 00:19:46,895 [INFO] IPUIPlugin:80 - create IPUIPlugin
2024-07-12 00:19:46,895 [INFO] PluginManager:220 - loadIPPluginJar : add i2c
2024-07-12 00:19:46,979 [INFO] IPUIPlugin:80 - create IPUIPlugin
2024-07-12 00:19:46,979 [INFO] PluginManager:220 - loadIPPluginJar : add i2s
2024-07-12 00:19:46,985 [INFO] ThirdPartyUpdaterWithRetryManager:70 - Updater plugin not ready yet. [2/15]
2024-07-12 00:19:47,133 [INFO] IPUIPlugin:80 - create IPUIPlugin
2024-07-12 00:19:47,134 [INFO] PluginManager:220 - loadIPPluginJar : add i3c
2024-07-12 00:19:47,485 [INFO] IPUIPlugin:80 - create IPUIPlugin
2024-07-12 00:19:47,485 [INFO] PluginManager:220 - loadIPPluginJar : add ipddr
2024-07-12 00:19:47,722 [INFO] IPUIPlugin:80 - create IPUIPlugin
2024-07-12 00:19:47,722 [INFO] PluginManager:220 - loadIPPluginJar : add linkedlist
2024-07-12 00:19:47,841 [INFO] IPUIPlugin:80 - create IPUIPlugin
2024-07-12 00:19:47,841 [INFO] PluginManager:220 - loadIPPluginJar : add lorawan
2024-07-12 00:19:47,942 [INFO] IPUIPlugin:80 - create IPUIPlugin
2024-07-12 00:19:47,942 [INFO] PluginManager:220 - loadIPPluginJar : add ltdc
2024-07-12 00:19:47,970 [INFO] IPUIPlugin:80 - create IPUIPlugin
2024-07-12 00:19:47,971 [INFO] PluginManager:220 - loadIPPluginJar : add mdma
2024-07-12 00:19:47,998 [INFO] IPUIPlugin:80 - create IPUIPlugin
2024-07-12 00:19:47,998 [INFO] PluginManager:220 - loadIPPluginJar : add nvic
2024-07-12 00:19:48,084 [INFO] IPUIPlugin:80 - create IPUIPlugin
2024-07-12 00:19:48,084 [INFO] PluginManager:220 - loadIPPluginJar : add opamp
2024-07-12 00:19:48,250 [INFO] IPUIPlugin:80 - create IPUIPlugin
2024-07-12 00:19:48,251 [INFO] PluginManager:220 - loadIPPluginJar : add openamp
2024-07-12 00:19:48,363 [INFO] IPUIPlugin:80 - create IPUIPlugin
2024-07-12 00:19:48,363 [INFO] PluginManager:220 - loadIPPluginJar : add pdm2pcm
2024-07-12 00:19:48,396 [INFO] IPUIPlugin:80 - create IPUIPlugin
2024-07-12 00:19:48,402 [INFO] PluginManager:220 - loadIPPluginJar : add plateformsettings
2024-07-12 00:19:48,461 [INFO] IPUIPlugin:80 - create IPUIPlugin
2024-07-12 00:19:48,461 [INFO] PluginManager:220 - loadIPPluginJar : add quadspi
2024-07-12 00:19:48,486 [INFO] IPUIPlugin:80 - create IPUIPlugin
2024-07-12 00:19:48,486 [INFO] PluginManager:220 - loadIPPluginJar : add resmgrutility
2024-07-12 00:19:48,602 [INFO] IPUIPlugin:80 - create IPUIPlugin
2024-07-12 00:19:48,603 [INFO] PluginManager:220 - loadIPPluginJar : add sai
2024-07-12 00:19:48,696 [INFO] IPUIPlugin:80 - create IPUIPlugin
2024-07-12 00:19:48,696 [INFO] PluginManager:220 - loadIPPluginJar : add spi
2024-07-12 00:19:48,906 [INFO] IPUIPlugin:80 - create IPUIPlugin
2024-07-12 00:19:48,906 [INFO] PluginManager:220 - loadIPPluginJar : add stm32_wpan
2024-07-12 00:19:48,963 [INFO] IPUIPlugin:80 - create IPUIPlugin
2024-07-12 00:19:48,963 [INFO] PluginManager:220 - loadIPPluginJar : add tim
2024-07-12 00:19:49,097 [INFO] IPUIPlugin:80 - create IPUIPlugin
2024-07-12 00:19:49,098 [INFO] PluginManager:220 - loadIPPluginJar : add touchsensing
2024-07-12 00:19:49,167 [INFO] IPUIPlugin:80 - create IPUIPlugin
2024-07-12 00:19:49,168 [INFO] PluginManager:220 - loadIPPluginJar : add tracer_emb
2024-07-12 00:19:49,232 [INFO] IPUIPlugin:80 - create IPUIPlugin
2024-07-12 00:19:49,232 [INFO] PluginManager:220 - loadIPPluginJar : add ts
2024-07-12 00:19:49,294 [INFO] IPUIPlugin:80 - create IPUIPlugin
2024-07-12 00:19:49,294 [INFO] PluginManager:220 - loadIPPluginJar : add tsc
2024-07-12 00:19:49,343 [INFO] IPUIPlugin:80 - create IPUIPlugin
2024-07-12 00:19:49,343 [INFO] PluginManager:220 - loadIPPluginJar : add ucpd
2024-07-12 00:19:49,444 [INFO] IPUIPlugin:80 - create IPUIPlugin
2024-07-12 00:19:49,445 [INFO] PluginManager:220 - loadIPPluginJar : add usart
2024-07-12 00:19:49,546 [INFO] IPUIPlugin:80 - create IPUIPlugin
2024-07-12 00:19:49,547 [INFO] PluginManager:220 - loadIPPluginJar : add usbx
2024-07-12 00:19:49,770 [INFO] CADModel:165 - CPN selected for project level
2024-07-12 00:19:49,770 [INFO] CADModel:114 - Register for checkConnection events
2024-07-12 00:19:49,770 [FATAL] Updater:308 - Updater called before beeing initialized
2024-07-12 00:19:49,771 [ERROR] CADModel:125 - Updater not yet initialized, retry later 
2024-07-12 00:19:49,986 [INFO] ThirdPartyUpdaterWithRetryManager:70 - Updater plugin not ready yet. [3/15]
2024-07-12 00:19:50,143 [INFO] CADModel:165 - CPN selected for project level
2024-07-12 00:19:50,143 [INFO] CADModel:114 - Register for checkConnection events
2024-07-12 00:19:50,143 [FATAL] Updater:308 - Updater called before beeing initialized
2024-07-12 00:19:50,143 [ERROR] CADModel:125 - Updater not yet initialized, retry later 
2024-07-12 00:19:50,150 [FATAL] Updater:308 - Updater called before beeing initialized
2024-07-12 00:19:50,393 [FATAL] Updater:308 - Updater called before beeing initialized
2024-07-12 00:19:50,417 [INFO] DbMcusAds:53 - JSON generation date=Thu May 16 14:52:00 IST 2024 (1715851320852)
2024-07-12 00:19:50,417 [FATAL] Updater:308 - Updater called before beeing initialized
2024-07-12 00:19:50,598 [WARN] DetailPanel:346 - Failed to get advertising image, set to default
2024-07-12 00:19:50,904 [FATAL] Updater:308 - Updater called before beeing initialized
2024-07-12 00:19:50,910 [FATAL] Updater:308 - Updater called before beeing initialized
2024-07-12 00:19:50,911 [FATAL] Updater:308 - Updater called before beeing initialized
2024-07-12 00:19:50,911 [WARN] DetailPanel:346 - Failed to get advertising image, set to default
2024-07-12 00:19:50,912 [FATAL] Updater:308 - Updater called before beeing initialized
2024-07-12 00:19:51,089 [ERROR] Updater:1120 - MainUpdater not yet initialized. External WinMGr cannot be set.
2024-07-12 00:19:51,112 [INFO] Updater:1056 - Updater Version found : 6.10.0
2024-07-12 00:19:51,146 [INFO] ApplicationProperties:184 - Using Application install path: C:\ST\STM32CubeIDE_1.14.1\STM32CubeIDE\plugins\com.st.stm32cube.common.mx_6.10.0.202311202037
2024-07-12 00:19:52,752 [ERROR] LogOutputStream:75 - [STDERR_REDIRECT] Jul 12, 2024 12:19:52 AM java.util.prefs.WindowsPreferences <init>
2024-07-12 00:19:52,754 [ERROR] LogOutputStream:75 - [STDERR_REDIRECT] WARNING: Could not open/create prefs root node Software\JavaSoft\Prefs at root 0xffffffff80000002. Windows RegCreateKeyEx(...) returned error code 5.
2024-07-12 00:19:52,755 [ERROR] LogOutputStream:75 - [STDERR_REDIRECT] 
2024-07-12 00:19:52,989 [FATAL] Updater:308 - Updater called before beeing initialized
2024-07-12 00:19:52,990 [ERROR] IntegrityCheckThread:130 - Cannot retrieve database content from updater: error 21
2024-07-12 00:19:52,992 [INFO] ThirdParty:978 - Integrity check success = false
2024-07-12 00:19:52,992 [INFO] IntegrityCheckThread:100 - exiting critical section [integrity check]
2024-07-12 00:19:52,993 [INFO] IntegrityCheckThread:103 - End integrity checks thread
2024-07-12 00:19:53,629 [INFO] MainUpdater:2873 - connection check result : 10
2024-07-12 00:19:53,630 [INFO] MainUpdater:3567 - Updater definition file requires update
2024-07-12 00:19:53,632 [INFO] MainUpdater:290 - Updater Check For Update Now.
2024-07-12 00:19:53,632 [INFO] MicroXplorer:498 - Change Database Version : DB.6.0.100
2024-07-12 00:19:53,686 [INFO] McuFinderGlobals:63 - Set McuFinder mode to 2 (CubeIDE integrated)
2024-07-12 00:19:53,686 [INFO] UserAuth:180 - activating auth plugin
2024-07-12 00:19:53,695 [INFO] UserAuth:404 - Internet connection configuration mode: 1
2024-07-12 00:19:53,741 [INFO] JxBrowserEngine:152 - Initiate JxBrowser Engine with user profile folder
2024-07-12 00:19:53,993 [INFO] ServerAccessManage:473 - Download File updaters.zip
2024-07-12 00:19:54,379 [INFO] FileExtend:240 - Unzip File : updaters.zip
2024-07-12 00:19:54,380 [INFO] FileExtend:255 - Standard Zip Deflate
2024-07-12 00:19:55,716 [INFO] ServerAccessManage:473 - Download File PacksControlFlags.xml
2024-07-12 00:19:56,045 [INFO] ServerAccessManage:473 - Download File cubemx.pidx
2024-07-12 00:19:58,529 [INFO] ServerAccessManage:473 - Download File STMicroelectronics.X-CUBE-DPOWER.pdsc
2024-07-12 00:19:59,663 [ERROR] ServerAccessManage:1089 - Problem, file not found on Server
2024-07-12 00:20:00,374 [ERROR] ServerAccessManage:1089 - Problem, file not found on Server
2024-07-12 00:20:01,184 [ERROR] ServerAccessManage:1089 - Problem, file not found on Server
2024-07-12 00:20:01,376 [INFO] WebApp:161 - Instantiating new browser for Auth
2024-07-12 00:20:01,570 [ERROR] ServerAccessManage:1089 - Problem, file not found on Server
2024-07-12 00:20:02,385 [ERROR] ServerAccessManage:1089 - Problem, file not found on Server
2024-07-12 00:20:02,743 [INFO] WebApp:780 - Register for checkConnection events
2024-07-12 00:20:02,743 [INFO] WebApp:414 - Apply proxy settings
2024-07-12 00:20:02,743 [INFO] WebApp:499 - Chromium requires no authentication
2024-07-12 00:20:02,756 [INFO] WebApp:442 - Direct internet connection detected
2024-07-12 00:20:03,063 [INFO] WebApp:192 - Starting web application
2024-07-12 00:20:03,063 [INFO] WebApp:544 - Web application path used C:\ST\STM32CubeIDE_1.14.1\STM32CubeIDE\plugins\com.st.stm32cube.common.mx_6.10.0.202311202037\db\plugins\mcufinder\reactClient1\index.html
2024-07-12 00:20:03,218 [ERROR] ServerAccessManage:1089 - Problem, file not found on Server
2024-07-12 00:20:04,197 [ERROR] ServerAccessManage:1089 - Problem, file not found on Server
2024-07-12 00:20:04,565 [ERROR] ServerAccessManage:1089 - Problem, file not found on Server
2024-07-12 00:20:05,413 [ERROR] ServerAccessManage:1089 - Problem, file not found on Server
2024-07-12 00:20:06,438 [ERROR] ServerAccessManage:1089 - Problem, file not found on Server
2024-07-12 00:20:07,567 [ERROR] ServerAccessManage:1089 - Problem, file not found on Server
2024-07-12 00:20:16,107 [INFO] ServerAccessManage:473 - Download File wolfSSL.I-CUBE-wolfTPM.pdsc
2024-07-12 00:20:24,586 [INFO] ServerAccessManage:473 - Download File wolfSSL.I-CUBE-wolfSSH.pdsc
2024-07-12 00:20:25,950 [ERROR] LogOutputStream:75 - [STDERR_REDIRECT] SLF4J: Failed to load class "org.slf4j.impl.StaticLoggerBinder".
2024-07-12 00:20:25,951 [ERROR] LogOutputStream:75 - [STDERR_REDIRECT] SLF4J: Defaulting to no-operation (NOP) logger implementation
2024-07-12 00:20:25,953 [ERROR] LogOutputStream:75 - [STDERR_REDIRECT] SLF4J: See http://www.slf4j.org/codes.html#StaticLoggerBinder for further details.
2024-07-12 00:20:53,892 [INFO] ServerAccessManage:473 - Download File RealThread.X-CUBE-RT-Thread_Nano.pdsc
2024-07-12 00:21:03,023 [INFO] ServerAccessManage:473 - Download File Cesanta.I-CUBE-Mongoose.pdsc
2024-07-12 00:21:13,456 [INFO] ServerAccessManage:473 - Download File EmbeddedOffice.I-CUBE-FS-RTOS.pdsc
2024-07-12 00:21:15,289 [WARN] PackLoader:240 - Cannot read IP mode file for STMicroelectronics.X-CUBE-DPower.1.2.0
2024-07-12 00:21:15,295 [WARN] PackLoader:240 - Cannot read IP mode file for wolfSSL.I-CUBE-wolfTPM.3.2.0
2024-07-12 00:21:15,299 [WARN] PackLoader:240 - Cannot read IP mode file for wolfSSL.I-CUBE-wolfSSH.1.4.17
2024-07-12 00:21:15,310 [WARN] PackLoader:240 - Cannot read IP mode file for RealThread.X-CUBE-RT-Thread_Nano.4.1.1
2024-07-12 00:21:15,316 [WARN] PackLoader:240 - Cannot read IP mode file for Cesanta.I-CUBE-Mongoose.7.13.0
2024-07-12 00:21:15,329 [WARN] PackLoader:240 - Cannot read IP mode file for EmbeddedOffice.I-CUBE-FS-RTOS.1.0.1
2024-07-12 00:21:15,329 [ERROR] ConditionMgr:805 - Attr not supported : Dmpu
2024-07-12 00:21:15,329 [ERROR] ConditionMgr:805 - Attr not supported : Dmpu
2024-07-12 00:21:15,329 [ERROR] ConditionMgr:805 - Attr not supported : Dmpu
2024-07-12 00:21:15,329 [ERROR] ConditionMgr:805 - Attr not supported : Dmpu
2024-07-12 00:21:15,329 [ERROR] ConditionMgr:805 - Attr not supported : Dmpu
2024-07-12 00:21:15,329 [ERROR] ConditionMgr:805 - Attr not supported : Dmpu
2024-07-12 00:21:15,329 [ERROR] ConditionMgr:805 - Attr not supported : Dmpu
2024-07-12 00:21:15,329 [ERROR] ConditionMgr:805 - Attr not supported : Dmpu
2024-07-12 00:21:15,329 [ERROR] ConditionMgr:805 - Attr not supported : Dmpu
2024-07-12 00:21:15,329 [ERROR] ConditionMgr:805 - Attr not supported : Dmpu
2024-07-12 00:21:15,330 [ERROR] ConditionMgr:805 - Attr not supported : Dmpu
2024-07-12 00:21:15,330 [ERROR] ConditionMgr:805 - Attr not supported : Dmpu
2024-07-12 00:21:15,330 [ERROR] ConditionMgr:805 - Attr not supported : Dmpu
2024-07-12 00:21:15,330 [ERROR] ConditionMgr:805 - Attr not supported : Dmpu
2024-07-12 00:21:15,330 [ERROR] ConditionMgr:805 - Attr not supported : Dmpu
2024-07-12 00:21:15,330 [ERROR] ConditionMgr:805 - Attr not supported : Dmpu
2024-07-12 00:21:15,330 [ERROR] ConditionMgr:805 - Attr not supported : Dmpu
2024-07-12 00:21:15,330 [ERROR] ConditionMgr:805 - Attr not supported : Dmpu
2024-07-12 00:21:15,330 [ERROR] ConditionMgr:805 - Attr not supported : Dmpu
2024-07-12 00:21:15,330 [ERROR] ConditionMgr:805 - Attr not supported : Dmpu
2024-07-12 00:21:15,330 [ERROR] ConditionMgr:805 - Attr not supported : Dmpu
2024-07-12 00:21:15,330 [ERROR] ConditionMgr:805 - Attr not supported : Dmpu
2024-07-12 00:21:15,330 [ERROR] ConditionMgr:805 - Attr not supported : Dmpu
2024-07-12 00:21:15,330 [ERROR] ConditionMgr:805 - Attr not supported : Dmpu
2024-07-12 00:21:15,330 [ERROR] ConditionMgr:805 - Attr not supported : Dmpu
2024-07-12 00:21:15,330 [ERROR] ConditionMgr:805 - Attr not supported : Dmpu
2024-07-12 00:21:15,330 [ERROR] ConditionMgr:805 - Attr not supported : Dmpu
2024-07-12 00:21:15,330 [ERROR] ConditionMgr:805 - Attr not supported : Dmpu
2024-07-12 00:21:15,330 [ERROR] ConditionMgr:805 - Attr not supported : Dmpu
2024-07-12 00:21:15,330 [ERROR] ConditionMgr:805 - Attr not supported : Dmpu
2024-07-12 00:21:15,330 [ERROR] ConditionMgr:805 - Attr not supported : Dmpu
2024-07-12 00:21:15,330 [ERROR] ConditionMgr:805 - Attr not supported : Dmpu
2024-07-12 00:21:15,330 [ERROR] ConditionMgr:805 - Attr not supported : Dmpu
2024-07-12 00:21:15,330 [ERROR] ConditionMgr:805 - Attr not supported : Dmpu
2024-07-12 00:21:15,330 [ERROR] ConditionMgr:805 - Attr not supported : Dmpu
2024-07-12 00:21:15,330 [ERROR] ConditionMgr:805 - Attr not supported : Dmpu
2024-07-12 00:21:15,331 [ERROR] ConditionMgr:805 - Attr not supported : Dmpu
2024-07-12 00:21:15,331 [ERROR] ConditionMgr:805 - Attr not supported : Dmpu
2024-07-12 00:21:15,331 [ERROR] ConditionMgr:805 - Attr not supported : Dmpu
2024-07-12 00:21:15,331 [ERROR] ConditionMgr:805 - Attr not supported : Dmpu
2024-07-12 00:21:15,331 [ERROR] ConditionMgr:805 - Attr not supported : Dmpu
2024-07-12 00:21:15,331 [ERROR] ConditionMgr:805 - Attr not supported : Dmpu
2024-07-12 00:21:15,331 [ERROR] ConditionMgr:805 - Attr not supported : Dmpu
2024-07-12 00:21:15,331 [ERROR] ConditionMgr:805 - Attr not supported : Dmpu
2024-07-12 00:21:15,331 [ERROR] ConditionMgr:805 - Attr not supported : Dmpu
2024-07-12 00:21:15,331 [ERROR] ConditionMgr:805 - Attr not supported : Dmpu
2024-07-12 00:21:15,331 [ERROR] ConditionMgr:805 - Attr not supported : Dmpu
2024-07-12 00:21:15,331 [ERROR] ConditionMgr:805 - Attr not supported : Dmpu
2024-07-12 00:21:15,332 [ERROR] ConditionMgr:805 - Attr not supported : Dmpu
2024-07-12 00:21:15,332 [ERROR] ConditionMgr:805 - Attr not supported : Dmpu
2024-07-12 00:21:15,332 [ERROR] ConditionMgr:805 - Attr not supported : Dmpu
2024-07-12 00:21:15,332 [ERROR] ConditionMgr:805 - Attr not supported : Dmpu
2024-07-12 00:21:15,332 [ERROR] ConditionMgr:805 - Attr not supported : Dmpu
2024-07-12 00:21:15,332 [ERROR] ConditionMgr:805 - Attr not supported : Dmpu
2024-07-12 00:21:15,332 [ERROR] ConditionMgr:805 - Attr not supported : Dmpu
2024-07-12 00:21:15,332 [ERROR] ConditionMgr:805 - Attr not supported : Dmpu
2024-07-12 00:21:15,332 [ERROR] ConditionMgr:805 - Attr not supported : Dmpu
2024-07-12 00:21:15,332 [ERROR] ConditionMgr:805 - Attr not supported : Dmpu
2024-07-12 00:21:15,332 [ERROR] ConditionMgr:805 - Attr not supported : Dmpu
2024-07-12 00:21:15,332 [ERROR] ConditionMgr:805 - Attr not supported : Dmpu
2024-07-12 00:21:15,332 [ERROR] ConditionMgr:805 - Attr not supported : Dmpu
2024-07-12 00:21:15,332 [ERROR] ConditionMgr:805 - Attr not supported : Dmpu
2024-07-12 00:21:15,332 [ERROR] ConditionMgr:805 - Attr not supported : Dmpu
2024-07-12 00:21:15,332 [ERROR] ConditionMgr:805 - Attr not supported : Dmpu
2024-07-12 00:21:15,333 [INFO] PopulateThirdPartyThread:66 - Ending populate Thread
2024-07-12 00:21:15,334 [INFO] ThirdParty:1030 - CMSIS Pack Vendor :EmbeddedOffice I-CUBE-FS-RTOS 1.0.1
2024-07-12 00:21:15,334 [INFO] ThirdParty:1030 - CMSIS Pack Vendor :RealThread X-CUBE-RT-Thread_Nano 4.1.1
2024-07-12 00:21:15,335 [INFO] ThirdParty:1030 - CMSIS Pack Vendor :Cesanta I-CUBE-Mongoose 7.13.0
2024-07-12 00:21:15,335 [INFO] ThirdParty:1030 - CMSIS Pack Vendor :wolfSSL I-CUBE-wolfTPM 3.2.0
2024-07-12 00:21:15,335 [INFO] ThirdParty:1030 - CMSIS Pack Vendor :STMicroelectronics X-CUBE-DPower 1.2.0
2024-07-12 00:21:15,335 [INFO] ThirdParty:1030 - CMSIS Pack Vendor :wolfSSL I-CUBE-wolfSSH 1.4.17
2024-07-12 00:21:15,335 [INFO] LoadServerUpdatesThread:375 - End of LoadServerUpdate Thread
2024-07-12 00:21:15,420 [INFO] CheckServerUpdateThread:120 - End of CheckServer Thread
2024-07-12 00:21:56,949 [ERROR] LogOutputStream:75 - [STDERR_REDIRECT] 
2024-07-12 00:21:56,950 [ERROR] LogOutputStream:75 - [STDERR_REDIRECT] 
2024-07-12 13:11:55,277 [INFO] Activator:176 - 


2024-07-12 13:11:55,284 [INFO] Activator:177 - !SESSION log4j initialized
2024-07-12 13:12:16,285 [INFO] LogOutputStream:77 - [STDOUT_REDIRECT] 
2024-07-12 13:12:31,758 [INFO] ApplicationProperties:184 - Using Application install path: C:\ST\STM32CubeIDE_1.14.1\STM32CubeIDE\plugins\com.st.stm32cube.common.mx_6.10.0.202311202037
2024-07-12 13:12:31,827 [INFO] DbMcusXml:78 - Set database path to: C:\ST\STM32CubeIDE_1.14.1\STM32CubeIDE\plugins\com.st.stm32cube.common.mx_6.10.0.202311202037\\db\/mcu/
2024-07-12 13:12:31,828 [INFO] ApiDb:274 - Set plugin database path to: C:\ST\STM32CubeIDE_1.14.1\STM32CubeIDE\plugins\com.st.stm32cube.common.mx_6.10.0.202311202037\\db\/plugins/boardmanager/
2024-07-12 13:12:31,828 [WARN] ApiDb:259 - Overriding images path with different value:  => C:\ST\STM32CubeIDE_1.14.1\STM32CubeIDE\plugins\com.st.stm32cube.common.mx_6.10.0.202311202037\\db\/plugins/mcufinder/images/
2024-07-12 13:12:31,851 [INFO] ApiDb:250 - Set database path to: C:\Users\revat\.stmcufinder\plugins\mcufinder//mcu/
2024-07-12 13:12:31,858 [INFO] DbMcusAds:125 - Set database path to: C:\Users\revat\.stmcufinder\plugins\mcufinder//mcu/
2024-07-12 13:12:31,901 [INFO] CrossReferenceDbSqlite:203 - Set database path to: C:\Users\revat\.stmcufinder\plugins\mcufinder//mcu/cs/
2024-07-12 13:12:32,415 [INFO] RulesReader:64 - Compatibility file has been processed (297 Rules)
2024-07-12 13:12:32,637 [INFO] DbMcusXml:78 - Set database path to: C:\ST\STM32CubeIDE_1.14.1\STM32CubeIDE\plugins\com.st.stm32cube.common.mx_6.10.0.202311202037\\db\/mcu/
2024-07-12 13:12:32,638 [INFO] ApiDb:274 - Set plugin database path to: C:\ST\STM32CubeIDE_1.14.1\STM32CubeIDE\plugins\com.st.stm32cube.common.mx_6.10.0.202311202037\\db\/plugins/boardmanager/
2024-07-12 13:12:32,638 [INFO] ApiDb:261 - Set plugin images path to: C:\ST\STM32CubeIDE_1.14.1\STM32CubeIDE\plugins\com.st.stm32cube.common.mx_6.10.0.202311202037\\db\/plugins/mcufinder/images/
2024-07-12 13:12:32,639 [WARN] DbFile:41 - Overriding database path with different value: C:\Users\revat\.stmcufinder\plugins\mcufinder/ => C:\Users\revat\.stmcufinder\plugins\mcufinder
2024-07-12 13:12:32,639 [INFO] ApiDb:250 - Set database path to: C:\Users\revat\.stmcufinder\plugins\mcufinder//mcu/
2024-07-12 13:12:32,639 [WARN] DbFile:41 - Overriding database path with different value: C:\Users\revat\.stmcufinder\plugins\mcufinder/ => C:\Users\revat\.stmcufinder\plugins\mcufinder
2024-07-12 13:12:32,639 [INFO] DbMcusAds:125 - Set database path to: C:\Users\revat\.stmcufinder\plugins\mcufinder//mcu/
2024-07-12 13:12:32,639 [WARN] DbFile:41 - Overriding database path with different value: C:\Users\revat\.stmcufinder\plugins\mcufinder/ => C:\Users\revat\.stmcufinder\plugins\mcufinder
2024-07-12 13:12:32,639 [WARN] DbFile:41 - Overriding database path with different value: C:\Users\revat\.stmcufinder\plugins\mcufinder/ => C:\Users\revat\.stmcufinder\plugins\mcufinder
2024-07-12 13:12:32,640 [INFO] CrossReferenceDbSqlite:203 - Set database path to: C:\Users\revat\.stmcufinder\plugins\mcufinder//mcu/cs/
2024-07-12 13:12:32,845 [INFO] MainPanel:264 - HeapMemory: 268435456
2024-07-12 13:12:33,112 [INFO] DbMcusXml:78 - Set database path to: C:\ST\STM32CubeIDE_1.14.1\STM32CubeIDE\plugins\com.st.stm32cube.common.mx_6.10.0.202311202037\\db\/mcu/
2024-07-12 13:12:33,113 [INFO] ApiDb:274 - Set plugin database path to: C:\ST\STM32CubeIDE_1.14.1\STM32CubeIDE\plugins\com.st.stm32cube.common.mx_6.10.0.202311202037\\db\/plugins/boardmanager/
2024-07-12 13:12:33,113 [INFO] ApiDb:261 - Set plugin images path to: C:\ST\STM32CubeIDE_1.14.1\STM32CubeIDE\plugins\com.st.stm32cube.common.mx_6.10.0.202311202037\\db\/plugins/mcufinder/images/
2024-07-12 13:12:33,115 [WARN] DbFile:41 - Overriding database path with different value: C:\Users\revat\.stmcufinder\plugins\mcufinder/ => C:\Users\revat\.stmcufinder\plugins\mcufinder
2024-07-12 13:12:33,116 [INFO] ApiDb:250 - Set database path to: C:\Users\revat\.stmcufinder\plugins\mcufinder//mcu/
2024-07-12 13:12:33,116 [WARN] DbFile:41 - Overriding database path with different value: C:\Users\revat\.stmcufinder\plugins\mcufinder/ => C:\Users\revat\.stmcufinder\plugins\mcufinder
2024-07-12 13:12:33,116 [INFO] DbMcusAds:125 - Set database path to: C:\Users\revat\.stmcufinder\plugins\mcufinder//mcu/
2024-07-12 13:12:33,117 [WARN] DbFile:41 - Overriding database path with different value: C:\Users\revat\.stmcufinder\plugins\mcufinder/ => C:\Users\revat\.stmcufinder\plugins\mcufinder
2024-07-12 13:12:33,117 [WARN] DbFile:41 - Overriding database path with different value: C:\Users\revat\.stmcufinder\plugins\mcufinder/ => C:\Users\revat\.stmcufinder\plugins\mcufinder
2024-07-12 13:12:33,118 [INFO] CrossReferenceDbSqlite:203 - Set database path to: C:\Users\revat\.stmcufinder\plugins\mcufinder//mcu/cs/
2024-07-12 13:12:33,163 [INFO] ApplicationProperties:184 - Using Application install path: C:\ST\STM32CubeIDE_1.14.1\STM32CubeIDE\plugins\com.st.stm32cube.common.mx_6.10.0.202311202037
2024-07-12 13:12:33,170 [INFO] PluginManage:196 - Search for loadable plugins [exclusion list=, ]
2024-07-12 13:12:33,175 [INFO] PluginManage:310 - Check plugin analytics
2024-07-12 13:12:33,653 [INFO] AnalyticsPlugin:253 - Accepted Software Licenses: 
2024-07-12 13:12:33,654 [INFO] AnalyticsPlugin:255 - Accepted CMSIS Pack Licenses: 
2024-07-12 13:12:33,654 [INFO] AnalyticsPlugin:257 - Accepted Firmware Licenses: FW.F4.1.28.0
2024-07-12 13:12:33,663 [INFO] PluginManage:359 - Loaded plugin analytics (category:tool,tabindex:-1)
2024-07-12 13:12:33,664 [INFO] PluginManage:310 - Check plugin cadmodel
2024-07-12 13:12:33,679 [INFO] CADModel:105 - Init CAD model plugin
2024-07-12 13:12:33,680 [INFO] PluginManage:359 - Loaded plugin cadmodel (category:power,tabindex:5)
2024-07-12 13:12:33,681 [INFO] PluginManage:310 - Check plugin clock
2024-07-12 13:12:33,739 [INFO] PluginManage:359 - Loaded plugin clock (category:base,tabindex:2)
2024-07-12 13:12:33,739 [INFO] PluginManage:310 - Check plugin ddr
2024-07-12 13:12:33,745 [INFO] PluginManage:359 - Loaded plugin ddr (category:tool,tabindex:6)
2024-07-12 13:12:33,746 [INFO] PluginManage:310 - Check plugin filemanager
2024-07-12 13:12:34,153 [INFO] PluginManage:359 - Loaded plugin filemanager (category:base,tabindex:10)
2024-07-12 13:12:34,154 [INFO] PluginManage:310 - Check plugin ipmanager
2024-07-12 13:12:34,175 [INFO] PluginManage:359 - Loaded plugin ipmanager (category:base,tabindex:5)
2024-07-12 13:12:34,175 [INFO] PluginManage:310 - Check plugin lpbam
2024-07-12 13:12:34,196 [INFO] PluginManage:359 - Loaded plugin lpbam (category:base,tabindex:0)
2024-07-12 13:12:34,197 [INFO] PluginManage:310 - Check plugin memorymap
2024-07-12 13:12:34,239 [INFO] PluginManage:359 - Loaded plugin memorymap (category:base,tabindex:4)
2024-07-12 13:12:34,239 [INFO] PluginManage:310 - Check plugin pinoutandconfiguration
2024-07-12 13:12:34,266 [INFO] PluginManage:359 - Loaded plugin pinoutandconfiguration (category:base,tabindex:1)
2024-07-12 13:12:34,266 [INFO] PluginManage:310 - Check plugin pinoutconfig
2024-07-12 13:12:34,519 [WARN] SupportedApi:132 - Cannot load RTOS API schema: s4s-elt-must-match.1: The content of 'definitions' must match (annotation?, (simpleType | complexType)?, (unique | key | keyref)*)). A problem was found starting at: attribute.
2024-07-12 13:12:34,942 [INFO] PluginManage:359 - Loaded plugin pinoutconfig (category:base,tabindex:0)
2024-07-12 13:12:34,942 [INFO] PluginManage:310 - Check plugin power
2024-07-12 13:12:34,969 [INFO] PluginManage:359 - Loaded plugin power (category:power,tabindex:4)
2024-07-12 13:12:34,969 [INFO] PluginManage:310 - Check plugin projectmanager
2024-07-12 13:12:35,013 [INFO] PluginManage:359 - Loaded plugin projectmanager (category:projectmanager,tabindex:3)
2024-07-12 13:12:35,013 [INFO] PluginManage:310 - Check plugin thirdparty
2024-07-12 13:12:35,397 [INFO] PluginManage:359 - Loaded plugin thirdparty (category:base,tabindex:-1)
2024-07-12 13:12:35,398 [INFO] PluginManage:310 - Check plugin tools
2024-07-12 13:12:35,398 [WARN] IntegrityCheckThread:84 - waiting for thirdparty lock release [integrity check]
2024-07-12 13:12:35,399 [INFO] IntegrityCheckThread:86 - entering critical section [integrity check]
2024-07-12 13:12:35,403 [INFO] ThirdPartyUpdaterWithRetryManager:70 - Updater plugin not ready yet. [1/15]
2024-07-12 13:12:35,407 [INFO] PluginManage:359 - Loaded plugin tools (category:base,tabindex:7)
2024-07-12 13:12:35,407 [INFO] PluginManage:310 - Check plugin tutovideos
2024-07-12 13:12:35,877 [INFO] PluginManage:359 - Loaded plugin tutovideos (category:base,tabindex:-1)
2024-07-12 13:12:35,878 [INFO] PluginManage:310 - Check plugin updater
2024-07-12 13:12:35,903 [INFO] PluginManage:359 - Loaded plugin updater (category:base,tabindex:12)
2024-07-12 13:12:35,904 [INFO] PluginManage:310 - Check plugin userauth
2024-07-12 13:12:35,916 [INFO] UserAuth:114 - Init User Auth plugin
2024-07-12 13:12:35,916 [INFO] PluginManage:359 - Loaded plugin userauth (category:base,tabindex:14)
2024-07-12 13:12:35,917 [INFO] PluginManage:283 - PluginManage : Loaded plugins [17]
2024-07-12 13:12:36,582 [INFO] PinOutPanel:1499 - setPackage(No Configuration,No Configuration)
2024-07-12 13:12:36,859 [INFO] CADModel:165 - CPN selected for project level
2024-07-12 13:12:36,860 [INFO] CADModel:114 - Register for checkConnection events
2024-07-12 13:12:36,921 [INFO] IPUIPlugin:80 - create IPUIPlugin
2024-07-12 13:12:36,921 [INFO] PluginManager:220 - loadIPPluginJar : add adc
2024-07-12 13:12:36,932 [INFO] IPUIPlugin:80 - create IPUIPlugin
2024-07-12 13:12:36,933 [INFO] PluginManager:220 - loadIPPluginJar : add aes
2024-07-12 13:12:36,941 [INFO] IPUIPlugin:80 - create IPUIPlugin
2024-07-12 13:12:36,942 [INFO] PluginManager:220 - loadIPPluginJar : add can
2024-07-12 13:12:36,948 [INFO] IPUIPlugin:80 - create IPUIPlugin
2024-07-12 13:12:36,949 [INFO] PluginManager:220 - loadIPPluginJar : add comp
2024-07-12 13:12:36,956 [INFO] IPUIPlugin:80 - create IPUIPlugin
2024-07-12 13:12:36,957 [INFO] PluginManager:220 - loadIPPluginJar : add cryp
2024-07-12 13:12:36,967 [INFO] IPUIPlugin:80 - create IPUIPlugin
2024-07-12 13:12:36,967 [INFO] PluginManager:220 - loadIPPluginJar : add dfsdm
2024-07-12 13:12:36,984 [INFO] IPUIPlugin:80 - create IPUIPlugin
2024-07-12 13:12:36,986 [INFO] PluginManager:220 - loadIPPluginJar : add dma
2024-07-12 13:12:36,994 [INFO] IPUIPlugin:80 - create IPUIPlugin
2024-07-12 13:12:36,994 [INFO] PluginManager:220 - loadIPPluginJar : add dma3
2024-07-12 13:12:36,999 [INFO] IPUIPlugin:80 - create IPUIPlugin
2024-07-12 13:12:36,999 [INFO] PluginManager:220 - loadIPPluginJar : add fatfs
2024-07-12 13:12:37,009 [INFO] IPUIPlugin:80 - create IPUIPlugin
2024-07-12 13:12:37,009 [INFO] PluginManager:220 - loadIPPluginJar : add fmc
2024-07-12 13:12:37,029 [INFO] IPUIPlugin:80 - create IPUIPlugin
2024-07-12 13:12:37,029 [INFO] PluginManager:220 - loadIPPluginJar : add freertos
2024-07-12 13:12:37,035 [INFO] IPUIPlugin:80 - create IPUIPlugin
2024-07-12 13:12:37,036 [INFO] PluginManager:220 - loadIPPluginJar : add genericplugin
2024-07-12 13:12:37,046 [INFO] IPUIPlugin:80 - create IPUIPlugin
2024-07-12 13:12:37,046 [INFO] PluginManager:220 - loadIPPluginJar : add gfxmmu
2024-07-12 13:12:37,061 [INFO] IPUIPlugin:80 - create IPUIPlugin
2024-07-12 13:12:37,061 [INFO] PluginManager:220 - loadIPPluginJar : add gic
2024-07-12 13:12:37,078 [INFO] IPUIPlugin:80 - create IPUIPlugin
2024-07-12 13:12:37,079 [INFO] PluginManager:220 - loadIPPluginJar : add gpio
2024-07-12 13:12:37,089 [INFO] IPUIPlugin:80 - create IPUIPlugin
2024-07-12 13:12:37,089 [INFO] PluginManager:220 - loadIPPluginJar : add gtzc
2024-07-12 13:12:37,101 [INFO] IPUIPlugin:80 - create IPUIPlugin
2024-07-12 13:12:37,102 [INFO] PluginManager:220 - loadIPPluginJar : add hash
2024-07-12 13:12:37,111 [INFO] IPUIPlugin:80 - create IPUIPlugin
2024-07-12 13:12:37,112 [INFO] PluginManager:220 - loadIPPluginJar : add i2c
2024-07-12 13:12:37,123 [INFO] IPUIPlugin:80 - create IPUIPlugin
2024-07-12 13:12:37,123 [INFO] PluginManager:220 - loadIPPluginJar : add i2s
2024-07-12 13:12:37,133 [INFO] IPUIPlugin:80 - create IPUIPlugin
2024-07-12 13:12:37,133 [INFO] PluginManager:220 - loadIPPluginJar : add i3c
2024-07-12 13:12:37,144 [INFO] IPUIPlugin:80 - create IPUIPlugin
2024-07-12 13:12:37,144 [INFO] PluginManager:220 - loadIPPluginJar : add ipddr
2024-07-12 13:12:37,164 [INFO] IPUIPlugin:80 - create IPUIPlugin
2024-07-12 13:12:37,164 [INFO] PluginManager:220 - loadIPPluginJar : add linkedlist
2024-07-12 13:12:37,173 [INFO] IPUIPlugin:80 - create IPUIPlugin
2024-07-12 13:12:37,174 [INFO] PluginManager:220 - loadIPPluginJar : add lorawan
2024-07-12 13:12:37,181 [INFO] IPUIPlugin:80 - create IPUIPlugin
2024-07-12 13:12:37,182 [INFO] PluginManager:220 - loadIPPluginJar : add ltdc
2024-07-12 13:12:37,201 [INFO] IPUIPlugin:80 - create IPUIPlugin
2024-07-12 13:12:37,202 [INFO] PluginManager:220 - loadIPPluginJar : add mdma
2024-07-12 13:12:37,216 [INFO] IPUIPlugin:80 - create IPUIPlugin
2024-07-12 13:12:37,217 [INFO] PluginManager:220 - loadIPPluginJar : add nvic
2024-07-12 13:12:37,228 [INFO] IPUIPlugin:80 - create IPUIPlugin
2024-07-12 13:12:37,229 [INFO] PluginManager:220 - loadIPPluginJar : add opamp
2024-07-12 13:12:37,238 [INFO] IPUIPlugin:80 - create IPUIPlugin
2024-07-12 13:12:37,238 [INFO] PluginManager:220 - loadIPPluginJar : add openamp
2024-07-12 13:12:37,251 [INFO] IPUIPlugin:80 - create IPUIPlugin
2024-07-12 13:12:37,252 [INFO] PluginManager:220 - loadIPPluginJar : add pdm2pcm
2024-07-12 13:12:37,274 [INFO] IPUIPlugin:80 - create IPUIPlugin
2024-07-12 13:12:37,282 [INFO] PluginManager:220 - loadIPPluginJar : add plateformsettings
2024-07-12 13:12:37,286 [INFO] IPUIPlugin:80 - create IPUIPlugin
2024-07-12 13:12:37,286 [INFO] PluginManager:220 - loadIPPluginJar : add quadspi
2024-07-12 13:12:37,298 [INFO] IPUIPlugin:80 - create IPUIPlugin
2024-07-12 13:12:37,299 [INFO] PluginManager:220 - loadIPPluginJar : add resmgrutility
2024-07-12 13:12:37,311 [INFO] IPUIPlugin:80 - create IPUIPlugin
2024-07-12 13:12:37,312 [INFO] PluginManager:220 - loadIPPluginJar : add sai
2024-07-12 13:12:37,322 [INFO] IPUIPlugin:80 - create IPUIPlugin
2024-07-12 13:12:37,323 [INFO] PluginManager:220 - loadIPPluginJar : add spi
2024-07-12 13:12:37,339 [INFO] IPUIPlugin:80 - create IPUIPlugin
2024-07-12 13:12:37,339 [INFO] PluginManager:220 - loadIPPluginJar : add stm32_wpan
2024-07-12 13:12:37,347 [INFO] IPUIPlugin:80 - create IPUIPlugin
2024-07-12 13:12:37,348 [INFO] PluginManager:220 - loadIPPluginJar : add tim
2024-07-12 13:12:37,358 [INFO] IPUIPlugin:80 - create IPUIPlugin
2024-07-12 13:12:37,358 [INFO] PluginManager:220 - loadIPPluginJar : add touchsensing
2024-07-12 13:12:37,366 [INFO] IPUIPlugin:80 - create IPUIPlugin
2024-07-12 13:12:37,366 [INFO] PluginManager:220 - loadIPPluginJar : add tracer_emb
2024-07-12 13:12:37,373 [INFO] IPUIPlugin:80 - create IPUIPlugin
2024-07-12 13:12:37,374 [INFO] PluginManager:220 - loadIPPluginJar : add ts
2024-07-12 13:12:37,377 [INFO] IPUIPlugin:80 - create IPUIPlugin
2024-07-12 13:12:37,377 [INFO] PluginManager:220 - loadIPPluginJar : add tsc
2024-07-12 13:12:37,382 [INFO] IPUIPlugin:80 - create IPUIPlugin
2024-07-12 13:12:37,383 [INFO] PluginManager:220 - loadIPPluginJar : add ucpd
2024-07-12 13:12:37,390 [INFO] IPUIPlugin:80 - create IPUIPlugin
2024-07-12 13:12:37,391 [INFO] PluginManager:220 - loadIPPluginJar : add usart
2024-07-12 13:12:37,399 [INFO] IPUIPlugin:80 - create IPUIPlugin
2024-07-12 13:12:37,399 [INFO] PluginManager:220 - loadIPPluginJar : add usbx
2024-07-12 13:12:37,656 [INFO] CADModel:165 - CPN selected for project level
2024-07-12 13:12:37,656 [INFO] CADModel:114 - Register for checkConnection events
2024-07-12 13:12:37,657 [FATAL] Updater:308 - Updater called before beeing initialized
2024-07-12 13:12:37,658 [ERROR] CADModel:125 - Updater not yet initialized, retry later 
2024-07-12 13:12:38,041 [INFO] CADModel:165 - CPN selected for project level
2024-07-12 13:12:38,041 [INFO] CADModel:114 - Register for checkConnection events
2024-07-12 13:12:38,041 [FATAL] Updater:308 - Updater called before beeing initialized
2024-07-12 13:12:38,041 [ERROR] CADModel:125 - Updater not yet initialized, retry later 
2024-07-12 13:12:38,051 [FATAL] Updater:308 - Updater called before beeing initialized
2024-07-12 13:12:38,405 [INFO] ThirdPartyUpdaterWithRetryManager:70 - Updater plugin not ready yet. [2/15]
2024-07-12 13:12:38,448 [FATAL] Updater:308 - Updater called before beeing initialized
2024-07-12 13:12:38,457 [INFO] DbMcusAds:53 - JSON generation date=Thu May 16 14:52:00 IST 2024 (1715851320852)
2024-07-12 13:12:38,458 [FATAL] Updater:308 - Updater called before beeing initialized
2024-07-12 13:12:38,565 [WARN] DetailPanel:346 - Failed to get advertising image, set to default
2024-07-12 13:12:38,832 [FATAL] Updater:308 - Updater called before beeing initialized
2024-07-12 13:12:38,840 [FATAL] Updater:308 - Updater called before beeing initialized
2024-07-12 13:12:38,840 [FATAL] Updater:308 - Updater called before beeing initialized
2024-07-12 13:12:38,840 [WARN] DetailPanel:346 - Failed to get advertising image, set to default
2024-07-12 13:12:38,843 [FATAL] Updater:308 - Updater called before beeing initialized
2024-07-12 13:12:38,992 [ERROR] Updater:1120 - MainUpdater not yet initialized. External WinMGr cannot be set.
2024-07-12 13:12:38,999 [INFO] Updater:1056 - Updater Version found : 6.10.0
2024-07-12 13:12:39,052 [INFO] ApplicationProperties:184 - Using Application install path: C:\ST\STM32CubeIDE_1.14.1\STM32CubeIDE\plugins\com.st.stm32cube.common.mx_6.10.0.202311202037
2024-07-12 13:12:40,653 [ERROR] LogOutputStream:75 - [STDERR_REDIRECT] Jul 12, 2024 1:12:40 PM java.util.prefs.WindowsPreferences <init>
2024-07-12 13:12:40,656 [ERROR] LogOutputStream:75 - [STDERR_REDIRECT] WARNING: Could not open/create prefs root node Software\JavaSoft\Prefs at root 0xffffffff80000002. Windows RegCreateKeyEx(...) returned error code 5.
2024-07-12 13:12:40,657 [ERROR] LogOutputStream:75 - [STDERR_REDIRECT] 
2024-07-12 13:12:41,391 [INFO] MainUpdater:2873 - connection check result : 10
2024-07-12 13:12:41,393 [INFO] MainUpdater:290 - Updater Check For Update Now.
2024-07-12 13:12:41,393 [INFO] MicroXplorer:498 - Change Database Version : DB.6.0.100
2024-07-12 13:12:41,402 [INFO] McuFinderGlobals:63 - Set McuFinder mode to 2 (CubeIDE integrated)
2024-07-12 13:12:41,402 [INFO] UserAuth:180 - activating auth plugin
2024-07-12 13:12:41,406 [WARN] MainUpdater:1194 - Updater busy. Cannot search thirdparties
2024-07-12 13:12:41,407 [INFO] ThirdPartyUpdaterWithRetryManager:96 - Updater plugin is busy. [1/15]
2024-07-12 13:12:41,424 [INFO] UserAuth:404 - Internet connection configuration mode: 1
2024-07-12 13:12:41,459 [INFO] JxBrowserEngine:152 - Initiate JxBrowser Engine with user profile folder
2024-07-12 13:12:41,791 [INFO] CheckServerUpdateThread:120 - End of CheckServer Thread
2024-07-12 13:12:43,366 [INFO] WebApp:161 - Instantiating new browser for Auth
2024-07-12 13:12:45,084 [WARN] PackLoader:240 - Cannot read IP mode file for STMicroelectronics.FP-SNS-MOTENVWB1.1.4.0
2024-07-12 13:12:45,089 [INFO] WebApp:780 - Register for checkConnection events
2024-07-12 13:12:45,091 [INFO] WebApp:414 - Apply proxy settings
2024-07-12 13:12:45,091 [INFO] WebApp:499 - Chromium requires no authentication
2024-07-12 13:12:45,119 [INFO] WebApp:442 - Direct internet connection detected
2024-07-12 13:12:45,155 [WARN] PackLoader:240 - Cannot read IP mode file for STMicroelectronics.X-CUBE-SMBUS.2.1.0
2024-07-12 13:12:45,192 [WARN] PackLoader:240 - Cannot read IP mode file for STMicroelectronics.X-CUBE-TOUCHGFX.4.23.0
2024-07-12 13:12:45,308 [WARN] PackLoader:240 - Cannot read IP mode file for STMicroelectronics.X-CUBE-AZRTOS-F7.1.1.0
2024-07-12 13:12:45,563 [WARN] PackLoader:240 - Cannot read IP mode file for STMicroelectronics.FP-SNS-MOTENV1.4.3.2
2024-07-12 13:12:45,672 [WARN] PackLoader:240 - Cannot read IP mode file for STMicroelectronics.FP-SNS-FLIGHT1.5.0.2
2024-07-12 13:12:45,788 [WARN] PackLoader:240 - Cannot read IP mode file for STMicroelectronics.X-CUBE-DISPLAY.3.0.0
2024-07-12 13:12:45,851 [WARN] PackLoader:240 - Cannot read IP mode file for STMicroelectronics.X-CUBE-BLE1.7.0.0
2024-07-12 13:12:45,893 [WARN] PackLoader:240 - Cannot read IP mode file for emotas.I-CUBE-CANOPEN.1.3.0
2024-07-12 13:12:45,947 [WARN] PackLoader:240 - Cannot read IP mode file for STMicroelectronics.X-CUBE-BLEMGR.3.1.0
2024-07-12 13:12:45,977 [INFO] WebApp:192 - Starting web application
2024-07-12 13:12:45,978 [INFO] WebApp:544 - Web application path used C:\ST\STM32CubeIDE_1.14.1\STM32CubeIDE\plugins\com.st.stm32cube.common.mx_6.10.0.202311202037\db\plugins\mcufinder\reactClient1\index.html
2024-07-12 13:12:45,993 [WARN] PackLoader:240 - Cannot read IP mode file for STMicroelectronics.FP-SNS-SMARTAG2.1.2.0
2024-07-12 13:12:46,053 [INFO] LogOutputStream:77 - [STDOUT_REDIRECT] 1 : Invalid condition id : UX_CORESTACK_Condition cause : null
2024-07-12 13:12:46,055 [INFO] LogOutputStream:77 - [STDOUT_REDIRECT] 1 : Invalid condition id : UX_CORESTACK_Condition cause : null
2024-07-12 13:12:46,058 [INFO] LogOutputStream:77 - [STDOUT_REDIRECT] 1 : Invalid condition id : UX_CORESTACK_Condition cause : null
2024-07-12 13:12:46,061 [INFO] LogOutputStream:77 - [STDOUT_REDIRECT] 1 : Invalid condition id : UX_CORESTACK_Condition cause : null
2024-07-12 13:12:46,063 [INFO] LogOutputStream:77 - [STDOUT_REDIRECT] 1 : Invalid condition id : UX_CORESTACK_Condition cause : null
2024-07-12 13:12:46,073 [WARN] PackLoader:240 - Cannot read IP mode file for STMicroelectronics.X-CUBE-AZRTOS-WL.2.0.0
2024-07-12 13:12:46,105 [WARN] PackLoader:240 - Cannot read IP mode file for STMicroelectronics.FP-SNS-MOTENV1.5.0.0
2024-07-12 13:12:46,165 [WARN] PackLoader:240 - Cannot read IP mode file for wolfSSL.I-CUBE-wolfMQTT.1.19.0
2024-07-12 13:12:46,218 [WARN] PackLoader:240 - Cannot read IP mode file for WES.I-CUBE-Cesium.1.3.0
2024-07-12 13:12:46,274 [WARN] PackLoader:240 - Cannot read IP mode file for STMicroelectronics.X-CUBE-BLE2.3.3.0
2024-07-12 13:12:46,324 [WARN] PackLoader:240 - Cannot read IP mode file for STMicroelectronics.X-CUBE-TCPP.4.1.0
2024-07-12 13:12:46,386 [WARN] PackLoader:240 - Cannot read IP mode file for STMicroelectronics.X-CUBE-ALGOBUILD.1.3.0
2024-07-12 13:12:46,456 [WARN] PackLoader:240 - Cannot read IP mode file for STMicroelectronics.X-CUBE-AZRTOS-G0.1.1.0
2024-07-12 13:12:46,509 [WARN] PackLoader:240 - Cannot read IP mode file for STMicroelectronics.X-CUBE-SAFEA1.1.2.2
2024-07-12 13:12:46,549 [WARN] PackLoader:240 - Cannot read IP mode file for STMicroelectronics.X-CUBE-NFC4.3.0.0
2024-07-12 13:12:46,588 [WARN] PackLoader:240 - Cannot read IP mode file for EmbeddedOffice.I-CUBE-FS-RTOS.1.0.1
2024-07-12 13:12:46,589 [ERROR] ConditionMgr:805 - Attr not supported : Dmpu
2024-07-12 13:12:46,589 [ERROR] ConditionMgr:805 - Attr not supported : Dmpu
2024-07-12 13:12:46,589 [ERROR] ConditionMgr:805 - Attr not supported : Dmpu
2024-07-12 13:12:46,590 [ERROR] ConditionMgr:805 - Attr not supported : Dmpu
2024-07-12 13:12:46,590 [ERROR] ConditionMgr:805 - Attr not supported : Dmpu
2024-07-12 13:12:46,590 [ERROR] ConditionMgr:805 - Attr not supported : Dmpu
2024-07-12 13:12:46,590 [ERROR] ConditionMgr:805 - Attr not supported : Dmpu
2024-07-12 13:12:46,590 [ERROR] ConditionMgr:805 - Attr not supported : Dmpu
2024-07-12 13:12:46,591 [ERROR] ConditionMgr:805 - Attr not supported : Dmpu
2024-07-12 13:12:46,591 [ERROR] ConditionMgr:805 - Attr not supported : Dmpu
2024-07-12 13:12:46,591 [ERROR] ConditionMgr:805 - Attr not supported : Dmpu
2024-07-12 13:12:46,591 [ERROR] ConditionMgr:805 - Attr not supported : Dmpu
2024-07-12 13:12:46,591 [ERROR] ConditionMgr:805 - Attr not supported : Dmpu
2024-07-12 13:12:46,591 [ERROR] ConditionMgr:805 - Attr not supported : Dmpu
2024-07-12 13:12:46,592 [ERROR] ConditionMgr:805 - Attr not supported : Dmpu
2024-07-12 13:12:46,592 [ERROR] ConditionMgr:805 - Attr not supported : Dmpu
2024-07-12 13:12:46,592 [ERROR] ConditionMgr:805 - Attr not supported : Dmpu
2024-07-12 13:12:46,592 [ERROR] ConditionMgr:805 - Attr not supported : Dmpu
2024-07-12 13:12:46,592 [ERROR] ConditionMgr:805 - Attr not supported : Dmpu
2024-07-12 13:12:46,592 [ERROR] ConditionMgr:805 - Attr not supported : Dmpu
2024-07-12 13:12:46,592 [ERROR] ConditionMgr:805 - Attr not supported : Dmpu
2024-07-12 13:12:46,593 [ERROR] ConditionMgr:805 - Attr not supported : Dmpu
2024-07-12 13:12:46,593 [ERROR] ConditionMgr:805 - Attr not supported : Dmpu
2024-07-12 13:12:46,593 [ERROR] ConditionMgr:805 - Attr not supported : Dmpu
2024-07-12 13:12:46,593 [ERROR] ConditionMgr:805 - Attr not supported : Dmpu
2024-07-12 13:12:46,593 [ERROR] ConditionMgr:805 - Attr not supported : Dmpu
2024-07-12 13:12:46,593 [ERROR] ConditionMgr:805 - Attr not supported : Dmpu
2024-07-12 13:12:46,594 [ERROR] ConditionMgr:805 - Attr not supported : Dmpu
2024-07-12 13:12:46,594 [ERROR] ConditionMgr:805 - Attr not supported : Dmpu
2024-07-12 13:12:46,594 [ERROR] ConditionMgr:805 - Attr not supported : Dmpu
2024-07-12 13:12:46,594 [ERROR] ConditionMgr:805 - Attr not supported : Dmpu
2024-07-12 13:12:46,594 [ERROR] ConditionMgr:805 - Attr not supported : Dmpu
2024-07-12 13:12:46,595 [ERROR] ConditionMgr:805 - Attr not supported : Dmpu
2024-07-12 13:12:46,595 [ERROR] ConditionMgr:805 - Attr not supported : Dmpu
2024-07-12 13:12:46,595 [ERROR] ConditionMgr:805 - Attr not supported : Dmpu
2024-07-12 13:12:46,596 [ERROR] ConditionMgr:805 - Attr not supported : Dmpu
2024-07-12 13:12:46,596 [ERROR] ConditionMgr:805 - Attr not supported : Dmpu
2024-07-12 13:12:46,596 [ERROR] ConditionMgr:805 - Attr not supported : Dmpu
2024-07-12 13:12:46,596 [ERROR] ConditionMgr:805 - Attr not supported : Dmpu
2024-07-12 13:12:46,597 [ERROR] ConditionMgr:805 - Attr not supported : Dmpu
2024-07-12 13:12:46,597 [ERROR] ConditionMgr:805 - Attr not supported : Dmpu
2024-07-12 13:12:46,597 [ERROR] ConditionMgr:805 - Attr not supported : Dmpu
2024-07-12 13:12:46,597 [ERROR] ConditionMgr:805 - Attr not supported : Dmpu
2024-07-12 13:12:46,597 [ERROR] ConditionMgr:805 - Attr not supported : Dmpu
2024-07-12 13:12:46,597 [ERROR] ConditionMgr:805 - Attr not supported : Dmpu
2024-07-12 13:12:46,598 [ERROR] ConditionMgr:805 - Attr not supported : Dmpu
2024-07-12 13:12:46,598 [ERROR] ConditionMgr:805 - Attr not supported : Dmpu
2024-07-12 13:12:46,598 [ERROR] ConditionMgr:805 - Attr not supported : Dmpu
2024-07-12 13:12:46,598 [ERROR] ConditionMgr:805 - Attr not supported : Dmpu
2024-07-12 13:12:46,598 [ERROR] ConditionMgr:805 - Attr not supported : Dmpu
2024-07-12 13:12:46,598 [ERROR] ConditionMgr:805 - Attr not supported : Dmpu
2024-07-12 13:12:46,599 [ERROR] ConditionMgr:805 - Attr not supported : Dmpu
2024-07-12 13:12:46,599 [ERROR] ConditionMgr:805 - Attr not supported : Dmpu
2024-07-12 13:12:46,599 [ERROR] ConditionMgr:805 - Attr not supported : Dmpu
2024-07-12 13:12:46,599 [ERROR] ConditionMgr:805 - Attr not supported : Dmpu
2024-07-12 13:12:46,599 [ERROR] ConditionMgr:805 - Attr not supported : Dmpu
2024-07-12 13:12:46,599 [ERROR] ConditionMgr:805 - Attr not supported : Dmpu
2024-07-12 13:12:46,600 [ERROR] ConditionMgr:805 - Attr not supported : Dmpu
2024-07-12 13:12:46,600 [ERROR] ConditionMgr:805 - Attr not supported : Dmpu
2024-07-12 13:12:46,600 [ERROR] ConditionMgr:805 - Attr not supported : Dmpu
2024-07-12 13:12:46,600 [ERROR] ConditionMgr:805 - Attr not supported : Dmpu
2024-07-12 13:12:46,601 [ERROR] ConditionMgr:805 - Attr not supported : Dmpu
2024-07-12 13:12:46,602 [ERROR] ConditionMgr:805 - Attr not supported : Dmpu
2024-07-12 13:12:46,602 [ERROR] ConditionMgr:805 - Attr not supported : Dmpu
2024-07-12 13:12:46,616 [WARN] PackLoader:240 - Cannot read IP mode file for RealThread.X-CUBE-RT-Thread_Nano.4.1.1
2024-07-12 13:12:46,668 [WARN] PackLoader:240 - Cannot read IP mode file for STMicroelectronics.FP-ATR-SIGFOX1.3.2.0
2024-07-12 13:12:46,705 [WARN] PackLoader:240 - Cannot read IP mode file for STMicroelectronics.X-CUBE-EEPRMA1.5.1.0
2024-07-12 13:12:46,811 [WARN] PackLoader:240 - Cannot read IP mode file for SEGGER.I-CUBE-embOS.1.3.1
2024-07-12 13:12:46,932 [WARN] PackLoader:240 - Cannot read IP mode file for STMicroelectronics.X-CUBE-ALGOBUILD.1.4.0
2024-07-12 13:12:46,978 [WARN] PackLoader:240 - Cannot read IP mode file for STMicroelectronics.X-CUBE-GNSS1.6.0.0
2024-07-12 13:12:47,052 [WARN] PackLoader:240 - Cannot read IP mode file for STMicroelectronics.X-CUBE-AZRTOS-F4.1.1.0
2024-07-12 13:12:47,092 [WARN] PackLoader:240 - Cannot read IP mode file for STMicroelectronics.X-CUBE-FREERTOS.1.2.0
2024-07-12 13:12:47,124 [WARN] PackLoader:240 - Cannot read IP mode file for wolfSSL.I-CUBE-wolfSSL.5.6.6
2024-07-12 13:12:47,259 [WARN] PackLoader:240 - Cannot read IP mode file for STMicroelectronics.X-CUBE-AZRTOS-L5.2.0.0
2024-07-12 13:12:47,316 [WARN] PackLoader:240 - Cannot read IP mode file for STMicroelectronics.X-CUBE-NFC6.3.1.0
2024-07-12 13:12:47,368 [WARN] PackLoader:240 - Cannot read IP mode file for ITTIA_DB.I-CUBE-ITTIADB.8.8.0
2024-07-12 13:12:47,380 [WARN] PackLoader:240 - Cannot read IP mode file for STMicroelectronics.X-CUBE-DPower.1.2.0
2024-07-12 13:12:47,422 [WARN] PackLoader:240 - Cannot read IP mode file for STMicroelectronics.X-CUBE-AI.9.0.0
2024-07-12 13:12:47,466 [WARN] PackLoader:240 - Cannot read IP mode file for STMicroelectronics.X-CUBE-NFC7.1.0.1
2024-07-12 13:12:47,476 [WARN] PackLoader:240 - Cannot read IP mode file for wolfSSL.I-CUBE-wolfTPM.3.2.0
2024-07-12 13:12:47,647 [WARN] PackLoader:240 - Cannot read IP mode file for STMicroelectronics.X-CUBE-NFC6.3.0.0
2024-07-12 13:12:47,773 [WARN] PackLoader:240 - Cannot read IP mode file for STMicroelectronics.X-CUBE-AI.8.1.0
2024-07-12 13:12:47,885 [WARN] ConditionMgr:438 - getConditionDescription Invalid condition id : LAN8742 Phy interface Condition cause : null
2024-07-12 13:12:47,887 [WARN] PackLoader:240 - Cannot read IP mode file for STMicroelectronics.X-CUBE-AZRTOS-L4.2.0.0
2024-07-12 13:12:47,890 [WARN] ConditionMgr:1039 - genDependencies : Invalid condition id : LAN8742 Phy interface Condition cause : null
2024-07-12 13:12:47,891 [WARN] ConditionMgr:1039 - genDependencies : Invalid condition id : LAN8742 Phy interface Condition cause : null
2024-07-12 13:12:47,895 [WARN] ConditionMgr:1039 - genDependencies : Invalid condition id : LAN8742 Phy interface Condition cause : null
2024-07-12 13:12:47,983 [WARN] PackLoader:240 - Cannot read IP mode file for STMicroelectronics.X-CUBE-SFXS2LP1.4.0.0
2024-07-12 13:12:48,087 [WARN] ConditionMgr:438 - getConditionDescription Invalid condition id : UX DEVICE CLASS RTOS Condition cause : null
2024-07-12 13:12:48,088 [WARN] ConditionMgr:438 - getConditionDescription Invalid condition id : UX DEVICE CLASS RTOS Condition cause : null
2024-07-12 13:12:48,093 [WARN] PackLoader:240 - Cannot read IP mode file for STMicroelectronics.X-CUBE-AZRTOS-WB.2.0.0
2024-07-12 13:12:48,095 [WARN] ConditionMgr:1039 - genDependencies : Invalid condition id : UX DEVICE CLASS RTOS Condition cause : null
2024-07-12 13:12:48,095 [WARN] ConditionMgr:1039 - genDependencies : Invalid condition id : UX DEVICE CLASS RTOS Condition cause : null
2024-07-12 13:12:48,096 [WARN] ConditionMgr:1039 - genDependencies : Invalid condition id : UX DEVICE CLASS RTOS Condition cause : null
2024-07-12 13:12:48,097 [WARN] ConditionMgr:1039 - genDependencies : Invalid condition id : UX DEVICE CLASS RTOS Condition cause : null
2024-07-12 13:12:48,097 [WARN] ConditionMgr:1039 - genDependencies : Invalid condition id : UX DEVICE CLASS RTOS Condition cause : null
2024-07-12 13:12:48,147 [WARN] PackLoader:240 - Cannot read IP mode file for STMicroelectronics.X-CUBE-SUBG2.5.0.0
2024-07-12 13:12:48,166 [WARN] PackLoader:240 - Cannot read IP mode file for Cesanta.I-CUBE-Mongoose.7.13.0
2024-07-12 13:12:48,245 [WARN] PackLoader:240 - Cannot read IP mode file for STMicroelectronics.X-CUBE-AZRTOS-G4.2.0.0
2024-07-12 13:12:48,358 [WARN] PackLoader:240 - Cannot read IP mode file for Infineon.AIROC-Wi-Fi-Bluetooth-STM32.1.5.1
2024-07-12 13:12:48,458 [WARN] PackLoader:240 - Cannot read IP mode file for STMicroelectronics.FP-SNS-MOTENVWB1.1.3.1
2024-07-12 13:12:48,512 [WARN] PackLoader:240 - Cannot read IP mode file for STMicroelectronics.X-CUBE-ISPU.2.0.0
2024-07-12 13:12:48,756 [WARN] PackLoader:240 - Cannot read IP mode file for STMicroelectronics.X-CUBE-ALS.1.0.2
2024-07-12 13:12:48,957 [WARN] PackLoader:240 - Cannot read IP mode file for STMicroelectronics.X-CUBE-MEMS1.10.0.0
2024-07-12 13:12:49,374 [WARN] PackLoader:240 - Cannot read IP mode file for STMicroelectronics.X-CUBE-FREERTOS.1.1.0
2024-07-12 13:12:49,540 [WARN] PackLoader:240 - Cannot read IP mode file for STMicroelectronics.X-CUBE-TOUCHGFX.4.24.0
2024-07-12 13:12:49,659 [WARN] PackLoader:240 - Cannot read IP mode file for portGmbH.I-Cube-SoM-uGOAL.1.1.0
2024-07-12 13:12:49,687 [WARN] PackLoader:240 - Cannot read IP mode file for STMicroelectronics.X-CUBE-ALS.1.0.1
2024-07-12 13:12:49,754 [WARN] PackLoader:240 - Cannot read IP mode file for STMicroelectronics.X-CUBE-AZRTOS-H7RS.1.0.0
2024-07-12 13:12:49,828 [WARN] PackLoader:240 - Cannot read IP mode file for STMicroelectronics.FP-ATR-ASTRA1.2.0.0
2024-07-12 13:12:49,876 [WARN] PackLoader:240 - Cannot read IP mode file for STMicroelectronics.X-CUBE-TOF1.3.4.1
2024-07-12 13:12:50,017 [WARN] PackLoader:240 - Cannot read IP mode file for STMicroelectronics.X-CUBE-AZRTOS-H7.3.2.0
2024-07-12 13:12:50,040 [WARN] PackLoader:240 - Cannot read IP mode file for wolfSSL.I-CUBE-wolfSSH.1.4.17
2024-07-12 13:12:50,042 [INFO] ThirdParty:978 - Integrity check success = true
2024-07-12 13:12:50,042 [INFO] IntegrityCheckThread:100 - exiting critical section [integrity check]
2024-07-12 13:12:50,043 [INFO] IntegrityCheckThread:103 - End integrity checks thread
2024-07-12 13:27:01,833 [ERROR] LogOutputStream:75 - [STDERR_REDIRECT] SLF4J: Failed to load class "org.slf4j.impl.StaticLoggerBinder".
2024-07-12 13:27:01,835 [ERROR] LogOutputStream:75 - [STDERR_REDIRECT] SLF4J: Defaulting to no-operation (NOP) logger implementation
2024-07-12 13:27:01,837 [ERROR] LogOutputStream:75 - [STDERR_REDIRECT] SLF4J: See http://www.slf4j.org/codes.html#StaticLoggerBinder for further details.
2024-07-12 14:47:42,439 [INFO] McuFinderGlobals:63 - Set McuFinder mode to 2 (CubeIDE integrated)
2024-07-12 14:47:42,465 [INFO] MainUpdater:2873 - connection check result : 10
2024-07-12 14:47:42,475 [INFO] MainUpdater:2873 - connection check result : 10
2024-07-12 14:47:42,633 [INFO] MicroXplorer:468 - Change Database Path : 
2024-07-12 14:47:42,633 [INFO] MicroXplorer:498 - Change Database Version : DB.6.0.100
2024-07-12 14:47:42,637 [WARN] ThirdParty:871 - waiting for thirdparty lock release [close project]
2024-07-12 14:47:42,637 [INFO] ThirdParty:873 - entering critical section [close project]
2024-07-12 14:47:42,639 [INFO] ThirdParty:883 - exiting critical section [close project]
2024-07-12 14:47:42,640 [INFO] PinOutPanel:1499 - setPackage(No Configuration,No Configuration)
2024-07-12 14:47:42,646 [INFO] UtilMem:75 - Begin LoadConfig() Used Memory: 799095336 Bytes (977272832)
2024-07-12 14:47:42,648 [INFO] MicroXplorer:468 - Change Database Path : 
2024-07-12 14:47:42,648 [INFO] MicroXplorer:498 - Change Database Version : DB.6.0.100
2024-07-12 14:47:42,648 [INFO] OpenFileManager:312 - Change cursor
2024-07-12 14:47:42,699 [INFO] Mcu:2016 - Initializing MCU STM32F446R(C-E)Tx STM32F446RETx STM32F446RET6
2024-07-12 14:47:44,635 [INFO] Context:659 - Trying to add GPIOservice into a context  which must be forbidden
2024-07-12 14:47:45,229 [INFO] RtosManager:555 - Registered RTOS mode: class=CMSIS, group=RTOS, mode=CMSIS_V1, owner=FREERTOS
2024-07-12 14:47:45,229 [INFO] RtosManager:555 - Registered RTOS mode: class=CMSIS, group=RTOS2, mode=CMSIS_V2, owner=FREERTOS
2024-07-12 14:47:45,229 [INFO] RtosManager:555 - Registered RTOS mode: class=RTOS, group=Core, mode=CMSIS_V1, owner=FREERTOS
2024-07-12 14:47:45,229 [INFO] RtosManager:555 - Registered RTOS mode: class=RTOS, group=Core, mode=CMSIS_V2, owner=FREERTOS
2024-07-12 14:47:45,230 [WARN] ModelIntegratedComponent:184 - Missing modes for component STMicroelectronics:FreeRTOS:0.0.1:STMicroelectronics:RTOS:FreeRTOS:Core:::10.2.0:
2024-07-12 14:47:45,242 [WARN] ModelIntegratedComponent:63 - No mode defined for component null
2024-07-12 14:47:45,242 [WARN] ModelIntegratedComponent:63 - No mode defined for component null
2024-07-12 14:47:45,243 [WARN] ModelIntegratedComponent:63 - No mode defined for component null
2024-07-12 14:47:45,243 [WARN] ModelIntegratedComponent:63 - No mode defined for component null
2024-07-12 14:47:45,243 [WARN] ModelIntegratedComponent:63 - No mode defined for component null
2024-07-12 14:47:45,243 [WARN] ModelIntegratedComponent:63 - No mode defined for component null
2024-07-12 14:47:45,243 [WARN] ModelIntegratedComponent:63 - No mode defined for component null
2024-07-12 14:47:45,243 [WARN] ModelIntegratedComponent:63 - No mode defined for component null
2024-07-12 14:47:45,243 [WARN] ModelIntegratedComponent:63 - No mode defined for component null
2024-07-12 14:47:45,243 [WARN] ModelIntegratedComponent:63 - No mode defined for component null
2024-07-12 14:47:45,243 [WARN] ModelIntegratedComponent:63 - No mode defined for component null
2024-07-12 14:47:45,243 [WARN] ModelIntegratedComponent:63 - No mode defined for component null
2024-07-12 14:47:45,243 [WARN] ModelIntegratedComponent:63 - No mode defined for component null
2024-07-12 14:47:45,243 [WARN] ModelIntegratedComponent:63 - No mode defined for component null
2024-07-12 14:47:45,243 [WARN] ModelIntegratedComponent:63 - No mode defined for component null
2024-07-12 14:47:45,243 [WARN] ModelIntegratedComponent:63 - No mode defined for component null
2024-07-12 14:47:45,243 [WARN] ModelIntegratedComponent:63 - No mode defined for component null
2024-07-12 14:47:45,243 [WARN] ModelIntegratedComponent:63 - No mode defined for component null
2024-07-12 14:47:45,243 [WARN] ModelIntegratedComponent:63 - No mode defined for component null
2024-07-12 14:47:45,243 [WARN] ModelIntegratedComponent:63 - No mode defined for component null
2024-07-12 14:47:45,243 [WARN] ModelIntegratedComponent:63 - No mode defined for component null
2024-07-12 14:47:45,243 [WARN] ModelIntegratedComponent:63 - No mode defined for component null
2024-07-12 14:47:45,243 [WARN] ModelIntegratedComponent:63 - No mode defined for component null
2024-07-12 14:47:45,243 [WARN] ModelIntegratedComponent:63 - No mode defined for component null
2024-07-12 14:47:45,243 [WARN] ModelIntegratedComponent:63 - No mode defined for component null
2024-07-12 14:47:45,243 [WARN] ModelIntegratedComponent:63 - No mode defined for component null
2024-07-12 14:47:45,243 [WARN] ModelIntegratedComponent:63 - No mode defined for component null
2024-07-12 14:47:45,243 [WARN] ModelIntegratedComponent:63 - No mode defined for component null
2024-07-12 14:47:45,243 [WARN] ModelIntegratedComponent:63 - No mode defined for component null
2024-07-12 14:47:45,243 [WARN] ModelIntegratedComponent:63 - No mode defined for component null
2024-07-12 14:47:45,243 [WARN] ModelIntegratedComponent:63 - No mode defined for component null
2024-07-12 14:47:45,243 [WARN] ModelIntegratedComponent:63 - No mode defined for component null
2024-07-12 14:47:45,244 [WARN] ModelIntegratedComponent:63 - No mode defined for component null
2024-07-12 14:47:45,329 [INFO] ThirdPartyModel:298 - Start build external matchings
2024-07-12 14:47:45,492 [INFO] ThirdPartyModel:316 - End build external matchings
2024-07-12 14:47:45,504 [INFO] ImportTextPane:194 - (OptionalMessage_ERROR) IP (RCC) : Invalid parameter (FamilyName)
2024-07-12 14:47:45,504 [INFO] ImportTextPane:194 - (OptionalMessage_ERROR) IP (RCC) : Parameter (MCO2PinFreq_Value) has invalid value (180000000)
2024-07-12 14:47:45,505 [INFO] ImportTextPane:194 - (OptionalMessage_ERROR) IP (RCC) : Parameter (SDIOFreq_Value) has invalid value (180000000)
2024-07-12 14:47:45,505 [INFO] ImportTextPane:194 - (OptionalMessage_ERROR) IP (RCC) : Parameter (USBFreq_Value) has invalid value (180000000)
2024-07-12 14:47:45,901 [INFO] UtilMem:75 - End LoadConfig() Used Memory: 692551320 Bytes (1073741824)
2024-07-12 14:47:46,048 [INFO] ApiDb:581 - Connected to CubeFinder SQLite database (C:\Users\revat\.stmcufinder\plugins\mcufinder\mcu\cube-finder-db.db)
2024-07-12 14:47:46,114 [INFO] ApiDb:668 - CubeFinder database Data Model version=2.1
2024-07-12 14:47:46,114 [INFO] ApiDb:669 - CubeFinder database Configuration version=3.0.39
2024-07-12 14:47:46,115 [INFO] ApiDb:670 - CubeFinder database generation date=2024-06-05 (1717578087)
2024-07-12 14:47:46,115 [INFO] ApiDb:671 - CubeFinder database FW Pack versions=[FP-ATR-ASTRA1_V2.0.0, FP-SNS-FLIGHT1_V5.0.1, FP-SNS-FLIGHT1_V5.0.2, FP-SNS-MOTENV1_V4.3.1, FP-SNS-MOTENV1_V4.3.2, FP-SNS-MOTENV1_V5.0.0, FP-SNS-MOTENVWB1_V1.4.0, FP-SNS-SMARTAG2_V1.2.0, STM32Cube_FW_C0_V1.1.0, STM32Cube_FW_F4_V1.28.0, STM32Cube_FW_F7_V1.17.2, STM32Cube_FW_G0_V1.6.2, STM32Cube_FW_G4_V1.5.2, STM32Cube_FW_H5_V0.5.1, STM32Cube_FW_H5_V1.1.1, STM32Cube_FW_H5_V1.2.0, STM32Cube_FW_H5_V1.2.0RC4, STM32Cube_FW_H7RS_V1.0.0, STM32Cube_FW_H7RS_V1.0.0RC4, STM32Cube_FW_H7_V1.11.2, STM32Cube_FW_L0_V1.12.2, STM32Cube_FW_L5_V1.5.1, STM32Cube_FW_U0_V1.0.0, STM32Cube_FW_U0_V1.0.0RC1, STM32Cube_FW_U5_V1.3.0RC4, STM32Cube_FW_U5_V1.5.0, STM32Cube_FW_U5_V1.5.0RC1, STM32Cube_FW_WBA_V1.0.0RC1, STM32Cube_FW_WBA_V1.2.0, STM32Cube_FW_WBA_V1.2.0RC2, STM32Cube_FW_WBA_V1.3.0RC1, STM32Cube_FW_WBA_V1.3.1, STM32Cube_FW_WB_V1.15.0RC1, STM32Cube_FW_WB_V1.16.0, STM32Cube_FW_WB_V1.16.0RC2, STM32Cube_FW_WB_V1.18.0, STM32Cube_FW_WB_V1.19.0, STM32Cube_FW_WL_V1.3.0, X-CUBE-ALGOBUILD_V1.4.0, X-CUBE-ALS_V1.0.1, X-CUBE-ALS_V1.0.2, X-CUBE-AZRTOS-F4_V1.1.0, X-CUBE-AZRTOS-F7_V1.1.0, X-CUBE-AZRTOS-G0_V1.1.0, X-CUBE-AZRTOS-G4_V2.0.0, X-CUBE-AZRTOS-H7RS_V1.0.0, X-CUBE-AZRTOS-H7_V3.2.0, X-CUBE-AZRTOS-L4_V1.0.0, X-CUBE-AZRTOS-L4_V2.0.0, X-CUBE-AZRTOS-L5_V1.1.0, X-CUBE-AZRTOS-WB_V2.0.0, X-CUBE-AZRTOS-WL_V2.0.0, X-CUBE-BLE1_V7.0.0, X-CUBE-BLE2_V3.3.0, X-CUBE-BLEMGR_V3.1.0, X-CUBE-EEPRMA1_V4.1.0, X-CUBE-EEPRMA1_V5.1.0, X-CUBE-FREERTOS_V1.2.0, X-CUBE-GNSS1_V6.0.0, X-CUBE-MEMS1_V10.0.0, X-CUBE-MEMS1_V9.1.0, X-CUBE-MEMS1_V9.4.0, X-CUBE-MEMS1_V9.6.0, X-CUBE-NFC4_V3.0.0, X-CUBE-NFC7_V1.0.1, X-CUBE-SFXS2LP1_V4.0.0, X-CUBE-SUBG2_V5.0.0, X-CUBE-TOF1_V3.4.1]
2024-07-12 14:47:49,190 [INFO] ApiDb:240 - Found 371 in-development CPN: [B-G473E-ZEST1S, B-WB1M-WPAN1, B-WL5M-SUBG1, NUCLEO-C031C6, NUCLEO-H503RB, NUCLEO-H563ZI, NUCLEO-U545RE-Q, NUCLEO-U5A5ZJ-Q, NUCLEO-WBA52CG, NUCLEO-WBA55CG, STEVAL-MKBOXPRO, STEVAL-PROTEUS1, STEVAL-STWINBX1, STM320518-EVAL, STM32C0116-DK, STM32C011D6Y3TR, STM32C011D6Y6TR, STM32C011F4P3, STM32C011F4P6, STM32C011F4U3, STM32C011F4U6TR, STM32C011F6P3, STM32C011F6P6, STM32C011F6U3, STM32C011F6U6TR, STM32C011J4M3, STM32C011J4M6, STM32C011J6M3, STM32C011J6M6, STM32C0316-DK, STM32C031C4T3, STM32C031C4T6, STM32C031C4U3, STM32C031C4U6, STM32C031C6T3, STM32C031C6T6, STM32C031C6U3, STM32C031C6U6, STM32C031F4P3, STM32C031F4P6, STM32C031F6P3, STM32C031F6P6, STM32C031G4U3, STM32C031G4U6, STM32C031G6U3, STM32C031G6U6, STM32C031K4T3, STM32C031K4T6, STM32C031K4U3, STM32C031K4U6, STM32C031K6T3, STM32C031K6T6, STM32C031K6U3, STM32C031K6U6, STM32G071K8TXN, STM32G071K8UXN, STM32G081GBU6N, STM32G081KBT6N, STM32G081KBUXN, STM32G0B1CCT6N, STM32G0B1KCT6, STM32G0B1NEY6TR, STM32G0B1RCT6N, STM32G0C1CCT6, STM32G0C1CCT6N, STM32G0C1CCU6N, STM32G0C1CET6N, STM32G0C1CEU6N, STM32G0C1KCT6, STM32G0C1NEY6TR, STM32G0C1RCI6N, STM32G0C1RCT6N, STM32G0C1REI6N, STM32G0C1RET6N, STM32G0C1VCI6, STM32G0C1VEI6, STM32G471CCT6, STM32G471CCU6, STM32G471CET3, STM32G471CET6, STM32G471CEU3, STM32G471CEU6, STM32G471MCT6, STM32G471MET3, STM32G471MET6, STM32G471MEY6TR, STM32G471QCT6, STM32G471QET3, STM32G471RCT6, STM32G471RET3, STM32G471RET6, STM32G471VCH6, STM32G471VCI6, STM32G471VCT6, STM32G471VEH3, STM32G471VEH6, STM32G471VEI3, STM32G471VEI6, STM32G471VET3, STM32G471VET6, STM32G474CCT6, STM32H503CBT6, STM32H503CBU6, STM32H503EBY6TR, STM32H503KBU6, STM32H503RBT6, STM32H562AGI6, STM32H562AII6, STM32H562IGK6, STM32H562IGT6, STM32H562IIK6, STM32H562IIT6, STM32H562RGT6, STM32H562RGV6, STM32H562RIT6, STM32H562RIV6, STM32H562VGT6, STM32H562VIT6, STM32H562ZGT6, STM32H562ZIT6, STM32H563AGI6, STM32H563AII3Q, STM32H563AII6, STM32H563IGK6, STM32H563IGT6, STM32H563IIK3Q, STM32H563IIK6, STM32H563IIT3Q, STM32H563IIT6, STM32H563MIY3QTR, STM32H563RGT6, STM32H563RGV6, STM32H563RIT6, STM32H563RIV6, STM32H563VGT6, STM32H563VIT3Q, STM32H563VIT6, STM32H563ZGT6, STM32H563ZIT3Q, STM32H563ZIT6, STM32H573AII3Q, STM32H573AII6, STM32H573I-DK, STM32H573IIK3Q, STM32H573IIK6, STM32H573IIT3Q, STM32H573IIT6, STM32H573MIY3QTR, STM32H573RIT6, STM32H573RIV6, STM32H573VIT3Q, STM32H573VIT6, STM32H573ZIT3Q, STM32H573ZIT6, STM32L4R5QGI6STR, STM32MP131AAE3, STM32MP131AAF3, STM32MP131AAG3, STM32MP131CAE3, STM32MP131CAF3, STM32MP131CAG3, STM32MP131DAE7, STM32MP131DAF7, STM32MP131DAG7, STM32MP131FAE7, STM32MP131FAF7, STM32MP131FAG7, STM32MP133AAE3, STM32MP133AAF3, STM32MP133AAG3, STM32MP133CAE3, STM32MP133CAF3, STM32MP133CAG3, STM32MP133DAE7, STM32MP133DAF7, STM32MP133DAG7, STM32MP133FAE7, STM32MP133FAF7, STM32MP133FAG7, STM32MP135AAE3, STM32MP135AAF3, STM32MP135AAG3, STM32MP135CAE3, STM32MP135CAF3, STM32MP135CAG3, STM32MP135DAE7, STM32MP135DAF7, STM32MP135DAG7, STM32MP135F-DK, STM32MP135FAE7, STM32MP135FAF7, STM32MP135FAF7T, STM32MP135FAF7U, STM32MP135FAG7, STM32U535CBT6, STM32U535CBT6Q, STM32U535CBU6, STM32U535CBU6Q, STM32U535CCT6, STM32U535CCT6Q, STM32U535CCU6, STM32U535CCU6Q, STM32U535CET6, STM32U535CET6Q, STM32U535CEU6, STM32U535CEU6Q, STM32U535JEY6QTR, STM32U535NCY6QTR, STM32U535NEY6QTR, STM32U535RBI6, STM32U535RBI6Q, STM32U535RBT6, STM32U535RBT6Q, STM32U535RCI6, STM32U535RCI6Q, STM32U535RCT6, STM32U535RCT6Q, STM32U535REI6, STM32U535REI6Q, STM32U535RET6, STM32U535RET6Q, STM32U535VCI6, STM32U535VCI6Q, STM32U535VCT6, STM32U535VCT6Q, STM32U535VEI6, STM32U535VEI6Q, STM32U535VET6, STM32U535VET6Q, STM32U545CET6, STM32U545CET6Q, STM32U545CEU6, STM32U545CEU6Q, STM32U545JEY6QTR, STM32U545NEY6QTR, STM32U545REI6, STM32U545REI6Q, STM32U545RET6, STM32U545RET6Q, STM32U545VEI6, STM32U545VEI6Q, STM32U545VET6, STM32U545VET6Q, STM32U595AIH6, STM32U595AIH6Q, STM32U595AJH6, STM32U595AJH6Q, STM32U595QII6, STM32U595QII6Q, STM32U595QJI6, STM32U595QJI6Q, STM32U595RIT6, STM32U595RIT6Q, STM32U595RJT6, STM32U595RJT6Q, STM32U595VIT6, STM32U595VIT6Q, STM32U595VJT6, STM32U595VJT6Q, STM32U595ZIT6, STM32U595ZIT6Q, STM32U595ZIY6QTR, STM32U595ZJT6, STM32U595ZJT6Q, STM32U595ZJY6QTR, STM32U599BJY6QTR, STM32U599NIH6Q, STM32U599NJH6Q, STM32U599VIT6Q, STM32U599VJT6, STM32U599VJT6Q, STM32U599ZIT6Q, STM32U599ZIY6QTR, STM32U599ZJT6Q, STM32U599ZJY6QTR, STM32U5A5AJH6, STM32U5A5AJH6Q, STM32U5A5QJI6, STM32U5A5QJI6Q, STM32U5A5RJT6, STM32U5A5RJT6Q, STM32U5A5VJT6, STM32U5A5VJT6Q, STM32U5A5ZJT6, STM32U5A5ZJT6Q, STM32U5A5ZJY6QTR, STM32U5A9BJY6QTR, STM32U5A9J-DK, STM32U5A9NJH6Q, STM32U5A9VJT6Q, STM32U5A9ZJT6Q, STM32U5A9ZJY6QTR, STM32U5F7VIT6, STM32U5F7VIT6Q, STM32U5F7VJT6, STM32U5F7VJT6Q, STM32U5F9BJY6QTR, STM32U5F9NJH6Q, STM32U5F9VIT6Q, STM32U5F9VJT6Q, STM32U5F9ZIJ6QTR, STM32U5F9ZIT6Q, STM32U5F9ZJJ6QTR, STM32U5F9ZJT6Q, STM32U5G7VJT6, STM32U5G7VJT6Q, STM32U5G9BJY6QTR, STM32U5G9J-DK1, STM32U5G9J-DK2, STM32U5G9NJH6Q, STM32U5G9VJT6Q, STM32U5G9ZJJ6QTR, STM32U5G9ZJT6Q, STM32WB1MMCH6, STM32WBA50KEU6, STM32WBA50KEU6TR, STM32WBA50KGU6, STM32WBA50KGU6TR, STM32WBA52CEU6, STM32WBA52CEU6TR, STM32WBA52CEU7, STM32WBA52CEU7TR, STM32WBA52CGU6, STM32WBA52CGU6TR, STM32WBA52CGU6U, STM32WBA52CGU7, STM32WBA52CGU7TR, STM32WBA52KEU6, STM32WBA52KEU6TR, STM32WBA52KGU6, STM32WBA52KGU6TR, STM32WBA54CEU6, STM32WBA54CEU6TR, STM32WBA54CEU7, STM32WBA54CEU7TR, STM32WBA54CGU6, STM32WBA54CGU6TR, STM32WBA54CGU7, STM32WBA54CGU7TR, STM32WBA54KEU6, STM32WBA54KEU6TR, STM32WBA54KEU7, STM32WBA54KEU7TR, STM32WBA54KGU6, STM32WBA54KGU6TR, STM32WBA54KGU7, STM32WBA54KGU7TR, STM32WBA55CEU6, STM32WBA55CEU6TR, STM32WBA55CEU7, STM32WBA55CEU7TR, STM32WBA55CGU6, STM32WBA55CGU6TR, STM32WBA55CGU6U, STM32WBA55CGU7, STM32WBA55CGU7TR, STM32WBA55G-DK1, STM32WBA55HEF6, STM32WBA55HEF7, STM32WBA55HGF6, STM32WBA55HGF7, STM32WBA55UEI6, STM32WBA55UEI6TR, STM32WBA55UEI7, STM32WBA55UEI7TR, STM32WBA55UGI6, STM32WBA55UGI6TR, STM32WBA55UGI7, STM32WBA55UGI7TR, STM32WL5MOCH6, STM32WL5MOCH6TR]
2024-07-12 14:47:49,193 [INFO] DbMcus:218 - Found 4092 MCUs, 4092 are supported
2024-07-12 14:47:49,194 [INFO] ApiDb:423 - Load user favorites file C:\Users\revat/.stm32cubeide/favorites.mcus.txt: 0 item(s)
2024-07-12 14:47:49,195 [INFO] ApiDb:427 - User favorites MCUs=[]
2024-07-12 14:47:49,195 [INFO] DbMcus:224 - Set 0 / 0 favorites MCUs
2024-07-12 14:47:49,641 [INFO] MicroXplorer:468 - Change Database Path : 
2024-07-12 14:47:49,641 [INFO] MicroXplorer:498 - Change Database Version : DB.6.0.100
2024-07-12 14:47:49,641 [WARN] ThirdParty:833 - waiting for thirdparty lock release [change project]
2024-07-12 14:47:49,641 [INFO] ThirdParty:835 - entering critical section [change project]
2024-07-12 14:47:49,642 [INFO] ThirdParty:1030 - CMSIS Pack Vendor :STMicroelectronics USBPD 4.1
2024-07-12 14:47:49,642 [INFO] ThirdParty:1030 - CMSIS Pack Vendor :STMicroelectronics X-CUBE-GNSS1 6.0.0
2024-07-12 14:47:49,642 [INFO] ThirdParty:1030 - CMSIS Pack Vendor :STMicroelectronics USB_HOST 2.0.0
2024-07-12 14:47:49,642 [INFO] ThirdParty:1030 - CMSIS Pack Vendor :STMicroelectronics FP-SNS-MOTENVWB1 1.4.0
2024-07-12 14:47:49,642 [INFO] ThirdParty:1030 - CMSIS Pack Vendor :STMicroelectronics X-CUBE-AZRTOS-F4 1.1.0
2024-07-12 14:47:49,642 [INFO] ThirdParty:1030 - CMSIS Pack Vendor :STMicroelectronics LIBJPEG 8.0.0
2024-07-12 14:47:49,642 [INFO] ThirdParty:1030 - CMSIS Pack Vendor :STMicroelectronics X-CUBE-SMBUS 2.1.0
2024-07-12 14:47:49,642 [INFO] ThirdParty:1030 - CMSIS Pack Vendor :STMicroelectronics USB_DEVICE 3.0.0
2024-07-12 14:47:49,642 [INFO] ThirdParty:1030 - CMSIS Pack Vendor :STMicroelectronics X-CUBE-TCPP 4.1.0
2024-07-12 14:47:49,642 [INFO] ThirdParty:1030 - CMSIS Pack Vendor :STMicroelectronics X-CUBE-FREERTOS 1.2.0
2024-07-12 14:47:49,642 [INFO] ThirdParty:1030 - CMSIS Pack Vendor :STMicroelectronics X-CUBE-AZRTOS-WB 2.0.0
2024-07-12 14:47:49,642 [INFO] ThirdParty:1030 - CMSIS Pack Vendor :wolfSSL I-CUBE-wolfSSL 5.6.6
2024-07-12 14:47:49,642 [INFO] ThirdParty:1030 - CMSIS Pack Vendor :STMicroelectronics X-CUBE-TOUCHGFX 4.23.0
2024-07-12 14:47:49,642 [INFO] ThirdParty:1030 - CMSIS Pack Vendor :STMicroelectronics X-CUBE-AZRTOS-F7 1.1.0
2024-07-12 14:47:49,642 [INFO] ThirdParty:1030 - CMSIS Pack Vendor :STMicroelectronics X-CUBE-AZRTOS-L5 2.0.0
2024-07-12 14:47:49,642 [INFO] ThirdParty:1030 - CMSIS Pack Vendor :STMicroelectronics USB_DEVICE 2.0.0
2024-07-12 14:47:49,642 [INFO] ThirdParty:1030 - CMSIS Pack Vendor :STMicroelectronics X-CUBE-NFC6 3.1.0
2024-07-12 14:47:49,642 [INFO] ThirdParty:1030 - CMSIS Pack Vendor :ITTIA_DB I-CUBE-ITTIADB 8.8.0
2024-07-12 14:47:49,642 [INFO] ThirdParty:1030 - CMSIS Pack Vendor :STMicroelectronics FP-SNS-MOTENV1 4.3.2
2024-07-12 14:47:49,642 [INFO] ThirdParty:1030 - CMSIS Pack Vendor :STMicroelectronics X-CUBE-ALGOBUILD 1.3.0
2024-07-12 14:47:49,642 [INFO] ThirdParty:1030 - CMSIS Pack Vendor :STMicroelectronics FreeRTOS 0.0.1
2024-07-12 14:47:49,642 [INFO] ThirdParty:1030 - CMSIS Pack Vendor :STMicroelectronics X-CUBE-AZRTOS-G0 1.1.0
2024-07-12 14:47:49,642 [INFO] ThirdParty:1030 - CMSIS Pack Vendor :STMicroelectronics X-CUBE-SAFEA1 1.2.2
2024-07-12 14:47:49,642 [INFO] ThirdParty:1030 - CMSIS Pack Vendor :STMicroelectronics X-CUBE-NFC4 3.0.0
2024-07-12 14:47:49,642 [INFO] ThirdParty:1030 - CMSIS Pack Vendor :STMicroelectronics X-CUBE-DPower 1.2.0
2024-07-12 14:47:49,642 [INFO] ThirdParty:1030 - CMSIS Pack Vendor :STMicroelectronics X-CUBE-SUBG2 5.0.0
2024-07-12 14:47:49,642 [INFO] ThirdParty:1030 - CMSIS Pack Vendor :STMicroelectronics STM32_WPAN 1.0.0
2024-07-12 14:47:49,642 [INFO] ThirdParty:1030 - CMSIS Pack Vendor :EmbeddedOffice I-CUBE-FS-RTOS 1.0.1
2024-07-12 14:47:49,642 [INFO] ThirdParty:1030 - CMSIS Pack Vendor :STMicroelectronics lwIP 2.0.3
2024-07-12 14:47:49,642 [INFO] ThirdParty:1030 - CMSIS Pack Vendor :STMicroelectronics FP-SNS-FLIGHT1 5.0.2
2024-07-12 14:47:49,642 [INFO] ThirdParty:1030 - CMSIS Pack Vendor :Cesanta I-CUBE-Mongoose 7.13.0
2024-07-12 14:47:49,642 [INFO] ThirdParty:1030 - CMSIS Pack Vendor :STMicroelectronics USB_HOST 1.0.0
2024-07-12 14:47:49,642 [INFO] ThirdParty:1030 - CMSIS Pack Vendor :STMicroelectronics X-CUBE-AI 9.0.0
2024-07-12 14:47:49,642 [INFO] ThirdParty:1030 - CMSIS Pack Vendor :STMicroelectronics X-CUBE-AZRTOS-G4 2.0.0
2024-07-12 14:47:49,642 [INFO] ThirdParty:1030 - CMSIS Pack Vendor :STMicroelectronics PDM2PCM 3.1.0
2024-07-12 14:47:49,642 [INFO] ThirdParty:1030 - CMSIS Pack Vendor :Infineon AIROC-Wi-Fi-Bluetooth-STM32 1.5.1
2024-07-12 14:47:49,642 [INFO] ThirdParty:1030 - CMSIS Pack Vendor :STMicroelectronics PDM2PCM 3.3.0
2024-07-12 14:47:49,643 [INFO] ThirdParty:1030 - CMSIS Pack Vendor :STMicroelectronics X-CUBE-DISPLAY 3.0.0
2024-07-12 14:47:49,643 [INFO] ThirdParty:1030 - CMSIS Pack Vendor :RealThread X-CUBE-RT-Thread_Nano 4.1.1
2024-07-12 14:47:49,643 [INFO] ThirdParty:1030 - CMSIS Pack Vendor :STMicroelectronics FP-SNS-MOTENVWB1 1.3.1
2024-07-12 14:47:49,643 [INFO] ThirdParty:1030 - CMSIS Pack Vendor :STMicroelectronics X-CUBE-BLE1 7.0.0
2024-07-12 14:47:49,643 [INFO] ThirdParty:1030 - CMSIS Pack Vendor :STMicroelectronics FP-ATR-SIGFOX1 3.2.0
2024-07-12 14:47:49,643 [INFO] ThirdParty:1030 - CMSIS Pack Vendor :STMicroelectronics X-CUBE-ISPU 2.0.0
2024-07-12 14:47:49,643 [INFO] ThirdParty:1030 - CMSIS Pack Vendor :STMicroelectronics X-CUBE-EEPRMA1 5.1.0
2024-07-12 14:47:49,643 [INFO] ThirdParty:1030 - CMSIS Pack Vendor :STMicroelectronics HAL Drivers 0.0.0
2024-07-12 14:47:49,643 [INFO] ThirdParty:1030 - CMSIS Pack Vendor :STMicroelectronics MBEDTLS 2.16.2
2024-07-12 14:47:49,643 [INFO] ThirdParty:1030 - CMSIS Pack Vendor :STMicroelectronics X-CUBE-ALS 1.0.2
2024-07-12 14:47:49,643 [INFO] ThirdParty:1030 - CMSIS Pack Vendor :emotas I-CUBE-CANOPEN 1.3.0
2024-07-12 14:47:49,643 [INFO] ThirdParty:1030 - CMSIS Pack Vendor :STMicroelectronics X-CUBE-MEMS1 10.0.0
2024-07-12 14:47:49,643 [INFO] ThirdParty:1030 - CMSIS Pack Vendor :STMicroelectronics X-CUBE-FREERTOS 1.1.0
2024-07-12 14:47:49,643 [INFO] ThirdParty:1030 - CMSIS Pack Vendor :STMicroelectronics X-CUBE-NFC7 1.0.1
2024-07-12 14:47:49,643 [INFO] ThirdParty:1030 - CMSIS Pack Vendor :STMicroelectronics MBEDTLS 2.14.1
2024-07-12 14:47:49,643 [INFO] ThirdParty:1030 - CMSIS Pack Vendor :STMicroelectronics X-CUBE-TOUCHGFX 4.24.0
2024-07-12 14:47:49,643 [INFO] ThirdParty:1030 - CMSIS Pack Vendor :wolfSSL I-CUBE-wolfTPM 3.2.0
2024-07-12 14:47:49,643 [INFO] ThirdParty:1030 - CMSIS Pack Vendor :STMicroelectronics X-CUBE-NFC6 3.0.0
2024-07-12 14:47:49,643 [INFO] ThirdParty:1030 - CMSIS Pack Vendor :portGmbH I-Cube-SoM-uGOAL 1.1.0
2024-07-12 14:47:49,643 [INFO] ThirdParty:1030 - CMSIS Pack Vendor :STMicroelectronics X-CUBE-ALS 1.0.1
2024-07-12 14:47:49,643 [INFO] ThirdParty:1030 - CMSIS Pack Vendor :STMicroelectronics X-CUBE-BLEMGR 3.1.0
2024-07-12 14:47:49,643 [INFO] ThirdParty:1030 - CMSIS Pack Vendor :STMicroelectronics ThreadX 1.0.0
2024-07-12 14:47:49,643 [INFO] ThirdParty:1030 - CMSIS Pack Vendor :STMicroelectronics FP-SNS-SMARTAG2 1.2.0
2024-07-12 14:47:49,643 [INFO] ThirdParty:1030 - CMSIS Pack Vendor :STMicroelectronics X-CUBE-AZRTOS-WL 2.0.0
2024-07-12 14:47:49,643 [INFO] ThirdParty:1030 - CMSIS Pack Vendor :SEGGER I-CUBE-embOS 1.3.1
2024-07-12 14:47:49,643 [INFO] ThirdParty:1030 - CMSIS Pack Vendor :STMicroelectronics X-CUBE-ALGOBUILD 1.4.0
2024-07-12 14:47:49,643 [INFO] ThirdParty:1030 - CMSIS Pack Vendor :STMicroelectronics FP-SNS-MOTENV1 5.0.0
2024-07-12 14:47:49,643 [INFO] ThirdParty:1030 - CMSIS Pack Vendor :STMicroelectronics USB_DEVICE 1.0.0
2024-07-12 14:47:49,643 [INFO] ThirdParty:1030 - CMSIS Pack Vendor :STMicroelectronics X-CUBE-AI 8.1.0
2024-07-12 14:47:49,643 [INFO] ThirdParty:1030 - CMSIS Pack Vendor :STMicroelectronics X-CUBE-AZRTOS-H7RS 1.0.0
2024-07-12 14:47:49,643 [INFO] ThirdParty:1030 - CMSIS Pack Vendor :wolfSSL I-CUBE-wolfMQTT 1.19.0
2024-07-12 14:47:49,643 [INFO] ThirdParty:1030 - CMSIS Pack Vendor :STMicroelectronics X-CUBE-AZRTOS-L4 2.0.0
2024-07-12 14:47:49,643 [INFO] ThirdParty:1030 - CMSIS Pack Vendor :STMicroelectronics ThreadX 0.0.2
2024-07-12 14:47:49,643 [INFO] ThirdParty:1030 - CMSIS Pack Vendor :WES I-CUBE-Cesium 1.3.0
2024-07-12 14:47:49,643 [INFO] ThirdParty:1030 - CMSIS Pack Vendor :STMicroelectronics FP-ATR-ASTRA1 2.0.0
2024-07-12 14:47:49,643 [INFO] ThirdParty:1030 - CMSIS Pack Vendor :STMicroelectronics lwIP 2.1.2
2024-07-12 14:47:49,643 [INFO] ThirdParty:1030 - CMSIS Pack Vendor :STMicroelectronics X-CUBE-SFXS2LP1 4.0.0
2024-07-12 14:47:49,643 [INFO] ThirdParty:1030 - CMSIS Pack Vendor :STMicroelectronics X-CUBE-BLE2 3.3.0
2024-07-12 14:47:49,643 [INFO] ThirdParty:1030 - CMSIS Pack Vendor :STMicroelectronics X-CUBE-TOF1 3.4.1
2024-07-12 14:47:49,643 [INFO] ThirdParty:1030 - CMSIS Pack Vendor :STMicroelectronics X-CUBE-AZRTOS-H7 3.2.0
2024-07-12 14:47:49,643 [INFO] ThirdParty:1030 - CMSIS Pack Vendor :STMicroelectronics PDM2PCM 3.2.0
2024-07-12 14:47:49,643 [INFO] ThirdParty:1030 - CMSIS Pack Vendor :wolfSSL I-CUBE-wolfSSH 1.4.17
2024-07-12 14:47:49,643 [INFO] ThirdParty:841 - exiting critical section [change project]
2024-07-12 14:47:50,074 [INFO] PinOutPanel:1499 - setPackage(No Configuration,No Configuration)
2024-07-12 14:47:50,076 [INFO] PinOutPanel:1499 - setPackage(STM32F446RETx,LQFP64)
2024-07-12 14:47:51,231 [INFO] UtilMem:75 - Before build in PCC Used Memory: 719067080 Bytes (1073741824)
2024-07-12 14:47:52,253 [INFO] UtilMem:75 - After build in PCC Used Memory: 908337096 Bytes (1073741824)
2024-07-12 14:47:52,295 [INFO] IPUIPlugin:80 - create IPUIPlugin
2024-07-12 14:47:52,295 [INFO] IPUIPlugin:80 - create IPUIPlugin
2024-07-12 14:47:52,295 [INFO] IPUIPlugin:80 - create IPUIPlugin
2024-07-12 14:47:52,295 [INFO] IPUIPlugin:80 - create IPUIPlugin
2024-07-12 14:47:52,295 [INFO] IPUIPlugin:80 - create IPUIPlugin
2024-07-12 14:47:52,295 [INFO] IPUIPlugin:80 - create IPUIPlugin
2024-07-12 14:47:52,295 [INFO] IPUIPlugin:80 - create IPUIPlugin
2024-07-12 14:47:52,295 [INFO] IPUIPlugin:80 - create IPUIPlugin
2024-07-12 14:47:52,295 [INFO] IPUIPlugin:80 - create IPUIPlugin
2024-07-12 14:47:52,295 [INFO] IPUIPlugin:80 - create IPUIPlugin
2024-07-12 14:47:52,295 [INFO] IPUIPlugin:80 - create IPUIPlugin
2024-07-12 14:47:52,295 [INFO] IPUIPlugin:80 - create IPUIPlugin
2024-07-12 14:47:52,295 [INFO] IPUIPlugin:80 - create IPUIPlugin
2024-07-12 14:47:52,296 [INFO] IPUIPlugin:80 - create IPUIPlugin
2024-07-12 14:47:52,296 [INFO] IPUIPlugin:80 - create IPUIPlugin
2024-07-12 14:47:52,296 [INFO] IPUIPlugin:80 - create IPUIPlugin
2024-07-12 14:47:52,296 [INFO] IPUIPlugin:80 - create IPUIPlugin
2024-07-12 14:47:52,296 [INFO] IPUIPlugin:80 - create IPUIPlugin
2024-07-12 14:47:52,296 [INFO] IPUIPlugin:80 - create IPUIPlugin
2024-07-12 14:47:52,296 [INFO] IPUIPlugin:80 - create IPUIPlugin
2024-07-12 14:47:52,296 [INFO] IPUIPlugin:80 - create IPUIPlugin
2024-07-12 14:47:52,296 [INFO] IPUIPlugin:80 - create IPUIPlugin
2024-07-12 14:47:52,296 [INFO] IPUIPlugin:80 - create IPUIPlugin
2024-07-12 14:47:52,296 [INFO] IPUIPlugin:80 - create IPUIPlugin
2024-07-12 14:47:52,296 [INFO] IPUIPlugin:80 - create IPUIPlugin
2024-07-12 14:47:52,296 [INFO] IPUIPlugin:80 - create IPUIPlugin
2024-07-12 14:47:52,297 [INFO] IPUIPlugin:80 - create IPUIPlugin
2024-07-12 14:47:52,297 [INFO] IPUIPlugin:80 - create IPUIPlugin
2024-07-12 14:47:52,297 [INFO] IPUIPlugin:80 - create IPUIPlugin
2024-07-12 14:47:52,297 [INFO] IPUIPlugin:80 - create IPUIPlugin
2024-07-12 14:47:52,297 [INFO] IPUIPlugin:80 - create IPUIPlugin
2024-07-12 14:47:52,297 [INFO] IPUIPlugin:80 - create IPUIPlugin
2024-07-12 14:47:52,297 [INFO] IPUIPlugin:80 - create IPUIPlugin
2024-07-12 14:47:52,297 [INFO] IPUIPlugin:80 - create IPUIPlugin
2024-07-12 14:47:52,298 [INFO] IPUIPlugin:80 - create IPUIPlugin
2024-07-12 14:47:52,298 [INFO] IPUIPlugin:80 - create IPUIPlugin
2024-07-12 14:47:52,298 [INFO] IPUIPlugin:80 - create IPUIPlugin
2024-07-12 14:47:52,298 [INFO] IPUIPlugin:80 - create IPUIPlugin
2024-07-12 14:47:52,298 [INFO] IPUIPlugin:80 - create IPUIPlugin
2024-07-12 14:47:52,298 [INFO] IPUIPlugin:80 - create IPUIPlugin
2024-07-12 14:47:52,298 [INFO] IPUIPlugin:80 - create IPUIPlugin
2024-07-12 14:47:52,298 [INFO] IPUIPlugin:80 - create IPUIPlugin
2024-07-12 14:47:52,299 [INFO] IPUIPlugin:80 - create IPUIPlugin
2024-07-12 14:47:52,299 [INFO] IPUIPlugin:80 - create IPUIPlugin
2024-07-12 14:47:52,299 [INFO] IPUIPlugin:80 - create IPUIPlugin
2024-07-12 14:47:52,299 [INFO] IPUIPlugin:80 - create IPUIPlugin
2024-07-12 14:47:52,299 [INFO] IPUIPlugin:80 - create IPUIPlugin
2024-07-12 14:47:52,299 [INFO] IPUIPlugin:80 - create IPUIPlugin
2024-07-12 14:47:52,300 [INFO] IPUIPlugin:80 - create IPUIPlugin
2024-07-12 14:47:52,300 [INFO] IPUIPlugin:80 - create IPUIPlugin
2024-07-12 14:47:52,300 [INFO] IPUIPlugin:80 - create IPUIPlugin
2024-07-12 14:47:52,300 [INFO] IPUIPlugin:80 - create IPUIPlugin
2024-07-12 14:47:52,300 [INFO] IPUIPlugin:80 - create IPUIPlugin
2024-07-12 14:47:52,301 [INFO] IPUIPlugin:80 - create IPUIPlugin
2024-07-12 14:47:52,301 [INFO] IPUIPlugin:80 - create IPUIPlugin
2024-07-12 14:47:52,301 [INFO] IPUIPlugin:80 - create IPUIPlugin
2024-07-12 14:47:52,301 [INFO] IPUIPlugin:80 - create IPUIPlugin
2024-07-12 14:47:52,302 [INFO] IPUIPlugin:80 - create IPUIPlugin
2024-07-12 14:47:52,304 [INFO] IPUIPlugin:80 - create IPUIPlugin
2024-07-12 14:47:52,304 [INFO] IPUIPlugin:80 - create IPUIPlugin
2024-07-12 14:47:52,507 [INFO] ApiDbMcu:508 - Load IP Config File for PDM2PCM
2024-07-12 14:47:52,536 [WARN] IP:2119 - I2C_Coeff_DF not found: check if there is a RefParameter without a condition.
2024-07-12 14:47:52,536 [WARN] IP:2119 - Analog_Filter not found: check if there is a RefParameter without a condition.
2024-07-12 14:47:52,862 [INFO] CADModel:165 - CPN selected for project levelSTM32F446RET6
2024-07-12 14:47:52,862 [INFO] CADModel:114 - Register for checkConnection events
2024-07-12 14:47:52,922 [INFO] OpenFileManager:343 - Restore cursor
2024-07-12 14:47:53,094 [WARN] IP:2119 - I2C_Coeff_DF not found: check if there is a RefParameter without a condition.
2024-07-12 14:47:53,094 [WARN] IP:2119 - Analog_Filter not found: check if there is a RefParameter without a condition.
2024-07-12 14:47:53,094 [WARN] IP:2119 - I2C_Coeff_DF not found: check if there is a RefParameter without a condition.
2024-07-12 14:47:53,094 [WARN] IP:2119 - Analog_Filter not found: check if there is a RefParameter without a condition.
2024-07-12 17:55:45,288 [ERROR] ConfigurationRetriever:142 - IOException on connection: sw-center.st.com
2024-07-12 17:55:45,293 [ERROR] ConfigurationRetriever:142 - IOException on connection: sw-center.st.com
2024-07-12 17:55:45,295 [ERROR] ConfigurationRetriever:142 - IOException on connection: sw-center.st.com
2024-07-12 17:55:45,490 [ERROR] ConfigurationRetriever:142 - IOException on connection: sw-center.st.com
2024-07-12 17:55:45,492 [ERROR] ConfigurationRetriever:142 - IOException on connection: sw-center.st.com
2024-07-12 17:55:45,492 [ERROR] ConfigurationRetriever:142 - IOException on connection: sw-center.st.com
2024-07-12 18:15:54,234 [ERROR] ConfigurationRetriever:142 - IOException on connection: sw-center.st.com
2024-07-12 18:15:54,235 [ERROR] ConfigurationRetriever:142 - IOException on connection: sw-center.st.com
2024-07-12 18:15:54,235 [ERROR] ConfigurationRetriever:142 - IOException on connection: sw-center.st.com
2024-07-12 18:41:24,563 [ERROR] ConfigurationRetriever:142 - IOException on connection: sw-center.st.com
2024-07-12 18:41:24,563 [ERROR] ConfigurationRetriever:142 - IOException on connection: sw-center.st.com
2024-07-12 18:41:24,564 [ERROR] ConfigurationRetriever:142 - IOException on connection: sw-center.st.com
2024-07-12 19:34:01,171 [ERROR] ConfigurationRetriever:142 - IOException on connection: sw-center.st.com
2024-07-12 19:34:01,172 [ERROR] ConfigurationRetriever:142 - IOException on connection: sw-center.st.com
2024-07-12 19:34:01,172 [ERROR] ConfigurationRetriever:142 - IOException on connection: sw-center.st.com
2024-07-12 19:36:19,666 [ERROR] ConfigurationRetriever:142 - IOException on connection: sw-center.st.com
2024-07-12 19:36:19,666 [ERROR] ConfigurationRetriever:142 - IOException on connection: sw-center.st.com
2024-07-12 19:36:19,666 [ERROR] ConfigurationRetriever:142 - IOException on connection: sw-center.st.com
2024-07-12 19:36:53,957 [ERROR] ConfigurationRetriever:142 - IOException on connection: sw-center.st.com
2024-07-12 19:36:53,972 [ERROR] ConfigurationRetriever:142 - IOException on connection: sw-center.st.com
2024-07-12 19:36:53,972 [ERROR] ConfigurationRetriever:142 - IOException on connection: sw-center.st.com
2024-07-12 19:37:43,365 [ERROR] ConfigurationRetriever:142 - IOException on connection: sw-center.st.com
2024-07-12 19:37:43,366 [ERROR] ConfigurationRetriever:142 - IOException on connection: sw-center.st.com
2024-07-12 19:37:43,366 [ERROR] ConfigurationRetriever:142 - IOException on connection: sw-center.st.com
2024-07-12 20:13:59,986 [ERROR] ConfigurationRetriever:142 - IOException on connection: sw-center.st.com
2024-07-12 20:13:59,987 [ERROR] ConfigurationRetriever:142 - IOException on connection: sw-center.st.com
2024-07-12 20:13:59,987 [ERROR] ConfigurationRetriever:142 - IOException on connection: sw-center.st.com
2024-07-12 20:14:00,196 [ERROR] ConfigurationRetriever:142 - IOException on connection: sw-center.st.com
2024-07-12 20:14:00,196 [ERROR] ConfigurationRetriever:142 - IOException on connection: sw-center.st.com
2024-07-12 20:14:00,197 [ERROR] ConfigurationRetriever:142 - IOException on connection: sw-center.st.com
2024-07-12 20:16:53,882 [ERROR] ConfigurationRetriever:142 - IOException on connection: sw-center.st.com
2024-07-12 20:16:53,882 [ERROR] ConfigurationRetriever:142 - IOException on connection: sw-center.st.com
2024-07-12 20:16:53,883 [ERROR] ConfigurationRetriever:142 - IOException on connection: sw-center.st.com
