2024-08-27 06:44:03,924 [INFO] Activator:176 - 


2024-08-27 06:44:03,933 [INFO] Activator:177 - !SESSION log4j initialized
2024-08-27 06:44:15,909 [INFO] LogOutputStream:77 - [STDOUT_REDIRECT] 
2024-08-27 06:44:39,031 [INFO] ApplicationProperties:184 - Using Application install path: C:\ST\STM32CubeIDE_1.14.1\STM32CubeIDE\plugins\com.st.stm32cube.common.mx_6.10.0.202311202037
2024-08-27 06:44:39,063 [INFO] DbMcusXml:78 - Set database path to: C:\ST\STM32CubeIDE_1.14.1\STM32CubeIDE\plugins\com.st.stm32cube.common.mx_6.10.0.202311202037\\db\/mcu/
2024-08-27 06:44:39,063 [INFO] ApiDb:274 - Set plugin database path to: C:\ST\STM32CubeIDE_1.14.1\STM32CubeIDE\plugins\com.st.stm32cube.common.mx_6.10.0.202311202037\\db\/plugins/boardmanager/
2024-08-27 06:44:39,063 [WARN] ApiDb:259 - Overriding images path with different value:  => C:\ST\STM32CubeIDE_1.14.1\STM32CubeIDE\plugins\com.st.stm32cube.common.mx_6.10.0.202311202037\\db\/plugins/mcufinder/images/
2024-08-27 06:44:39,078 [INFO] ApiDb:250 - Set database path to: C:\Users\revat\.stmcufinder\plugins\mcufinder//mcu/
2024-08-27 06:44:39,078 [INFO] DbMcusAds:125 - Set database path to: C:\Users\revat\.stmcufinder\plugins\mcufinder//mcu/
2024-08-27 06:44:39,220 [INFO] CrossReferenceDbSqlite:203 - Set database path to: C:\Users\revat\.stmcufinder\plugins\mcufinder//mcu/cs/
2024-08-27 06:44:39,425 [INFO] RulesReader:64 - Compatibility file has been processed (297 Rules)
2024-08-27 06:44:39,567 [INFO] DbMcusXml:78 - Set database path to: C:\ST\STM32CubeIDE_1.14.1\STM32CubeIDE\plugins\com.st.stm32cube.common.mx_6.10.0.202311202037\\db\/mcu/
2024-08-27 06:44:39,567 [INFO] ApiDb:274 - Set plugin database path to: C:\ST\STM32CubeIDE_1.14.1\STM32CubeIDE\plugins\com.st.stm32cube.common.mx_6.10.0.202311202037\\db\/plugins/boardmanager/
2024-08-27 06:44:39,567 [INFO] ApiDb:261 - Set plugin images path to: C:\ST\STM32CubeIDE_1.14.1\STM32CubeIDE\plugins\com.st.stm32cube.common.mx_6.10.0.202311202037\\db\/plugins/mcufinder/images/
2024-08-27 06:44:39,567 [WARN] DbFile:41 - Overriding database path with different value: C:\Users\revat\.stmcufinder\plugins\mcufinder/ => C:\Users\revat\.stmcufinder\plugins\mcufinder
2024-08-27 06:44:39,567 [INFO] ApiDb:250 - Set database path to: C:\Users\revat\.stmcufinder\plugins\mcufinder//mcu/
2024-08-27 06:44:39,567 [WARN] DbFile:41 - Overriding database path with different value: C:\Users\revat\.stmcufinder\plugins\mcufinder/ => C:\Users\revat\.stmcufinder\plugins\mcufinder
2024-08-27 06:44:39,567 [INFO] DbMcusAds:125 - Set database path to: C:\Users\revat\.stmcufinder\plugins\mcufinder//mcu/
2024-08-27 06:44:39,567 [WARN] DbFile:41 - Overriding database path with different value: C:\Users\revat\.stmcufinder\plugins\mcufinder/ => C:\Users\revat\.stmcufinder\plugins\mcufinder
2024-08-27 06:44:39,567 [WARN] DbFile:41 - Overriding database path with different value: C:\Users\revat\.stmcufinder\plugins\mcufinder/ => C:\Users\revat\.stmcufinder\plugins\mcufinder
2024-08-27 06:44:39,567 [INFO] CrossReferenceDbSqlite:203 - Set database path to: C:\Users\revat\.stmcufinder\plugins\mcufinder//mcu/cs/
2024-08-27 06:44:39,709 [INFO] MainPanel:264 - HeapMemory: 268435456
2024-08-27 06:44:39,928 [INFO] DbMcusXml:78 - Set database path to: C:\ST\STM32CubeIDE_1.14.1\STM32CubeIDE\plugins\com.st.stm32cube.common.mx_6.10.0.202311202037\\db\/mcu/
2024-08-27 06:44:39,928 [INFO] ApiDb:274 - Set plugin database path to: C:\ST\STM32CubeIDE_1.14.1\STM32CubeIDE\plugins\com.st.stm32cube.common.mx_6.10.0.202311202037\\db\/plugins/boardmanager/
2024-08-27 06:44:39,928 [INFO] ApiDb:261 - Set plugin images path to: C:\ST\STM32CubeIDE_1.14.1\STM32CubeIDE\plugins\com.st.stm32cube.common.mx_6.10.0.202311202037\\db\/plugins/mcufinder/images/
2024-08-27 06:44:39,928 [WARN] DbFile:41 - Overriding database path with different value: C:\Users\revat\.stmcufinder\plugins\mcufinder/ => C:\Users\revat\.stmcufinder\plugins\mcufinder
2024-08-27 06:44:39,928 [INFO] ApiDb:250 - Set database path to: C:\Users\revat\.stmcufinder\plugins\mcufinder//mcu/
2024-08-27 06:44:39,928 [WARN] DbFile:41 - Overriding database path with different value: C:\Users\revat\.stmcufinder\plugins\mcufinder/ => C:\Users\revat\.stmcufinder\plugins\mcufinder
2024-08-27 06:44:39,928 [INFO] DbMcusAds:125 - Set database path to: C:\Users\revat\.stmcufinder\plugins\mcufinder//mcu/
2024-08-27 06:44:39,928 [WARN] DbFile:41 - Overriding database path with different value: C:\Users\revat\.stmcufinder\plugins\mcufinder/ => C:\Users\revat\.stmcufinder\plugins\mcufinder
2024-08-27 06:44:39,928 [WARN] DbFile:41 - Overriding database path with different value: C:\Users\revat\.stmcufinder\plugins\mcufinder/ => C:\Users\revat\.stmcufinder\plugins\mcufinder
2024-08-27 06:44:39,928 [INFO] CrossReferenceDbSqlite:203 - Set database path to: C:\Users\revat\.stmcufinder\plugins\mcufinder//mcu/cs/
2024-08-27 06:44:39,959 [INFO] ApplicationProperties:184 - Using Application install path: C:\ST\STM32CubeIDE_1.14.1\STM32CubeIDE\plugins\com.st.stm32cube.common.mx_6.10.0.202311202037
2024-08-27 06:44:39,959 [INFO] PluginManage:196 - Search for loadable plugins [exclusion list=, ]
2024-08-27 06:44:39,959 [INFO] PluginManage:310 - Check plugin analytics
2024-08-27 06:44:40,417 [INFO] AnalyticsPlugin:253 - Accepted Software Licenses: 
2024-08-27 06:44:40,417 [INFO] AnalyticsPlugin:255 - Accepted CMSIS Pack Licenses: 
2024-08-27 06:44:40,417 [INFO] AnalyticsPlugin:257 - Accepted Firmware Licenses: FW.F4.1.28.0
2024-08-27 06:44:40,417 [INFO] PluginManage:359 - Loaded plugin analytics (category:tool,tabindex:-1)
2024-08-27 06:44:40,417 [INFO] PluginManage:310 - Check plugin cadmodel
2024-08-27 06:44:40,433 [INFO] CADModel:105 - Init CAD model plugin
2024-08-27 06:44:40,433 [INFO] PluginManage:359 - Loaded plugin cadmodel (category:power,tabindex:5)
2024-08-27 06:44:40,433 [INFO] PluginManage:310 - Check plugin clock
2024-08-27 06:44:40,480 [INFO] PluginManage:359 - Loaded plugin clock (category:base,tabindex:2)
2024-08-27 06:44:40,480 [INFO] PluginManage:310 - Check plugin ddr
2024-08-27 06:44:40,496 [INFO] PluginManage:359 - Loaded plugin ddr (category:tool,tabindex:6)
2024-08-27 06:44:40,496 [INFO] PluginManage:310 - Check plugin filemanager
2024-08-27 06:44:40,723 [INFO] PluginManage:359 - Loaded plugin filemanager (category:base,tabindex:10)
2024-08-27 06:44:40,723 [INFO] PluginManage:310 - Check plugin ipmanager
2024-08-27 06:44:40,723 [INFO] PluginManage:359 - Loaded plugin ipmanager (category:base,tabindex:5)
2024-08-27 06:44:40,723 [INFO] PluginManage:310 - Check plugin lpbam
2024-08-27 06:44:40,754 [INFO] PluginManage:359 - Loaded plugin lpbam (category:base,tabindex:0)
2024-08-27 06:44:40,754 [INFO] PluginManage:310 - Check plugin memorymap
2024-08-27 06:44:40,802 [INFO] PluginManage:359 - Loaded plugin memorymap (category:base,tabindex:4)
2024-08-27 06:44:40,802 [INFO] PluginManage:310 - Check plugin pinoutandconfiguration
2024-08-27 06:44:40,833 [INFO] PluginManage:359 - Loaded plugin pinoutandconfiguration (category:base,tabindex:1)
2024-08-27 06:44:40,833 [INFO] PluginManage:310 - Check plugin pinoutconfig
2024-08-27 06:44:40,975 [WARN] SupportedApi:132 - Cannot load RTOS API schema: s4s-elt-must-match.1: The content of 'definitions' must match (annotation?, (simpleType | complexType)?, (unique | key | keyref)*)). A problem was found starting at: attribute.
2024-08-27 06:44:41,242 [INFO] PluginManage:359 - Loaded plugin pinoutconfig (category:base,tabindex:0)
2024-08-27 06:44:41,242 [INFO] PluginManage:310 - Check plugin power
2024-08-27 06:44:41,273 [INFO] PluginManage:359 - Loaded plugin power (category:power,tabindex:4)
2024-08-27 06:44:41,273 [INFO] PluginManage:310 - Check plugin projectmanager
2024-08-27 06:44:41,305 [INFO] PluginManage:359 - Loaded plugin projectmanager (category:projectmanager,tabindex:3)
2024-08-27 06:44:41,305 [INFO] PluginManage:310 - Check plugin thirdparty
2024-08-27 06:44:41,782 [INFO] PluginManage:359 - Loaded plugin thirdparty (category:base,tabindex:-1)
2024-08-27 06:44:41,782 [WARN] IntegrityCheckThread:84 - waiting for thirdparty lock release [integrity check]
2024-08-27 06:44:41,782 [INFO] PluginManage:310 - Check plugin tools
2024-08-27 06:44:41,787 [INFO] IntegrityCheckThread:86 - entering critical section [integrity check]
2024-08-27 06:44:41,787 [INFO] ThirdPartyUpdaterWithRetryManager:70 - Updater plugin not ready yet. [1/15]
2024-08-27 06:44:41,850 [INFO] PluginManage:359 - Loaded plugin tools (category:base,tabindex:7)
2024-08-27 06:44:41,850 [INFO] PluginManage:310 - Check plugin tutovideos
2024-08-27 06:44:42,206 [INFO] PluginManage:359 - Loaded plugin tutovideos (category:base,tabindex:-1)
2024-08-27 06:44:42,206 [INFO] PluginManage:310 - Check plugin updater
2024-08-27 06:44:42,227 [INFO] PluginManage:359 - Loaded plugin updater (category:base,tabindex:12)
2024-08-27 06:44:42,227 [INFO] PluginManage:310 - Check plugin userauth
2024-08-27 06:44:42,227 [INFO] UserAuth:114 - Init User Auth plugin
2024-08-27 06:44:42,227 [INFO] PluginManage:359 - Loaded plugin userauth (category:base,tabindex:14)
2024-08-27 06:44:42,227 [INFO] PluginManage:283 - PluginManage : Loaded plugins [17]
2024-08-27 06:44:42,642 [INFO] PinOutPanel:1499 - setPackage(No Configuration,No Configuration)
2024-08-27 06:44:42,784 [INFO] CADModel:165 - CPN selected for project level
2024-08-27 06:44:42,784 [INFO] CADModel:114 - Register for checkConnection events
2024-08-27 06:44:42,839 [INFO] IPUIPlugin:80 - create IPUIPlugin
2024-08-27 06:44:42,839 [INFO] PluginManager:220 - loadIPPluginJar : add adc
2024-08-27 06:44:42,910 [INFO] IPUIPlugin:80 - create IPUIPlugin
2024-08-27 06:44:42,910 [INFO] PluginManager:220 - loadIPPluginJar : add aes
2024-08-27 06:44:42,998 [INFO] IPUIPlugin:80 - create IPUIPlugin
2024-08-27 06:44:42,998 [INFO] PluginManager:220 - loadIPPluginJar : add can
2024-08-27 06:44:43,038 [INFO] IPUIPlugin:80 - create IPUIPlugin
2024-08-27 06:44:43,038 [INFO] PluginManager:220 - loadIPPluginJar : add comp
2024-08-27 06:44:43,085 [INFO] IPUIPlugin:80 - create IPUIPlugin
2024-08-27 06:44:43,085 [INFO] PluginManager:220 - loadIPPluginJar : add cryp
2024-08-27 06:44:43,153 [INFO] IPUIPlugin:80 - create IPUIPlugin
2024-08-27 06:44:43,153 [INFO] PluginManager:220 - loadIPPluginJar : add dfsdm
2024-08-27 06:44:43,179 [INFO] IPUIPlugin:80 - create IPUIPlugin
2024-08-27 06:44:43,180 [INFO] PluginManager:220 - loadIPPluginJar : add dma
2024-08-27 06:44:43,247 [INFO] IPUIPlugin:80 - create IPUIPlugin
2024-08-27 06:44:43,248 [INFO] PluginManager:220 - loadIPPluginJar : add dma3
2024-08-27 06:44:43,281 [INFO] IPUIPlugin:80 - create IPUIPlugin
2024-08-27 06:44:43,281 [INFO] PluginManager:220 - loadIPPluginJar : add fatfs
2024-08-27 06:44:43,347 [INFO] IPUIPlugin:80 - create IPUIPlugin
2024-08-27 06:44:43,348 [INFO] PluginManager:220 - loadIPPluginJar : add fmc
2024-08-27 06:44:43,370 [INFO] IPUIPlugin:80 - create IPUIPlugin
2024-08-27 06:44:43,370 [INFO] PluginManager:220 - loadIPPluginJar : add freertos
2024-08-27 06:44:43,402 [INFO] IPUIPlugin:80 - create IPUIPlugin
2024-08-27 06:44:43,402 [INFO] PluginManager:220 - loadIPPluginJar : add genericplugin
2024-08-27 06:44:43,546 [INFO] IPUIPlugin:80 - create IPUIPlugin
2024-08-27 06:44:43,546 [INFO] PluginManager:220 - loadIPPluginJar : add gfxmmu
2024-08-27 06:44:43,759 [INFO] IPUIPlugin:80 - create IPUIPlugin
2024-08-27 06:44:43,759 [INFO] PluginManager:220 - loadIPPluginJar : add gic
2024-08-27 06:44:43,782 [INFO] IPUIPlugin:80 - create IPUIPlugin
2024-08-27 06:44:43,782 [INFO] PluginManager:220 - loadIPPluginJar : add gpio
2024-08-27 06:44:44,034 [INFO] IPUIPlugin:80 - create IPUIPlugin
2024-08-27 06:44:44,034 [INFO] PluginManager:220 - loadIPPluginJar : add gtzc
2024-08-27 06:44:44,096 [INFO] IPUIPlugin:80 - create IPUIPlugin
2024-08-27 06:44:44,097 [INFO] PluginManager:220 - loadIPPluginJar : add hash
2024-08-27 06:44:44,241 [INFO] IPUIPlugin:80 - create IPUIPlugin
2024-08-27 06:44:44,241 [INFO] PluginManager:220 - loadIPPluginJar : add i2c
2024-08-27 06:44:44,342 [INFO] IPUIPlugin:80 - create IPUIPlugin
2024-08-27 06:44:44,342 [INFO] PluginManager:220 - loadIPPluginJar : add i2s
2024-08-27 06:44:44,445 [INFO] IPUIPlugin:80 - create IPUIPlugin
2024-08-27 06:44:44,445 [INFO] PluginManager:220 - loadIPPluginJar : add i3c
2024-08-27 06:44:44,689 [INFO] IPUIPlugin:80 - create IPUIPlugin
2024-08-27 06:44:44,689 [INFO] PluginManager:220 - loadIPPluginJar : add ipddr
2024-08-27 06:44:44,795 [INFO] ThirdPartyUpdaterWithRetryManager:70 - Updater plugin not ready yet. [2/15]
2024-08-27 06:44:44,917 [INFO] IPUIPlugin:80 - create IPUIPlugin
2024-08-27 06:44:44,917 [INFO] PluginManager:220 - loadIPPluginJar : add linkedlist
2024-08-27 06:44:44,996 [INFO] IPUIPlugin:80 - create IPUIPlugin
2024-08-27 06:44:44,996 [INFO] PluginManager:220 - loadIPPluginJar : add lorawan
2024-08-27 06:44:45,083 [INFO] IPUIPlugin:80 - create IPUIPlugin
2024-08-27 06:44:45,083 [INFO] PluginManager:220 - loadIPPluginJar : add ltdc
2024-08-27 06:44:45,105 [INFO] IPUIPlugin:80 - create IPUIPlugin
2024-08-27 06:44:45,105 [INFO] PluginManager:220 - loadIPPluginJar : add mdma
2024-08-27 06:44:45,117 [INFO] IPUIPlugin:80 - create IPUIPlugin
2024-08-27 06:44:45,117 [INFO] PluginManager:220 - loadIPPluginJar : add nvic
2024-08-27 06:44:45,175 [INFO] IPUIPlugin:80 - create IPUIPlugin
2024-08-27 06:44:45,175 [INFO] PluginManager:220 - loadIPPluginJar : add opamp
2024-08-27 06:44:45,287 [INFO] IPUIPlugin:80 - create IPUIPlugin
2024-08-27 06:44:45,287 [INFO] PluginManager:220 - loadIPPluginJar : add openamp
2024-08-27 06:44:45,387 [INFO] IPUIPlugin:80 - create IPUIPlugin
2024-08-27 06:44:45,387 [INFO] PluginManager:220 - loadIPPluginJar : add pdm2pcm
2024-08-27 06:44:45,402 [INFO] IPUIPlugin:80 - create IPUIPlugin
2024-08-27 06:44:45,405 [INFO] PluginManager:220 - loadIPPluginJar : add plateformsettings
2024-08-27 06:44:45,446 [INFO] IPUIPlugin:80 - create IPUIPlugin
2024-08-27 06:44:45,446 [INFO] PluginManager:220 - loadIPPluginJar : add quadspi
2024-08-27 06:44:45,460 [INFO] IPUIPlugin:80 - create IPUIPlugin
2024-08-27 06:44:45,460 [INFO] PluginManager:220 - loadIPPluginJar : add resmgrutility
2024-08-27 06:44:45,565 [INFO] IPUIPlugin:80 - create IPUIPlugin
2024-08-27 06:44:45,565 [INFO] PluginManager:220 - loadIPPluginJar : add sai
2024-08-27 06:44:45,650 [INFO] IPUIPlugin:80 - create IPUIPlugin
2024-08-27 06:44:45,650 [INFO] PluginManager:220 - loadIPPluginJar : add spi
2024-08-27 06:44:45,824 [INFO] IPUIPlugin:80 - create IPUIPlugin
2024-08-27 06:44:45,824 [INFO] PluginManager:220 - loadIPPluginJar : add stm32_wpan
2024-08-27 06:44:45,886 [INFO] IPUIPlugin:80 - create IPUIPlugin
2024-08-27 06:44:45,886 [INFO] PluginManager:220 - loadIPPluginJar : add tim
2024-08-27 06:44:46,020 [INFO] IPUIPlugin:80 - create IPUIPlugin
2024-08-27 06:44:46,020 [INFO] PluginManager:220 - loadIPPluginJar : add touchsensing
2024-08-27 06:44:46,068 [INFO] IPUIPlugin:80 - create IPUIPlugin
2024-08-27 06:44:46,069 [INFO] PluginManager:220 - loadIPPluginJar : add tracer_emb
2024-08-27 06:44:46,099 [INFO] IPUIPlugin:80 - create IPUIPlugin
2024-08-27 06:44:46,099 [INFO] PluginManager:220 - loadIPPluginJar : add ts
2024-08-27 06:44:46,152 [INFO] IPUIPlugin:80 - create IPUIPlugin
2024-08-27 06:44:46,152 [INFO] PluginManager:220 - loadIPPluginJar : add tsc
2024-08-27 06:44:46,189 [INFO] IPUIPlugin:80 - create IPUIPlugin
2024-08-27 06:44:46,189 [INFO] PluginManager:220 - loadIPPluginJar : add ucpd
2024-08-27 06:44:46,294 [INFO] IPUIPlugin:80 - create IPUIPlugin
2024-08-27 06:44:46,294 [INFO] PluginManager:220 - loadIPPluginJar : add usart
2024-08-27 06:44:46,404 [INFO] IPUIPlugin:80 - create IPUIPlugin
2024-08-27 06:44:46,404 [INFO] PluginManager:220 - loadIPPluginJar : add usbx
2024-08-27 06:44:46,534 [INFO] CADModel:165 - CPN selected for project level
2024-08-27 06:44:46,535 [INFO] CADModel:114 - Register for checkConnection events
2024-08-27 06:44:46,535 [FATAL] Updater:308 - Updater called before beeing initialized
2024-08-27 06:44:46,535 [ERROR] CADModel:125 - Updater not yet initialized, retry later 
2024-08-27 06:44:46,693 [INFO] CADModel:165 - CPN selected for project level
2024-08-27 06:44:46,693 [INFO] CADModel:114 - Register for checkConnection events
2024-08-27 06:44:46,693 [FATAL] Updater:308 - Updater called before beeing initialized
2024-08-27 06:44:46,693 [ERROR] CADModel:125 - Updater not yet initialized, retry later 
2024-08-27 06:44:46,698 [FATAL] Updater:308 - Updater called before beeing initialized
2024-08-27 06:44:46,842 [FATAL] Updater:308 - Updater called before beeing initialized
2024-08-27 06:44:46,855 [INFO] DbMcusAds:53 - JSON generation date=Thu May 16 14:52:00 IST 2024 (1715851320852)
2024-08-27 06:44:46,855 [FATAL] Updater:308 - Updater called before beeing initialized
2024-08-27 06:44:46,949 [WARN] DetailPanel:346 - Failed to get advertising image, set to default
2024-08-27 06:44:47,091 [FATAL] Updater:308 - Updater called before beeing initialized
2024-08-27 06:44:47,094 [FATAL] Updater:308 - Updater called before beeing initialized
2024-08-27 06:44:47,094 [FATAL] Updater:308 - Updater called before beeing initialized
2024-08-27 06:44:47,094 [WARN] DetailPanel:346 - Failed to get advertising image, set to default
2024-08-27 06:44:47,095 [FATAL] Updater:308 - Updater called before beeing initialized
2024-08-27 06:44:47,174 [ERROR] Updater:1120 - MainUpdater not yet initialized. External WinMGr cannot be set.
2024-08-27 06:44:47,184 [INFO] Updater:1056 - Updater Version found : 6.10.0
2024-08-27 06:44:47,200 [INFO] ApplicationProperties:184 - Using Application install path: C:\ST\STM32CubeIDE_1.14.1\STM32CubeIDE\plugins\com.st.stm32cube.common.mx_6.10.0.202311202037
2024-08-27 06:44:47,796 [INFO] ThirdPartyUpdaterWithRetryManager:70 - Updater plugin not ready yet. [3/15]
2024-08-27 06:44:48,787 [ERROR] LogOutputStream:75 - [STDERR_REDIRECT] Aug 27, 2024 6:44:48 AM java.util.prefs.WindowsPreferences <init>
2024-08-27 06:44:48,799 [ERROR] LogOutputStream:75 - [STDERR_REDIRECT] WARNING: Could not open/create prefs root node Software\JavaSoft\Prefs at root 0xffffffff80000002. Windows RegCreateKeyEx(...) returned error code 5.
2024-08-27 06:44:48,799 [ERROR] LogOutputStream:75 - [STDERR_REDIRECT] 
2024-08-27 06:44:50,809 [FATAL] Updater:308 - Updater called before beeing initialized
2024-08-27 06:44:50,809 [ERROR] IntegrityCheckThread:130 - Cannot retrieve database content from updater: error 21
2024-08-27 06:44:50,809 [INFO] ThirdParty:978 - Integrity check success = false
2024-08-27 06:44:50,809 [INFO] IntegrityCheckThread:100 - exiting critical section [integrity check]
2024-08-27 06:44:50,809 [INFO] IntegrityCheckThread:103 - End integrity checks thread
2024-08-27 06:44:50,904 [INFO] MainUpdater:2873 - connection check result : 10
2024-08-27 06:44:50,906 [INFO] MainUpdater:3567 - Updater definition file requires update
2024-08-27 06:44:50,906 [INFO] MainUpdater:290 - Updater Check For Update Now.
2024-08-27 06:44:50,906 [INFO] MicroXplorer:498 - Change Database Version : DB.6.0.100
2024-08-27 06:44:50,920 [INFO] McuFinderGlobals:63 - Set McuFinder mode to 2 (CubeIDE integrated)
2024-08-27 06:44:50,920 [INFO] UserAuth:180 - activating auth plugin
2024-08-27 06:44:50,937 [INFO] UserAuth:404 - Internet connection configuration mode: 1
2024-08-27 06:44:50,975 [INFO] JxBrowserEngine:152 - Initiate JxBrowser Engine with user profile folder
2024-08-27 06:44:51,395 [INFO] ServerAccessManage:473 - Download File updaters.zip
2024-08-27 06:44:53,022 [INFO] FileExtend:240 - Unzip File : updaters.zip
2024-08-27 06:44:53,022 [INFO] FileExtend:255 - Standard Zip Deflate
2024-08-27 06:44:54,241 [INFO] ServerAccessManage:473 - Download File PacksControlFlags.xml
2024-08-27 06:44:54,508 [INFO] ServerAccessManage:473 - Download File cubemx.pidx
2024-08-27 06:44:56,013 [INFO] WebApp:161 - Instantiating new browser for Auth
2024-08-27 06:44:57,712 [INFO] WebApp:780 - Register for checkConnection events
2024-08-27 06:44:57,712 [INFO] WebApp:414 - Apply proxy settings
2024-08-27 06:44:57,712 [INFO] WebApp:499 - Chromium requires no authentication
2024-08-27 06:44:57,728 [INFO] WebApp:442 - Direct internet connection detected
2024-08-27 06:44:58,132 [INFO] WebApp:192 - Starting web application
2024-08-27 06:44:58,132 [INFO] WebApp:544 - Web application path used C:\ST\STM32CubeIDE_1.14.1\STM32CubeIDE\plugins\com.st.stm32cube.common.mx_6.10.0.202311202037\db\plugins\mcufinder\reactClient1\index.html
2024-08-27 06:44:58,150 [INFO] ServerAccessManage:473 - Download File STMicroelectronics.X-CUBE-MEMS1.pdsc
2024-08-27 06:48:26,876 [INFO] Activator:176 - 


2024-08-27 06:48:26,879 [INFO] Activator:177 - !SESSION log4j initialized
2024-08-27 06:48:35,066 [INFO] LogOutputStream:77 - [STDOUT_REDIRECT] 
2024-08-27 06:48:39,948 [INFO] ApplicationProperties:184 - Using Application install path: C:\ST\STM32CubeIDE_1.14.1\STM32CubeIDE\plugins\com.st.stm32cube.common.mx_6.10.0.202311202037
2024-08-27 06:48:39,972 [INFO] DbMcusXml:78 - Set database path to: C:\ST\STM32CubeIDE_1.14.1\STM32CubeIDE\plugins\com.st.stm32cube.common.mx_6.10.0.202311202037\\db\/mcu/
2024-08-27 06:48:39,973 [INFO] ApiDb:274 - Set plugin database path to: C:\ST\STM32CubeIDE_1.14.1\STM32CubeIDE\plugins\com.st.stm32cube.common.mx_6.10.0.202311202037\\db\/plugins/boardmanager/
2024-08-27 06:48:39,973 [WARN] ApiDb:259 - Overriding images path with different value:  => C:\ST\STM32CubeIDE_1.14.1\STM32CubeIDE\plugins\com.st.stm32cube.common.mx_6.10.0.202311202037\\db\/plugins/mcufinder/images/
2024-08-27 06:48:39,982 [INFO] ApiDb:250 - Set database path to: C:\Users\revat\.stmcufinder\plugins\mcufinder//mcu/
2024-08-27 06:48:39,984 [INFO] DbMcusAds:125 - Set database path to: C:\Users\revat\.stmcufinder\plugins\mcufinder//mcu/
2024-08-27 06:48:39,987 [INFO] CrossReferenceDbSqlite:203 - Set database path to: C:\Users\revat\.stmcufinder\plugins\mcufinder//mcu/cs/
2024-08-27 06:48:40,175 [INFO] RulesReader:64 - Compatibility file has been processed (297 Rules)
2024-08-27 06:48:40,353 [INFO] DbMcusXml:78 - Set database path to: C:\ST\STM32CubeIDE_1.14.1\STM32CubeIDE\plugins\com.st.stm32cube.common.mx_6.10.0.202311202037\\db\/mcu/
2024-08-27 06:48:40,353 [INFO] ApiDb:274 - Set plugin database path to: C:\ST\STM32CubeIDE_1.14.1\STM32CubeIDE\plugins\com.st.stm32cube.common.mx_6.10.0.202311202037\\db\/plugins/boardmanager/
2024-08-27 06:48:40,353 [INFO] ApiDb:261 - Set plugin images path to: C:\ST\STM32CubeIDE_1.14.1\STM32CubeIDE\plugins\com.st.stm32cube.common.mx_6.10.0.202311202037\\db\/plugins/mcufinder/images/
2024-08-27 06:48:40,354 [WARN] DbFile:41 - Overriding database path with different value: C:\Users\revat\.stmcufinder\plugins\mcufinder/ => C:\Users\revat\.stmcufinder\plugins\mcufinder
2024-08-27 06:48:40,354 [INFO] ApiDb:250 - Set database path to: C:\Users\revat\.stmcufinder\plugins\mcufinder//mcu/
2024-08-27 06:48:40,354 [WARN] DbFile:41 - Overriding database path with different value: C:\Users\revat\.stmcufinder\plugins\mcufinder/ => C:\Users\revat\.stmcufinder\plugins\mcufinder
2024-08-27 06:48:40,354 [INFO] DbMcusAds:125 - Set database path to: C:\Users\revat\.stmcufinder\plugins\mcufinder//mcu/
2024-08-27 06:48:40,354 [WARN] DbFile:41 - Overriding database path with different value: C:\Users\revat\.stmcufinder\plugins\mcufinder/ => C:\Users\revat\.stmcufinder\plugins\mcufinder
2024-08-27 06:48:40,354 [WARN] DbFile:41 - Overriding database path with different value: C:\Users\revat\.stmcufinder\plugins\mcufinder/ => C:\Users\revat\.stmcufinder\plugins\mcufinder
2024-08-27 06:48:40,354 [INFO] CrossReferenceDbSqlite:203 - Set database path to: C:\Users\revat\.stmcufinder\plugins\mcufinder//mcu/cs/
2024-08-27 06:48:40,496 [INFO] MainPanel:264 - HeapMemory: 268435456
2024-08-27 06:48:40,647 [INFO] DbMcusXml:78 - Set database path to: C:\ST\STM32CubeIDE_1.14.1\STM32CubeIDE\plugins\com.st.stm32cube.common.mx_6.10.0.202311202037\\db\/mcu/
2024-08-27 06:48:40,647 [INFO] ApiDb:274 - Set plugin database path to: C:\ST\STM32CubeIDE_1.14.1\STM32CubeIDE\plugins\com.st.stm32cube.common.mx_6.10.0.202311202037\\db\/plugins/boardmanager/
2024-08-27 06:48:40,647 [INFO] ApiDb:261 - Set plugin images path to: C:\ST\STM32CubeIDE_1.14.1\STM32CubeIDE\plugins\com.st.stm32cube.common.mx_6.10.0.202311202037\\db\/plugins/mcufinder/images/
2024-08-27 06:48:40,648 [WARN] DbFile:41 - Overriding database path with different value: C:\Users\revat\.stmcufinder\plugins\mcufinder/ => C:\Users\revat\.stmcufinder\plugins\mcufinder
2024-08-27 06:48:40,648 [INFO] ApiDb:250 - Set database path to: C:\Users\revat\.stmcufinder\plugins\mcufinder//mcu/
2024-08-27 06:48:40,648 [WARN] DbFile:41 - Overriding database path with different value: C:\Users\revat\.stmcufinder\plugins\mcufinder/ => C:\Users\revat\.stmcufinder\plugins\mcufinder
2024-08-27 06:48:40,648 [INFO] DbMcusAds:125 - Set database path to: C:\Users\revat\.stmcufinder\plugins\mcufinder//mcu/
2024-08-27 06:48:40,648 [WARN] DbFile:41 - Overriding database path with different value: C:\Users\revat\.stmcufinder\plugins\mcufinder/ => C:\Users\revat\.stmcufinder\plugins\mcufinder
2024-08-27 06:48:40,649 [WARN] DbFile:41 - Overriding database path with different value: C:\Users\revat\.stmcufinder\plugins\mcufinder/ => C:\Users\revat\.stmcufinder\plugins\mcufinder
2024-08-27 06:48:40,649 [INFO] CrossReferenceDbSqlite:203 - Set database path to: C:\Users\revat\.stmcufinder\plugins\mcufinder//mcu/cs/
2024-08-27 06:48:40,677 [INFO] ApplicationProperties:184 - Using Application install path: C:\ST\STM32CubeIDE_1.14.1\STM32CubeIDE\plugins\com.st.stm32cube.common.mx_6.10.0.202311202037
2024-08-27 06:48:40,680 [INFO] PluginManage:196 - Search for loadable plugins [exclusion list=, ]
2024-08-27 06:48:40,682 [INFO] PluginManage:310 - Check plugin analytics
2024-08-27 06:48:41,064 [INFO] AnalyticsPlugin:253 - Accepted Software Licenses: 
2024-08-27 06:48:41,065 [INFO] AnalyticsPlugin:255 - Accepted CMSIS Pack Licenses: 
2024-08-27 06:48:41,066 [INFO] AnalyticsPlugin:257 - Accepted Firmware Licenses: FW.F4.1.28.0
2024-08-27 06:48:41,079 [INFO] PluginManage:359 - Loaded plugin analytics (category:tool,tabindex:-1)
2024-08-27 06:48:41,081 [INFO] PluginManage:310 - Check plugin cadmodel
2024-08-27 06:48:41,087 [ERROR] ConfigurationRetriever:142 - IOException on connection: Read timed out
2024-08-27 06:48:41,093 [INFO] CADModel:105 - Init CAD model plugin
2024-08-27 06:48:41,094 [INFO] PluginManage:359 - Loaded plugin cadmodel (category:power,tabindex:5)
2024-08-27 06:48:41,095 [INFO] PluginManage:310 - Check plugin clock
2024-08-27 06:48:41,119 [INFO] PluginManage:359 - Loaded plugin clock (category:base,tabindex:2)
2024-08-27 06:48:41,119 [INFO] PluginManage:310 - Check plugin ddr
2024-08-27 06:48:41,122 [INFO] PluginManage:359 - Loaded plugin ddr (category:tool,tabindex:6)
2024-08-27 06:48:41,122 [INFO] PluginManage:310 - Check plugin filemanager
2024-08-27 06:48:41,399 [INFO] PluginManage:359 - Loaded plugin filemanager (category:base,tabindex:10)
2024-08-27 06:48:41,399 [INFO] PluginManage:310 - Check plugin ipmanager
2024-08-27 06:48:41,412 [INFO] PluginManage:359 - Loaded plugin ipmanager (category:base,tabindex:5)
2024-08-27 06:48:41,413 [INFO] PluginManage:310 - Check plugin lpbam
2024-08-27 06:48:41,434 [INFO] PluginManage:359 - Loaded plugin lpbam (category:base,tabindex:0)
2024-08-27 06:48:41,435 [INFO] PluginManage:310 - Check plugin memorymap
2024-08-27 06:48:41,461 [INFO] PluginManage:359 - Loaded plugin memorymap (category:base,tabindex:4)
2024-08-27 06:48:41,461 [INFO] PluginManage:310 - Check plugin pinoutandconfiguration
2024-08-27 06:48:41,474 [INFO] PluginManage:359 - Loaded plugin pinoutandconfiguration (category:base,tabindex:1)
2024-08-27 06:48:41,475 [INFO] PluginManage:310 - Check plugin pinoutconfig
2024-08-27 06:48:41,736 [WARN] SupportedApi:132 - Cannot load RTOS API schema: s4s-elt-must-match.1: The content of 'definitions' must match (annotation?, (simpleType | complexType)?, (unique | key | keyref)*)). A problem was found starting at: attribute.
2024-08-27 06:48:42,049 [INFO] PluginManage:359 - Loaded plugin pinoutconfig (category:base,tabindex:0)
2024-08-27 06:48:42,051 [INFO] PluginManage:310 - Check plugin power
2024-08-27 06:48:42,075 [INFO] PluginManage:359 - Loaded plugin power (category:power,tabindex:4)
2024-08-27 06:48:42,076 [INFO] PluginManage:310 - Check plugin projectmanager
2024-08-27 06:48:42,107 [INFO] PluginManage:359 - Loaded plugin projectmanager (category:projectmanager,tabindex:3)
2024-08-27 06:48:42,108 [INFO] PluginManage:310 - Check plugin thirdparty
2024-08-27 06:48:42,315 [INFO] PluginManage:359 - Loaded plugin thirdparty (category:base,tabindex:-1)
2024-08-27 06:48:42,315 [INFO] PluginManage:310 - Check plugin tools
2024-08-27 06:48:42,314 [WARN] IntegrityCheckThread:84 - waiting for thirdparty lock release [integrity check]
2024-08-27 06:48:42,316 [INFO] IntegrityCheckThread:86 - entering critical section [integrity check]
2024-08-27 06:48:42,317 [INFO] ThirdPartyUpdaterWithRetryManager:70 - Updater plugin not ready yet. [1/15]
2024-08-27 06:48:42,318 [INFO] PluginManage:359 - Loaded plugin tools (category:base,tabindex:7)
2024-08-27 06:48:42,318 [INFO] PluginManage:310 - Check plugin tutovideos
2024-08-27 06:48:42,641 [INFO] PluginManage:359 - Loaded plugin tutovideos (category:base,tabindex:-1)
2024-08-27 06:48:42,642 [INFO] PluginManage:310 - Check plugin updater
2024-08-27 06:48:42,675 [INFO] PluginManage:359 - Loaded plugin updater (category:base,tabindex:12)
2024-08-27 06:48:42,676 [INFO] PluginManage:310 - Check plugin userauth
2024-08-27 06:48:42,693 [INFO] UserAuth:114 - Init User Auth plugin
2024-08-27 06:48:42,693 [INFO] PluginManage:359 - Loaded plugin userauth (category:base,tabindex:14)
2024-08-27 06:48:42,696 [INFO] PluginManage:283 - PluginManage : Loaded plugins [17]
2024-08-27 06:48:43,092 [ERROR] ConfigurationRetriever:142 - IOException on connection: Connect timed out
2024-08-27 06:48:43,106 [INFO] PinOutPanel:1499 - setPackage(No Configuration,No Configuration)
2024-08-27 06:48:43,232 [INFO] CADModel:165 - CPN selected for project level
2024-08-27 06:48:43,232 [INFO] CADModel:114 - Register for checkConnection events
2024-08-27 06:48:43,254 [INFO] IPUIPlugin:80 - create IPUIPlugin
2024-08-27 06:48:43,255 [INFO] PluginManager:220 - loadIPPluginJar : add adc
2024-08-27 06:48:43,257 [INFO] IPUIPlugin:80 - create IPUIPlugin
2024-08-27 06:48:43,257 [INFO] PluginManager:220 - loadIPPluginJar : add aes
2024-08-27 06:48:43,260 [INFO] IPUIPlugin:80 - create IPUIPlugin
2024-08-27 06:48:43,260 [INFO] PluginManager:220 - loadIPPluginJar : add can
2024-08-27 06:48:43,262 [INFO] IPUIPlugin:80 - create IPUIPlugin
2024-08-27 06:48:43,263 [INFO] PluginManager:220 - loadIPPluginJar : add comp
2024-08-27 06:48:43,266 [INFO] IPUIPlugin:80 - create IPUIPlugin
2024-08-27 06:48:43,266 [INFO] PluginManager:220 - loadIPPluginJar : add cryp
2024-08-27 06:48:43,269 [INFO] IPUIPlugin:80 - create IPUIPlugin
2024-08-27 06:48:43,269 [INFO] PluginManager:220 - loadIPPluginJar : add dfsdm
2024-08-27 06:48:43,276 [INFO] IPUIPlugin:80 - create IPUIPlugin
2024-08-27 06:48:43,276 [INFO] PluginManager:220 - loadIPPluginJar : add dma
2024-08-27 06:48:43,280 [INFO] IPUIPlugin:80 - create IPUIPlugin
2024-08-27 06:48:43,281 [INFO] PluginManager:220 - loadIPPluginJar : add dma3
2024-08-27 06:48:43,282 [INFO] IPUIPlugin:80 - create IPUIPlugin
2024-08-27 06:48:43,283 [INFO] PluginManager:220 - loadIPPluginJar : add fatfs
2024-08-27 06:48:43,288 [INFO] IPUIPlugin:80 - create IPUIPlugin
2024-08-27 06:48:43,288 [INFO] PluginManager:220 - loadIPPluginJar : add fmc
2024-08-27 06:48:43,295 [INFO] IPUIPlugin:80 - create IPUIPlugin
2024-08-27 06:48:43,295 [INFO] PluginManager:220 - loadIPPluginJar : add freertos
2024-08-27 06:48:43,298 [INFO] IPUIPlugin:80 - create IPUIPlugin
2024-08-27 06:48:43,298 [INFO] PluginManager:220 - loadIPPluginJar : add genericplugin
2024-08-27 06:48:43,301 [INFO] IPUIPlugin:80 - create IPUIPlugin
2024-08-27 06:48:43,301 [INFO] PluginManager:220 - loadIPPluginJar : add gfxmmu
2024-08-27 06:48:43,306 [INFO] IPUIPlugin:80 - create IPUIPlugin
2024-08-27 06:48:43,306 [INFO] PluginManager:220 - loadIPPluginJar : add gic
2024-08-27 06:48:43,310 [INFO] IPUIPlugin:80 - create IPUIPlugin
2024-08-27 06:48:43,311 [INFO] PluginManager:220 - loadIPPluginJar : add gpio
2024-08-27 06:48:43,315 [INFO] IPUIPlugin:80 - create IPUIPlugin
2024-08-27 06:48:43,315 [INFO] PluginManager:220 - loadIPPluginJar : add gtzc
2024-08-27 06:48:43,318 [INFO] IPUIPlugin:80 - create IPUIPlugin
2024-08-27 06:48:43,318 [INFO] PluginManager:220 - loadIPPluginJar : add hash
2024-08-27 06:48:43,321 [INFO] IPUIPlugin:80 - create IPUIPlugin
2024-08-27 06:48:43,321 [INFO] PluginManager:220 - loadIPPluginJar : add i2c
2024-08-27 06:48:43,324 [INFO] IPUIPlugin:80 - create IPUIPlugin
2024-08-27 06:48:43,324 [INFO] PluginManager:220 - loadIPPluginJar : add i2s
2024-08-27 06:48:43,327 [INFO] IPUIPlugin:80 - create IPUIPlugin
2024-08-27 06:48:43,328 [INFO] PluginManager:220 - loadIPPluginJar : add i3c
2024-08-27 06:48:43,333 [INFO] IPUIPlugin:80 - create IPUIPlugin
2024-08-27 06:48:43,334 [INFO] PluginManager:220 - loadIPPluginJar : add ipddr
2024-08-27 06:48:43,342 [INFO] IPUIPlugin:80 - create IPUIPlugin
2024-08-27 06:48:43,342 [INFO] PluginManager:220 - loadIPPluginJar : add linkedlist
2024-08-27 06:48:43,347 [INFO] IPUIPlugin:80 - create IPUIPlugin
2024-08-27 06:48:43,347 [INFO] PluginManager:220 - loadIPPluginJar : add lorawan
2024-08-27 06:48:43,348 [INFO] IPUIPlugin:80 - create IPUIPlugin
2024-08-27 06:48:43,349 [INFO] PluginManager:220 - loadIPPluginJar : add ltdc
2024-08-27 06:48:43,356 [INFO] IPUIPlugin:80 - create IPUIPlugin
2024-08-27 06:48:43,356 [INFO] PluginManager:220 - loadIPPluginJar : add mdma
2024-08-27 06:48:43,363 [INFO] IPUIPlugin:80 - create IPUIPlugin
2024-08-27 06:48:43,363 [INFO] PluginManager:220 - loadIPPluginJar : add nvic
2024-08-27 06:48:43,368 [INFO] IPUIPlugin:80 - create IPUIPlugin
2024-08-27 06:48:43,369 [INFO] PluginManager:220 - loadIPPluginJar : add opamp
2024-08-27 06:48:43,372 [INFO] IPUIPlugin:80 - create IPUIPlugin
2024-08-27 06:48:43,372 [INFO] PluginManager:220 - loadIPPluginJar : add openamp
2024-08-27 06:48:43,375 [INFO] IPUIPlugin:80 - create IPUIPlugin
2024-08-27 06:48:43,376 [INFO] PluginManager:220 - loadIPPluginJar : add pdm2pcm
2024-08-27 06:48:43,384 [INFO] IPUIPlugin:80 - create IPUIPlugin
2024-08-27 06:48:43,386 [INFO] PluginManager:220 - loadIPPluginJar : add plateformsettings
2024-08-27 06:48:43,388 [INFO] IPUIPlugin:80 - create IPUIPlugin
2024-08-27 06:48:43,388 [INFO] PluginManager:220 - loadIPPluginJar : add quadspi
2024-08-27 06:48:43,392 [INFO] IPUIPlugin:80 - create IPUIPlugin
2024-08-27 06:48:43,392 [INFO] PluginManager:220 - loadIPPluginJar : add resmgrutility
2024-08-27 06:48:43,396 [INFO] IPUIPlugin:80 - create IPUIPlugin
2024-08-27 06:48:43,396 [INFO] PluginManager:220 - loadIPPluginJar : add sai
2024-08-27 06:48:43,400 [INFO] IPUIPlugin:80 - create IPUIPlugin
2024-08-27 06:48:43,400 [INFO] PluginManager:220 - loadIPPluginJar : add spi
2024-08-27 06:48:43,408 [INFO] IPUIPlugin:80 - create IPUIPlugin
2024-08-27 06:48:43,409 [INFO] PluginManager:220 - loadIPPluginJar : add stm32_wpan
2024-08-27 06:48:43,411 [INFO] IPUIPlugin:80 - create IPUIPlugin
2024-08-27 06:48:43,412 [INFO] PluginManager:220 - loadIPPluginJar : add tim
2024-08-27 06:48:43,416 [INFO] IPUIPlugin:80 - create IPUIPlugin
2024-08-27 06:48:43,416 [INFO] PluginManager:220 - loadIPPluginJar : add touchsensing
2024-08-27 06:48:43,418 [INFO] IPUIPlugin:80 - create IPUIPlugin
2024-08-27 06:48:43,418 [INFO] PluginManager:220 - loadIPPluginJar : add tracer_emb
2024-08-27 06:48:43,420 [INFO] IPUIPlugin:80 - create IPUIPlugin
2024-08-27 06:48:43,420 [INFO] PluginManager:220 - loadIPPluginJar : add ts
2024-08-27 06:48:43,422 [INFO] IPUIPlugin:80 - create IPUIPlugin
2024-08-27 06:48:43,423 [INFO] PluginManager:220 - loadIPPluginJar : add tsc
2024-08-27 06:48:43,425 [INFO] IPUIPlugin:80 - create IPUIPlugin
2024-08-27 06:48:43,425 [INFO] PluginManager:220 - loadIPPluginJar : add ucpd
2024-08-27 06:48:43,428 [INFO] IPUIPlugin:80 - create IPUIPlugin
2024-08-27 06:48:43,428 [INFO] PluginManager:220 - loadIPPluginJar : add usart
2024-08-27 06:48:43,432 [INFO] IPUIPlugin:80 - create IPUIPlugin
2024-08-27 06:48:43,432 [INFO] PluginManager:220 - loadIPPluginJar : add usbx
2024-08-27 06:48:43,575 [INFO] CADModel:165 - CPN selected for project level
2024-08-27 06:48:43,576 [INFO] CADModel:114 - Register for checkConnection events
2024-08-27 06:48:43,576 [FATAL] Updater:308 - Updater called before beeing initialized
2024-08-27 06:48:43,576 [ERROR] CADModel:125 - Updater not yet initialized, retry later 
2024-08-27 06:48:43,791 [INFO] CADModel:165 - CPN selected for project level
2024-08-27 06:48:43,792 [INFO] CADModel:114 - Register for checkConnection events
2024-08-27 06:48:43,792 [FATAL] Updater:308 - Updater called before beeing initialized
2024-08-27 06:48:43,792 [ERROR] CADModel:125 - Updater not yet initialized, retry later 
2024-08-27 06:48:43,797 [FATAL] Updater:308 - Updater called before beeing initialized
2024-08-27 06:48:44,050 [FATAL] Updater:308 - Updater called before beeing initialized
2024-08-27 06:48:44,056 [INFO] DbMcusAds:53 - JSON generation date=Thu May 16 14:52:00 IST 2024 (1715851320852)
2024-08-27 06:48:44,056 [FATAL] Updater:308 - Updater called before beeing initialized
2024-08-27 06:48:44,102 [WARN] DetailPanel:346 - Failed to get advertising image, set to default
2024-08-27 06:48:44,413 [FATAL] Updater:308 - Updater called before beeing initialized
2024-08-27 06:48:44,415 [FATAL] Updater:308 - Updater called before beeing initialized
2024-08-27 06:48:44,416 [FATAL] Updater:308 - Updater called before beeing initialized
2024-08-27 06:48:44,416 [WARN] DetailPanel:346 - Failed to get advertising image, set to default
2024-08-27 06:48:44,417 [FATAL] Updater:308 - Updater called before beeing initialized
2024-08-27 06:48:44,538 [ERROR] Updater:1120 - MainUpdater not yet initialized. External WinMGr cannot be set.
2024-08-27 06:48:44,541 [INFO] Updater:1056 - Updater Version found : 6.10.0
2024-08-27 06:48:44,589 [INFO] ApplicationProperties:184 - Using Application install path: C:\ST\STM32CubeIDE_1.14.1\STM32CubeIDE\plugins\com.st.stm32cube.common.mx_6.10.0.202311202037
2024-08-27 06:48:45,094 [ERROR] ConfigurationRetriever:142 - IOException on connection: Connect timed out
2024-08-27 06:48:45,320 [INFO] ThirdPartyUpdaterWithRetryManager:70 - Updater plugin not ready yet. [2/15]
2024-08-27 06:48:46,185 [ERROR] LogOutputStream:75 - [STDERR_REDIRECT] Aug 27, 2024 6:48:46 AM java.util.prefs.WindowsPreferences <init>
2024-08-27 06:48:46,192 [ERROR] LogOutputStream:75 - [STDERR_REDIRECT] WARNING: Could not open/create prefs root node Software\JavaSoft\Prefs at root 0xffffffff80000002. Windows RegCreateKeyEx(...) returned error code 5.
2024-08-27 06:48:46,192 [ERROR] LogOutputStream:75 - [STDERR_REDIRECT] 
2024-08-27 06:48:48,323 [FATAL] Updater:308 - Updater called before beeing initialized
2024-08-27 06:48:48,324 [ERROR] IntegrityCheckThread:130 - Cannot retrieve database content from updater: error 21
2024-08-27 06:48:48,324 [INFO] ThirdParty:978 - Integrity check success = false
2024-08-27 06:48:48,324 [INFO] IntegrityCheckThread:100 - exiting critical section [integrity check]
2024-08-27 06:48:48,324 [INFO] IntegrityCheckThread:103 - End integrity checks thread
2024-08-27 06:48:49,978 [INFO] MainUpdater:2873 - connection check result : 10
2024-08-27 06:48:49,978 [INFO] MainUpdater:3567 - Updater definition file requires update
2024-08-27 06:48:49,980 [INFO] MainUpdater:290 - Updater Check For Update Now.
2024-08-27 06:48:49,980 [INFO] MicroXplorer:498 - Change Database Version : DB.6.0.100
2024-08-27 06:48:49,994 [INFO] McuFinderGlobals:63 - Set McuFinder mode to 2 (CubeIDE integrated)
2024-08-27 06:48:49,994 [INFO] UserAuth:180 - activating auth plugin
2024-08-27 06:48:49,998 [INFO] UserAuth:404 - Internet connection configuration mode: 1
2024-08-27 06:48:50,023 [INFO] JxBrowserEngine:152 - Initiate JxBrowser Engine with user profile folder
2024-08-27 06:48:51,024 [INFO] WebApp:161 - Instantiating new browser for Auth
2024-08-27 06:48:51,754 [INFO] WebApp:780 - Register for checkConnection events
2024-08-27 06:48:51,754 [INFO] WebApp:414 - Apply proxy settings
2024-08-27 06:48:51,754 [INFO] WebApp:499 - Chromium requires no authentication
2024-08-27 06:48:51,763 [INFO] WebApp:442 - Direct internet connection detected
2024-08-27 06:48:52,085 [INFO] WebApp:192 - Starting web application
2024-08-27 06:48:52,086 [INFO] WebApp:544 - Web application path used C:\ST\STM32CubeIDE_1.14.1\STM32CubeIDE\plugins\com.st.stm32cube.common.mx_6.10.0.202311202037\db\plugins\mcufinder\reactClient1\index.html
2024-08-27 06:48:54,960 [INFO] ServerAccessManage:473 - Download File updaters.zip
2024-08-27 06:48:56,814 [INFO] FileExtend:240 - Unzip File : updaters.zip
2024-08-27 06:48:56,814 [INFO] FileExtend:255 - Standard Zip Deflate
2024-08-27 06:48:59,199 [INFO] ServerAccessManage:473 - Download File PacksControlFlags.xml
2024-08-27 06:48:59,601 [INFO] ServerAccessManage:473 - Download File cubemx.pidx
2024-08-27 06:48:59,806 [INFO] LoadServerUpdatesThread:375 - End of LoadServerUpdate Thread
2024-08-27 06:49:00,014 [INFO] CheckServerUpdateThread:120 - End of CheckServer Thread
2024-08-27 06:49:01,899 [INFO] McuFinderGlobals:63 - Set McuFinder mode to 2 (CubeIDE integrated)
2024-08-27 06:49:01,904 [INFO] MainUpdater:2873 - connection check result : 10
2024-08-27 06:49:01,916 [INFO] MainUpdater:2873 - connection check result : 10
2024-08-27 06:49:02,210 [INFO] MicroXplorer:468 - Change Database Path : 
2024-08-27 06:49:02,210 [INFO] MicroXplorer:498 - Change Database Version : DB.6.0.100
2024-08-27 06:49:02,216 [WARN] ThirdParty:871 - waiting for thirdparty lock release [close project]
2024-08-27 06:49:02,217 [INFO] ThirdParty:873 - entering critical section [close project]
2024-08-27 06:49:02,218 [INFO] ThirdParty:883 - exiting critical section [close project]
2024-08-27 06:49:02,221 [INFO] PinOutPanel:1499 - setPackage(No Configuration,No Configuration)
2024-08-27 06:49:02,228 [INFO] UtilMem:75 - Begin LoadConfig() Used Memory: 162508824 Bytes (367001600)
2024-08-27 06:49:02,229 [INFO] MicroXplorer:468 - Change Database Path : 
2024-08-27 06:49:02,230 [INFO] MicroXplorer:498 - Change Database Version : DB.6.0.100
2024-08-27 06:49:02,230 [INFO] OpenFileManager:312 - Change cursor
2024-08-27 06:49:02,254 [WARN] IntegrityCheckThread:84 - waiting for thirdparty lock release [integrity check]
2024-08-27 06:49:02,254 [INFO] IntegrityCheckThread:86 - entering critical section [integrity check]
2024-08-27 06:49:02,608 [WARN] PackLoader:240 - Cannot read IP mode file for STMicroelectronics.FP-SNS-MOTENVWB1.1.4.0
2024-08-27 06:49:02,637 [WARN] PackLoader:240 - Cannot read IP mode file for STMicroelectronics.X-CUBE-SMBUS.2.1.0
2024-08-27 06:49:02,660 [WARN] PackLoader:240 - Cannot read IP mode file for STMicroelectronics.X-CUBE-TOUCHGFX.4.23.0
2024-08-27 06:49:02,743 [WARN] PackLoader:240 - Cannot read IP mode file for STMicroelectronics.X-CUBE-AZRTOS-F7.1.1.0
2024-08-27 06:49:02,776 [WARN] PackLoader:240 - Cannot read IP mode file for STMicroelectronics.FP-SNS-MOTENV1.4.3.2
2024-08-27 06:49:02,796 [WARN] PackLoader:240 - Cannot read IP mode file for STMicroelectronics.FP-SNS-FLIGHT1.5.0.2
2024-08-27 06:49:02,823 [WARN] PackLoader:240 - Cannot read IP mode file for STMicroelectronics.X-CUBE-DISPLAY.3.0.0
2024-08-27 06:49:02,852 [WARN] PackLoader:240 - Cannot read IP mode file for STMicroelectronics.X-CUBE-BLE1.7.0.0
2024-08-27 06:49:02,877 [WARN] PackLoader:240 - Cannot read IP mode file for emotas.I-CUBE-CANOPEN.1.3.0
2024-08-27 06:49:02,906 [WARN] PackLoader:240 - Cannot read IP mode file for STMicroelectronics.X-CUBE-BLEMGR.3.1.0
2024-08-27 06:49:02,935 [WARN] PackLoader:240 - Cannot read IP mode file for STMicroelectronics.FP-SNS-SMARTAG2.1.2.0
2024-08-27 06:49:02,968 [INFO] LogOutputStream:77 - [STDOUT_REDIRECT] 1 : Invalid condition id : UX_CORESTACK_Condition cause : null
2024-08-27 06:49:02,968 [INFO] LogOutputStream:77 - [STDOUT_REDIRECT] 1 : Invalid condition id : UX_CORESTACK_Condition cause : null
2024-08-27 06:49:02,970 [INFO] LogOutputStream:77 - [STDOUT_REDIRECT] 1 : Invalid condition id : UX_CORESTACK_Condition cause : null
2024-08-27 06:49:02,971 [INFO] LogOutputStream:77 - [STDOUT_REDIRECT] 1 : Invalid condition id : UX_CORESTACK_Condition cause : null
2024-08-27 06:49:02,973 [INFO] LogOutputStream:77 - [STDOUT_REDIRECT] 1 : Invalid condition id : UX_CORESTACK_Condition cause : null
2024-08-27 06:49:02,976 [WARN] PackLoader:240 - Cannot read IP mode file for STMicroelectronics.X-CUBE-AZRTOS-WL.2.0.0
2024-08-27 06:49:03,002 [WARN] PackLoader:240 - Cannot read IP mode file for STMicroelectronics.FP-SNS-MOTENV1.5.0.0
2024-08-27 06:49:03,022 [WARN] PackLoader:240 - Cannot read IP mode file for wolfSSL.I-CUBE-wolfMQTT.1.19.0
2024-08-27 06:49:03,050 [WARN] PackLoader:240 - Cannot read IP mode file for WES.I-CUBE-Cesium.1.3.0
2024-08-27 06:49:03,069 [WARN] PackLoader:240 - Cannot read IP mode file for STMicroelectronics.X-CUBE-BLE2.3.3.0
2024-08-27 06:49:03,089 [WARN] PackLoader:240 - Cannot read IP mode file for STMicroelectronics.X-CUBE-TCPP.4.1.0
2024-08-27 06:49:03,116 [WARN] PackLoader:240 - Cannot read IP mode file for STMicroelectronics.X-CUBE-ALGOBUILD.1.3.0
2024-08-27 06:49:03,160 [WARN] PackLoader:240 - Cannot read IP mode file for STMicroelectronics.X-CUBE-AZRTOS-G0.1.1.0
2024-08-27 06:49:03,194 [WARN] PackLoader:240 - Cannot read IP mode file for STMicroelectronics.X-CUBE-SAFEA1.1.2.2
2024-08-27 06:49:03,213 [WARN] PackLoader:240 - Cannot read IP mode file for STMicroelectronics.X-CUBE-NFC4.3.0.0
2024-08-27 06:49:03,238 [WARN] PackLoader:240 - Cannot read IP mode file for EmbeddedOffice.I-CUBE-FS-RTOS.1.0.1
2024-08-27 06:49:03,238 [ERROR] ConditionMgr:805 - Attr not supported : Dmpu
2024-08-27 06:49:03,238 [ERROR] ConditionMgr:805 - Attr not supported : Dmpu
2024-08-27 06:49:03,238 [ERROR] ConditionMgr:805 - Attr not supported : Dmpu
2024-08-27 06:49:03,238 [ERROR] ConditionMgr:805 - Attr not supported : Dmpu
2024-08-27 06:49:03,239 [ERROR] ConditionMgr:805 - Attr not supported : Dmpu
2024-08-27 06:49:03,239 [ERROR] ConditionMgr:805 - Attr not supported : Dmpu
2024-08-27 06:49:03,239 [ERROR] ConditionMgr:805 - Attr not supported : Dmpu
2024-08-27 06:49:03,239 [ERROR] ConditionMgr:805 - Attr not supported : Dmpu
2024-08-27 06:49:03,239 [ERROR] ConditionMgr:805 - Attr not supported : Dmpu
2024-08-27 06:49:03,239 [ERROR] ConditionMgr:805 - Attr not supported : Dmpu
2024-08-27 06:49:03,239 [ERROR] ConditionMgr:805 - Attr not supported : Dmpu
2024-08-27 06:49:03,239 [ERROR] ConditionMgr:805 - Attr not supported : Dmpu
2024-08-27 06:49:03,239 [ERROR] ConditionMgr:805 - Attr not supported : Dmpu
2024-08-27 06:49:03,239 [ERROR] ConditionMgr:805 - Attr not supported : Dmpu
2024-08-27 06:49:03,239 [ERROR] ConditionMgr:805 - Attr not supported : Dmpu
2024-08-27 06:49:03,240 [ERROR] ConditionMgr:805 - Attr not supported : Dmpu
2024-08-27 06:49:03,240 [ERROR] ConditionMgr:805 - Attr not supported : Dmpu
2024-08-27 06:49:03,240 [ERROR] ConditionMgr:805 - Attr not supported : Dmpu
2024-08-27 06:49:03,240 [ERROR] ConditionMgr:805 - Attr not supported : Dmpu
2024-08-27 06:49:03,240 [ERROR] ConditionMgr:805 - Attr not supported : Dmpu
2024-08-27 06:49:03,240 [ERROR] ConditionMgr:805 - Attr not supported : Dmpu
2024-08-27 06:49:03,240 [ERROR] ConditionMgr:805 - Attr not supported : Dmpu
2024-08-27 06:49:03,240 [ERROR] ConditionMgr:805 - Attr not supported : Dmpu
2024-08-27 06:49:03,240 [ERROR] ConditionMgr:805 - Attr not supported : Dmpu
2024-08-27 06:49:03,240 [ERROR] ConditionMgr:805 - Attr not supported : Dmpu
2024-08-27 06:49:03,240 [ERROR] ConditionMgr:805 - Attr not supported : Dmpu
2024-08-27 06:49:03,240 [ERROR] ConditionMgr:805 - Attr not supported : Dmpu
2024-08-27 06:49:03,240 [ERROR] ConditionMgr:805 - Attr not supported : Dmpu
2024-08-27 06:49:03,240 [ERROR] ConditionMgr:805 - Attr not supported : Dmpu
2024-08-27 06:49:03,241 [ERROR] ConditionMgr:805 - Attr not supported : Dmpu
2024-08-27 06:49:03,241 [ERROR] ConditionMgr:805 - Attr not supported : Dmpu
2024-08-27 06:49:03,241 [ERROR] ConditionMgr:805 - Attr not supported : Dmpu
2024-08-27 06:49:03,241 [ERROR] ConditionMgr:805 - Attr not supported : Dmpu
2024-08-27 06:49:03,241 [ERROR] ConditionMgr:805 - Attr not supported : Dmpu
2024-08-27 06:49:03,241 [ERROR] ConditionMgr:805 - Attr not supported : Dmpu
2024-08-27 06:49:03,241 [ERROR] ConditionMgr:805 - Attr not supported : Dmpu
2024-08-27 06:49:03,241 [ERROR] ConditionMgr:805 - Attr not supported : Dmpu
2024-08-27 06:49:03,241 [ERROR] ConditionMgr:805 - Attr not supported : Dmpu
2024-08-27 06:49:03,241 [ERROR] ConditionMgr:805 - Attr not supported : Dmpu
2024-08-27 06:49:03,241 [ERROR] ConditionMgr:805 - Attr not supported : Dmpu
2024-08-27 06:49:03,241 [ERROR] ConditionMgr:805 - Attr not supported : Dmpu
2024-08-27 06:49:03,242 [ERROR] ConditionMgr:805 - Attr not supported : Dmpu
2024-08-27 06:49:03,242 [ERROR] ConditionMgr:805 - Attr not supported : Dmpu
2024-08-27 06:49:03,242 [ERROR] ConditionMgr:805 - Attr not supported : Dmpu
2024-08-27 06:49:03,242 [ERROR] ConditionMgr:805 - Attr not supported : Dmpu
2024-08-27 06:49:03,242 [ERROR] ConditionMgr:805 - Attr not supported : Dmpu
2024-08-27 06:49:03,242 [ERROR] ConditionMgr:805 - Attr not supported : Dmpu
2024-08-27 06:49:03,242 [ERROR] ConditionMgr:805 - Attr not supported : Dmpu
2024-08-27 06:49:03,242 [ERROR] ConditionMgr:805 - Attr not supported : Dmpu
2024-08-27 06:49:03,242 [ERROR] ConditionMgr:805 - Attr not supported : Dmpu
2024-08-27 06:49:03,242 [ERROR] ConditionMgr:805 - Attr not supported : Dmpu
2024-08-27 06:49:03,242 [ERROR] ConditionMgr:805 - Attr not supported : Dmpu
2024-08-27 06:49:03,242 [ERROR] ConditionMgr:805 - Attr not supported : Dmpu
2024-08-27 06:49:03,243 [ERROR] ConditionMgr:805 - Attr not supported : Dmpu
2024-08-27 06:49:03,243 [ERROR] ConditionMgr:805 - Attr not supported : Dmpu
2024-08-27 06:49:03,243 [ERROR] ConditionMgr:805 - Attr not supported : Dmpu
2024-08-27 06:49:03,243 [ERROR] ConditionMgr:805 - Attr not supported : Dmpu
2024-08-27 06:49:03,243 [ERROR] ConditionMgr:805 - Attr not supported : Dmpu
2024-08-27 06:49:03,243 [ERROR] ConditionMgr:805 - Attr not supported : Dmpu
2024-08-27 06:49:03,243 [ERROR] ConditionMgr:805 - Attr not supported : Dmpu
2024-08-27 06:49:03,243 [ERROR] ConditionMgr:805 - Attr not supported : Dmpu
2024-08-27 06:49:03,243 [ERROR] ConditionMgr:805 - Attr not supported : Dmpu
2024-08-27 06:49:03,243 [ERROR] ConditionMgr:805 - Attr not supported : Dmpu
2024-08-27 06:49:03,243 [ERROR] ConditionMgr:805 - Attr not supported : Dmpu
2024-08-27 06:49:03,271 [WARN] PackLoader:240 - Cannot read IP mode file for RealThread.X-CUBE-RT-Thread_Nano.4.1.1
2024-08-27 06:49:03,301 [WARN] PackLoader:240 - Cannot read IP mode file for STMicroelectronics.FP-ATR-SIGFOX1.3.2.0
2024-08-27 06:49:03,334 [WARN] PackLoader:240 - Cannot read IP mode file for STMicroelectronics.X-CUBE-EEPRMA1.5.1.0
2024-08-27 06:49:03,391 [WARN] PackLoader:240 - Cannot read IP mode file for SEGGER.I-CUBE-embOS.1.3.1
2024-08-27 06:49:03,457 [WARN] PackLoader:240 - Cannot read IP mode file for STMicroelectronics.X-CUBE-ALGOBUILD.1.4.0
2024-08-27 06:49:03,485 [WARN] PackLoader:240 - Cannot read IP mode file for STMicroelectronics.X-CUBE-GNSS1.6.0.0
2024-08-27 06:49:03,550 [WARN] PackLoader:240 - Cannot read IP mode file for STMicroelectronics.X-CUBE-AZRTOS-F4.1.1.0
2024-08-27 06:49:03,571 [WARN] PackLoader:240 - Cannot read IP mode file for STMicroelectronics.X-CUBE-FREERTOS.1.2.0
2024-08-27 06:49:03,605 [WARN] PackLoader:240 - Cannot read IP mode file for wolfSSL.I-CUBE-wolfSSL.5.6.6
2024-08-27 06:49:03,654 [WARN] PackLoader:240 - Cannot read IP mode file for STMicroelectronics.X-CUBE-AZRTOS-L5.2.0.0
2024-08-27 06:49:03,680 [WARN] PackLoader:240 - Cannot read IP mode file for STMicroelectronics.X-CUBE-NFC6.3.1.0
2024-08-27 06:49:03,708 [WARN] PackLoader:240 - Cannot read IP mode file for ITTIA_DB.I-CUBE-ITTIADB.8.8.0
2024-08-27 06:49:03,729 [WARN] PackLoader:240 - Cannot read IP mode file for STMicroelectronics.X-CUBE-DPower.1.2.0
2024-08-27 06:49:03,757 [WARN] PackLoader:240 - Cannot read IP mode file for STMicroelectronics.X-CUBE-AI.9.0.0
2024-08-27 06:49:03,790 [WARN] PackLoader:240 - Cannot read IP mode file for STMicroelectronics.X-CUBE-NFC7.1.0.1
2024-08-27 06:49:03,823 [WARN] PackLoader:240 - Cannot read IP mode file for wolfSSL.I-CUBE-wolfTPM.3.2.0
2024-08-27 06:49:03,853 [WARN] PackLoader:240 - Cannot read IP mode file for STMicroelectronics.X-CUBE-NFC6.3.0.0
2024-08-27 06:49:03,883 [WARN] PackLoader:240 - Cannot read IP mode file for STMicroelectronics.X-CUBE-AI.8.1.0
2024-08-27 06:49:03,965 [WARN] ConditionMgr:438 - getConditionDescription Invalid condition id : LAN8742 Phy interface Condition cause : null
2024-08-27 06:49:03,967 [WARN] PackLoader:240 - Cannot read IP mode file for STMicroelectronics.X-CUBE-AZRTOS-L4.2.0.0
2024-08-27 06:49:03,971 [WARN] ConditionMgr:1039 - genDependencies : Invalid condition id : LAN8742 Phy interface Condition cause : null
2024-08-27 06:49:03,972 [WARN] ConditionMgr:1039 - genDependencies : Invalid condition id : LAN8742 Phy interface Condition cause : null
2024-08-27 06:49:03,974 [WARN] ConditionMgr:1039 - genDependencies : Invalid condition id : LAN8742 Phy interface Condition cause : null
2024-08-27 06:49:04,016 [WARN] PackLoader:240 - Cannot read IP mode file for STMicroelectronics.X-CUBE-SFXS2LP1.4.0.0
2024-08-27 06:49:04,080 [WARN] PackLoader:240 - Cannot read IP mode file for STMicroelectronics.X-CUBE-AZRTOS-H7.3.3.0
2024-08-27 06:49:04,128 [WARN] ConditionMgr:438 - getConditionDescription Invalid condition id : UX DEVICE CLASS RTOS Condition cause : null
2024-08-27 06:49:04,128 [WARN] ConditionMgr:438 - getConditionDescription Invalid condition id : UX DEVICE CLASS RTOS Condition cause : null
2024-08-27 06:49:04,130 [WARN] PackLoader:240 - Cannot read IP mode file for STMicroelectronics.X-CUBE-AZRTOS-WB.2.0.0
2024-08-27 06:49:04,131 [WARN] ConditionMgr:1039 - genDependencies : Invalid condition id : UX DEVICE CLASS RTOS Condition cause : null
2024-08-27 06:49:04,131 [WARN] ConditionMgr:1039 - genDependencies : Invalid condition id : UX DEVICE CLASS RTOS Condition cause : null
2024-08-27 06:49:04,131 [WARN] ConditionMgr:1039 - genDependencies : Invalid condition id : UX DEVICE CLASS RTOS Condition cause : null
2024-08-27 06:49:04,132 [WARN] ConditionMgr:1039 - genDependencies : Invalid condition id : UX DEVICE CLASS RTOS Condition cause : null
2024-08-27 06:49:04,132 [WARN] ConditionMgr:1039 - genDependencies : Invalid condition id : UX DEVICE CLASS RTOS Condition cause : null
2024-08-27 06:49:04,152 [WARN] PackLoader:240 - Cannot read IP mode file for STMicroelectronics.FP-SNS-STBOX1.2.0.0
2024-08-27 06:49:04,184 [WARN] PackLoader:240 - Cannot read IP mode file for STMicroelectronics.X-CUBE-SUBG2.5.0.0
2024-08-27 06:49:04,213 [WARN] PackLoader:240 - Cannot read IP mode file for Cesanta.I-CUBE-Mongoose.7.13.0
2024-08-27 06:49:04,257 [WARN] PackLoader:240 - Cannot read IP mode file for STMicroelectronics.X-CUBE-AZRTOS-G4.2.0.0
2024-08-27 06:49:04,304 [WARN] PackLoader:240 - Cannot read IP mode file for Infineon.AIROC-Wi-Fi-Bluetooth-STM32.1.5.1
2024-08-27 06:49:04,328 [WARN] PackLoader:240 - Cannot read IP mode file for STMicroelectronics.FP-SNS-MOTENVWB1.1.3.1
2024-08-27 06:49:04,347 [WARN] PackLoader:240 - Cannot read IP mode file for STMicroelectronics.X-CUBE-ISPU.2.0.0
2024-08-27 06:49:04,365 [WARN] PackLoader:240 - Cannot read IP mode file for STMicroelectronics.X-CUBE-ALS.1.0.2
2024-08-27 06:49:04,424 [WARN] PackLoader:240 - Cannot read IP mode file for STMicroelectronics.X-CUBE-MEMS1.10.0.0
2024-08-27 06:49:04,570 [WARN] PackLoader:240 - Cannot read IP mode file for STMicroelectronics.X-CUBE-FREERTOS.1.1.0
2024-08-27 06:49:04,597 [WARN] PackLoader:240 - Cannot read IP mode file for STMicroelectronics.X-CUBE-TOUCHGFX.4.24.0
2024-08-27 06:49:04,624 [WARN] PackLoader:240 - Cannot read IP mode file for portGmbH.I-Cube-SoM-uGOAL.1.1.0
2024-08-27 06:49:04,651 [WARN] PackLoader:240 - Cannot read IP mode file for STMicroelectronics.X-CUBE-ALS.1.0.1
2024-08-27 06:49:04,704 [WARN] PackLoader:240 - Cannot read IP mode file for STMicroelectronics.X-CUBE-AZRTOS-H7RS.1.0.0
2024-08-27 06:49:04,734 [WARN] PackLoader:240 - Cannot read IP mode file for STMicroelectronics.FP-ATR-ASTRA1.2.0.0
2024-08-27 06:49:04,763 [WARN] PackLoader:240 - Cannot read IP mode file for STMicroelectronics.X-CUBE-TOF1.3.4.2
2024-08-27 06:49:04,813 [WARN] PackLoader:240 - Cannot read IP mode file for STMicroelectronics.X-CUBE-TOF1.3.4.1
2024-08-27 06:49:04,881 [WARN] PackLoader:240 - Cannot read IP mode file for STMicroelectronics.X-CUBE-AZRTOS-H7.3.2.0
2024-08-27 06:49:04,909 [WARN] PackLoader:240 - Cannot read IP mode file for wolfSSL.I-CUBE-wolfSSH.1.4.17
2024-08-27 06:49:04,910 [INFO] ThirdParty:978 - Integrity check success = true
2024-08-27 06:49:04,910 [INFO] IntegrityCheckThread:100 - exiting critical section [integrity check]
2024-08-27 06:49:04,910 [INFO] IntegrityCheckThread:103 - End integrity checks thread
2024-08-27 06:49:04,980 [INFO] Mcu:2016 - Initializing MCU STM32F446R(C-E)Tx STM32F446RETx STM32F446RET6
2024-08-27 06:49:08,308 [INFO] Context:659 - Trying to add GPIOservice into a context  which must be forbidden
2024-08-27 06:49:09,229 [INFO] RtosManager:555 - Registered RTOS mode: class=CMSIS, group=RTOS, mode=CMSIS_V1, owner=FREERTOS
2024-08-27 06:49:09,230 [INFO] RtosManager:555 - Registered RTOS mode: class=CMSIS, group=RTOS2, mode=CMSIS_V2, owner=FREERTOS
2024-08-27 06:49:09,230 [INFO] RtosManager:555 - Registered RTOS mode: class=RTOS, group=Core, mode=CMSIS_V1, owner=FREERTOS
2024-08-27 06:49:09,231 [INFO] RtosManager:555 - Registered RTOS mode: class=RTOS, group=Core, mode=CMSIS_V2, owner=FREERTOS
2024-08-27 06:49:09,232 [WARN] ModelIntegratedComponent:184 - Missing modes for component STMicroelectronics:FreeRTOS:0.0.1:STMicroelectronics:RTOS:FreeRTOS:Core:::10.2.0:
2024-08-27 06:49:09,263 [WARN] ModelIntegratedComponent:63 - No mode defined for component null
2024-08-27 06:49:09,264 [WARN] ModelIntegratedComponent:63 - No mode defined for component null
2024-08-27 06:49:09,264 [WARN] ModelIntegratedComponent:63 - No mode defined for component null
2024-08-27 06:49:09,264 [WARN] ModelIntegratedComponent:63 - No mode defined for component null
2024-08-27 06:49:09,264 [WARN] ModelIntegratedComponent:63 - No mode defined for component null
2024-08-27 06:49:09,265 [WARN] ModelIntegratedComponent:63 - No mode defined for component null
2024-08-27 06:49:09,265 [WARN] ModelIntegratedComponent:63 - No mode defined for component null
2024-08-27 06:49:09,265 [WARN] ModelIntegratedComponent:63 - No mode defined for component null
2024-08-27 06:49:09,266 [WARN] ModelIntegratedComponent:63 - No mode defined for component null
2024-08-27 06:49:09,266 [WARN] ModelIntegratedComponent:63 - No mode defined for component null
2024-08-27 06:49:09,266 [WARN] ModelIntegratedComponent:63 - No mode defined for component null
2024-08-27 06:49:09,266 [WARN] ModelIntegratedComponent:63 - No mode defined for component null
2024-08-27 06:49:09,267 [WARN] ModelIntegratedComponent:63 - No mode defined for component null
2024-08-27 06:49:09,267 [WARN] ModelIntegratedComponent:63 - No mode defined for component null
2024-08-27 06:49:09,267 [WARN] ModelIntegratedComponent:63 - No mode defined for component null
2024-08-27 06:49:09,267 [WARN] ModelIntegratedComponent:63 - No mode defined for component null
2024-08-27 06:49:09,267 [WARN] ModelIntegratedComponent:63 - No mode defined for component null
2024-08-27 06:49:09,268 [WARN] ModelIntegratedComponent:63 - No mode defined for component null
2024-08-27 06:49:09,268 [WARN] ModelIntegratedComponent:63 - No mode defined for component null
2024-08-27 06:49:09,268 [WARN] ModelIntegratedComponent:63 - No mode defined for component null
2024-08-27 06:49:09,268 [WARN] ModelIntegratedComponent:63 - No mode defined for component null
2024-08-27 06:49:09,268 [WARN] ModelIntegratedComponent:63 - No mode defined for component null
2024-08-27 06:49:09,269 [WARN] ModelIntegratedComponent:63 - No mode defined for component null
2024-08-27 06:49:09,269 [WARN] ModelIntegratedComponent:63 - No mode defined for component null
2024-08-27 06:49:09,269 [WARN] ModelIntegratedComponent:63 - No mode defined for component null
2024-08-27 06:49:09,269 [WARN] ModelIntegratedComponent:63 - No mode defined for component null
2024-08-27 06:49:09,269 [WARN] ModelIntegratedComponent:63 - No mode defined for component null
2024-08-27 06:49:09,270 [WARN] ModelIntegratedComponent:63 - No mode defined for component null
2024-08-27 06:49:09,270 [WARN] ModelIntegratedComponent:63 - No mode defined for component null
2024-08-27 06:49:09,270 [WARN] ModelIntegratedComponent:63 - No mode defined for component null
2024-08-27 06:49:09,270 [WARN] ModelIntegratedComponent:63 - No mode defined for component null
2024-08-27 06:49:09,270 [WARN] ModelIntegratedComponent:63 - No mode defined for component null
2024-08-27 06:49:09,271 [WARN] ModelIntegratedComponent:63 - No mode defined for component null
2024-08-27 06:49:09,457 [INFO] ThirdPartyModel:298 - Start build external matchings
2024-08-27 06:49:09,832 [INFO] ThirdPartyModel:316 - End build external matchings
2024-08-27 06:49:09,863 [INFO] ImportTextPane:194 - (OptionalMessage_ERROR) IP (RCC) : Invalid parameter (FamilyName)
2024-08-27 06:49:09,864 [INFO] ImportTextPane:194 - (OptionalMessage_ERROR) IP (RCC) : Parameter (MCO2PinFreq_Value) has invalid value (180000000)
2024-08-27 06:49:09,865 [INFO] ImportTextPane:194 - (OptionalMessage_ERROR) IP (RCC) : Parameter (SDIOFreq_Value) has invalid value (180000000)
2024-08-27 06:49:09,865 [INFO] ImportTextPane:194 - (OptionalMessage_ERROR) IP (RCC) : Parameter (USBFreq_Value) has invalid value (180000000)
2024-08-27 06:49:10,539 [INFO] UtilMem:75 - End LoadConfig() Used Memory: 237163672 Bytes (367001600)
2024-08-27 06:49:10,721 [INFO] ApiDb:581 - Connected to CubeFinder SQLite database (C:\Users\revat\.stmcufinder\plugins\mcufinder\mcu\cube-finder-db.db)
2024-08-27 06:49:10,834 [INFO] ApiDb:668 - CubeFinder database Data Model version=2.1
2024-08-27 06:49:10,835 [INFO] ApiDb:669 - CubeFinder database Configuration version=3.0.39
2024-08-27 06:49:10,835 [INFO] ApiDb:670 - CubeFinder database generation date=2024-06-05 (1717578087)
2024-08-27 06:49:10,835 [INFO] ApiDb:671 - CubeFinder database FW Pack versions=[FP-ATR-ASTRA1_V2.0.0, FP-SNS-FLIGHT1_V5.0.1, FP-SNS-FLIGHT1_V5.0.2, FP-SNS-MOTENV1_V4.3.1, FP-SNS-MOTENV1_V4.3.2, FP-SNS-MOTENV1_V5.0.0, FP-SNS-MOTENVWB1_V1.4.0, FP-SNS-SMARTAG2_V1.2.0, STM32Cube_FW_C0_V1.1.0, STM32Cube_FW_F4_V1.28.0, STM32Cube_FW_F7_V1.17.2, STM32Cube_FW_G0_V1.6.2, STM32Cube_FW_G4_V1.5.2, STM32Cube_FW_H5_V0.5.1, STM32Cube_FW_H5_V1.1.1, STM32Cube_FW_H5_V1.2.0, STM32Cube_FW_H5_V1.2.0RC4, STM32Cube_FW_H7RS_V1.0.0, STM32Cube_FW_H7RS_V1.0.0RC4, STM32Cube_FW_H7_V1.11.2, STM32Cube_FW_L0_V1.12.2, STM32Cube_FW_L5_V1.5.1, STM32Cube_FW_U0_V1.0.0, STM32Cube_FW_U0_V1.0.0RC1, STM32Cube_FW_U5_V1.3.0RC4, STM32Cube_FW_U5_V1.5.0, STM32Cube_FW_U5_V1.5.0RC1, STM32Cube_FW_WBA_V1.0.0RC1, STM32Cube_FW_WBA_V1.2.0, STM32Cube_FW_WBA_V1.2.0RC2, STM32Cube_FW_WBA_V1.3.0RC1, STM32Cube_FW_WBA_V1.3.1, STM32Cube_FW_WB_V1.15.0RC1, STM32Cube_FW_WB_V1.16.0, STM32Cube_FW_WB_V1.16.0RC2, STM32Cube_FW_WB_V1.18.0, STM32Cube_FW_WB_V1.19.0, STM32Cube_FW_WL_V1.3.0, X-CUBE-ALGOBUILD_V1.4.0, X-CUBE-ALS_V1.0.1, X-CUBE-ALS_V1.0.2, X-CUBE-AZRTOS-F4_V1.1.0, X-CUBE-AZRTOS-F7_V1.1.0, X-CUBE-AZRTOS-G0_V1.1.0, X-CUBE-AZRTOS-G4_V2.0.0, X-CUBE-AZRTOS-H7RS_V1.0.0, X-CUBE-AZRTOS-H7_V3.2.0, X-CUBE-AZRTOS-L4_V1.0.0, X-CUBE-AZRTOS-L4_V2.0.0, X-CUBE-AZRTOS-L5_V1.1.0, X-CUBE-AZRTOS-WB_V2.0.0, X-CUBE-AZRTOS-WL_V2.0.0, X-CUBE-BLE1_V7.0.0, X-CUBE-BLE2_V3.3.0, X-CUBE-BLEMGR_V3.1.0, X-CUBE-EEPRMA1_V4.1.0, X-CUBE-EEPRMA1_V5.1.0, X-CUBE-FREERTOS_V1.2.0, X-CUBE-GNSS1_V6.0.0, X-CUBE-MEMS1_V10.0.0, X-CUBE-MEMS1_V9.1.0, X-CUBE-MEMS1_V9.4.0, X-CUBE-MEMS1_V9.6.0, X-CUBE-NFC4_V3.0.0, X-CUBE-NFC7_V1.0.1, X-CUBE-SFXS2LP1_V4.0.0, X-CUBE-SUBG2_V5.0.0, X-CUBE-TOF1_V3.4.1]
2024-08-27 06:49:13,591 [ERROR] LogOutputStream:75 - [STDERR_REDIRECT] SLF4J: Failed to load class "org.slf4j.impl.StaticLoggerBinder".
2024-08-27 06:49:13,593 [ERROR] LogOutputStream:75 - [STDERR_REDIRECT] SLF4J: Defaulting to no-operation (NOP) logger implementation
2024-08-27 06:49:13,595 [ERROR] LogOutputStream:75 - [STDERR_REDIRECT] SLF4J: See http://www.slf4j.org/codes.html#StaticLoggerBinder for further details.
2024-08-27 06:49:14,406 [INFO] ApiDb:240 - Found 371 in-development CPN: [B-G473E-ZEST1S, B-WB1M-WPAN1, B-WL5M-SUBG1, NUCLEO-C031C6, NUCLEO-H503RB, NUCLEO-H563ZI, NUCLEO-U545RE-Q, NUCLEO-U5A5ZJ-Q, NUCLEO-WBA52CG, NUCLEO-WBA55CG, STEVAL-MKBOXPRO, STEVAL-PROTEUS1, STEVAL-STWINBX1, STM320518-EVAL, STM32C0116-DK, STM32C011D6Y3TR, STM32C011D6Y6TR, STM32C011F4P3, STM32C011F4P6, STM32C011F4U3, STM32C011F4U6TR, STM32C011F6P3, STM32C011F6P6, STM32C011F6U3, STM32C011F6U6TR, STM32C011J4M3, STM32C011J4M6, STM32C011J6M3, STM32C011J6M6, STM32C0316-DK, STM32C031C4T3, STM32C031C4T6, STM32C031C4U3, STM32C031C4U6, STM32C031C6T3, STM32C031C6T6, STM32C031C6U3, STM32C031C6U6, STM32C031F4P3, STM32C031F4P6, STM32C031F6P3, STM32C031F6P6, STM32C031G4U3, STM32C031G4U6, STM32C031G6U3, STM32C031G6U6, STM32C031K4T3, STM32C031K4T6, STM32C031K4U3, STM32C031K4U6, STM32C031K6T3, STM32C031K6T6, STM32C031K6U3, STM32C031K6U6, STM32G071K8TXN, STM32G071K8UXN, STM32G081GBU6N, STM32G081KBT6N, STM32G081KBUXN, STM32G0B1CCT6N, STM32G0B1KCT6, STM32G0B1NEY6TR, STM32G0B1RCT6N, STM32G0C1CCT6, STM32G0C1CCT6N, STM32G0C1CCU6N, STM32G0C1CET6N, STM32G0C1CEU6N, STM32G0C1KCT6, STM32G0C1NEY6TR, STM32G0C1RCI6N, STM32G0C1RCT6N, STM32G0C1REI6N, STM32G0C1RET6N, STM32G0C1VCI6, STM32G0C1VEI6, STM32G471CCT6, STM32G471CCU6, STM32G471CET3, STM32G471CET6, STM32G471CEU3, STM32G471CEU6, STM32G471MCT6, STM32G471MET3, STM32G471MET6, STM32G471MEY6TR, STM32G471QCT6, STM32G471QET3, STM32G471RCT6, STM32G471RET3, STM32G471RET6, STM32G471VCH6, STM32G471VCI6, STM32G471VCT6, STM32G471VEH3, STM32G471VEH6, STM32G471VEI3, STM32G471VEI6, STM32G471VET3, STM32G471VET6, STM32G474CCT6, STM32H503CBT6, STM32H503CBU6, STM32H503EBY6TR, STM32H503KBU6, STM32H503RBT6, STM32H562AGI6, STM32H562AII6, STM32H562IGK6, STM32H562IGT6, STM32H562IIK6, STM32H562IIT6, STM32H562RGT6, STM32H562RGV6, STM32H562RIT6, STM32H562RIV6, STM32H562VGT6, STM32H562VIT6, STM32H562ZGT6, STM32H562ZIT6, STM32H563AGI6, STM32H563AII3Q, STM32H563AII6, STM32H563IGK6, STM32H563IGT6, STM32H563IIK3Q, STM32H563IIK6, STM32H563IIT3Q, STM32H563IIT6, STM32H563MIY3QTR, STM32H563RGT6, STM32H563RGV6, STM32H563RIT6, STM32H563RIV6, STM32H563VGT6, STM32H563VIT3Q, STM32H563VIT6, STM32H563ZGT6, STM32H563ZIT3Q, STM32H563ZIT6, STM32H573AII3Q, STM32H573AII6, STM32H573I-DK, STM32H573IIK3Q, STM32H573IIK6, STM32H573IIT3Q, STM32H573IIT6, STM32H573MIY3QTR, STM32H573RIT6, STM32H573RIV6, STM32H573VIT3Q, STM32H573VIT6, STM32H573ZIT3Q, STM32H573ZIT6, STM32L4R5QGI6STR, STM32MP131AAE3, STM32MP131AAF3, STM32MP131AAG3, STM32MP131CAE3, STM32MP131CAF3, STM32MP131CAG3, STM32MP131DAE7, STM32MP131DAF7, STM32MP131DAG7, STM32MP131FAE7, STM32MP131FAF7, STM32MP131FAG7, STM32MP133AAE3, STM32MP133AAF3, STM32MP133AAG3, STM32MP133CAE3, STM32MP133CAF3, STM32MP133CAG3, STM32MP133DAE7, STM32MP133DAF7, STM32MP133DAG7, STM32MP133FAE7, STM32MP133FAF7, STM32MP133FAG7, STM32MP135AAE3, STM32MP135AAF3, STM32MP135AAG3, STM32MP135CAE3, STM32MP135CAF3, STM32MP135CAG3, STM32MP135DAE7, STM32MP135DAF7, STM32MP135DAG7, STM32MP135F-DK, STM32MP135FAE7, STM32MP135FAF7, STM32MP135FAF7T, STM32MP135FAF7U, STM32MP135FAG7, STM32U535CBT6, STM32U535CBT6Q, STM32U535CBU6, STM32U535CBU6Q, STM32U535CCT6, STM32U535CCT6Q, STM32U535CCU6, STM32U535CCU6Q, STM32U535CET6, STM32U535CET6Q, STM32U535CEU6, STM32U535CEU6Q, STM32U535JEY6QTR, STM32U535NCY6QTR, STM32U535NEY6QTR, STM32U535RBI6, STM32U535RBI6Q, STM32U535RBT6, STM32U535RBT6Q, STM32U535RCI6, STM32U535RCI6Q, STM32U535RCT6, STM32U535RCT6Q, STM32U535REI6, STM32U535REI6Q, STM32U535RET6, STM32U535RET6Q, STM32U535VCI6, STM32U535VCI6Q, STM32U535VCT6, STM32U535VCT6Q, STM32U535VEI6, STM32U535VEI6Q, STM32U535VET6, STM32U535VET6Q, STM32U545CET6, STM32U545CET6Q, STM32U545CEU6, STM32U545CEU6Q, STM32U545JEY6QTR, STM32U545NEY6QTR, STM32U545REI6, STM32U545REI6Q, STM32U545RET6, STM32U545RET6Q, STM32U545VEI6, STM32U545VEI6Q, STM32U545VET6, STM32U545VET6Q, STM32U595AIH6, STM32U595AIH6Q, STM32U595AJH6, STM32U595AJH6Q, STM32U595QII6, STM32U595QII6Q, STM32U595QJI6, STM32U595QJI6Q, STM32U595RIT6, STM32U595RIT6Q, STM32U595RJT6, STM32U595RJT6Q, STM32U595VIT6, STM32U595VIT6Q, STM32U595VJT6, STM32U595VJT6Q, STM32U595ZIT6, STM32U595ZIT6Q, STM32U595ZIY6QTR, STM32U595ZJT6, STM32U595ZJT6Q, STM32U595ZJY6QTR, STM32U599BJY6QTR, STM32U599NIH6Q, STM32U599NJH6Q, STM32U599VIT6Q, STM32U599VJT6, STM32U599VJT6Q, STM32U599ZIT6Q, STM32U599ZIY6QTR, STM32U599ZJT6Q, STM32U599ZJY6QTR, STM32U5A5AJH6, STM32U5A5AJH6Q, STM32U5A5QJI6, STM32U5A5QJI6Q, STM32U5A5RJT6, STM32U5A5RJT6Q, STM32U5A5VJT6, STM32U5A5VJT6Q, STM32U5A5ZJT6, STM32U5A5ZJT6Q, STM32U5A5ZJY6QTR, STM32U5A9BJY6QTR, STM32U5A9J-DK, STM32U5A9NJH6Q, STM32U5A9VJT6Q, STM32U5A9ZJT6Q, STM32U5A9ZJY6QTR, STM32U5F7VIT6, STM32U5F7VIT6Q, STM32U5F7VJT6, STM32U5F7VJT6Q, STM32U5F9BJY6QTR, STM32U5F9NJH6Q, STM32U5F9VIT6Q, STM32U5F9VJT6Q, STM32U5F9ZIJ6QTR, STM32U5F9ZIT6Q, STM32U5F9ZJJ6QTR, STM32U5F9ZJT6Q, STM32U5G7VJT6, STM32U5G7VJT6Q, STM32U5G9BJY6QTR, STM32U5G9J-DK1, STM32U5G9J-DK2, STM32U5G9NJH6Q, STM32U5G9VJT6Q, STM32U5G9ZJJ6QTR, STM32U5G9ZJT6Q, STM32WB1MMCH6, STM32WBA50KEU6, STM32WBA50KEU6TR, STM32WBA50KGU6, STM32WBA50KGU6TR, STM32WBA52CEU6, STM32WBA52CEU6TR, STM32WBA52CEU7, STM32WBA52CEU7TR, STM32WBA52CGU6, STM32WBA52CGU6TR, STM32WBA52CGU6U, STM32WBA52CGU7, STM32WBA52CGU7TR, STM32WBA52KEU6, STM32WBA52KEU6TR, STM32WBA52KGU6, STM32WBA52KGU6TR, STM32WBA54CEU6, STM32WBA54CEU6TR, STM32WBA54CEU7, STM32WBA54CEU7TR, STM32WBA54CGU6, STM32WBA54CGU6TR, STM32WBA54CGU7, STM32WBA54CGU7TR, STM32WBA54KEU6, STM32WBA54KEU6TR, STM32WBA54KEU7, STM32WBA54KEU7TR, STM32WBA54KGU6, STM32WBA54KGU6TR, STM32WBA54KGU7, STM32WBA54KGU7TR, STM32WBA55CEU6, STM32WBA55CEU6TR, STM32WBA55CEU7, STM32WBA55CEU7TR, STM32WBA55CGU6, STM32WBA55CGU6TR, STM32WBA55CGU6U, STM32WBA55CGU7, STM32WBA55CGU7TR, STM32WBA55G-DK1, STM32WBA55HEF6, STM32WBA55HEF7, STM32WBA55HGF6, STM32WBA55HGF7, STM32WBA55UEI6, STM32WBA55UEI6TR, STM32WBA55UEI7, STM32WBA55UEI7TR, STM32WBA55UGI6, STM32WBA55UGI6TR, STM32WBA55UGI7, STM32WBA55UGI7TR, STM32WL5MOCH6, STM32WL5MOCH6TR]
2024-08-27 06:49:14,411 [INFO] DbMcus:218 - Found 4092 MCUs, 4092 are supported
2024-08-27 06:49:14,412 [INFO] ApiDb:423 - Load user favorites file C:\Users\revat/.stm32cubeide/favorites.mcus.txt: 0 item(s)
2024-08-27 06:49:14,412 [INFO] ApiDb:427 - User favorites MCUs=[]
2024-08-27 06:49:14,412 [INFO] DbMcus:224 - Set 0 / 0 favorites MCUs
2024-08-27 06:49:14,965 [INFO] MicroXplorer:468 - Change Database Path : 
2024-08-27 06:49:14,966 [INFO] MicroXplorer:498 - Change Database Version : DB.6.0.100
2024-08-27 06:49:14,966 [WARN] ThirdParty:833 - waiting for thirdparty lock release [change project]
2024-08-27 06:49:14,966 [INFO] ThirdParty:835 - entering critical section [change project]
2024-08-27 06:49:14,966 [INFO] ThirdParty:1030 - CMSIS Pack Vendor :STMicroelectronics USBPD 4.1
2024-08-27 06:49:14,966 [INFO] ThirdParty:1030 - CMSIS Pack Vendor :STMicroelectronics X-CUBE-AZRTOS-H7 3.3.0
2024-08-27 06:49:14,966 [INFO] ThirdParty:1030 - CMSIS Pack Vendor :STMicroelectronics X-CUBE-GNSS1 6.0.0
2024-08-27 06:49:14,967 [INFO] ThirdParty:1030 - CMSIS Pack Vendor :STMicroelectronics USB_HOST 2.0.0
2024-08-27 06:49:14,967 [INFO] ThirdParty:1030 - CMSIS Pack Vendor :STMicroelectronics FP-SNS-MOTENVWB1 1.4.0
2024-08-27 06:49:14,967 [INFO] ThirdParty:1030 - CMSIS Pack Vendor :STMicroelectronics X-CUBE-AZRTOS-F4 1.1.0
2024-08-27 06:49:14,967 [INFO] ThirdParty:1030 - CMSIS Pack Vendor :STMicroelectronics LIBJPEG 8.0.0
2024-08-27 06:49:14,967 [INFO] ThirdParty:1030 - CMSIS Pack Vendor :STMicroelectronics X-CUBE-SMBUS 2.1.0
2024-08-27 06:49:14,967 [INFO] ThirdParty:1030 - CMSIS Pack Vendor :STMicroelectronics USB_DEVICE 3.0.0
2024-08-27 06:49:14,967 [INFO] ThirdParty:1030 - CMSIS Pack Vendor :STMicroelectronics X-CUBE-TCPP 4.1.0
2024-08-27 06:49:14,967 [INFO] ThirdParty:1030 - CMSIS Pack Vendor :STMicroelectronics X-CUBE-FREERTOS 1.2.0
2024-08-27 06:49:14,967 [INFO] ThirdParty:1030 - CMSIS Pack Vendor :STMicroelectronics X-CUBE-AZRTOS-WB 2.0.0
2024-08-27 06:49:14,967 [INFO] ThirdParty:1030 - CMSIS Pack Vendor :wolfSSL I-CUBE-wolfSSL 5.6.6
2024-08-27 06:49:14,967 [INFO] ThirdParty:1030 - CMSIS Pack Vendor :STMicroelectronics X-CUBE-TOUCHGFX 4.23.0
2024-08-27 06:49:14,967 [INFO] ThirdParty:1030 - CMSIS Pack Vendor :STMicroelectronics X-CUBE-AZRTOS-F7 1.1.0
2024-08-27 06:49:14,967 [INFO] ThirdParty:1030 - CMSIS Pack Vendor :STMicroelectronics X-CUBE-AZRTOS-L5 2.0.0
2024-08-27 06:49:14,967 [INFO] ThirdParty:1030 - CMSIS Pack Vendor :STMicroelectronics USB_DEVICE 2.0.0
2024-08-27 06:49:14,967 [INFO] ThirdParty:1030 - CMSIS Pack Vendor :STMicroelectronics X-CUBE-NFC6 3.1.0
2024-08-27 06:49:14,967 [INFO] ThirdParty:1030 - CMSIS Pack Vendor :ITTIA_DB I-CUBE-ITTIADB 8.8.0
2024-08-27 06:49:14,967 [INFO] ThirdParty:1030 - CMSIS Pack Vendor :STMicroelectronics FP-SNS-STBOX1 2.0.0
2024-08-27 06:49:14,967 [INFO] ThirdParty:1030 - CMSIS Pack Vendor :STMicroelectronics FP-SNS-MOTENV1 4.3.2
2024-08-27 06:49:14,967 [INFO] ThirdParty:1030 - CMSIS Pack Vendor :STMicroelectronics X-CUBE-ALGOBUILD 1.3.0
2024-08-27 06:49:14,967 [INFO] ThirdParty:1030 - CMSIS Pack Vendor :STMicroelectronics FreeRTOS 0.0.1
2024-08-27 06:49:14,967 [INFO] ThirdParty:1030 - CMSIS Pack Vendor :STMicroelectronics X-CUBE-AZRTOS-G0 1.1.0
2024-08-27 06:49:14,967 [INFO] ThirdParty:1030 - CMSIS Pack Vendor :STMicroelectronics X-CUBE-SAFEA1 1.2.2
2024-08-27 06:49:14,967 [INFO] ThirdParty:1030 - CMSIS Pack Vendor :STMicroelectronics X-CUBE-NFC4 3.0.0
2024-08-27 06:49:14,967 [INFO] ThirdParty:1030 - CMSIS Pack Vendor :STMicroelectronics X-CUBE-DPower 1.2.0
2024-08-27 06:49:14,967 [INFO] ThirdParty:1030 - CMSIS Pack Vendor :STMicroelectronics X-CUBE-SUBG2 5.0.0
2024-08-27 06:49:14,967 [INFO] ThirdParty:1030 - CMSIS Pack Vendor :STMicroelectronics STM32_WPAN 1.0.0
2024-08-27 06:49:14,968 [INFO] ThirdParty:1030 - CMSIS Pack Vendor :EmbeddedOffice I-CUBE-FS-RTOS 1.0.1
2024-08-27 06:49:14,968 [INFO] ThirdParty:1030 - CMSIS Pack Vendor :STMicroelectronics lwIP 2.0.3
2024-08-27 06:49:14,968 [INFO] ThirdParty:1030 - CMSIS Pack Vendor :STMicroelectronics FP-SNS-FLIGHT1 5.0.2
2024-08-27 06:49:14,968 [INFO] ThirdParty:1030 - CMSIS Pack Vendor :Cesanta I-CUBE-Mongoose 7.13.0
2024-08-27 06:49:14,968 [INFO] ThirdParty:1030 - CMSIS Pack Vendor :STMicroelectronics USB_HOST 1.0.0
2024-08-27 06:49:14,968 [INFO] ThirdParty:1030 - CMSIS Pack Vendor :STMicroelectronics X-CUBE-AI 9.0.0
2024-08-27 06:49:14,968 [INFO] ThirdParty:1030 - CMSIS Pack Vendor :STMicroelectronics X-CUBE-AZRTOS-G4 2.0.0
2024-08-27 06:49:14,968 [INFO] ThirdParty:1030 - CMSIS Pack Vendor :STMicroelectronics PDM2PCM 3.1.0
2024-08-27 06:49:14,968 [INFO] ThirdParty:1030 - CMSIS Pack Vendor :Infineon AIROC-Wi-Fi-Bluetooth-STM32 1.5.1
2024-08-27 06:49:14,968 [INFO] ThirdParty:1030 - CMSIS Pack Vendor :STMicroelectronics PDM2PCM 3.3.0
2024-08-27 06:49:14,968 [INFO] ThirdParty:1030 - CMSIS Pack Vendor :STMicroelectronics X-CUBE-DISPLAY 3.0.0
2024-08-27 06:49:14,968 [INFO] ThirdParty:1030 - CMSIS Pack Vendor :RealThread X-CUBE-RT-Thread_Nano 4.1.1
2024-08-27 06:49:14,968 [INFO] ThirdParty:1030 - CMSIS Pack Vendor :STMicroelectronics FP-SNS-MOTENVWB1 1.3.1
2024-08-27 06:49:14,968 [INFO] ThirdParty:1030 - CMSIS Pack Vendor :STMicroelectronics X-CUBE-BLE1 7.0.0
2024-08-27 06:49:14,968 [INFO] ThirdParty:1030 - CMSIS Pack Vendor :STMicroelectronics FP-ATR-SIGFOX1 3.2.0
2024-08-27 06:49:14,968 [INFO] ThirdParty:1030 - CMSIS Pack Vendor :STMicroelectronics X-CUBE-ISPU 2.0.0
2024-08-27 06:49:14,968 [INFO] ThirdParty:1030 - CMSIS Pack Vendor :STMicroelectronics X-CUBE-EEPRMA1 5.1.0
2024-08-27 06:49:14,968 [INFO] ThirdParty:1030 - CMSIS Pack Vendor :STMicroelectronics HAL Drivers 0.0.0
2024-08-27 06:49:14,968 [INFO] ThirdParty:1030 - CMSIS Pack Vendor :STMicroelectronics MBEDTLS 2.16.2
2024-08-27 06:49:14,968 [INFO] ThirdParty:1030 - CMSIS Pack Vendor :STMicroelectronics X-CUBE-ALS 1.0.2
2024-08-27 06:49:14,968 [INFO] ThirdParty:1030 - CMSIS Pack Vendor :emotas I-CUBE-CANOPEN 1.3.0
2024-08-27 06:49:14,968 [INFO] ThirdParty:1030 - CMSIS Pack Vendor :STMicroelectronics X-CUBE-MEMS1 10.0.0
2024-08-27 06:49:14,968 [INFO] ThirdParty:1030 - CMSIS Pack Vendor :STMicroelectronics X-CUBE-FREERTOS 1.1.0
2024-08-27 06:49:14,968 [INFO] ThirdParty:1030 - CMSIS Pack Vendor :STMicroelectronics X-CUBE-NFC7 1.0.1
2024-08-27 06:49:14,969 [INFO] ThirdParty:1030 - CMSIS Pack Vendor :STMicroelectronics MBEDTLS 2.14.1
2024-08-27 06:49:14,969 [INFO] ThirdParty:1030 - CMSIS Pack Vendor :STMicroelectronics X-CUBE-TOUCHGFX 4.24.0
2024-08-27 06:49:14,969 [INFO] ThirdParty:1030 - CMSIS Pack Vendor :wolfSSL I-CUBE-wolfTPM 3.2.0
2024-08-27 06:49:14,969 [INFO] ThirdParty:1030 - CMSIS Pack Vendor :STMicroelectronics X-CUBE-NFC6 3.0.0
2024-08-27 06:49:14,969 [INFO] ThirdParty:1030 - CMSIS Pack Vendor :portGmbH I-Cube-SoM-uGOAL 1.1.0
2024-08-27 06:49:14,969 [INFO] ThirdParty:1030 - CMSIS Pack Vendor :STMicroelectronics X-CUBE-ALS 1.0.1
2024-08-27 06:49:14,969 [INFO] ThirdParty:1030 - CMSIS Pack Vendor :STMicroelectronics X-CUBE-BLEMGR 3.1.0
2024-08-27 06:49:14,969 [INFO] ThirdParty:1030 - CMSIS Pack Vendor :STMicroelectronics ThreadX 1.0.0
2024-08-27 06:49:14,969 [INFO] ThirdParty:1030 - CMSIS Pack Vendor :STMicroelectronics FP-SNS-SMARTAG2 1.2.0
2024-08-27 06:49:14,969 [INFO] ThirdParty:1030 - CMSIS Pack Vendor :STMicroelectronics X-CUBE-AZRTOS-WL 2.0.0
2024-08-27 06:49:14,969 [INFO] ThirdParty:1030 - CMSIS Pack Vendor :SEGGER I-CUBE-embOS 1.3.1
2024-08-27 06:49:14,969 [INFO] ThirdParty:1030 - CMSIS Pack Vendor :STMicroelectronics X-CUBE-ALGOBUILD 1.4.0
2024-08-27 06:49:14,969 [INFO] ThirdParty:1030 - CMSIS Pack Vendor :STMicroelectronics FP-SNS-MOTENV1 5.0.0
2024-08-27 06:49:14,969 [INFO] ThirdParty:1030 - CMSIS Pack Vendor :STMicroelectronics USB_DEVICE 1.0.0
2024-08-27 06:49:14,969 [INFO] ThirdParty:1030 - CMSIS Pack Vendor :STMicroelectronics X-CUBE-AI 8.1.0
2024-08-27 06:49:14,969 [INFO] ThirdParty:1030 - CMSIS Pack Vendor :STMicroelectronics X-CUBE-AZRTOS-H7RS 1.0.0
2024-08-27 06:49:14,969 [INFO] ThirdParty:1030 - CMSIS Pack Vendor :wolfSSL I-CUBE-wolfMQTT 1.19.0
2024-08-27 06:49:14,969 [INFO] ThirdParty:1030 - CMSIS Pack Vendor :STMicroelectronics X-CUBE-AZRTOS-L4 2.0.0
2024-08-27 06:49:14,969 [INFO] ThirdParty:1030 - CMSIS Pack Vendor :STMicroelectronics ThreadX 0.0.2
2024-08-27 06:49:14,969 [INFO] ThirdParty:1030 - CMSIS Pack Vendor :WES I-CUBE-Cesium 1.3.0
2024-08-27 06:49:14,969 [INFO] ThirdParty:1030 - CMSIS Pack Vendor :STMicroelectronics FP-ATR-ASTRA1 2.0.0
2024-08-27 06:49:14,969 [INFO] ThirdParty:1030 - CMSIS Pack Vendor :STMicroelectronics lwIP 2.1.2
2024-08-27 06:49:14,969 [INFO] ThirdParty:1030 - CMSIS Pack Vendor :STMicroelectronics X-CUBE-SFXS2LP1 4.0.0
2024-08-27 06:49:14,969 [INFO] ThirdParty:1030 - CMSIS Pack Vendor :STMicroelectronics X-CUBE-BLE2 3.3.0
2024-08-27 06:49:14,969 [INFO] ThirdParty:1030 - CMSIS Pack Vendor :STMicroelectronics X-CUBE-TOF1 3.4.2
2024-08-27 06:49:14,969 [INFO] ThirdParty:1030 - CMSIS Pack Vendor :STMicroelectronics X-CUBE-TOF1 3.4.1
2024-08-27 06:49:14,969 [INFO] ThirdParty:1030 - CMSIS Pack Vendor :STMicroelectronics X-CUBE-AZRTOS-H7 3.2.0
2024-08-27 06:49:14,970 [INFO] ThirdParty:1030 - CMSIS Pack Vendor :STMicroelectronics PDM2PCM 3.2.0
2024-08-27 06:49:14,970 [INFO] ThirdParty:1030 - CMSIS Pack Vendor :wolfSSL I-CUBE-wolfSSH 1.4.17
2024-08-27 06:49:14,970 [INFO] ThirdParty:841 - exiting critical section [change project]
2024-08-27 06:49:15,619 [INFO] PinOutPanel:1499 - setPackage(No Configuration,No Configuration)
2024-08-27 06:49:15,621 [INFO] PinOutPanel:1499 - setPackage(STM32F446RETx,LQFP64)
2024-08-27 06:49:16,720 [INFO] UtilMem:75 - Before build in PCC Used Memory: 272520320 Bytes (367001600)
2024-08-27 06:49:18,574 [INFO] UtilMem:75 - After build in PCC Used Memory: 253611512 Bytes (367001600)
2024-08-27 06:49:18,638 [INFO] IPUIPlugin:80 - create IPUIPlugin
2024-08-27 06:49:18,639 [INFO] IPUIPlugin:80 - create IPUIPlugin
2024-08-27 06:49:18,639 [INFO] IPUIPlugin:80 - create IPUIPlugin
2024-08-27 06:49:18,639 [INFO] IPUIPlugin:80 - create IPUIPlugin
2024-08-27 06:49:18,639 [INFO] IPUIPlugin:80 - create IPUIPlugin
2024-08-27 06:49:18,640 [INFO] IPUIPlugin:80 - create IPUIPlugin
2024-08-27 06:49:18,640 [INFO] IPUIPlugin:80 - create IPUIPlugin
2024-08-27 06:49:18,640 [INFO] IPUIPlugin:80 - create IPUIPlugin
2024-08-27 06:49:18,640 [INFO] IPUIPlugin:80 - create IPUIPlugin
2024-08-27 06:49:18,641 [INFO] IPUIPlugin:80 - create IPUIPlugin
2024-08-27 06:49:18,641 [INFO] IPUIPlugin:80 - create IPUIPlugin
2024-08-27 06:49:18,641 [INFO] IPUIPlugin:80 - create IPUIPlugin
2024-08-27 06:49:18,641 [INFO] IPUIPlugin:80 - create IPUIPlugin
2024-08-27 06:49:18,642 [INFO] IPUIPlugin:80 - create IPUIPlugin
2024-08-27 06:49:18,642 [INFO] IPUIPlugin:80 - create IPUIPlugin
2024-08-27 06:49:18,643 [INFO] IPUIPlugin:80 - create IPUIPlugin
2024-08-27 06:49:18,643 [INFO] IPUIPlugin:80 - create IPUIPlugin
2024-08-27 06:49:18,643 [INFO] IPUIPlugin:80 - create IPUIPlugin
2024-08-27 06:49:18,643 [INFO] IPUIPlugin:80 - create IPUIPlugin
2024-08-27 06:49:18,644 [INFO] IPUIPlugin:80 - create IPUIPlugin
2024-08-27 06:49:18,645 [INFO] IPUIPlugin:80 - create IPUIPlugin
2024-08-27 06:49:18,645 [INFO] IPUIPlugin:80 - create IPUIPlugin
2024-08-27 06:49:18,646 [INFO] IPUIPlugin:80 - create IPUIPlugin
2024-08-27 06:49:18,646 [INFO] IPUIPlugin:80 - create IPUIPlugin
2024-08-27 06:49:18,647 [INFO] IPUIPlugin:80 - create IPUIPlugin
2024-08-27 06:49:18,648 [INFO] IPUIPlugin:80 - create IPUIPlugin
2024-08-27 06:49:18,648 [INFO] IPUIPlugin:80 - create IPUIPlugin
2024-08-27 06:49:18,649 [INFO] IPUIPlugin:80 - create IPUIPlugin
2024-08-27 06:49:18,649 [INFO] IPUIPlugin:80 - create IPUIPlugin
2024-08-27 06:49:18,651 [INFO] IPUIPlugin:80 - create IPUIPlugin
2024-08-27 06:49:18,651 [INFO] IPUIPlugin:80 - create IPUIPlugin
2024-08-27 06:49:18,652 [INFO] IPUIPlugin:80 - create IPUIPlugin
2024-08-27 06:49:18,653 [INFO] IPUIPlugin:80 - create IPUIPlugin
2024-08-27 06:49:18,653 [INFO] IPUIPlugin:80 - create IPUIPlugin
2024-08-27 06:49:18,654 [INFO] IPUIPlugin:80 - create IPUIPlugin
2024-08-27 06:49:18,654 [INFO] IPUIPlugin:80 - create IPUIPlugin
2024-08-27 06:49:18,655 [INFO] IPUIPlugin:80 - create IPUIPlugin
2024-08-27 06:49:18,655 [INFO] IPUIPlugin:80 - create IPUIPlugin
2024-08-27 06:49:18,656 [INFO] IPUIPlugin:80 - create IPUIPlugin
2024-08-27 06:49:18,656 [INFO] IPUIPlugin:80 - create IPUIPlugin
2024-08-27 06:49:18,657 [INFO] IPUIPlugin:80 - create IPUIPlugin
2024-08-27 06:49:18,657 [INFO] IPUIPlugin:80 - create IPUIPlugin
2024-08-27 06:49:18,659 [INFO] IPUIPlugin:80 - create IPUIPlugin
2024-08-27 06:49:18,659 [INFO] IPUIPlugin:80 - create IPUIPlugin
2024-08-27 06:49:18,659 [INFO] IPUIPlugin:80 - create IPUIPlugin
2024-08-27 06:49:18,660 [INFO] IPUIPlugin:80 - create IPUIPlugin
2024-08-27 06:49:18,661 [INFO] IPUIPlugin:80 - create IPUIPlugin
2024-08-27 06:49:18,661 [INFO] IPUIPlugin:80 - create IPUIPlugin
2024-08-27 06:49:18,662 [INFO] IPUIPlugin:80 - create IPUIPlugin
2024-08-27 06:49:18,662 [INFO] IPUIPlugin:80 - create IPUIPlugin
2024-08-27 06:49:18,663 [INFO] IPUIPlugin:80 - create IPUIPlugin
2024-08-27 06:49:18,663 [INFO] IPUIPlugin:80 - create IPUIPlugin
2024-08-27 06:49:18,665 [INFO] IPUIPlugin:80 - create IPUIPlugin
2024-08-27 06:49:18,665 [INFO] IPUIPlugin:80 - create IPUIPlugin
2024-08-27 06:49:18,666 [INFO] IPUIPlugin:80 - create IPUIPlugin
2024-08-27 06:49:18,666 [INFO] IPUIPlugin:80 - create IPUIPlugin
2024-08-27 06:49:18,668 [INFO] IPUIPlugin:80 - create IPUIPlugin
2024-08-27 06:49:18,669 [INFO] IPUIPlugin:80 - create IPUIPlugin
2024-08-27 06:49:18,671 [INFO] IPUIPlugin:80 - create IPUIPlugin
2024-08-27 06:49:18,671 [INFO] IPUIPlugin:80 - create IPUIPlugin
2024-08-27 06:49:18,938 [INFO] ApiDbMcu:508 - Load IP Config File for PDM2PCM
2024-08-27 06:49:18,962 [WARN] IP:2119 - I2C_Coeff_DF not found: check if there is a RefParameter without a condition.
2024-08-27 06:49:18,963 [WARN] IP:2119 - Analog_Filter not found: check if there is a RefParameter without a condition.
2024-08-27 06:49:19,504 [INFO] CADModel:165 - CPN selected for project levelSTM32F446RET6
2024-08-27 06:49:19,504 [INFO] CADModel:114 - Register for checkConnection events
2024-08-27 06:49:19,590 [INFO] OpenFileManager:343 - Restore cursor
2024-08-27 06:49:20,098 [WARN] IP:2119 - I2C_Coeff_DF not found: check if there is a RefParameter without a condition.
2024-08-27 06:49:20,098 [WARN] IP:2119 - Analog_Filter not found: check if there is a RefParameter without a condition.
2024-08-27 06:49:20,099 [WARN] IP:2119 - I2C_Coeff_DF not found: check if there is a RefParameter without a condition.
2024-08-27 06:49:20,099 [WARN] IP:2119 - Analog_Filter not found: check if there is a RefParameter without a condition.
