2024-07-08 16:23:38,632 [INFO] Activator:176 - 


2024-07-08 16:23:38,647 [INFO] Activator:177 - !SESSION log4j initialized
2024-07-08 16:23:49,586 [INFO] LogOutputStream:77 - [STDOUT_REDIRECT] 
2024-07-08 16:23:49,925 [ERROR] ConfigurationRetriever:142 - IOException on connection: sw-center.st.com
2024-07-08 16:23:49,926 [ERROR] ConfigurationRetriever:142 - IOException on connection: sw-center.st.com
2024-07-08 16:23:49,926 [ERROR] ConfigurationRetriever:142 - IOException on connection: sw-center.st.com
2024-07-08 16:23:49,929 [ERROR] ConfigurationRetriever:142 - IOException on connection: sw-center.st.com
2024-07-08 16:23:49,931 [ERROR] ConfigurationRetriever:142 - IOException on connection: sw-center.st.com
2024-07-08 16:23:49,931 [ERROR] ConfigurationRetriever:142 - IOException on connection: sw-center.st.com
2024-07-08 16:24:13,237 [INFO] ApplicationProperties:184 - Using Application install path: C:\ST\STM32CubeIDE_1.14.1\STM32CubeIDE\plugins\com.st.stm32cube.common.mx_6.10.0.202311202037
2024-07-08 16:24:13,264 [INFO] DbMcusXml:78 - Set database path to: C:\ST\STM32CubeIDE_1.14.1\STM32CubeIDE\plugins\com.st.stm32cube.common.mx_6.10.0.202311202037\\db\/mcu/
2024-07-08 16:24:13,264 [INFO] ApiDb:274 - Set plugin database path to: C:\ST\STM32CubeIDE_1.14.1\STM32CubeIDE\plugins\com.st.stm32cube.common.mx_6.10.0.202311202037\\db\/plugins/boardmanager/
2024-07-08 16:24:13,265 [WARN] ApiDb:259 - Overriding images path with different value:  => C:\ST\STM32CubeIDE_1.14.1\STM32CubeIDE\plugins\com.st.stm32cube.common.mx_6.10.0.202311202037\\db\/plugins/mcufinder/images/
2024-07-08 16:24:13,276 [INFO] ApiDb:250 - Set database path to: C:\Users\revat\.stmcufinder\plugins\mcufinder//mcu/
2024-07-08 16:24:13,278 [INFO] DbMcusAds:125 - Set database path to: C:\Users\revat\.stmcufinder\plugins\mcufinder//mcu/
2024-07-08 16:24:13,285 [INFO] CrossReferenceDbSqlite:203 - Set database path to: C:\Users\revat\.stmcufinder\plugins\mcufinder//mcu/cs/
2024-07-08 16:24:13,439 [INFO] RulesReader:64 - Compatibility file has been processed (297 Rules)
2024-07-08 16:24:13,538 [INFO] DbMcusXml:78 - Set database path to: C:\ST\STM32CubeIDE_1.14.1\STM32CubeIDE\plugins\com.st.stm32cube.common.mx_6.10.0.202311202037\\db\/mcu/
2024-07-08 16:24:13,538 [INFO] ApiDb:274 - Set plugin database path to: C:\ST\STM32CubeIDE_1.14.1\STM32CubeIDE\plugins\com.st.stm32cube.common.mx_6.10.0.202311202037\\db\/plugins/boardmanager/
2024-07-08 16:24:13,538 [INFO] ApiDb:261 - Set plugin images path to: C:\ST\STM32CubeIDE_1.14.1\STM32CubeIDE\plugins\com.st.stm32cube.common.mx_6.10.0.202311202037\\db\/plugins/mcufinder/images/
2024-07-08 16:24:13,538 [WARN] DbFile:41 - Overriding database path with different value: C:\Users\revat\.stmcufinder\plugins\mcufinder/ => C:\Users\revat\.stmcufinder\plugins\mcufinder
2024-07-08 16:24:13,539 [INFO] ApiDb:250 - Set database path to: C:\Users\revat\.stmcufinder\plugins\mcufinder//mcu/
2024-07-08 16:24:13,539 [WARN] DbFile:41 - Overriding database path with different value: C:\Users\revat\.stmcufinder\plugins\mcufinder/ => C:\Users\revat\.stmcufinder\plugins\mcufinder
2024-07-08 16:24:13,539 [INFO] DbMcusAds:125 - Set database path to: C:\Users\revat\.stmcufinder\plugins\mcufinder//mcu/
2024-07-08 16:24:13,539 [WARN] DbFile:41 - Overriding database path with different value: C:\Users\revat\.stmcufinder\plugins\mcufinder/ => C:\Users\revat\.stmcufinder\plugins\mcufinder
2024-07-08 16:24:13,539 [WARN] DbFile:41 - Overriding database path with different value: C:\Users\revat\.stmcufinder\plugins\mcufinder/ => C:\Users\revat\.stmcufinder\plugins\mcufinder
2024-07-08 16:24:13,539 [INFO] CrossReferenceDbSqlite:203 - Set database path to: C:\Users\revat\.stmcufinder\plugins\mcufinder//mcu/cs/
2024-07-08 16:24:13,628 [INFO] MainPanel:264 - HeapMemory: 268435456
2024-07-08 16:24:13,745 [INFO] DbMcusXml:78 - Set database path to: C:\ST\STM32CubeIDE_1.14.1\STM32CubeIDE\plugins\com.st.stm32cube.common.mx_6.10.0.202311202037\\db\/mcu/
2024-07-08 16:24:13,746 [INFO] ApiDb:274 - Set plugin database path to: C:\ST\STM32CubeIDE_1.14.1\STM32CubeIDE\plugins\com.st.stm32cube.common.mx_6.10.0.202311202037\\db\/plugins/boardmanager/
2024-07-08 16:24:13,746 [INFO] ApiDb:261 - Set plugin images path to: C:\ST\STM32CubeIDE_1.14.1\STM32CubeIDE\plugins\com.st.stm32cube.common.mx_6.10.0.202311202037\\db\/plugins/mcufinder/images/
2024-07-08 16:24:13,746 [WARN] DbFile:41 - Overriding database path with different value: C:\Users\revat\.stmcufinder\plugins\mcufinder/ => C:\Users\revat\.stmcufinder\plugins\mcufinder
2024-07-08 16:24:13,746 [INFO] ApiDb:250 - Set database path to: C:\Users\revat\.stmcufinder\plugins\mcufinder//mcu/
2024-07-08 16:24:13,746 [WARN] DbFile:41 - Overriding database path with different value: C:\Users\revat\.stmcufinder\plugins\mcufinder/ => C:\Users\revat\.stmcufinder\plugins\mcufinder
2024-07-08 16:24:13,746 [INFO] DbMcusAds:125 - Set database path to: C:\Users\revat\.stmcufinder\plugins\mcufinder//mcu/
2024-07-08 16:24:13,746 [WARN] DbFile:41 - Overriding database path with different value: C:\Users\revat\.stmcufinder\plugins\mcufinder/ => C:\Users\revat\.stmcufinder\plugins\mcufinder
2024-07-08 16:24:13,746 [WARN] DbFile:41 - Overriding database path with different value: C:\Users\revat\.stmcufinder\plugins\mcufinder/ => C:\Users\revat\.stmcufinder\plugins\mcufinder
2024-07-08 16:24:13,746 [INFO] CrossReferenceDbSqlite:203 - Set database path to: C:\Users\revat\.stmcufinder\plugins\mcufinder//mcu/cs/
2024-07-08 16:24:13,769 [INFO] ApplicationProperties:184 - Using Application install path: C:\ST\STM32CubeIDE_1.14.1\STM32CubeIDE\plugins\com.st.stm32cube.common.mx_6.10.0.202311202037
2024-07-08 16:24:13,771 [INFO] PluginManage:196 - Search for loadable plugins [exclusion list=, ]
2024-07-08 16:24:13,773 [INFO] PluginManage:310 - Check plugin analytics
2024-07-08 16:24:14,052 [INFO] AnalyticsPlugin:253 - Accepted Software Licenses: 
2024-07-08 16:24:14,052 [INFO] AnalyticsPlugin:255 - Accepted CMSIS Pack Licenses: 
2024-07-08 16:24:14,052 [INFO] AnalyticsPlugin:257 - Accepted Firmware Licenses: FW.F4.1.28.0
2024-07-08 16:24:14,056 [INFO] PluginManage:359 - Loaded plugin analytics (category:tool,tabindex:-1)
2024-07-08 16:24:14,056 [INFO] PluginManage:310 - Check plugin cadmodel
2024-07-08 16:24:14,058 [ERROR] ConfigurationRetriever:142 - IOException on connection: sw-center.st.com
2024-07-08 16:24:14,058 [ERROR] ConfigurationRetriever:142 - IOException on connection: sw-center.st.com
2024-07-08 16:24:14,060 [ERROR] ConfigurationRetriever:142 - IOException on connection: sw-center.st.com
2024-07-08 16:24:14,077 [INFO] CADModel:105 - Init CAD model plugin
2024-07-08 16:24:14,077 [INFO] PluginManage:359 - Loaded plugin cadmodel (category:power,tabindex:5)
2024-07-08 16:24:14,077 [INFO] PluginManage:310 - Check plugin clock
2024-07-08 16:24:14,110 [INFO] PluginManage:359 - Loaded plugin clock (category:base,tabindex:2)
2024-07-08 16:24:14,111 [INFO] PluginManage:310 - Check plugin ddr
2024-07-08 16:24:14,114 [INFO] PluginManage:359 - Loaded plugin ddr (category:tool,tabindex:6)
2024-07-08 16:24:14,115 [INFO] PluginManage:310 - Check plugin filemanager
2024-07-08 16:24:14,352 [INFO] PluginManage:359 - Loaded plugin filemanager (category:base,tabindex:10)
2024-07-08 16:24:14,352 [INFO] PluginManage:310 - Check plugin ipmanager
2024-07-08 16:24:14,365 [INFO] PluginManage:359 - Loaded plugin ipmanager (category:base,tabindex:5)
2024-07-08 16:24:14,365 [INFO] PluginManage:310 - Check plugin lpbam
2024-07-08 16:24:14,392 [INFO] PluginManage:359 - Loaded plugin lpbam (category:base,tabindex:0)
2024-07-08 16:24:14,393 [INFO] PluginManage:310 - Check plugin memorymap
2024-07-08 16:24:14,425 [INFO] PluginManage:359 - Loaded plugin memorymap (category:base,tabindex:4)
2024-07-08 16:24:14,426 [INFO] PluginManage:310 - Check plugin pinoutandconfiguration
2024-07-08 16:24:14,447 [INFO] PluginManage:359 - Loaded plugin pinoutandconfiguration (category:base,tabindex:1)
2024-07-08 16:24:14,447 [INFO] PluginManage:310 - Check plugin pinoutconfig
2024-07-08 16:24:14,593 [WARN] SupportedApi:132 - Cannot load RTOS API schema: s4s-elt-must-match.1: The content of 'definitions' must match (annotation?, (simpleType | complexType)?, (unique | key | keyref)*)). A problem was found starting at: attribute.
2024-07-08 16:24:14,800 [INFO] PluginManage:359 - Loaded plugin pinoutconfig (category:base,tabindex:0)
2024-07-08 16:24:14,800 [INFO] PluginManage:310 - Check plugin power
2024-07-08 16:24:14,828 [INFO] PluginManage:359 - Loaded plugin power (category:power,tabindex:4)
2024-07-08 16:24:14,828 [INFO] PluginManage:310 - Check plugin projectmanager
2024-07-08 16:24:14,850 [INFO] PluginManage:359 - Loaded plugin projectmanager (category:projectmanager,tabindex:3)
2024-07-08 16:24:14,850 [INFO] PluginManage:310 - Check plugin thirdparty
2024-07-08 16:24:15,285 [INFO] PluginManage:359 - Loaded plugin thirdparty (category:base,tabindex:-1)
2024-07-08 16:24:15,285 [WARN] IntegrityCheckThread:84 - waiting for thirdparty lock release [integrity check]
2024-07-08 16:24:15,285 [INFO] PluginManage:310 - Check plugin tools
2024-07-08 16:24:15,285 [INFO] IntegrityCheckThread:86 - entering critical section [integrity check]
2024-07-08 16:24:15,286 [INFO] ThirdPartyUpdaterWithRetryManager:70 - Updater plugin not ready yet. [1/15]
2024-07-08 16:24:15,348 [INFO] PluginManage:359 - Loaded plugin tools (category:base,tabindex:7)
2024-07-08 16:24:15,349 [INFO] PluginManage:310 - Check plugin tutovideos
2024-07-08 16:24:15,646 [INFO] PluginManage:359 - Loaded plugin tutovideos (category:base,tabindex:-1)
2024-07-08 16:24:15,646 [INFO] PluginManage:310 - Check plugin updater
2024-07-08 16:24:15,666 [INFO] PluginManage:359 - Loaded plugin updater (category:base,tabindex:12)
2024-07-08 16:24:15,667 [INFO] PluginManage:310 - Check plugin userauth
2024-07-08 16:24:15,676 [INFO] UserAuth:114 - Init User Auth plugin
2024-07-08 16:24:15,676 [INFO] PluginManage:359 - Loaded plugin userauth (category:base,tabindex:14)
2024-07-08 16:24:15,676 [INFO] PluginManage:283 - PluginManage : Loaded plugins [17]
2024-07-08 16:24:15,958 [INFO] PinOutPanel:1499 - setPackage(No Configuration,No Configuration)
2024-07-08 16:24:16,050 [INFO] CADModel:165 - CPN selected for project level
2024-07-08 16:24:16,051 [INFO] CADModel:114 - Register for checkConnection events
2024-07-08 16:24:16,084 [INFO] IPUIPlugin:80 - create IPUIPlugin
2024-07-08 16:24:16,085 [INFO] PluginManager:220 - loadIPPluginJar : add adc
2024-07-08 16:24:16,137 [INFO] IPUIPlugin:80 - create IPUIPlugin
2024-07-08 16:24:16,138 [INFO] PluginManager:220 - loadIPPluginJar : add aes
2024-07-08 16:24:16,200 [INFO] IPUIPlugin:80 - create IPUIPlugin
2024-07-08 16:24:16,200 [INFO] PluginManager:220 - loadIPPluginJar : add can
2024-07-08 16:24:16,235 [INFO] IPUIPlugin:80 - create IPUIPlugin
2024-07-08 16:24:16,235 [INFO] PluginManager:220 - loadIPPluginJar : add comp
2024-07-08 16:24:16,274 [INFO] IPUIPlugin:80 - create IPUIPlugin
2024-07-08 16:24:16,274 [INFO] PluginManager:220 - loadIPPluginJar : add cryp
2024-07-08 16:24:16,314 [INFO] IPUIPlugin:80 - create IPUIPlugin
2024-07-08 16:24:16,314 [INFO] PluginManager:220 - loadIPPluginJar : add dfsdm
2024-07-08 16:24:16,334 [INFO] IPUIPlugin:80 - create IPUIPlugin
2024-07-08 16:24:16,334 [INFO] PluginManager:220 - loadIPPluginJar : add dma
2024-07-08 16:24:16,388 [INFO] IPUIPlugin:80 - create IPUIPlugin
2024-07-08 16:24:16,388 [INFO] PluginManager:220 - loadIPPluginJar : add dma3
2024-07-08 16:24:16,413 [INFO] IPUIPlugin:80 - create IPUIPlugin
2024-07-08 16:24:16,414 [INFO] PluginManager:220 - loadIPPluginJar : add fatfs
2024-07-08 16:24:16,490 [INFO] IPUIPlugin:80 - create IPUIPlugin
2024-07-08 16:24:16,490 [INFO] PluginManager:220 - loadIPPluginJar : add fmc
2024-07-08 16:24:16,510 [INFO] IPUIPlugin:80 - create IPUIPlugin
2024-07-08 16:24:16,511 [INFO] PluginManager:220 - loadIPPluginJar : add freertos
2024-07-08 16:24:16,537 [INFO] IPUIPlugin:80 - create IPUIPlugin
2024-07-08 16:24:16,537 [INFO] PluginManager:220 - loadIPPluginJar : add genericplugin
2024-07-08 16:24:16,673 [INFO] IPUIPlugin:80 - create IPUIPlugin
2024-07-08 16:24:16,673 [INFO] PluginManager:220 - loadIPPluginJar : add gfxmmu
2024-07-08 16:24:16,873 [INFO] IPUIPlugin:80 - create IPUIPlugin
2024-07-08 16:24:16,874 [INFO] PluginManager:220 - loadIPPluginJar : add gic
2024-07-08 16:24:16,893 [INFO] IPUIPlugin:80 - create IPUIPlugin
2024-07-08 16:24:16,894 [INFO] PluginManager:220 - loadIPPluginJar : add gpio
2024-07-08 16:24:17,011 [INFO] IPUIPlugin:80 - create IPUIPlugin
2024-07-08 16:24:17,012 [INFO] PluginManager:220 - loadIPPluginJar : add gtzc
2024-07-08 16:24:17,044 [INFO] IPUIPlugin:80 - create IPUIPlugin
2024-07-08 16:24:17,045 [INFO] PluginManager:220 - loadIPPluginJar : add hash
2024-07-08 16:24:17,094 [INFO] IPUIPlugin:80 - create IPUIPlugin
2024-07-08 16:24:17,094 [INFO] PluginManager:220 - loadIPPluginJar : add i2c
2024-07-08 16:24:17,141 [INFO] IPUIPlugin:80 - create IPUIPlugin
2024-07-08 16:24:17,141 [INFO] PluginManager:220 - loadIPPluginJar : add i2s
2024-07-08 16:24:17,181 [INFO] IPUIPlugin:80 - create IPUIPlugin
2024-07-08 16:24:17,181 [INFO] PluginManager:220 - loadIPPluginJar : add i3c
2024-07-08 16:24:17,282 [INFO] IPUIPlugin:80 - create IPUIPlugin
2024-07-08 16:24:17,282 [INFO] PluginManager:220 - loadIPPluginJar : add ipddr
2024-07-08 16:24:17,418 [INFO] IPUIPlugin:80 - create IPUIPlugin
2024-07-08 16:24:17,418 [INFO] PluginManager:220 - loadIPPluginJar : add linkedlist
2024-07-08 16:24:17,454 [INFO] IPUIPlugin:80 - create IPUIPlugin
2024-07-08 16:24:17,454 [INFO] PluginManager:220 - loadIPPluginJar : add lorawan
2024-07-08 16:24:17,499 [INFO] IPUIPlugin:80 - create IPUIPlugin
2024-07-08 16:24:17,499 [INFO] PluginManager:220 - loadIPPluginJar : add ltdc
2024-07-08 16:24:17,520 [INFO] IPUIPlugin:80 - create IPUIPlugin
2024-07-08 16:24:17,520 [INFO] PluginManager:220 - loadIPPluginJar : add mdma
2024-07-08 16:24:17,533 [INFO] IPUIPlugin:80 - create IPUIPlugin
2024-07-08 16:24:17,533 [INFO] PluginManager:220 - loadIPPluginJar : add nvic
2024-07-08 16:24:17,569 [INFO] IPUIPlugin:80 - create IPUIPlugin
2024-07-08 16:24:17,570 [INFO] PluginManager:220 - loadIPPluginJar : add opamp
2024-07-08 16:24:17,635 [INFO] IPUIPlugin:80 - create IPUIPlugin
2024-07-08 16:24:17,635 [INFO] PluginManager:220 - loadIPPluginJar : add openamp
2024-07-08 16:24:17,687 [INFO] IPUIPlugin:80 - create IPUIPlugin
2024-07-08 16:24:17,687 [INFO] PluginManager:220 - loadIPPluginJar : add pdm2pcm
2024-07-08 16:24:17,703 [INFO] IPUIPlugin:80 - create IPUIPlugin
2024-07-08 16:24:17,704 [INFO] PluginManager:220 - loadIPPluginJar : add plateformsettings
2024-07-08 16:24:17,731 [INFO] IPUIPlugin:80 - create IPUIPlugin
2024-07-08 16:24:17,731 [INFO] PluginManager:220 - loadIPPluginJar : add quadspi
2024-07-08 16:24:17,747 [INFO] IPUIPlugin:80 - create IPUIPlugin
2024-07-08 16:24:17,747 [INFO] PluginManager:220 - loadIPPluginJar : add resmgrutility
2024-07-08 16:24:17,795 [INFO] IPUIPlugin:80 - create IPUIPlugin
2024-07-08 16:24:17,795 [INFO] PluginManager:220 - loadIPPluginJar : add sai
2024-07-08 16:24:17,830 [INFO] IPUIPlugin:80 - create IPUIPlugin
2024-07-08 16:24:17,830 [INFO] PluginManager:220 - loadIPPluginJar : add spi
2024-07-08 16:24:17,905 [INFO] IPUIPlugin:80 - create IPUIPlugin
2024-07-08 16:24:17,905 [INFO] PluginManager:220 - loadIPPluginJar : add stm32_wpan
2024-07-08 16:24:17,927 [INFO] IPUIPlugin:80 - create IPUIPlugin
2024-07-08 16:24:17,927 [INFO] PluginManager:220 - loadIPPluginJar : add tim
2024-07-08 16:24:17,982 [INFO] IPUIPlugin:80 - create IPUIPlugin
2024-07-08 16:24:17,982 [INFO] PluginManager:220 - loadIPPluginJar : add touchsensing
2024-07-08 16:24:18,006 [INFO] IPUIPlugin:80 - create IPUIPlugin
2024-07-08 16:24:18,006 [INFO] PluginManager:220 - loadIPPluginJar : add tracer_emb
2024-07-08 16:24:18,028 [INFO] IPUIPlugin:80 - create IPUIPlugin
2024-07-08 16:24:18,028 [INFO] PluginManager:220 - loadIPPluginJar : add ts
2024-07-08 16:24:18,048 [INFO] IPUIPlugin:80 - create IPUIPlugin
2024-07-08 16:24:18,048 [INFO] PluginManager:220 - loadIPPluginJar : add tsc
2024-07-08 16:24:18,071 [INFO] IPUIPlugin:80 - create IPUIPlugin
2024-07-08 16:24:18,071 [INFO] PluginManager:220 - loadIPPluginJar : add ucpd
2024-07-08 16:24:18,111 [INFO] IPUIPlugin:80 - create IPUIPlugin
2024-07-08 16:24:18,111 [INFO] PluginManager:220 - loadIPPluginJar : add usart
2024-07-08 16:24:18,157 [INFO] IPUIPlugin:80 - create IPUIPlugin
2024-07-08 16:24:18,157 [INFO] PluginManager:220 - loadIPPluginJar : add usbx
2024-07-08 16:24:18,287 [INFO] ThirdPartyUpdaterWithRetryManager:70 - Updater plugin not ready yet. [2/15]
2024-07-08 16:24:18,290 [INFO] CADModel:165 - CPN selected for project level
2024-07-08 16:24:18,290 [INFO] CADModel:114 - Register for checkConnection events
2024-07-08 16:24:18,290 [FATAL] Updater:308 - Updater called before beeing initialized
2024-07-08 16:24:18,290 [ERROR] CADModel:125 - Updater not yet initialized, retry later 
2024-07-08 16:24:18,431 [INFO] CADModel:165 - CPN selected for project level
2024-07-08 16:24:18,431 [INFO] CADModel:114 - Register for checkConnection events
2024-07-08 16:24:18,431 [FATAL] Updater:308 - Updater called before beeing initialized
2024-07-08 16:24:18,431 [ERROR] CADModel:125 - Updater not yet initialized, retry later 
2024-07-08 16:24:18,435 [FATAL] Updater:308 - Updater called before beeing initialized
2024-07-08 16:24:18,566 [FATAL] Updater:308 - Updater called before beeing initialized
2024-07-08 16:24:18,576 [INFO] DbMcusAds:53 - JSON generation date=Thu May 16 14:52:00 IST 2024 (1715851320852)
2024-07-08 16:24:18,576 [FATAL] Updater:308 - Updater called before beeing initialized
2024-07-08 16:24:18,661 [WARN] DetailPanel:346 - Failed to get advertising image, set to default
2024-07-08 16:24:18,752 [FATAL] Updater:308 - Updater called before beeing initialized
2024-07-08 16:24:18,754 [FATAL] Updater:308 - Updater called before beeing initialized
2024-07-08 16:24:18,755 [FATAL] Updater:308 - Updater called before beeing initialized
2024-07-08 16:24:18,755 [WARN] DetailPanel:346 - Failed to get advertising image, set to default
2024-07-08 16:24:18,755 [FATAL] Updater:308 - Updater called before beeing initialized
2024-07-08 16:24:18,831 [ERROR] Updater:1120 - MainUpdater not yet initialized. External WinMGr cannot be set.
2024-07-08 16:24:18,843 [INFO] Updater:1056 - Updater Version found : 6.10.0
2024-07-08 16:24:18,866 [INFO] ApplicationProperties:184 - Using Application install path: C:\ST\STM32CubeIDE_1.14.1\STM32CubeIDE\plugins\com.st.stm32cube.common.mx_6.10.0.202311202037
2024-07-08 16:24:20,447 [ERROR] LogOutputStream:75 - [STDERR_REDIRECT] Jul 08, 2024 4:24:20 PM java.util.prefs.WindowsPreferences <init>
2024-07-08 16:24:20,448 [ERROR] LogOutputStream:75 - [STDERR_REDIRECT] WARNING: Could not open/create prefs root node Software\JavaSoft\Prefs at root 0xffffffff80000002. Windows RegCreateKeyEx(...) returned error code 5.
2024-07-08 16:24:20,448 [ERROR] LogOutputStream:75 - [STDERR_REDIRECT] 
2024-07-08 16:24:20,698 [INFO] MainUpdater:2873 - connection check result : 22
2024-07-08 16:24:20,699 [INFO] MainUpdater:290 - Updater Check For Update Now.
2024-07-08 16:24:20,699 [INFO] MicroXplorer:498 - Change Database Version : DB.6.0.100
2024-07-08 16:24:20,719 [INFO] McuFinderGlobals:63 - Set McuFinder mode to 2 (CubeIDE integrated)
2024-07-08 16:24:20,719 [INFO] UserAuth:180 - activating auth plugin
2024-07-08 16:24:20,722 [INFO] UserAuth:404 - Internet connection configuration mode: 2
2024-07-08 16:24:20,748 [INFO] UserAuth:404 - Internet connection configuration mode: 2
2024-07-08 16:24:20,933 [INFO] CheckServerUpdateThread:120 - End of CheckServer Thread
2024-07-08 16:24:21,498 [WARN] PackLoader:240 - Cannot read IP mode file for STMicroelectronics.FP-SNS-MOTENVWB1.1.4.0
2024-07-08 16:24:21,515 [WARN] PackLoader:240 - Cannot read IP mode file for STMicroelectronics.X-CUBE-SMBUS.2.1.0
2024-07-08 16:24:21,531 [WARN] PackLoader:240 - Cannot read IP mode file for STMicroelectronics.X-CUBE-TOUCHGFX.4.23.0
2024-07-08 16:24:21,576 [WARN] PackLoader:240 - Cannot read IP mode file for STMicroelectronics.X-CUBE-AZRTOS-F7.1.1.0
2024-07-08 16:24:21,596 [WARN] PackLoader:240 - Cannot read IP mode file for STMicroelectronics.FP-SNS-MOTENV1.4.3.2
2024-07-08 16:24:21,611 [WARN] PackLoader:240 - Cannot read IP mode file for STMicroelectronics.FP-SNS-FLIGHT1.5.0.2
2024-07-08 16:24:21,627 [WARN] PackLoader:240 - Cannot read IP mode file for STMicroelectronics.X-CUBE-DISPLAY.3.0.0
2024-07-08 16:24:21,649 [WARN] PackLoader:240 - Cannot read IP mode file for STMicroelectronics.X-CUBE-BLE1.7.0.0
2024-07-08 16:24:21,662 [WARN] PackLoader:240 - Cannot read IP mode file for emotas.I-CUBE-CANOPEN.1.3.0
2024-07-08 16:24:21,683 [WARN] PackLoader:240 - Cannot read IP mode file for STMicroelectronics.X-CUBE-BLEMGR.3.1.0
2024-07-08 16:24:21,698 [WARN] PackLoader:240 - Cannot read IP mode file for STMicroelectronics.FP-SNS-SMARTAG2.1.2.0
2024-07-08 16:24:21,724 [INFO] LogOutputStream:77 - [STDOUT_REDIRECT] 1 : Invalid condition id : UX_CORESTACK_Condition cause : null
2024-07-08 16:24:21,725 [INFO] LogOutputStream:77 - [STDOUT_REDIRECT] 1 : Invalid condition id : UX_CORESTACK_Condition cause : null
2024-07-08 16:24:21,726 [INFO] LogOutputStream:77 - [STDOUT_REDIRECT] 1 : Invalid condition id : UX_CORESTACK_Condition cause : null
2024-07-08 16:24:21,728 [INFO] LogOutputStream:77 - [STDOUT_REDIRECT] 1 : Invalid condition id : UX_CORESTACK_Condition cause : null
2024-07-08 16:24:21,729 [INFO] LogOutputStream:77 - [STDOUT_REDIRECT] 1 : Invalid condition id : UX_CORESTACK_Condition cause : null
2024-07-08 16:24:21,733 [WARN] PackLoader:240 - Cannot read IP mode file for STMicroelectronics.X-CUBE-AZRTOS-WL.2.0.0
2024-07-08 16:24:21,748 [WARN] PackLoader:240 - Cannot read IP mode file for STMicroelectronics.FP-SNS-MOTENV1.5.0.0
2024-07-08 16:24:21,760 [WARN] PackLoader:240 - Cannot read IP mode file for wolfSSL.I-CUBE-wolfMQTT.1.19.0
2024-07-08 16:24:21,778 [WARN] PackLoader:240 - Cannot read IP mode file for WES.I-CUBE-Cesium.1.3.0
2024-07-08 16:24:21,790 [WARN] PackLoader:240 - Cannot read IP mode file for STMicroelectronics.X-CUBE-BLE2.3.3.0
2024-07-08 16:24:21,807 [WARN] PackLoader:240 - Cannot read IP mode file for STMicroelectronics.X-CUBE-TCPP.4.1.0
2024-07-08 16:24:21,834 [WARN] PackLoader:240 - Cannot read IP mode file for STMicroelectronics.X-CUBE-ALGOBUILD.1.3.0
2024-07-08 16:24:21,857 [WARN] PackLoader:240 - Cannot read IP mode file for STMicroelectronics.X-CUBE-AZRTOS-G0.1.1.0
2024-07-08 16:24:21,872 [WARN] PackLoader:240 - Cannot read IP mode file for STMicroelectronics.X-CUBE-SAFEA1.1.2.2
2024-07-08 16:24:21,885 [WARN] PackLoader:240 - Cannot read IP mode file for STMicroelectronics.X-CUBE-NFC4.3.0.0
2024-07-08 16:24:21,898 [WARN] PackLoader:240 - Cannot read IP mode file for STMicroelectronics.FP-ATR-SIGFOX1.3.2.0
2024-07-08 16:24:21,911 [WARN] PackLoader:240 - Cannot read IP mode file for STMicroelectronics.X-CUBE-EEPRMA1.5.1.0
2024-07-08 16:24:21,974 [WARN] PackLoader:240 - Cannot read IP mode file for SEGGER.I-CUBE-embOS.1.3.1
2024-07-08 16:24:22,103 [WARN] PackLoader:240 - Cannot read IP mode file for STMicroelectronics.X-CUBE-ALGOBUILD.1.4.0
2024-07-08 16:24:22,134 [WARN] PackLoader:240 - Cannot read IP mode file for STMicroelectronics.X-CUBE-GNSS1.6.0.0
2024-07-08 16:24:22,172 [WARN] PackLoader:240 - Cannot read IP mode file for STMicroelectronics.X-CUBE-AZRTOS-F4.1.1.0
2024-07-08 16:24:22,192 [WARN] PackLoader:240 - Cannot read IP mode file for STMicroelectronics.X-CUBE-FREERTOS.1.2.0
2024-07-08 16:24:22,208 [WARN] PackLoader:240 - Cannot read IP mode file for wolfSSL.I-CUBE-wolfSSL.5.6.6
2024-07-08 16:24:22,248 [WARN] PackLoader:240 - Cannot read IP mode file for STMicroelectronics.X-CUBE-AZRTOS-L5.2.0.0
2024-07-08 16:24:22,292 [WARN] PackLoader:240 - Cannot read IP mode file for STMicroelectronics.X-CUBE-NFC6.3.1.0
2024-07-08 16:24:22,310 [WARN] PackLoader:240 - Cannot read IP mode file for ITTIA_DB.I-CUBE-ITTIADB.8.8.0
2024-07-08 16:24:22,327 [WARN] PackLoader:240 - Cannot read IP mode file for STMicroelectronics.X-CUBE-AI.9.0.0
2024-07-08 16:24:22,348 [WARN] PackLoader:240 - Cannot read IP mode file for STMicroelectronics.X-CUBE-NFC7.1.0.1
2024-07-08 16:24:22,377 [WARN] PackLoader:240 - Cannot read IP mode file for STMicroelectronics.X-CUBE-NFC6.3.0.0
2024-07-08 16:24:22,398 [WARN] PackLoader:240 - Cannot read IP mode file for STMicroelectronics.X-CUBE-AI.8.1.0
2024-07-08 16:24:22,444 [WARN] ConditionMgr:438 - getConditionDescription Invalid condition id : LAN8742 Phy interface Condition cause : null
2024-07-08 16:24:22,450 [WARN] PackLoader:240 - Cannot read IP mode file for STMicroelectronics.X-CUBE-AZRTOS-L4.2.0.0
2024-07-08 16:24:22,452 [WARN] ConditionMgr:1039 - genDependencies : Invalid condition id : LAN8742 Phy interface Condition cause : null
2024-07-08 16:24:22,453 [WARN] ConditionMgr:1039 - genDependencies : Invalid condition id : LAN8742 Phy interface Condition cause : null
2024-07-08 16:24:22,454 [WARN] ConditionMgr:1039 - genDependencies : Invalid condition id : LAN8742 Phy interface Condition cause : null
2024-07-08 16:24:22,480 [WARN] PackLoader:240 - Cannot read IP mode file for STMicroelectronics.X-CUBE-SFXS2LP1.4.0.0
2024-07-08 16:24:22,526 [WARN] ConditionMgr:438 - getConditionDescription Invalid condition id : UX DEVICE CLASS RTOS Condition cause : null
2024-07-08 16:24:22,526 [WARN] ConditionMgr:438 - getConditionDescription Invalid condition id : UX DEVICE CLASS RTOS Condition cause : null
2024-07-08 16:24:22,530 [WARN] PackLoader:240 - Cannot read IP mode file for STMicroelectronics.X-CUBE-AZRTOS-WB.2.0.0
2024-07-08 16:24:22,531 [WARN] ConditionMgr:1039 - genDependencies : Invalid condition id : UX DEVICE CLASS RTOS Condition cause : null
2024-07-08 16:24:22,531 [WARN] ConditionMgr:1039 - genDependencies : Invalid condition id : UX DEVICE CLASS RTOS Condition cause : null
2024-07-08 16:24:22,532 [WARN] ConditionMgr:1039 - genDependencies : Invalid condition id : UX DEVICE CLASS RTOS Condition cause : null
2024-07-08 16:24:22,532 [WARN] ConditionMgr:1039 - genDependencies : Invalid condition id : UX DEVICE CLASS RTOS Condition cause : null
2024-07-08 16:24:22,532 [WARN] ConditionMgr:1039 - genDependencies : Invalid condition id : UX DEVICE CLASS RTOS Condition cause : null
2024-07-08 16:24:22,571 [WARN] PackLoader:240 - Cannot read IP mode file for STMicroelectronics.X-CUBE-SUBG2.5.0.0
2024-07-08 16:24:22,617 [WARN] PackLoader:240 - Cannot read IP mode file for STMicroelectronics.X-CUBE-AZRTOS-G4.2.0.0
2024-07-08 16:24:22,654 [WARN] PackLoader:240 - Cannot read IP mode file for Infineon.AIROC-Wi-Fi-Bluetooth-STM32.1.5.1
2024-07-08 16:24:22,673 [WARN] PackLoader:240 - Cannot read IP mode file for STMicroelectronics.FP-SNS-MOTENVWB1.1.3.1
2024-07-08 16:24:22,690 [WARN] PackLoader:240 - Cannot read IP mode file for STMicroelectronics.X-CUBE-ISPU.2.0.0
2024-07-08 16:24:22,708 [WARN] PackLoader:240 - Cannot read IP mode file for STMicroelectronics.X-CUBE-ALS.1.0.2
2024-07-08 16:24:22,779 [WARN] PackLoader:240 - Cannot read IP mode file for STMicroelectronics.X-CUBE-MEMS1.10.0.0
2024-07-08 16:24:22,914 [WARN] PackLoader:240 - Cannot read IP mode file for STMicroelectronics.X-CUBE-FREERTOS.1.1.0
2024-07-08 16:24:22,935 [WARN] PackLoader:240 - Cannot read IP mode file for STMicroelectronics.X-CUBE-TOUCHGFX.4.24.0
2024-07-08 16:24:22,960 [WARN] PackLoader:240 - Cannot read IP mode file for portGmbH.I-Cube-SoM-uGOAL.1.1.0
2024-07-08 16:24:22,980 [WARN] PackLoader:240 - Cannot read IP mode file for STMicroelectronics.X-CUBE-ALS.1.0.1
2024-07-08 16:24:23,038 [WARN] PackLoader:240 - Cannot read IP mode file for STMicroelectronics.X-CUBE-AZRTOS-H7RS.1.0.0
2024-07-08 16:24:23,061 [WARN] PackLoader:240 - Cannot read IP mode file for STMicroelectronics.FP-ATR-ASTRA1.2.0.0
2024-07-08 16:24:23,088 [WARN] PackLoader:240 - Cannot read IP mode file for STMicroelectronics.X-CUBE-TOF1.3.4.1
2024-07-08 16:24:23,125 [WARN] PackLoader:240 - Cannot read IP mode file for STMicroelectronics.X-CUBE-AZRTOS-H7.3.2.0
2024-07-08 16:24:23,128 [INFO] ThirdParty:978 - Integrity check success = true
2024-07-08 16:24:23,128 [INFO] IntegrityCheckThread:100 - exiting critical section [integrity check]
2024-07-08 16:24:23,128 [INFO] IntegrityCheckThread:103 - End integrity checks thread
2024-07-08 16:24:41,548 [ERROR] LogOutputStream:75 - [STDERR_REDIRECT] SLF4J: Failed to load class "org.slf4j.impl.StaticLoggerBinder".
2024-07-08 16:24:41,550 [ERROR] LogOutputStream:75 - [STDERR_REDIRECT] SLF4J: Defaulting to no-operation (NOP) logger implementation
2024-07-08 16:24:41,551 [ERROR] LogOutputStream:75 - [STDERR_REDIRECT] SLF4J: See http://www.slf4j.org/codes.html#StaticLoggerBinder for further details.
2024-07-08 16:28:40,440 [ERROR] ConfigurationRetriever:142 - IOException on connection: sw-center.st.com
2024-07-08 16:28:40,440 [ERROR] ConfigurationRetriever:142 - IOException on connection: sw-center.st.com
2024-07-08 16:28:40,441 [ERROR] ConfigurationRetriever:142 - IOException on connection: sw-center.st.com
2024-07-08 16:28:40,822 [ERROR] ConfigurationRetriever:142 - IOException on connection: sw-center.st.com
2024-07-08 16:28:40,822 [ERROR] ConfigurationRetriever:142 - IOException on connection: sw-center.st.com
2024-07-08 16:28:40,823 [ERROR] ConfigurationRetriever:142 - IOException on connection: sw-center.st.com
