2024-07-01 11:33:04,281 [INFO] Activator:176 - 


2024-07-01 11:33:04,292 [INFO] Activator:177 - !SESSION log4j initialized
2024-07-01 11:33:25,131 [INFO] LogOutputStream:77 - [STDOUT_REDIRECT] 
2024-07-01 11:33:51,026 [INFO] ApplicationProperties:184 - Using Application install path: C:\ST\STM32CubeIDE_1.14.1\STM32CubeIDE\plugins\com.st.stm32cube.common.mx_6.10.0.202311202037
2024-07-01 11:33:51,053 [INFO] DbMcusXml:78 - Set database path to: C:\ST\STM32CubeIDE_1.14.1\STM32CubeIDE\plugins\com.st.stm32cube.common.mx_6.10.0.202311202037\\db\/mcu/
2024-07-01 11:33:51,053 [INFO] ApiDb:274 - Set plugin database path to: C:\ST\STM32CubeIDE_1.14.1\STM32CubeIDE\plugins\com.st.stm32cube.common.mx_6.10.0.202311202037\\db\/plugins/boardmanager/
2024-07-01 11:33:51,054 [WARN] ApiDb:259 - Overriding images path with different value:  => C:\ST\STM32CubeIDE_1.14.1\STM32CubeIDE\plugins\com.st.stm32cube.common.mx_6.10.0.202311202037\\db\/plugins/mcufinder/images/
2024-07-01 11:33:51,070 [INFO] ApiDb:250 - Set database path to: C:\Users\revat\.stmcufinder\plugins\mcufinder//mcu/
2024-07-01 11:33:51,072 [INFO] DbMcusAds:125 - Set database path to: C:\Users\revat\.stmcufinder\plugins\mcufinder//mcu/
2024-07-01 11:33:51,091 [INFO] CrossReferenceDbSqlite:203 - Set database path to: C:\Users\revat\.stmcufinder\plugins\mcufinder//mcu/cs/
2024-07-01 11:33:51,268 [INFO] RulesReader:64 - Compatibility file has been processed (297 Rules)
2024-07-01 11:33:51,397 [INFO] DbMcusXml:78 - Set database path to: C:\ST\STM32CubeIDE_1.14.1\STM32CubeIDE\plugins\com.st.stm32cube.common.mx_6.10.0.202311202037\\db\/mcu/
2024-07-01 11:33:51,397 [INFO] ApiDb:274 - Set plugin database path to: C:\ST\STM32CubeIDE_1.14.1\STM32CubeIDE\plugins\com.st.stm32cube.common.mx_6.10.0.202311202037\\db\/plugins/boardmanager/
2024-07-01 11:33:51,397 [INFO] ApiDb:261 - Set plugin images path to: C:\ST\STM32CubeIDE_1.14.1\STM32CubeIDE\plugins\com.st.stm32cube.common.mx_6.10.0.202311202037\\db\/plugins/mcufinder/images/
2024-07-01 11:33:51,398 [WARN] DbFile:41 - Overriding database path with different value: C:\Users\revat\.stmcufinder\plugins\mcufinder/ => C:\Users\revat\.stmcufinder\plugins\mcufinder
2024-07-01 11:33:51,398 [INFO] ApiDb:250 - Set database path to: C:\Users\revat\.stmcufinder\plugins\mcufinder//mcu/
2024-07-01 11:33:51,398 [WARN] DbFile:41 - Overriding database path with different value: C:\Users\revat\.stmcufinder\plugins\mcufinder/ => C:\Users\revat\.stmcufinder\plugins\mcufinder
2024-07-01 11:33:51,398 [INFO] DbMcusAds:125 - Set database path to: C:\Users\revat\.stmcufinder\plugins\mcufinder//mcu/
2024-07-01 11:33:51,398 [WARN] DbFile:41 - Overriding database path with different value: C:\Users\revat\.stmcufinder\plugins\mcufinder/ => C:\Users\revat\.stmcufinder\plugins\mcufinder
2024-07-01 11:33:51,398 [WARN] DbFile:41 - Overriding database path with different value: C:\Users\revat\.stmcufinder\plugins\mcufinder/ => C:\Users\revat\.stmcufinder\plugins\mcufinder
2024-07-01 11:33:51,398 [INFO] CrossReferenceDbSqlite:203 - Set database path to: C:\Users\revat\.stmcufinder\plugins\mcufinder//mcu/cs/
2024-07-01 11:33:51,507 [INFO] MainPanel:264 - HeapMemory: 268435456
2024-07-01 11:33:51,644 [INFO] DbMcusXml:78 - Set database path to: C:\ST\STM32CubeIDE_1.14.1\STM32CubeIDE\plugins\com.st.stm32cube.common.mx_6.10.0.202311202037\\db\/mcu/
2024-07-01 11:33:51,644 [INFO] ApiDb:274 - Set plugin database path to: C:\ST\STM32CubeIDE_1.14.1\STM32CubeIDE\plugins\com.st.stm32cube.common.mx_6.10.0.202311202037\\db\/plugins/boardmanager/
2024-07-01 11:33:51,644 [INFO] ApiDb:261 - Set plugin images path to: C:\ST\STM32CubeIDE_1.14.1\STM32CubeIDE\plugins\com.st.stm32cube.common.mx_6.10.0.202311202037\\db\/plugins/mcufinder/images/
2024-07-01 11:33:51,645 [WARN] DbFile:41 - Overriding database path with different value: C:\Users\revat\.stmcufinder\plugins\mcufinder/ => C:\Users\revat\.stmcufinder\plugins\mcufinder
2024-07-01 11:33:51,645 [INFO] ApiDb:250 - Set database path to: C:\Users\revat\.stmcufinder\plugins\mcufinder//mcu/
2024-07-01 11:33:51,645 [WARN] DbFile:41 - Overriding database path with different value: C:\Users\revat\.stmcufinder\plugins\mcufinder/ => C:\Users\revat\.stmcufinder\plugins\mcufinder
2024-07-01 11:33:51,645 [INFO] DbMcusAds:125 - Set database path to: C:\Users\revat\.stmcufinder\plugins\mcufinder//mcu/
2024-07-01 11:33:51,645 [WARN] DbFile:41 - Overriding database path with different value: C:\Users\revat\.stmcufinder\plugins\mcufinder/ => C:\Users\revat\.stmcufinder\plugins\mcufinder
2024-07-01 11:33:51,645 [WARN] DbFile:41 - Overriding database path with different value: C:\Users\revat\.stmcufinder\plugins\mcufinder/ => C:\Users\revat\.stmcufinder\plugins\mcufinder
2024-07-01 11:33:51,645 [INFO] CrossReferenceDbSqlite:203 - Set database path to: C:\Users\revat\.stmcufinder\plugins\mcufinder//mcu/cs/
2024-07-01 11:33:51,670 [INFO] ApplicationProperties:184 - Using Application install path: C:\ST\STM32CubeIDE_1.14.1\STM32CubeIDE\plugins\com.st.stm32cube.common.mx_6.10.0.202311202037
2024-07-01 11:33:51,672 [INFO] PluginManage:196 - Search for loadable plugins [exclusion list=, ]
2024-07-01 11:33:51,673 [INFO] PluginManage:310 - Check plugin analytics
2024-07-01 11:33:51,913 [INFO] AnalyticsPlugin:253 - Accepted Software Licenses: 
2024-07-01 11:33:51,913 [INFO] AnalyticsPlugin:255 - Accepted CMSIS Pack Licenses: 
2024-07-01 11:33:51,914 [INFO] AnalyticsPlugin:257 - Accepted Firmware Licenses: FW.F4.1.28.0
2024-07-01 11:33:51,918 [INFO] PluginManage:359 - Loaded plugin analytics (category:tool,tabindex:-1)
2024-07-01 11:33:51,918 [INFO] PluginManage:310 - Check plugin cadmodel
2024-07-01 11:33:51,935 [INFO] CADModel:105 - Init CAD model plugin
2024-07-01 11:33:51,936 [INFO] PluginManage:359 - Loaded plugin cadmodel (category:power,tabindex:5)
2024-07-01 11:33:51,936 [INFO] PluginManage:310 - Check plugin clock
2024-07-01 11:33:51,963 [INFO] PluginManage:359 - Loaded plugin clock (category:base,tabindex:2)
2024-07-01 11:33:51,963 [INFO] PluginManage:310 - Check plugin ddr
2024-07-01 11:33:51,966 [INFO] PluginManage:359 - Loaded plugin ddr (category:tool,tabindex:6)
2024-07-01 11:33:51,966 [INFO] PluginManage:310 - Check plugin filemanager
2024-07-01 11:33:52,154 [INFO] PluginManage:359 - Loaded plugin filemanager (category:base,tabindex:10)
2024-07-01 11:33:52,154 [INFO] PluginManage:310 - Check plugin ipmanager
2024-07-01 11:33:52,161 [INFO] PluginManage:359 - Loaded plugin ipmanager (category:base,tabindex:5)
2024-07-01 11:33:52,161 [INFO] PluginManage:310 - Check plugin lpbam
2024-07-01 11:33:52,185 [INFO] PluginManage:359 - Loaded plugin lpbam (category:base,tabindex:0)
2024-07-01 11:33:52,185 [INFO] PluginManage:310 - Check plugin memorymap
2024-07-01 11:33:52,217 [INFO] PluginManage:359 - Loaded plugin memorymap (category:base,tabindex:4)
2024-07-01 11:33:52,217 [INFO] PluginManage:310 - Check plugin pinoutandconfiguration
2024-07-01 11:33:52,236 [INFO] PluginManage:359 - Loaded plugin pinoutandconfiguration (category:base,tabindex:1)
2024-07-01 11:33:52,236 [INFO] PluginManage:310 - Check plugin pinoutconfig
2024-07-01 11:33:52,358 [WARN] SupportedApi:132 - Cannot load RTOS API schema: s4s-elt-must-match.1: The content of 'definitions' must match (annotation?, (simpleType | complexType)?, (unique | key | keyref)*)). A problem was found starting at: attribute.
2024-07-01 11:33:52,539 [INFO] PluginManage:359 - Loaded plugin pinoutconfig (category:base,tabindex:0)
2024-07-01 11:33:52,539 [INFO] PluginManage:310 - Check plugin power
2024-07-01 11:33:52,568 [INFO] PluginManage:359 - Loaded plugin power (category:power,tabindex:4)
2024-07-01 11:33:52,568 [INFO] PluginManage:310 - Check plugin projectmanager
2024-07-01 11:33:52,593 [INFO] PluginManage:359 - Loaded plugin projectmanager (category:projectmanager,tabindex:3)
2024-07-01 11:33:52,593 [INFO] PluginManage:310 - Check plugin thirdparty
2024-07-01 11:33:52,933 [INFO] PluginManage:359 - Loaded plugin thirdparty (category:base,tabindex:-1)
2024-07-01 11:33:52,933 [WARN] IntegrityCheckThread:84 - waiting for thirdparty lock release [integrity check]
2024-07-01 11:33:52,933 [INFO] PluginManage:310 - Check plugin tools
2024-07-01 11:33:52,933 [INFO] IntegrityCheckThread:86 - entering critical section [integrity check]
2024-07-01 11:33:52,934 [INFO] ThirdPartyUpdaterWithRetryManager:70 - Updater plugin not ready yet. [1/15]
2024-07-01 11:33:52,966 [INFO] PluginManage:359 - Loaded plugin tools (category:base,tabindex:7)
2024-07-01 11:33:52,966 [INFO] PluginManage:310 - Check plugin tutovideos
2024-07-01 11:33:53,274 [INFO] PluginManage:359 - Loaded plugin tutovideos (category:base,tabindex:-1)
2024-07-01 11:33:53,274 [INFO] PluginManage:310 - Check plugin updater
2024-07-01 11:33:53,290 [INFO] PluginManage:359 - Loaded plugin updater (category:base,tabindex:12)
2024-07-01 11:33:53,290 [INFO] PluginManage:310 - Check plugin userauth
2024-07-01 11:33:53,297 [INFO] UserAuth:114 - Init User Auth plugin
2024-07-01 11:33:53,297 [INFO] PluginManage:359 - Loaded plugin userauth (category:base,tabindex:14)
2024-07-01 11:33:53,298 [INFO] PluginManage:283 - PluginManage : Loaded plugins [17]
2024-07-01 11:33:53,614 [INFO] PinOutPanel:1499 - setPackage(No Configuration,No Configuration)
2024-07-01 11:33:53,707 [INFO] CADModel:165 - CPN selected for project level
2024-07-01 11:33:53,707 [INFO] CADModel:114 - Register for checkConnection events
2024-07-01 11:33:53,743 [INFO] IPUIPlugin:80 - create IPUIPlugin
2024-07-01 11:33:53,743 [INFO] PluginManager:220 - loadIPPluginJar : add adc
2024-07-01 11:33:53,781 [INFO] IPUIPlugin:80 - create IPUIPlugin
2024-07-01 11:33:53,781 [INFO] PluginManager:220 - loadIPPluginJar : add aes
2024-07-01 11:33:53,822 [INFO] IPUIPlugin:80 - create IPUIPlugin
2024-07-01 11:33:53,822 [INFO] PluginManager:220 - loadIPPluginJar : add can
2024-07-01 11:33:53,874 [INFO] IPUIPlugin:80 - create IPUIPlugin
2024-07-01 11:33:53,875 [INFO] PluginManager:220 - loadIPPluginJar : add comp
2024-07-01 11:33:53,910 [INFO] IPUIPlugin:80 - create IPUIPlugin
2024-07-01 11:33:53,910 [INFO] PluginManager:220 - loadIPPluginJar : add cryp
2024-07-01 11:33:53,943 [INFO] IPUIPlugin:80 - create IPUIPlugin
2024-07-01 11:33:53,944 [INFO] PluginManager:220 - loadIPPluginJar : add dfsdm
2024-07-01 11:33:53,962 [INFO] IPUIPlugin:80 - create IPUIPlugin
2024-07-01 11:33:53,962 [INFO] PluginManager:220 - loadIPPluginJar : add dma
2024-07-01 11:33:54,011 [INFO] IPUIPlugin:80 - create IPUIPlugin
2024-07-01 11:33:54,011 [INFO] PluginManager:220 - loadIPPluginJar : add dma3
2024-07-01 11:33:54,031 [INFO] IPUIPlugin:80 - create IPUIPlugin
2024-07-01 11:33:54,031 [INFO] PluginManager:220 - loadIPPluginJar : add fatfs
2024-07-01 11:33:54,083 [INFO] IPUIPlugin:80 - create IPUIPlugin
2024-07-01 11:33:54,084 [INFO] PluginManager:220 - loadIPPluginJar : add fmc
2024-07-01 11:33:54,101 [INFO] IPUIPlugin:80 - create IPUIPlugin
2024-07-01 11:33:54,101 [INFO] PluginManager:220 - loadIPPluginJar : add freertos
2024-07-01 11:33:54,124 [INFO] IPUIPlugin:80 - create IPUIPlugin
2024-07-01 11:33:54,124 [INFO] PluginManager:220 - loadIPPluginJar : add genericplugin
2024-07-01 11:33:54,233 [INFO] IPUIPlugin:80 - create IPUIPlugin
2024-07-01 11:33:54,233 [INFO] PluginManager:220 - loadIPPluginJar : add gfxmmu
2024-07-01 11:33:54,372 [INFO] IPUIPlugin:80 - create IPUIPlugin
2024-07-01 11:33:54,373 [INFO] PluginManager:220 - loadIPPluginJar : add gic
2024-07-01 11:33:54,388 [INFO] IPUIPlugin:80 - create IPUIPlugin
2024-07-01 11:33:54,388 [INFO] PluginManager:220 - loadIPPluginJar : add gpio
2024-07-01 11:33:54,478 [INFO] IPUIPlugin:80 - create IPUIPlugin
2024-07-01 11:33:54,478 [INFO] PluginManager:220 - loadIPPluginJar : add gtzc
2024-07-01 11:33:54,510 [INFO] IPUIPlugin:80 - create IPUIPlugin
2024-07-01 11:33:54,510 [INFO] PluginManager:220 - loadIPPluginJar : add hash
2024-07-01 11:33:54,559 [INFO] IPUIPlugin:80 - create IPUIPlugin
2024-07-01 11:33:54,559 [INFO] PluginManager:220 - loadIPPluginJar : add i2c
2024-07-01 11:33:54,600 [INFO] IPUIPlugin:80 - create IPUIPlugin
2024-07-01 11:33:54,600 [INFO] PluginManager:220 - loadIPPluginJar : add i2s
2024-07-01 11:33:54,645 [INFO] IPUIPlugin:80 - create IPUIPlugin
2024-07-01 11:33:54,645 [INFO] PluginManager:220 - loadIPPluginJar : add i3c
2024-07-01 11:33:54,752 [INFO] IPUIPlugin:80 - create IPUIPlugin
2024-07-01 11:33:54,752 [INFO] PluginManager:220 - loadIPPluginJar : add ipddr
2024-07-01 11:33:54,855 [INFO] IPUIPlugin:80 - create IPUIPlugin
2024-07-01 11:33:54,855 [INFO] PluginManager:220 - loadIPPluginJar : add linkedlist
2024-07-01 11:33:54,892 [INFO] IPUIPlugin:80 - create IPUIPlugin
2024-07-01 11:33:54,892 [INFO] PluginManager:220 - loadIPPluginJar : add lorawan
2024-07-01 11:33:54,932 [INFO] IPUIPlugin:80 - create IPUIPlugin
2024-07-01 11:33:54,932 [INFO] PluginManager:220 - loadIPPluginJar : add ltdc
2024-07-01 11:33:54,947 [INFO] IPUIPlugin:80 - create IPUIPlugin
2024-07-01 11:33:54,947 [INFO] PluginManager:220 - loadIPPluginJar : add mdma
2024-07-01 11:33:54,959 [INFO] IPUIPlugin:80 - create IPUIPlugin
2024-07-01 11:33:54,959 [INFO] PluginManager:220 - loadIPPluginJar : add nvic
2024-07-01 11:33:54,994 [INFO] IPUIPlugin:80 - create IPUIPlugin
2024-07-01 11:33:54,994 [INFO] PluginManager:220 - loadIPPluginJar : add opamp
2024-07-01 11:33:55,049 [INFO] IPUIPlugin:80 - create IPUIPlugin
2024-07-01 11:33:55,050 [INFO] PluginManager:220 - loadIPPluginJar : add openamp
2024-07-01 11:33:55,098 [INFO] IPUIPlugin:80 - create IPUIPlugin
2024-07-01 11:33:55,098 [INFO] PluginManager:220 - loadIPPluginJar : add pdm2pcm
2024-07-01 11:33:55,114 [INFO] IPUIPlugin:80 - create IPUIPlugin
2024-07-01 11:33:55,117 [INFO] PluginManager:220 - loadIPPluginJar : add plateformsettings
2024-07-01 11:33:55,139 [INFO] IPUIPlugin:80 - create IPUIPlugin
2024-07-01 11:33:55,139 [INFO] PluginManager:220 - loadIPPluginJar : add quadspi
2024-07-01 11:33:55,152 [INFO] IPUIPlugin:80 - create IPUIPlugin
2024-07-01 11:33:55,152 [INFO] PluginManager:220 - loadIPPluginJar : add resmgrutility
2024-07-01 11:33:55,195 [INFO] IPUIPlugin:80 - create IPUIPlugin
2024-07-01 11:33:55,195 [INFO] PluginManager:220 - loadIPPluginJar : add sai
2024-07-01 11:33:55,228 [INFO] IPUIPlugin:80 - create IPUIPlugin
2024-07-01 11:33:55,229 [INFO] PluginManager:220 - loadIPPluginJar : add spi
2024-07-01 11:33:55,294 [INFO] IPUIPlugin:80 - create IPUIPlugin
2024-07-01 11:33:55,294 [INFO] PluginManager:220 - loadIPPluginJar : add stm32_wpan
2024-07-01 11:33:55,316 [INFO] IPUIPlugin:80 - create IPUIPlugin
2024-07-01 11:33:55,316 [INFO] PluginManager:220 - loadIPPluginJar : add tim
2024-07-01 11:33:55,365 [INFO] IPUIPlugin:80 - create IPUIPlugin
2024-07-01 11:33:55,365 [INFO] PluginManager:220 - loadIPPluginJar : add touchsensing
2024-07-01 11:33:55,391 [INFO] IPUIPlugin:80 - create IPUIPlugin
2024-07-01 11:33:55,391 [INFO] PluginManager:220 - loadIPPluginJar : add tracer_emb
2024-07-01 11:33:55,413 [INFO] IPUIPlugin:80 - create IPUIPlugin
2024-07-01 11:33:55,413 [INFO] PluginManager:220 - loadIPPluginJar : add ts
2024-07-01 11:33:55,434 [INFO] IPUIPlugin:80 - create IPUIPlugin
2024-07-01 11:33:55,434 [INFO] PluginManager:220 - loadIPPluginJar : add tsc
2024-07-01 11:33:55,466 [INFO] IPUIPlugin:80 - create IPUIPlugin
2024-07-01 11:33:55,466 [INFO] PluginManager:220 - loadIPPluginJar : add ucpd
2024-07-01 11:33:55,507 [INFO] IPUIPlugin:80 - create IPUIPlugin
2024-07-01 11:33:55,507 [INFO] PluginManager:220 - loadIPPluginJar : add usart
2024-07-01 11:33:55,548 [INFO] IPUIPlugin:80 - create IPUIPlugin
2024-07-01 11:33:55,548 [INFO] PluginManager:220 - loadIPPluginJar : add usbx
2024-07-01 11:33:55,678 [INFO] CADModel:165 - CPN selected for project level
2024-07-01 11:33:55,679 [INFO] CADModel:114 - Register for checkConnection events
2024-07-01 11:33:55,679 [FATAL] Updater:308 - Updater called before beeing initialized
2024-07-01 11:33:55,679 [ERROR] CADModel:125 - Updater not yet initialized, retry later 
2024-07-01 11:33:55,855 [INFO] CADModel:165 - CPN selected for project level
2024-07-01 11:33:55,855 [INFO] CADModel:114 - Register for checkConnection events
2024-07-01 11:33:55,855 [FATAL] Updater:308 - Updater called before beeing initialized
2024-07-01 11:33:55,855 [ERROR] CADModel:125 - Updater not yet initialized, retry later 
2024-07-01 11:33:55,859 [FATAL] Updater:308 - Updater called before beeing initialized
2024-07-01 11:33:55,934 [INFO] ThirdPartyUpdaterWithRetryManager:70 - Updater plugin not ready yet. [2/15]
2024-07-01 11:33:55,998 [FATAL] Updater:308 - Updater called before beeing initialized
2024-07-01 11:33:56,011 [INFO] DbMcusAds:53 - JSON generation date=Wed Nov 29 16:22:27 IST 2023 (1701255147349)
2024-07-01 11:33:56,011 [FATAL] Updater:308 - Updater called before beeing initialized
2024-07-01 11:33:56,106 [WARN] DetailPanel:346 - Failed to get advertising image, set to default
2024-07-01 11:33:56,299 [FATAL] Updater:308 - Updater called before beeing initialized
2024-07-01 11:33:56,302 [FATAL] Updater:308 - Updater called before beeing initialized
2024-07-01 11:33:56,302 [FATAL] Updater:308 - Updater called before beeing initialized
2024-07-01 11:33:56,303 [WARN] DetailPanel:346 - Failed to get advertising image, set to default
2024-07-01 11:33:56,303 [FATAL] Updater:308 - Updater called before beeing initialized
2024-07-01 11:33:56,415 [ERROR] Updater:1120 - MainUpdater not yet initialized. External WinMGr cannot be set.
2024-07-01 11:33:56,429 [INFO] Updater:1056 - Updater Version found : 6.10.0
2024-07-01 11:33:56,457 [INFO] ApplicationProperties:184 - Using Application install path: C:\ST\STM32CubeIDE_1.14.1\STM32CubeIDE\plugins\com.st.stm32cube.common.mx_6.10.0.202311202037
2024-07-01 11:33:58,041 [ERROR] LogOutputStream:75 - [STDERR_REDIRECT] Jul 01, 2024 11:33:58 AM java.util.prefs.WindowsPreferences <init>
2024-07-01 11:33:58,044 [ERROR] LogOutputStream:75 - [STDERR_REDIRECT] WARNING: Could not open/create prefs root node Software\JavaSoft\Prefs at root 0xffffffff80000002. Windows RegCreateKeyEx(...) returned error code 5.
2024-07-01 11:33:58,044 [ERROR] LogOutputStream:75 - [STDERR_REDIRECT] 
2024-07-01 11:33:58,461 [INFO] MainUpdater:2873 - connection check result : 10
2024-07-01 11:33:58,462 [INFO] MainUpdater:3567 - Updater definition file requires update
2024-07-01 11:33:58,464 [INFO] MainUpdater:290 - Updater Check For Update Now.
2024-07-01 11:33:58,464 [INFO] MicroXplorer:498 - Change Database Version : DB.6.0.100
2024-07-01 11:33:58,491 [INFO] McuFinderGlobals:63 - Set McuFinder mode to 2 (CubeIDE integrated)
2024-07-01 11:33:58,491 [INFO] UserAuth:180 - activating auth plugin
2024-07-01 11:33:58,494 [INFO] UserAuth:404 - Internet connection configuration mode: 1
2024-07-01 11:33:58,528 [INFO] JxBrowserEngine:152 - Initiate JxBrowser Engine with user profile folder
2024-07-01 11:33:58,595 [INFO] ServerAccessManage:473 - Download File updaters.zip
2024-07-01 11:33:58,750 [INFO] FileExtend:240 - Unzip File : updaters.zip
2024-07-01 11:33:58,750 [INFO] FileExtend:255 - Standard Zip Deflate
2024-07-01 11:33:58,935 [WARN] MainUpdater:1194 - Updater busy. Cannot search thirdparties
2024-07-01 11:33:58,936 [INFO] ThirdPartyUpdaterWithRetryManager:96 - Updater plugin is busy. [1/15]
2024-07-01 11:33:59,324 [INFO] ServerAccessManage:473 - Download File PacksControlFlags.xml
2024-07-01 11:33:59,451 [INFO] ServerAccessManage:473 - Download File cubemx.pidx
2024-07-01 11:33:59,599 [INFO] LoadServerUpdatesThread:375 - End of LoadServerUpdate Thread
2024-07-01 11:33:59,813 [INFO] CheckServerUpdateThread:120 - End of CheckServer Thread
2024-07-01 11:34:01,310 [INFO] WebApp:161 - Instantiating new browser for Auth
2024-07-01 11:34:02,121 [INFO] WebApp:780 - Register for checkConnection events
2024-07-01 11:34:02,121 [INFO] WebApp:414 - Apply proxy settings
2024-07-01 11:34:02,121 [INFO] WebApp:499 - Chromium requires no authentication
2024-07-01 11:34:02,129 [INFO] WebApp:442 - Direct internet connection detected
2024-07-01 11:34:02,131 [WARN] PackLoader:240 - Cannot read IP mode file for STMicroelectronics.FP-SNS-MOTENVWB1.1.4.0
2024-07-01 11:34:02,150 [WARN] PackLoader:240 - Cannot read IP mode file for STMicroelectronics.X-CUBE-SMBUS.2.1.0
2024-07-01 11:34:02,163 [WARN] PackLoader:240 - Cannot read IP mode file for STMicroelectronics.X-CUBE-TOUCHGFX.4.23.0
2024-07-01 11:34:02,209 [WARN] PackLoader:240 - Cannot read IP mode file for STMicroelectronics.X-CUBE-AZRTOS-F7.1.1.0
2024-07-01 11:34:02,233 [WARN] PackLoader:240 - Cannot read IP mode file for STMicroelectronics.FP-SNS-MOTENV1.4.3.2
2024-07-01 11:34:02,253 [WARN] PackLoader:240 - Cannot read IP mode file for STMicroelectronics.FP-SNS-FLIGHT1.5.0.2
2024-07-01 11:34:02,274 [WARN] PackLoader:240 - Cannot read IP mode file for STMicroelectronics.X-CUBE-DISPLAY.3.0.0
2024-07-01 11:34:02,300 [WARN] PackLoader:240 - Cannot read IP mode file for STMicroelectronics.X-CUBE-BLE1.7.0.0
2024-07-01 11:34:02,320 [WARN] PackLoader:240 - Cannot read IP mode file for emotas.I-CUBE-CANOPEN.1.3.0
2024-07-01 11:34:02,345 [WARN] PackLoader:240 - Cannot read IP mode file for STMicroelectronics.X-CUBE-BLEMGR.3.1.0
2024-07-01 11:34:02,360 [WARN] PackLoader:240 - Cannot read IP mode file for STMicroelectronics.FP-SNS-SMARTAG2.1.2.0
2024-07-01 11:34:02,378 [INFO] LogOutputStream:77 - [STDOUT_REDIRECT] 1 : Invalid condition id : UX_CORESTACK_Condition cause : null
2024-07-01 11:34:02,379 [INFO] LogOutputStream:77 - [STDOUT_REDIRECT] 1 : Invalid condition id : UX_CORESTACK_Condition cause : null
2024-07-01 11:34:02,380 [INFO] LogOutputStream:77 - [STDOUT_REDIRECT] 1 : Invalid condition id : UX_CORESTACK_Condition cause : null
2024-07-01 11:34:02,381 [INFO] LogOutputStream:77 - [STDOUT_REDIRECT] 1 : Invalid condition id : UX_CORESTACK_Condition cause : null
2024-07-01 11:34:02,382 [INFO] LogOutputStream:77 - [STDOUT_REDIRECT] 1 : Invalid condition id : UX_CORESTACK_Condition cause : null
2024-07-01 11:34:02,384 [WARN] PackLoader:240 - Cannot read IP mode file for STMicroelectronics.X-CUBE-AZRTOS-WL.2.0.0
2024-07-01 11:34:02,398 [WARN] PackLoader:240 - Cannot read IP mode file for STMicroelectronics.FP-SNS-MOTENV1.5.0.0
2024-07-01 11:34:02,415 [WARN] PackLoader:240 - Cannot read IP mode file for wolfSSL.I-CUBE-wolfMQTT.1.19.0
2024-07-01 11:34:02,433 [WARN] PackLoader:240 - Cannot read IP mode file for WES.I-CUBE-Cesium.1.3.0
2024-07-01 11:34:02,446 [WARN] PackLoader:240 - Cannot read IP mode file for STMicroelectronics.X-CUBE-BLE2.3.3.0
2024-07-01 11:34:02,460 [WARN] PackLoader:240 - Cannot read IP mode file for STMicroelectronics.X-CUBE-TCPP.4.1.0
2024-07-01 11:34:02,476 [WARN] PackLoader:240 - Cannot read IP mode file for STMicroelectronics.X-CUBE-ALGOBUILD.1.3.0
2024-07-01 11:34:02,505 [WARN] PackLoader:240 - Cannot read IP mode file for STMicroelectronics.X-CUBE-AZRTOS-G0.1.1.0
2024-07-01 11:34:02,523 [WARN] PackLoader:240 - Cannot read IP mode file for STMicroelectronics.X-CUBE-SAFEA1.1.2.2
2024-07-01 11:34:02,524 [INFO] WebApp:192 - Starting web application
2024-07-01 11:34:02,524 [INFO] WebApp:544 - Web application path used C:\ST\STM32CubeIDE_1.14.1\STM32CubeIDE\plugins\com.st.stm32cube.common.mx_6.10.0.202311202037\db\plugins\mcufinder\reactClient1\index.html
2024-07-01 11:34:02,544 [WARN] PackLoader:240 - Cannot read IP mode file for STMicroelectronics.X-CUBE-NFC4.3.0.0
2024-07-01 11:34:02,557 [WARN] PackLoader:240 - Cannot read IP mode file for STMicroelectronics.FP-ATR-SIGFOX1.3.2.0
2024-07-01 11:34:02,573 [WARN] PackLoader:240 - Cannot read IP mode file for STMicroelectronics.X-CUBE-EEPRMA1.5.1.0
2024-07-01 11:34:02,623 [WARN] PackLoader:240 - Cannot read IP mode file for SEGGER.I-CUBE-embOS.1.3.1
2024-07-01 11:34:02,674 [WARN] PackLoader:240 - Cannot read IP mode file for STMicroelectronics.X-CUBE-ALGOBUILD.1.4.0
2024-07-01 11:34:02,690 [WARN] PackLoader:240 - Cannot read IP mode file for STMicroelectronics.X-CUBE-GNSS1.6.0.0
2024-07-01 11:34:02,725 [WARN] PackLoader:240 - Cannot read IP mode file for STMicroelectronics.X-CUBE-AZRTOS-F4.1.1.0
2024-07-01 11:34:02,747 [WARN] PackLoader:240 - Cannot read IP mode file for STMicroelectronics.X-CUBE-FREERTOS.1.2.0
2024-07-01 11:34:02,764 [WARN] PackLoader:240 - Cannot read IP mode file for wolfSSL.I-CUBE-wolfSSL.5.6.6
2024-07-01 11:34:02,797 [WARN] PackLoader:240 - Cannot read IP mode file for STMicroelectronics.X-CUBE-AZRTOS-L5.2.0.0
2024-07-01 11:34:02,821 [WARN] PackLoader:240 - Cannot read IP mode file for STMicroelectronics.X-CUBE-NFC6.3.1.0
2024-07-01 11:34:02,841 [WARN] PackLoader:240 - Cannot read IP mode file for ITTIA_DB.I-CUBE-ITTIADB.8.8.0
2024-07-01 11:34:02,857 [WARN] PackLoader:240 - Cannot read IP mode file for STMicroelectronics.X-CUBE-AI.9.0.0
2024-07-01 11:34:02,875 [WARN] PackLoader:240 - Cannot read IP mode file for STMicroelectronics.X-CUBE-NFC7.1.0.1
2024-07-01 11:34:02,894 [WARN] PackLoader:240 - Cannot read IP mode file for STMicroelectronics.X-CUBE-NFC6.3.0.0
2024-07-01 11:34:02,914 [WARN] PackLoader:240 - Cannot read IP mode file for STMicroelectronics.X-CUBE-AI.8.1.0
2024-07-01 11:34:02,949 [WARN] ConditionMgr:438 - getConditionDescription Invalid condition id : LAN8742 Phy interface Condition cause : null
2024-07-01 11:34:02,950 [WARN] PackLoader:240 - Cannot read IP mode file for STMicroelectronics.X-CUBE-AZRTOS-L4.2.0.0
2024-07-01 11:34:02,950 [WARN] ConditionMgr:1039 - genDependencies : Invalid condition id : LAN8742 Phy interface Condition cause : null
2024-07-01 11:34:02,950 [WARN] ConditionMgr:1039 - genDependencies : Invalid condition id : LAN8742 Phy interface Condition cause : null
2024-07-01 11:34:02,951 [WARN] ConditionMgr:1039 - genDependencies : Invalid condition id : LAN8742 Phy interface Condition cause : null
2024-07-01 11:34:02,970 [WARN] PackLoader:240 - Cannot read IP mode file for STMicroelectronics.X-CUBE-SFXS2LP1.4.0.0
2024-07-01 11:34:03,000 [WARN] ConditionMgr:438 - getConditionDescription Invalid condition id : UX DEVICE CLASS RTOS Condition cause : null
2024-07-01 11:34:03,000 [WARN] ConditionMgr:438 - getConditionDescription Invalid condition id : UX DEVICE CLASS RTOS Condition cause : null
2024-07-01 11:34:03,003 [WARN] PackLoader:240 - Cannot read IP mode file for STMicroelectronics.X-CUBE-AZRTOS-WB.2.0.0
2024-07-01 11:34:03,003 [WARN] ConditionMgr:1039 - genDependencies : Invalid condition id : UX DEVICE CLASS RTOS Condition cause : null
2024-07-01 11:34:03,004 [WARN] ConditionMgr:1039 - genDependencies : Invalid condition id : UX DEVICE CLASS RTOS Condition cause : null
2024-07-01 11:34:03,004 [WARN] ConditionMgr:1039 - genDependencies : Invalid condition id : UX DEVICE CLASS RTOS Condition cause : null
2024-07-01 11:34:03,005 [WARN] ConditionMgr:1039 - genDependencies : Invalid condition id : UX DEVICE CLASS RTOS Condition cause : null
2024-07-01 11:34:03,005 [WARN] ConditionMgr:1039 - genDependencies : Invalid condition id : UX DEVICE CLASS RTOS Condition cause : null
2024-07-01 11:34:03,029 [WARN] PackLoader:240 - Cannot read IP mode file for STMicroelectronics.X-CUBE-SUBG2.5.0.0
2024-07-01 11:34:03,068 [WARN] PackLoader:240 - Cannot read IP mode file for STMicroelectronics.X-CUBE-AZRTOS-G4.2.0.0
2024-07-01 11:34:03,098 [WARN] PackLoader:240 - Cannot read IP mode file for Infineon.AIROC-Wi-Fi-Bluetooth-STM32.1.5.1
2024-07-01 11:34:03,116 [WARN] PackLoader:240 - Cannot read IP mode file for STMicroelectronics.FP-SNS-MOTENVWB1.1.3.1
2024-07-01 11:34:03,130 [WARN] PackLoader:240 - Cannot read IP mode file for STMicroelectronics.X-CUBE-ISPU.2.0.0
2024-07-01 11:34:03,146 [WARN] PackLoader:240 - Cannot read IP mode file for STMicroelectronics.X-CUBE-ALS.1.0.2
2024-07-01 11:34:03,190 [WARN] PackLoader:240 - Cannot read IP mode file for STMicroelectronics.X-CUBE-MEMS1.10.0.0
2024-07-01 11:34:03,264 [WARN] PackLoader:240 - Cannot read IP mode file for STMicroelectronics.X-CUBE-FREERTOS.1.1.0
2024-07-01 11:34:03,277 [WARN] PackLoader:240 - Cannot read IP mode file for STMicroelectronics.X-CUBE-TOUCHGFX.4.24.0
2024-07-01 11:34:03,293 [WARN] PackLoader:240 - Cannot read IP mode file for portGmbH.I-Cube-SoM-uGOAL.1.1.0
2024-07-01 11:34:03,305 [WARN] PackLoader:240 - Cannot read IP mode file for STMicroelectronics.X-CUBE-ALS.1.0.1
2024-07-01 11:34:03,327 [WARN] PackLoader:240 - Cannot read IP mode file for STMicroelectronics.X-CUBE-AZRTOS-H7RS.1.0.0
2024-07-01 11:34:03,341 [WARN] PackLoader:240 - Cannot read IP mode file for STMicroelectronics.FP-ATR-ASTRA1.2.0.0
2024-07-01 11:34:03,359 [WARN] PackLoader:240 - Cannot read IP mode file for STMicroelectronics.X-CUBE-TOF1.3.4.1
2024-07-01 11:34:03,391 [WARN] PackLoader:240 - Cannot read IP mode file for STMicroelectronics.X-CUBE-AZRTOS-H7.3.2.0
2024-07-01 11:34:03,394 [INFO] ThirdParty:978 - Integrity check success = true
2024-07-01 11:34:03,394 [INFO] IntegrityCheckThread:100 - exiting critical section [integrity check]
2024-07-01 11:34:03,394 [INFO] IntegrityCheckThread:103 - End integrity checks thread
2024-07-01 11:34:23,723 [ERROR] LogOutputStream:75 - [STDERR_REDIRECT] SLF4J: Failed to load class "org.slf4j.impl.StaticLoggerBinder".
2024-07-01 11:34:23,724 [ERROR] LogOutputStream:75 - [STDERR_REDIRECT] SLF4J: Defaulting to no-operation (NOP) logger implementation
2024-07-01 11:34:23,725 [ERROR] LogOutputStream:75 - [STDERR_REDIRECT] SLF4J: See http://www.slf4j.org/codes.html#StaticLoggerBinder for further details.
2024-07-01 12:39:52,445 [INFO] McuFinderGlobals:63 - Set McuFinder mode to 2 (CubeIDE integrated)
2024-07-01 12:39:52,485 [INFO] MainUpdater:2873 - connection check result : 10
2024-07-01 12:39:52,522 [INFO] McuFinderGlobals:76 - Set McuFinderConnectedMode to true
2024-07-01 12:39:52,951 [INFO] ServerAccessManage:473 - Download File mcusAds.json._tmp_
2024-07-01 12:39:53,141 [INFO] LoadUrlFilesThread:156 - End of LoadUrlFiles Thread
2024-07-01 12:39:53,570 [INFO] ServerAccessManage:473 - Download File cube-finder-db.zip
2024-07-01 12:40:00,543 [INFO] FileExtend:240 - Unzip File : cube-finder-db.zip
2024-07-01 12:40:00,544 [INFO] FileExtend:255 - Standard Zip Deflate
2024-07-01 12:40:01,416 [INFO] LoadUrlFilesThread:156 - End of LoadUrlFiles Thread
2024-07-01 12:40:02,465 [INFO] ServerAccessManage:473 - Download File crdb.zip
2024-07-01 12:40:03,741 [INFO] FileExtend:240 - Unzip File : crdb.zip
2024-07-01 12:40:03,741 [INFO] FileExtend:255 - Standard Zip Deflate
2024-07-01 12:40:03,896 [INFO] LoadUrlFilesThread:156 - End of LoadUrlFiles Thread
2024-07-01 12:40:04,059 [INFO] ServerAccessManage:473 - Download File tutoVideoDB.zip
2024-07-01 12:40:04,117 [INFO] FileExtend:240 - Unzip File : tutoVideoDB.zip
2024-07-01 12:40:04,118 [INFO] FileExtend:255 - Standard Zip Deflate
2024-07-01 12:40:04,252 [INFO] LoadUrlFilesThread:156 - End of LoadUrlFiles Thread
2024-07-01 12:40:04,255 [WARN] DbFile:41 - Overriding database path with different value: C:\Users\revat\.stmcufinder\plugins\mcufinder/ => C:\Users\revat\.stmcufinder\plugins\mcufinder
2024-07-01 12:40:04,381 [INFO] ServerAccessManage:473 - Download File api_config.json
2024-07-01 12:40:04,499 [INFO] LoadUrlFilesThread:156 - End of LoadUrlFiles Thread
2024-07-01 12:40:04,503 [INFO] DbMcusAds:53 - JSON generation date=Thu May 16 14:52:00 IST 2024 (1715851320852)
2024-07-01 12:40:04,663 [INFO] ServerAccessManage:473 - Download File 
2024-07-01 12:40:04,683 [INFO] LoadUrlFilesThread:185 - End of LoadServerUrlFiles without Thread
2024-07-01 12:40:04,683 [INFO] TargetSelectorAdapter:259 - Refresh data is successful
2024-07-01 12:40:04,838 [INFO] ApiDb:581 - Connected to CubeFinder SQLite database (C:\Users\revat\.stmcufinder\plugins\mcufinder\mcu\cube-finder-db.db)
2024-07-01 12:40:04,899 [INFO] ApiDb:668 - CubeFinder database Data Model version=2.1
2024-07-01 12:40:04,899 [INFO] ApiDb:669 - CubeFinder database Configuration version=3.0.39
2024-07-01 12:40:04,900 [INFO] ApiDb:670 - CubeFinder database generation date=2024-06-05 (1717578087)
2024-07-01 12:40:04,900 [INFO] ApiDb:671 - CubeFinder database FW Pack versions=[FP-ATR-ASTRA1_V2.0.0, FP-SNS-FLIGHT1_V5.0.1, FP-SNS-FLIGHT1_V5.0.2, FP-SNS-MOTENV1_V4.3.1, FP-SNS-MOTENV1_V4.3.2, FP-SNS-MOTENV1_V5.0.0, FP-SNS-MOTENVWB1_V1.4.0, FP-SNS-SMARTAG2_V1.2.0, STM32Cube_FW_C0_V1.1.0, STM32Cube_FW_F4_V1.28.0, STM32Cube_FW_F7_V1.17.2, STM32Cube_FW_G0_V1.6.2, STM32Cube_FW_G4_V1.5.2, STM32Cube_FW_H5_V0.5.1, STM32Cube_FW_H5_V1.1.1, STM32Cube_FW_H5_V1.2.0, STM32Cube_FW_H5_V1.2.0RC4, STM32Cube_FW_H7RS_V1.0.0, STM32Cube_FW_H7RS_V1.0.0RC4, STM32Cube_FW_H7_V1.11.2, STM32Cube_FW_L0_V1.12.2, STM32Cube_FW_L5_V1.5.1, STM32Cube_FW_U0_V1.0.0, STM32Cube_FW_U0_V1.0.0RC1, STM32Cube_FW_U5_V1.3.0RC4, STM32Cube_FW_U5_V1.5.0, STM32Cube_FW_U5_V1.5.0RC1, STM32Cube_FW_WBA_V1.0.0RC1, STM32Cube_FW_WBA_V1.2.0, STM32Cube_FW_WBA_V1.2.0RC2, STM32Cube_FW_WBA_V1.3.0RC1, STM32Cube_FW_WBA_V1.3.1, STM32Cube_FW_WB_V1.15.0RC1, STM32Cube_FW_WB_V1.16.0, STM32Cube_FW_WB_V1.16.0RC2, STM32Cube_FW_WB_V1.18.0, STM32Cube_FW_WB_V1.19.0, STM32Cube_FW_WL_V1.3.0, X-CUBE-ALGOBUILD_V1.4.0, X-CUBE-ALS_V1.0.1, X-CUBE-ALS_V1.0.2, X-CUBE-AZRTOS-F4_V1.1.0, X-CUBE-AZRTOS-F7_V1.1.0, X-CUBE-AZRTOS-G0_V1.1.0, X-CUBE-AZRTOS-G4_V2.0.0, X-CUBE-AZRTOS-H7RS_V1.0.0, X-CUBE-AZRTOS-H7_V3.2.0, X-CUBE-AZRTOS-L4_V1.0.0, X-CUBE-AZRTOS-L4_V2.0.0, X-CUBE-AZRTOS-L5_V1.1.0, X-CUBE-AZRTOS-WB_V2.0.0, X-CUBE-AZRTOS-WL_V2.0.0, X-CUBE-BLE1_V7.0.0, X-CUBE-BLE2_V3.3.0, X-CUBE-BLEMGR_V3.1.0, X-CUBE-EEPRMA1_V4.1.0, X-CUBE-EEPRMA1_V5.1.0, X-CUBE-FREERTOS_V1.2.0, X-CUBE-GNSS1_V6.0.0, X-CUBE-MEMS1_V10.0.0, X-CUBE-MEMS1_V9.1.0, X-CUBE-MEMS1_V9.4.0, X-CUBE-MEMS1_V9.6.0, X-CUBE-NFC4_V3.0.0, X-CUBE-NFC7_V1.0.1, X-CUBE-SFXS2LP1_V4.0.0, X-CUBE-SUBG2_V5.0.0, X-CUBE-TOF1_V3.4.1]
2024-07-01 12:40:06,536 [INFO] ApiDb:240 - Found 371 in-development CPN: [B-G473E-ZEST1S, B-WB1M-WPAN1, B-WL5M-SUBG1, NUCLEO-C031C6, NUCLEO-H503RB, NUCLEO-H563ZI, NUCLEO-U545RE-Q, NUCLEO-U5A5ZJ-Q, NUCLEO-WBA52CG, NUCLEO-WBA55CG, STEVAL-MKBOXPRO, STEVAL-PROTEUS1, STEVAL-STWINBX1, STM320518-EVAL, STM32C0116-DK, STM32C011D6Y3TR, STM32C011D6Y6TR, STM32C011F4P3, STM32C011F4P6, STM32C011F4U3, STM32C011F4U6TR, STM32C011F6P3, STM32C011F6P6, STM32C011F6U3, STM32C011F6U6TR, STM32C011J4M3, STM32C011J4M6, STM32C011J6M3, STM32C011J6M6, STM32C0316-DK, STM32C031C4T3, STM32C031C4T6, STM32C031C4U3, STM32C031C4U6, STM32C031C6T3, STM32C031C6T6, STM32C031C6U3, STM32C031C6U6, STM32C031F4P3, STM32C031F4P6, STM32C031F6P3, STM32C031F6P6, STM32C031G4U3, STM32C031G4U6, STM32C031G6U3, STM32C031G6U6, STM32C031K4T3, STM32C031K4T6, STM32C031K4U3, STM32C031K4U6, STM32C031K6T3, STM32C031K6T6, STM32C031K6U3, STM32C031K6U6, STM32G071K8TXN, STM32G071K8UXN, STM32G081GBU6N, STM32G081KBT6N, STM32G081KBUXN, STM32G0B1CCT6N, STM32G0B1KCT6, STM32G0B1NEY6TR, STM32G0B1RCT6N, STM32G0C1CCT6, STM32G0C1CCT6N, STM32G0C1CCU6N, STM32G0C1CET6N, STM32G0C1CEU6N, STM32G0C1KCT6, STM32G0C1NEY6TR, STM32G0C1RCI6N, STM32G0C1RCT6N, STM32G0C1REI6N, STM32G0C1RET6N, STM32G0C1VCI6, STM32G0C1VEI6, STM32G471CCT6, STM32G471CCU6, STM32G471CET3, STM32G471CET6, STM32G471CEU3, STM32G471CEU6, STM32G471MCT6, STM32G471MET3, STM32G471MET6, STM32G471MEY6TR, STM32G471QCT6, STM32G471QET3, STM32G471RCT6, STM32G471RET3, STM32G471RET6, STM32G471VCH6, STM32G471VCI6, STM32G471VCT6, STM32G471VEH3, STM32G471VEH6, STM32G471VEI3, STM32G471VEI6, STM32G471VET3, STM32G471VET6, STM32G474CCT6, STM32H503CBT6, STM32H503CBU6, STM32H503EBY6TR, STM32H503KBU6, STM32H503RBT6, STM32H562AGI6, STM32H562AII6, STM32H562IGK6, STM32H562IGT6, STM32H562IIK6, STM32H562IIT6, STM32H562RGT6, STM32H562RGV6, STM32H562RIT6, STM32H562RIV6, STM32H562VGT6, STM32H562VIT6, STM32H562ZGT6, STM32H562ZIT6, STM32H563AGI6, STM32H563AII3Q, STM32H563AII6, STM32H563IGK6, STM32H563IGT6, STM32H563IIK3Q, STM32H563IIK6, STM32H563IIT3Q, STM32H563IIT6, STM32H563MIY3QTR, STM32H563RGT6, STM32H563RGV6, STM32H563RIT6, STM32H563RIV6, STM32H563VGT6, STM32H563VIT3Q, STM32H563VIT6, STM32H563ZGT6, STM32H563ZIT3Q, STM32H563ZIT6, STM32H573AII3Q, STM32H573AII6, STM32H573I-DK, STM32H573IIK3Q, STM32H573IIK6, STM32H573IIT3Q, STM32H573IIT6, STM32H573MIY3QTR, STM32H573RIT6, STM32H573RIV6, STM32H573VIT3Q, STM32H573VIT6, STM32H573ZIT3Q, STM32H573ZIT6, STM32L4R5QGI6STR, STM32MP131AAE3, STM32MP131AAF3, STM32MP131AAG3, STM32MP131CAE3, STM32MP131CAF3, STM32MP131CAG3, STM32MP131DAE7, STM32MP131DAF7, STM32MP131DAG7, STM32MP131FAE7, STM32MP131FAF7, STM32MP131FAG7, STM32MP133AAE3, STM32MP133AAF3, STM32MP133AAG3, STM32MP133CAE3, STM32MP133CAF3, STM32MP133CAG3, STM32MP133DAE7, STM32MP133DAF7, STM32MP133DAG7, STM32MP133FAE7, STM32MP133FAF7, STM32MP133FAG7, STM32MP135AAE3, STM32MP135AAF3, STM32MP135AAG3, STM32MP135CAE3, STM32MP135CAF3, STM32MP135CAG3, STM32MP135DAE7, STM32MP135DAF7, STM32MP135DAG7, STM32MP135F-DK, STM32MP135FAE7, STM32MP135FAF7, STM32MP135FAF7T, STM32MP135FAF7U, STM32MP135FAG7, STM32U535CBT6, STM32U535CBT6Q, STM32U535CBU6, STM32U535CBU6Q, STM32U535CCT6, STM32U535CCT6Q, STM32U535CCU6, STM32U535CCU6Q, STM32U535CET6, STM32U535CET6Q, STM32U535CEU6, STM32U535CEU6Q, STM32U535JEY6QTR, STM32U535NCY6QTR, STM32U535NEY6QTR, STM32U535RBI6, STM32U535RBI6Q, STM32U535RBT6, STM32U535RBT6Q, STM32U535RCI6, STM32U535RCI6Q, STM32U535RCT6, STM32U535RCT6Q, STM32U535REI6, STM32U535REI6Q, STM32U535RET6, STM32U535RET6Q, STM32U535VCI6, STM32U535VCI6Q, STM32U535VCT6, STM32U535VCT6Q, STM32U535VEI6, STM32U535VEI6Q, STM32U535VET6, STM32U535VET6Q, STM32U545CET6, STM32U545CET6Q, STM32U545CEU6, STM32U545CEU6Q, STM32U545JEY6QTR, STM32U545NEY6QTR, STM32U545REI6, STM32U545REI6Q, STM32U545RET6, STM32U545RET6Q, STM32U545VEI6, STM32U545VEI6Q, STM32U545VET6, STM32U545VET6Q, STM32U595AIH6, STM32U595AIH6Q, STM32U595AJH6, STM32U595AJH6Q, STM32U595QII6, STM32U595QII6Q, STM32U595QJI6, STM32U595QJI6Q, STM32U595RIT6, STM32U595RIT6Q, STM32U595RJT6, STM32U595RJT6Q, STM32U595VIT6, STM32U595VIT6Q, STM32U595VJT6, STM32U595VJT6Q, STM32U595ZIT6, STM32U595ZIT6Q, STM32U595ZIY6QTR, STM32U595ZJT6, STM32U595ZJT6Q, STM32U595ZJY6QTR, STM32U599BJY6QTR, STM32U599NIH6Q, STM32U599NJH6Q, STM32U599VIT6Q, STM32U599VJT6, STM32U599VJT6Q, STM32U599ZIT6Q, STM32U599ZIY6QTR, STM32U599ZJT6Q, STM32U599ZJY6QTR, STM32U5A5AJH6, STM32U5A5AJH6Q, STM32U5A5QJI6, STM32U5A5QJI6Q, STM32U5A5RJT6, STM32U5A5RJT6Q, STM32U5A5VJT6, STM32U5A5VJT6Q, STM32U5A5ZJT6, STM32U5A5ZJT6Q, STM32U5A5ZJY6QTR, STM32U5A9BJY6QTR, STM32U5A9J-DK, STM32U5A9NJH6Q, STM32U5A9VJT6Q, STM32U5A9ZJT6Q, STM32U5A9ZJY6QTR, STM32U5F7VIT6, STM32U5F7VIT6Q, STM32U5F7VJT6, STM32U5F7VJT6Q, STM32U5F9BJY6QTR, STM32U5F9NJH6Q, STM32U5F9VIT6Q, STM32U5F9VJT6Q, STM32U5F9ZIJ6QTR, STM32U5F9ZIT6Q, STM32U5F9ZJJ6QTR, STM32U5F9ZJT6Q, STM32U5G7VJT6, STM32U5G7VJT6Q, STM32U5G9BJY6QTR, STM32U5G9J-DK1, STM32U5G9J-DK2, STM32U5G9NJH6Q, STM32U5G9VJT6Q, STM32U5G9ZJJ6QTR, STM32U5G9ZJT6Q, STM32WB1MMCH6, STM32WBA50KEU6, STM32WBA50KEU6TR, STM32WBA50KGU6, STM32WBA50KGU6TR, STM32WBA52CEU6, STM32WBA52CEU6TR, STM32WBA52CEU7, STM32WBA52CEU7TR, STM32WBA52CGU6, STM32WBA52CGU6TR, STM32WBA52CGU6U, STM32WBA52CGU7, STM32WBA52CGU7TR, STM32WBA52KEU6, STM32WBA52KEU6TR, STM32WBA52KGU6, STM32WBA52KGU6TR, STM32WBA54CEU6, STM32WBA54CEU6TR, STM32WBA54CEU7, STM32WBA54CEU7TR, STM32WBA54CGU6, STM32WBA54CGU6TR, STM32WBA54CGU7, STM32WBA54CGU7TR, STM32WBA54KEU6, STM32WBA54KEU6TR, STM32WBA54KEU7, STM32WBA54KEU7TR, STM32WBA54KGU6, STM32WBA54KGU6TR, STM32WBA54KGU7, STM32WBA54KGU7TR, STM32WBA55CEU6, STM32WBA55CEU6TR, STM32WBA55CEU7, STM32WBA55CEU7TR, STM32WBA55CGU6, STM32WBA55CGU6TR, STM32WBA55CGU6U, STM32WBA55CGU7, STM32WBA55CGU7TR, STM32WBA55G-DK1, STM32WBA55HEF6, STM32WBA55HEF7, STM32WBA55HGF6, STM32WBA55HGF7, STM32WBA55UEI6, STM32WBA55UEI6TR, STM32WBA55UEI7, STM32WBA55UEI7TR, STM32WBA55UGI6, STM32WBA55UGI6TR, STM32WBA55UGI7, STM32WBA55UGI7TR, STM32WL5MOCH6, STM32WL5MOCH6TR]
2024-07-01 12:40:06,542 [INFO] DbMcus:218 - Found 4092 MCUs, 4092 are supported
2024-07-01 12:40:06,549 [INFO] ApiDb:423 - Load user favorites file C:\Users\revat/.stm32cubeide/favorites.mcus.txt: 0 item(s)
2024-07-01 12:40:06,549 [INFO] ApiDb:427 - User favorites MCUs=[]
2024-07-01 12:40:06,549 [INFO] DbMcus:224 - Set 0 / 0 favorites MCUs
2024-07-01 12:40:06,777 [INFO] ApiDb:668 - CubeFinder database Data Model version=2.1
2024-07-01 12:40:06,777 [INFO] ApiDb:669 - CubeFinder database Configuration version=3.0.39
2024-07-01 12:40:06,777 [INFO] ApiDb:670 - CubeFinder database generation date=2024-06-05 (1717578087)
2024-07-01 12:40:06,777 [INFO] ApiDb:671 - CubeFinder database FW Pack versions=[FP-ATR-ASTRA1_V2.0.0, FP-SNS-FLIGHT1_V5.0.1, FP-SNS-FLIGHT1_V5.0.2, FP-SNS-MOTENV1_V4.3.1, FP-SNS-MOTENV1_V4.3.2, FP-SNS-MOTENV1_V5.0.0, FP-SNS-MOTENVWB1_V1.4.0, FP-SNS-SMARTAG2_V1.2.0, STM32Cube_FW_C0_V1.1.0, STM32Cube_FW_F4_V1.28.0, STM32Cube_FW_F7_V1.17.2, STM32Cube_FW_G0_V1.6.2, STM32Cube_FW_G4_V1.5.2, STM32Cube_FW_H5_V0.5.1, STM32Cube_FW_H5_V1.1.1, STM32Cube_FW_H5_V1.2.0, STM32Cube_FW_H5_V1.2.0RC4, STM32Cube_FW_H7RS_V1.0.0, STM32Cube_FW_H7RS_V1.0.0RC4, STM32Cube_FW_H7_V1.11.2, STM32Cube_FW_L0_V1.12.2, STM32Cube_FW_L5_V1.5.1, STM32Cube_FW_U0_V1.0.0, STM32Cube_FW_U0_V1.0.0RC1, STM32Cube_FW_U5_V1.3.0RC4, STM32Cube_FW_U5_V1.5.0, STM32Cube_FW_U5_V1.5.0RC1, STM32Cube_FW_WBA_V1.0.0RC1, STM32Cube_FW_WBA_V1.2.0, STM32Cube_FW_WBA_V1.2.0RC2, STM32Cube_FW_WBA_V1.3.0RC1, STM32Cube_FW_WBA_V1.3.1, STM32Cube_FW_WB_V1.15.0RC1, STM32Cube_FW_WB_V1.16.0, STM32Cube_FW_WB_V1.16.0RC2, STM32Cube_FW_WB_V1.18.0, STM32Cube_FW_WB_V1.19.0, STM32Cube_FW_WL_V1.3.0, X-CUBE-ALGOBUILD_V1.4.0, X-CUBE-ALS_V1.0.1, X-CUBE-ALS_V1.0.2, X-CUBE-AZRTOS-F4_V1.1.0, X-CUBE-AZRTOS-F7_V1.1.0, X-CUBE-AZRTOS-G0_V1.1.0, X-CUBE-AZRTOS-G4_V2.0.0, X-CUBE-AZRTOS-H7RS_V1.0.0, X-CUBE-AZRTOS-H7_V3.2.0, X-CUBE-AZRTOS-L4_V1.0.0, X-CUBE-AZRTOS-L4_V2.0.0, X-CUBE-AZRTOS-L5_V1.1.0, X-CUBE-AZRTOS-WB_V2.0.0, X-CUBE-AZRTOS-WL_V2.0.0, X-CUBE-BLE1_V7.0.0, X-CUBE-BLE2_V3.3.0, X-CUBE-BLEMGR_V3.1.0, X-CUBE-EEPRMA1_V4.1.0, X-CUBE-EEPRMA1_V5.1.0, X-CUBE-FREERTOS_V1.2.0, X-CUBE-GNSS1_V6.0.0, X-CUBE-MEMS1_V10.0.0, X-CUBE-MEMS1_V9.1.0, X-CUBE-MEMS1_V9.4.0, X-CUBE-MEMS1_V9.6.0, X-CUBE-NFC4_V3.0.0, X-CUBE-NFC7_V1.0.1, X-CUBE-SFXS2LP1_V4.0.0, X-CUBE-SUBG2_V5.0.0, X-CUBE-TOF1_V3.4.1]
2024-07-01 12:40:06,819 [INFO] DbBoardsSqlite:226 - include board P-NUCLEO-WB55-NUCLEO as a kit item of type 'Nucleo-64'
2024-07-01 12:40:06,820 [INFO] DbBoardsSqlite:226 - include board P-NUCLEO-WB55-USBDONGLE as a kit item of type 'Nucleo USB Dongle'
2024-07-01 12:40:06,820 [INFO] DbBoardsSqlite:226 - include board STEVAL-IDP005V1 as a kit item of type 'Evaluation Board'
2024-07-01 12:40:06,820 [INFO] DbBoardsSqlite:226 - include board STEVAL-IDP005V2 as a kit item of type 'Evaluation Board'
2024-07-01 12:40:06,858 [INFO] ApiDb:240 - Found 371 in-development CPN: [B-G473E-ZEST1S, B-WB1M-WPAN1, B-WL5M-SUBG1, NUCLEO-C031C6, NUCLEO-H503RB, NUCLEO-H563ZI, NUCLEO-U545RE-Q, NUCLEO-U5A5ZJ-Q, NUCLEO-WBA52CG, NUCLEO-WBA55CG, STEVAL-MKBOXPRO, STEVAL-PROTEUS1, STEVAL-STWINBX1, STM320518-EVAL, STM32C0116-DK, STM32C011D6Y3TR, STM32C011D6Y6TR, STM32C011F4P3, STM32C011F4P6, STM32C011F4U3, STM32C011F4U6TR, STM32C011F6P3, STM32C011F6P6, STM32C011F6U3, STM32C011F6U6TR, STM32C011J4M3, STM32C011J4M6, STM32C011J6M3, STM32C011J6M6, STM32C0316-DK, STM32C031C4T3, STM32C031C4T6, STM32C031C4U3, STM32C031C4U6, STM32C031C6T3, STM32C031C6T6, STM32C031C6U3, STM32C031C6U6, STM32C031F4P3, STM32C031F4P6, STM32C031F6P3, STM32C031F6P6, STM32C031G4U3, STM32C031G4U6, STM32C031G6U3, STM32C031G6U6, STM32C031K4T3, STM32C031K4T6, STM32C031K4U3, STM32C031K4U6, STM32C031K6T3, STM32C031K6T6, STM32C031K6U3, STM32C031K6U6, STM32G071K8TXN, STM32G071K8UXN, STM32G081GBU6N, STM32G081KBT6N, STM32G081KBUXN, STM32G0B1CCT6N, STM32G0B1KCT6, STM32G0B1NEY6TR, STM32G0B1RCT6N, STM32G0C1CCT6, STM32G0C1CCT6N, STM32G0C1CCU6N, STM32G0C1CET6N, STM32G0C1CEU6N, STM32G0C1KCT6, STM32G0C1NEY6TR, STM32G0C1RCI6N, STM32G0C1RCT6N, STM32G0C1REI6N, STM32G0C1RET6N, STM32G0C1VCI6, STM32G0C1VEI6, STM32G471CCT6, STM32G471CCU6, STM32G471CET3, STM32G471CET6, STM32G471CEU3, STM32G471CEU6, STM32G471MCT6, STM32G471MET3, STM32G471MET6, STM32G471MEY6TR, STM32G471QCT6, STM32G471QET3, STM32G471RCT6, STM32G471RET3, STM32G471RET6, STM32G471VCH6, STM32G471VCI6, STM32G471VCT6, STM32G471VEH3, STM32G471VEH6, STM32G471VEI3, STM32G471VEI6, STM32G471VET3, STM32G471VET6, STM32G474CCT6, STM32H503CBT6, STM32H503CBU6, STM32H503EBY6TR, STM32H503KBU6, STM32H503RBT6, STM32H562AGI6, STM32H562AII6, STM32H562IGK6, STM32H562IGT6, STM32H562IIK6, STM32H562IIT6, STM32H562RGT6, STM32H562RGV6, STM32H562RIT6, STM32H562RIV6, STM32H562VGT6, STM32H562VIT6, STM32H562ZGT6, STM32H562ZIT6, STM32H563AGI6, STM32H563AII3Q, STM32H563AII6, STM32H563IGK6, STM32H563IGT6, STM32H563IIK3Q, STM32H563IIK6, STM32H563IIT3Q, STM32H563IIT6, STM32H563MIY3QTR, STM32H563RGT6, STM32H563RGV6, STM32H563RIT6, STM32H563RIV6, STM32H563VGT6, STM32H563VIT3Q, STM32H563VIT6, STM32H563ZGT6, STM32H563ZIT3Q, STM32H563ZIT6, STM32H573AII3Q, STM32H573AII6, STM32H573I-DK, STM32H573IIK3Q, STM32H573IIK6, STM32H573IIT3Q, STM32H573IIT6, STM32H573MIY3QTR, STM32H573RIT6, STM32H573RIV6, STM32H573VIT3Q, STM32H573VIT6, STM32H573ZIT3Q, STM32H573ZIT6, STM32L4R5QGI6STR, STM32MP131AAE3, STM32MP131AAF3, STM32MP131AAG3, STM32MP131CAE3, STM32MP131CAF3, STM32MP131CAG3, STM32MP131DAE7, STM32MP131DAF7, STM32MP131DAG7, STM32MP131FAE7, STM32MP131FAF7, STM32MP131FAG7, STM32MP133AAE3, STM32MP133AAF3, STM32MP133AAG3, STM32MP133CAE3, STM32MP133CAF3, STM32MP133CAG3, STM32MP133DAE7, STM32MP133DAF7, STM32MP133DAG7, STM32MP133FAE7, STM32MP133FAF7, STM32MP133FAG7, STM32MP135AAE3, STM32MP135AAF3, STM32MP135AAG3, STM32MP135CAE3, STM32MP135CAF3, STM32MP135CAG3, STM32MP135DAE7, STM32MP135DAF7, STM32MP135DAG7, STM32MP135F-DK, STM32MP135FAE7, STM32MP135FAF7, STM32MP135FAF7T, STM32MP135FAF7U, STM32MP135FAG7, STM32U535CBT6, STM32U535CBT6Q, STM32U535CBU6, STM32U535CBU6Q, STM32U535CCT6, STM32U535CCT6Q, STM32U535CCU6, STM32U535CCU6Q, STM32U535CET6, STM32U535CET6Q, STM32U535CEU6, STM32U535CEU6Q, STM32U535JEY6QTR, STM32U535NCY6QTR, STM32U535NEY6QTR, STM32U535RBI6, STM32U535RBI6Q, STM32U535RBT6, STM32U535RBT6Q, STM32U535RCI6, STM32U535RCI6Q, STM32U535RCT6, STM32U535RCT6Q, STM32U535REI6, STM32U535REI6Q, STM32U535RET6, STM32U535RET6Q, STM32U535VCI6, STM32U535VCI6Q, STM32U535VCT6, STM32U535VCT6Q, STM32U535VEI6, STM32U535VEI6Q, STM32U535VET6, STM32U535VET6Q, STM32U545CET6, STM32U545CET6Q, STM32U545CEU6, STM32U545CEU6Q, STM32U545JEY6QTR, STM32U545NEY6QTR, STM32U545REI6, STM32U545REI6Q, STM32U545RET6, STM32U545RET6Q, STM32U545VEI6, STM32U545VEI6Q, STM32U545VET6, STM32U545VET6Q, STM32U595AIH6, STM32U595AIH6Q, STM32U595AJH6, STM32U595AJH6Q, STM32U595QII6, STM32U595QII6Q, STM32U595QJI6, STM32U595QJI6Q, STM32U595RIT6, STM32U595RIT6Q, STM32U595RJT6, STM32U595RJT6Q, STM32U595VIT6, STM32U595VIT6Q, STM32U595VJT6, STM32U595VJT6Q, STM32U595ZIT6, STM32U595ZIT6Q, STM32U595ZIY6QTR, STM32U595ZJT6, STM32U595ZJT6Q, STM32U595ZJY6QTR, STM32U599BJY6QTR, STM32U599NIH6Q, STM32U599NJH6Q, STM32U599VIT6Q, STM32U599VJT6, STM32U599VJT6Q, STM32U599ZIT6Q, STM32U599ZIY6QTR, STM32U599ZJT6Q, STM32U599ZJY6QTR, STM32U5A5AJH6, STM32U5A5AJH6Q, STM32U5A5QJI6, STM32U5A5QJI6Q, STM32U5A5RJT6, STM32U5A5RJT6Q, STM32U5A5VJT6, STM32U5A5VJT6Q, STM32U5A5ZJT6, STM32U5A5ZJT6Q, STM32U5A5ZJY6QTR, STM32U5A9BJY6QTR, STM32U5A9J-DK, STM32U5A9NJH6Q, STM32U5A9VJT6Q, STM32U5A9ZJT6Q, STM32U5A9ZJY6QTR, STM32U5F7VIT6, STM32U5F7VIT6Q, STM32U5F7VJT6, STM32U5F7VJT6Q, STM32U5F9BJY6QTR, STM32U5F9NJH6Q, STM32U5F9VIT6Q, STM32U5F9VJT6Q, STM32U5F9ZIJ6QTR, STM32U5F9ZIT6Q, STM32U5F9ZJJ6QTR, STM32U5F9ZJT6Q, STM32U5G7VJT6, STM32U5G7VJT6Q, STM32U5G9BJY6QTR, STM32U5G9J-DK1, STM32U5G9J-DK2, STM32U5G9NJH6Q, STM32U5G9VJT6Q, STM32U5G9ZJJ6QTR, STM32U5G9ZJT6Q, STM32WB1MMCH6, STM32WBA50KEU6, STM32WBA50KEU6TR, STM32WBA50KGU6, STM32WBA50KGU6TR, STM32WBA52CEU6, STM32WBA52CEU6TR, STM32WBA52CEU7, STM32WBA52CEU7TR, STM32WBA52CGU6, STM32WBA52CGU6TR, STM32WBA52CGU6U, STM32WBA52CGU7, STM32WBA52CGU7TR, STM32WBA52KEU6, STM32WBA52KEU6TR, STM32WBA52KGU6, STM32WBA52KGU6TR, STM32WBA54CEU6, STM32WBA54CEU6TR, STM32WBA54CEU7, STM32WBA54CEU7TR, STM32WBA54CGU6, STM32WBA54CGU6TR, STM32WBA54CGU7, STM32WBA54CGU7TR, STM32WBA54KEU6, STM32WBA54KEU6TR, STM32WBA54KEU7, STM32WBA54KEU7TR, STM32WBA54KGU6, STM32WBA54KGU6TR, STM32WBA54KGU7, STM32WBA54KGU7TR, STM32WBA55CEU6, STM32WBA55CEU6TR, STM32WBA55CEU7, STM32WBA55CEU7TR, STM32WBA55CGU6, STM32WBA55CGU6TR, STM32WBA55CGU6U, STM32WBA55CGU7, STM32WBA55CGU7TR, STM32WBA55G-DK1, STM32WBA55HEF6, STM32WBA55HEF7, STM32WBA55HGF6, STM32WBA55HGF7, STM32WBA55UEI6, STM32WBA55UEI6TR, STM32WBA55UEI7, STM32WBA55UEI7TR, STM32WBA55UGI6, STM32WBA55UGI6TR, STM32WBA55UGI7, STM32WBA55UGI7TR, STM32WL5MOCH6, STM32WL5MOCH6TR]
2024-07-01 12:40:06,968 [INFO] BoardInfo:889 - No configuration file found for board NUCLEO-H533RE
2024-07-01 12:40:06,969 [INFO] DbBoards:161 - Board is not supported: NUCLEO-H533RE
2024-07-01 12:40:06,979 [INFO] BoardInfo:889 - No configuration file found for board NUCLEO-H7S3L8
2024-07-01 12:40:06,979 [INFO] DbBoards:161 - Board is not supported: NUCLEO-H7S3L8
2024-07-01 12:40:06,999 [INFO] BoardInfo:889 - No configuration file found for board NUCLEO-U031R8
2024-07-01 12:40:07,000 [INFO] DbBoards:161 - Board is not supported: NUCLEO-U031R8
2024-07-01 12:40:07,000 [INFO] BoardInfo:889 - No configuration file found for board NUCLEO-U083RC
2024-07-01 12:40:07,001 [INFO] DbBoards:161 - Board is not supported: NUCLEO-U083RC
2024-07-01 12:40:07,009 [INFO] BoardInfo:889 - No configuration file found for board P-NUCLEO-WB55
2024-07-01 12:40:07,009 [INFO] DbBoards:161 - Kit is not supported: P-NUCLEO-WB55
2024-07-01 12:40:07,013 [INFO] BoardInfo:889 - No configuration file found for board STEVAL-BFA001V1B
2024-07-01 12:40:07,013 [INFO] DbBoards:161 - Kit is not supported: STEVAL-BFA001V1B
2024-07-01 12:40:07,014 [INFO] BoardInfo:889 - No configuration file found for board STEVAL-BFA001V2B
2024-07-01 12:40:07,014 [INFO] DbBoards:161 - Kit is not supported: STEVAL-BFA001V2B
2024-07-01 12:40:07,074 [INFO] BoardInfo:889 - No configuration file found for board STM32H7S78-DK
2024-07-01 12:40:07,074 [INFO] DbBoards:161 - Board is not supported: STM32H7S78-DK
2024-07-01 12:40:07,094 [INFO] BoardInfo:889 - No configuration file found for board STM32U083C-DK
2024-07-01 12:40:07,094 [INFO] DbBoards:161 - Board is not supported: STM32U083C-DK
2024-07-01 12:40:07,101 [INFO] DbBoards:168 - Found 199 boards, 190 are supported
2024-07-01 12:40:07,101 [INFO] DbBoards:169 - Found 199 boards, 3 of them is supported for  Bsp
2024-07-01 12:40:07,102 [INFO] ApiDb:423 - Load user favorites file C:\Users\revat/.stm32cubeide/favorites.boards.txt: 0 item(s)
2024-07-01 12:40:07,102 [INFO] ApiDb:427 - User favorites Boards=[]
2024-07-01 12:40:07,102 [INFO] DbBoards:198 - Set 0 / 0 favorites Boards
2024-07-01 12:40:07,104 [INFO] ApiDb:668 - CubeFinder database Data Model version=2.1
2024-07-01 12:40:07,104 [INFO] ApiDb:669 - CubeFinder database Configuration version=3.0.39
2024-07-01 12:40:07,104 [INFO] ApiDb:670 - CubeFinder database generation date=2024-06-05 (1717578087)
2024-07-01 12:40:07,104 [INFO] ApiDb:671 - CubeFinder database FW Pack versions=[FP-ATR-ASTRA1_V2.0.0, FP-SNS-FLIGHT1_V5.0.1, FP-SNS-FLIGHT1_V5.0.2, FP-SNS-MOTENV1_V4.3.1, FP-SNS-MOTENV1_V4.3.2, FP-SNS-MOTENV1_V5.0.0, FP-SNS-MOTENVWB1_V1.4.0, FP-SNS-SMARTAG2_V1.2.0, STM32Cube_FW_C0_V1.1.0, STM32Cube_FW_F4_V1.28.0, STM32Cube_FW_F7_V1.17.2, STM32Cube_FW_G0_V1.6.2, STM32Cube_FW_G4_V1.5.2, STM32Cube_FW_H5_V0.5.1, STM32Cube_FW_H5_V1.1.1, STM32Cube_FW_H5_V1.2.0, STM32Cube_FW_H5_V1.2.0RC4, STM32Cube_FW_H7RS_V1.0.0, STM32Cube_FW_H7RS_V1.0.0RC4, STM32Cube_FW_H7_V1.11.2, STM32Cube_FW_L0_V1.12.2, STM32Cube_FW_L5_V1.5.1, STM32Cube_FW_U0_V1.0.0, STM32Cube_FW_U0_V1.0.0RC1, STM32Cube_FW_U5_V1.3.0RC4, STM32Cube_FW_U5_V1.5.0, STM32Cube_FW_U5_V1.5.0RC1, STM32Cube_FW_WBA_V1.0.0RC1, STM32Cube_FW_WBA_V1.2.0, STM32Cube_FW_WBA_V1.2.0RC2, STM32Cube_FW_WBA_V1.3.0RC1, STM32Cube_FW_WBA_V1.3.1, STM32Cube_FW_WB_V1.15.0RC1, STM32Cube_FW_WB_V1.16.0, STM32Cube_FW_WB_V1.16.0RC2, STM32Cube_FW_WB_V1.18.0, STM32Cube_FW_WB_V1.19.0, STM32Cube_FW_WL_V1.3.0, X-CUBE-ALGOBUILD_V1.4.0, X-CUBE-ALS_V1.0.1, X-CUBE-ALS_V1.0.2, X-CUBE-AZRTOS-F4_V1.1.0, X-CUBE-AZRTOS-F7_V1.1.0, X-CUBE-AZRTOS-G0_V1.1.0, X-CUBE-AZRTOS-G4_V2.0.0, X-CUBE-AZRTOS-H7RS_V1.0.0, X-CUBE-AZRTOS-H7_V3.2.0, X-CUBE-AZRTOS-L4_V1.0.0, X-CUBE-AZRTOS-L4_V2.0.0, X-CUBE-AZRTOS-L5_V1.1.0, X-CUBE-AZRTOS-WB_V2.0.0, X-CUBE-AZRTOS-WL_V2.0.0, X-CUBE-BLE1_V7.0.0, X-CUBE-BLE2_V3.3.0, X-CUBE-BLEMGR_V3.1.0, X-CUBE-EEPRMA1_V4.1.0, X-CUBE-EEPRMA1_V5.1.0, X-CUBE-FREERTOS_V1.2.0, X-CUBE-GNSS1_V6.0.0, X-CUBE-MEMS1_V10.0.0, X-CUBE-MEMS1_V9.1.0, X-CUBE-MEMS1_V9.4.0, X-CUBE-MEMS1_V9.6.0, X-CUBE-NFC4_V3.0.0, X-CUBE-NFC7_V1.0.1, X-CUBE-SFXS2LP1_V4.0.0, X-CUBE-SUBG2_V5.0.0, X-CUBE-TOF1_V3.4.1]
2024-07-01 12:40:07,723 [ERROR] DbExamplesSqlite:437 - Missing JSON key: board_cpn
2024-07-01 12:40:07,723 [ERROR] DbExamplesSqlite:437 - Missing JSON key: board_cpn
2024-07-01 12:40:07,724 [ERROR] DbExamplesSqlite:437 - Missing JSON key: board_cpn
2024-07-01 12:40:07,724 [ERROR] DbExamplesSqlite:437 - Missing JSON key: board_cpn
2024-07-01 12:40:07,786 [INFO] DbExamplesSqlite:395 - Ignored 57 examples not supported by CubeIDE
2024-07-01 12:40:07,787 [INFO] DbExamplesSqlite:396 - Found 8190 examples active
2024-07-01 12:40:07,787 [INFO] DbExamplesSqlite:397 - Found 876 examples obsolete
2024-07-01 12:40:07,787 [INFO] DbExamplesSqlite:398 - Found 0 examples under development
2024-07-01 12:40:07,787 [INFO] DbExamplesSqlite:399 - Found 10 examples not building
2024-07-01 12:40:07,788 [INFO] DbExamples:125 - Found 8143 examples
2024-07-01 12:40:07,798 [INFO] DbExamples:222 - Found 101 boards with related examples
2024-07-01 12:40:07,799 [INFO] DbExamples:235 - Found 86 MCUs with related examples
2024-07-01 12:40:07,816 [INFO] ApiDb:414 - User favorites file not found: C:\Users\revat/.stm32cubeide/favorites.examples.txt
2024-07-01 12:40:07,816 [INFO] DbExamples:250 - Set 0 / 0 favorites Examples
2024-07-01 12:40:08,383 [INFO] McuFinderGlobals:76 - Set McuFinderConnectedMode to true
2024-07-01 12:40:08,391 [INFO] MultiScanPanel:200 - Auto-refresh data requested => check proxy status ongoing
2024-07-01 12:40:08,396 [INFO] FinderPluginLoader:95 - Searching for filters in installed packs
2024-07-01 12:40:09,577 [INFO] LoadUrlFilesThread:185 - End of LoadServerUrlFiles without Thread
2024-07-01 12:40:09,588 [INFO] DetailPanel:341 - Set advertising image to C:/Users/revat/STM32Cube/Repository/\en.prom-stm32h7rs-mcu-finder.jpg
2024-07-01 12:40:13,160 [INFO] MultiScanPanel:200 - Auto-refresh data requested => check proxy status ongoing
2024-07-01 12:40:13,363 [INFO] LoadUrlFilesThread:185 - End of LoadServerUrlFiles without Thread
2024-07-01 12:40:13,363 [INFO] DetailPanel:341 - Set advertising image to C:/Users/revat/STM32Cube/Repository/\en.prom-stm32h7rs-mcu-finder.jpg
2024-07-01 12:40:13,378 [INFO] DbBoards:642 - Loading board mini-images...
2024-07-01 12:40:15,157 [INFO] DbBoards:665 - Loaded 199 board mini-images
2024-07-01 12:40:42,461 [INFO] MainUpdater:2873 - connection check result : 10
2024-07-01 12:40:42,461 [INFO] MainUpdater:2873 - connection check result : 10
2024-07-01 12:40:42,508 [INFO] MicroXplorer:468 - Change Database Path : 
2024-07-01 12:40:42,508 [INFO] MicroXplorer:498 - Change Database Version : DB.6.0.100
2024-07-01 12:40:42,515 [WARN] ThirdParty:871 - waiting for thirdparty lock release [close project]
2024-07-01 12:40:42,515 [INFO] ThirdParty:873 - entering critical section [close project]
2024-07-01 12:40:42,517 [INFO] ThirdParty:883 - exiting critical section [close project]
2024-07-01 12:40:42,519 [INFO] PinOutPanel:1499 - setPackage(No Configuration,No Configuration)
2024-07-01 12:40:42,524 [INFO] UtilMem:75 - Begin LoadConfig() Used Memory: 493692488 Bytes (799014912)
2024-07-01 12:40:42,526 [INFO] MicroXplorer:468 - Change Database Path : 
2024-07-01 12:40:42,526 [INFO] MicroXplorer:498 - Change Database Version : DB.6.0.100
2024-07-01 12:40:42,527 [INFO] OpenFileManager:312 - Change cursor
2024-07-01 12:40:42,658 [INFO] Mcu:2016 - Initializing MCU STM32F446RETx STM32F446RETx STM32F446RET6
2024-07-01 12:40:44,869 [INFO] Context:659 - Trying to add GPIOservice into a context  which must be forbidden
2024-07-01 12:40:45,481 [INFO] ImportTextPane:194 - (OptionalMessage_ERROR) Unable to find key (Mcu.ThirdPartyNb) in loaded IOC file
2024-07-01 12:40:45,482 [INFO] ImportTextPane:194 - (OptionalMessage_ERROR) Unable to find key (Mcu.PinsNb) in loaded IOC file
2024-07-01 12:40:45,482 [INFO] ImportTextPane:194 - (OptionalMessage_ERROR) Unable to find key (Mcu.IPNb) in loaded IOC file
2024-07-01 12:40:45,591 [INFO] RtosManager:555 - Registered RTOS mode: class=CMSIS, group=RTOS, mode=CMSIS_V1, owner=FREERTOS
2024-07-01 12:40:45,591 [INFO] RtosManager:555 - Registered RTOS mode: class=CMSIS, group=RTOS2, mode=CMSIS_V2, owner=FREERTOS
2024-07-01 12:40:45,592 [INFO] RtosManager:555 - Registered RTOS mode: class=RTOS, group=Core, mode=CMSIS_V1, owner=FREERTOS
2024-07-01 12:40:45,592 [INFO] RtosManager:555 - Registered RTOS mode: class=RTOS, group=Core, mode=CMSIS_V2, owner=FREERTOS
2024-07-01 12:40:45,592 [WARN] ModelIntegratedComponent:184 - Missing modes for component STMicroelectronics:FreeRTOS:0.0.1:STMicroelectronics:RTOS:FreeRTOS:Core:::10.2.0:
2024-07-01 12:40:45,611 [WARN] ModelIntegratedComponent:63 - No mode defined for component null
2024-07-01 12:40:45,611 [WARN] ModelIntegratedComponent:63 - No mode defined for component null
2024-07-01 12:40:45,611 [WARN] ModelIntegratedComponent:63 - No mode defined for component null
2024-07-01 12:40:45,611 [WARN] ModelIntegratedComponent:63 - No mode defined for component null
2024-07-01 12:40:45,611 [WARN] ModelIntegratedComponent:63 - No mode defined for component null
2024-07-01 12:40:45,611 [WARN] ModelIntegratedComponent:63 - No mode defined for component null
2024-07-01 12:40:45,611 [WARN] ModelIntegratedComponent:63 - No mode defined for component null
2024-07-01 12:40:45,611 [WARN] ModelIntegratedComponent:63 - No mode defined for component null
2024-07-01 12:40:45,612 [WARN] ModelIntegratedComponent:63 - No mode defined for component null
2024-07-01 12:40:45,612 [WARN] ModelIntegratedComponent:63 - No mode defined for component null
2024-07-01 12:40:45,612 [WARN] ModelIntegratedComponent:63 - No mode defined for component null
2024-07-01 12:40:45,612 [WARN] ModelIntegratedComponent:63 - No mode defined for component null
2024-07-01 12:40:45,612 [WARN] ModelIntegratedComponent:63 - No mode defined for component null
2024-07-01 12:40:45,612 [WARN] ModelIntegratedComponent:63 - No mode defined for component null
2024-07-01 12:40:45,612 [WARN] ModelIntegratedComponent:63 - No mode defined for component null
2024-07-01 12:40:45,612 [WARN] ModelIntegratedComponent:63 - No mode defined for component null
2024-07-01 12:40:45,612 [WARN] ModelIntegratedComponent:63 - No mode defined for component null
2024-07-01 12:40:45,612 [WARN] ModelIntegratedComponent:63 - No mode defined for component null
2024-07-01 12:40:45,612 [WARN] ModelIntegratedComponent:63 - No mode defined for component null
2024-07-01 12:40:45,612 [WARN] ModelIntegratedComponent:63 - No mode defined for component null
2024-07-01 12:40:45,612 [WARN] ModelIntegratedComponent:63 - No mode defined for component null
2024-07-01 12:40:45,612 [WARN] ModelIntegratedComponent:63 - No mode defined for component null
2024-07-01 12:40:45,613 [WARN] ModelIntegratedComponent:63 - No mode defined for component null
2024-07-01 12:40:45,613 [WARN] ModelIntegratedComponent:63 - No mode defined for component null
2024-07-01 12:40:45,613 [WARN] ModelIntegratedComponent:63 - No mode defined for component null
2024-07-01 12:40:45,613 [WARN] ModelIntegratedComponent:63 - No mode defined for component null
2024-07-01 12:40:45,613 [WARN] ModelIntegratedComponent:63 - No mode defined for component null
2024-07-01 12:40:45,613 [WARN] ModelIntegratedComponent:63 - No mode defined for component null
2024-07-01 12:40:45,613 [WARN] ModelIntegratedComponent:63 - No mode defined for component null
2024-07-01 12:40:45,613 [WARN] ModelIntegratedComponent:63 - No mode defined for component null
2024-07-01 12:40:45,613 [WARN] ModelIntegratedComponent:63 - No mode defined for component null
2024-07-01 12:40:45,613 [WARN] ModelIntegratedComponent:63 - No mode defined for component null
2024-07-01 12:40:45,613 [WARN] ModelIntegratedComponent:63 - No mode defined for component null
2024-07-01 12:40:45,752 [INFO] ThirdPartyModel:298 - Start build external matchings
2024-07-01 12:40:46,230 [INFO] ThirdPartyModel:316 - End build external matchings
2024-07-01 12:40:46,799 [INFO] UtilMem:75 - End LoadConfig() Used Memory: 748141328 Bytes (882900992)
2024-07-01 12:40:46,833 [INFO] MicroXplorer:468 - Change Database Path : 
2024-07-01 12:40:46,833 [INFO] MicroXplorer:498 - Change Database Version : DB.6.0.100
2024-07-01 12:40:46,834 [WARN] ThirdParty:833 - waiting for thirdparty lock release [change project]
2024-07-01 12:40:46,834 [INFO] ThirdParty:835 - entering critical section [change project]
2024-07-01 12:40:46,834 [INFO] ThirdParty:1030 - CMSIS Pack Vendor :STMicroelectronics USBPD 4.1
2024-07-01 12:40:46,834 [INFO] ThirdParty:1030 - CMSIS Pack Vendor :STMicroelectronics X-CUBE-GNSS1 6.0.0
2024-07-01 12:40:46,834 [INFO] ThirdParty:1030 - CMSIS Pack Vendor :STMicroelectronics USB_HOST 2.0.0
2024-07-01 12:40:46,834 [INFO] ThirdParty:1030 - CMSIS Pack Vendor :STMicroelectronics FP-SNS-MOTENVWB1 1.4.0
2024-07-01 12:40:46,835 [INFO] ThirdParty:1030 - CMSIS Pack Vendor :STMicroelectronics X-CUBE-AZRTOS-F4 1.1.0
2024-07-01 12:40:46,835 [INFO] ThirdParty:1030 - CMSIS Pack Vendor :STMicroelectronics LIBJPEG 8.0.0
2024-07-01 12:40:46,835 [INFO] ThirdParty:1030 - CMSIS Pack Vendor :STMicroelectronics X-CUBE-SMBUS 2.1.0
2024-07-01 12:40:46,835 [INFO] ThirdParty:1030 - CMSIS Pack Vendor :STMicroelectronics USB_DEVICE 3.0.0
2024-07-01 12:40:46,835 [INFO] ThirdParty:1030 - CMSIS Pack Vendor :STMicroelectronics X-CUBE-TCPP 4.1.0
2024-07-01 12:40:46,835 [INFO] ThirdParty:1030 - CMSIS Pack Vendor :STMicroelectronics X-CUBE-FREERTOS 1.2.0
2024-07-01 12:40:46,835 [INFO] ThirdParty:1030 - CMSIS Pack Vendor :STMicroelectronics X-CUBE-AZRTOS-WB 2.0.0
2024-07-01 12:40:46,835 [INFO] ThirdParty:1030 - CMSIS Pack Vendor :wolfSSL I-CUBE-wolfSSL 5.6.6
2024-07-01 12:40:46,835 [INFO] ThirdParty:1030 - CMSIS Pack Vendor :STMicroelectronics X-CUBE-TOUCHGFX 4.23.0
2024-07-01 12:40:46,835 [INFO] ThirdParty:1030 - CMSIS Pack Vendor :STMicroelectronics X-CUBE-AZRTOS-F7 1.1.0
2024-07-01 12:40:46,835 [INFO] ThirdParty:1030 - CMSIS Pack Vendor :STMicroelectronics X-CUBE-AZRTOS-L5 2.0.0
2024-07-01 12:40:46,835 [INFO] ThirdParty:1030 - CMSIS Pack Vendor :STMicroelectronics USB_DEVICE 2.0.0
2024-07-01 12:40:46,835 [INFO] ThirdParty:1030 - CMSIS Pack Vendor :STMicroelectronics X-CUBE-NFC6 3.1.0
2024-07-01 12:40:46,835 [INFO] ThirdParty:1030 - CMSIS Pack Vendor :ITTIA_DB I-CUBE-ITTIADB 8.8.0
2024-07-01 12:40:46,835 [INFO] ThirdParty:1030 - CMSIS Pack Vendor :STMicroelectronics FP-SNS-MOTENV1 4.3.2
2024-07-01 12:40:46,835 [INFO] ThirdParty:1030 - CMSIS Pack Vendor :STMicroelectronics X-CUBE-ALGOBUILD 1.3.0
2024-07-01 12:40:46,835 [INFO] ThirdParty:1030 - CMSIS Pack Vendor :STMicroelectronics FreeRTOS 0.0.1
2024-07-01 12:40:46,835 [INFO] ThirdParty:1030 - CMSIS Pack Vendor :STMicroelectronics X-CUBE-AZRTOS-G0 1.1.0
2024-07-01 12:40:46,835 [INFO] ThirdParty:1030 - CMSIS Pack Vendor :STMicroelectronics X-CUBE-SAFEA1 1.2.2
2024-07-01 12:40:46,836 [INFO] ThirdParty:1030 - CMSIS Pack Vendor :STMicroelectronics X-CUBE-NFC4 3.0.0
2024-07-01 12:40:46,836 [INFO] ThirdParty:1030 - CMSIS Pack Vendor :STMicroelectronics X-CUBE-SUBG2 5.0.0
2024-07-01 12:40:46,836 [INFO] ThirdParty:1030 - CMSIS Pack Vendor :STMicroelectronics STM32_WPAN 1.0.0
2024-07-01 12:40:46,836 [INFO] ThirdParty:1030 - CMSIS Pack Vendor :STMicroelectronics lwIP 2.0.3
2024-07-01 12:40:46,836 [INFO] ThirdParty:1030 - CMSIS Pack Vendor :STMicroelectronics FP-SNS-FLIGHT1 5.0.2
2024-07-01 12:40:46,836 [INFO] ThirdParty:1030 - CMSIS Pack Vendor :STMicroelectronics USB_HOST 1.0.0
2024-07-01 12:40:46,836 [INFO] ThirdParty:1030 - CMSIS Pack Vendor :STMicroelectronics X-CUBE-AI 9.0.0
2024-07-01 12:40:46,836 [INFO] ThirdParty:1030 - CMSIS Pack Vendor :STMicroelectronics X-CUBE-AZRTOS-G4 2.0.0
2024-07-01 12:40:46,836 [INFO] ThirdParty:1030 - CMSIS Pack Vendor :STMicroelectronics PDM2PCM 3.1.0
2024-07-01 12:40:46,836 [INFO] ThirdParty:1030 - CMSIS Pack Vendor :Infineon AIROC-Wi-Fi-Bluetooth-STM32 1.5.1
2024-07-01 12:40:46,836 [INFO] ThirdParty:1030 - CMSIS Pack Vendor :STMicroelectronics PDM2PCM 3.3.0
2024-07-01 12:40:46,836 [INFO] ThirdParty:1030 - CMSIS Pack Vendor :STMicroelectronics X-CUBE-DISPLAY 3.0.0
2024-07-01 12:40:46,836 [INFO] ThirdParty:1030 - CMSIS Pack Vendor :STMicroelectronics FP-SNS-MOTENVWB1 1.3.1
2024-07-01 12:40:46,836 [INFO] ThirdParty:1030 - CMSIS Pack Vendor :STMicroelectronics X-CUBE-BLE1 7.0.0
2024-07-01 12:40:46,836 [INFO] ThirdParty:1030 - CMSIS Pack Vendor :STMicroelectronics FP-ATR-SIGFOX1 3.2.0
2024-07-01 12:40:46,836 [INFO] ThirdParty:1030 - CMSIS Pack Vendor :STMicroelectronics X-CUBE-ISPU 2.0.0
2024-07-01 12:40:46,836 [INFO] ThirdParty:1030 - CMSIS Pack Vendor :STMicroelectronics X-CUBE-EEPRMA1 5.1.0
2024-07-01 12:40:46,836 [INFO] ThirdParty:1030 - CMSIS Pack Vendor :STMicroelectronics HAL Drivers 0.0.0
2024-07-01 12:40:46,837 [INFO] ThirdParty:1030 - CMSIS Pack Vendor :STMicroelectronics MBEDTLS 2.16.2
2024-07-01 12:40:46,837 [INFO] ThirdParty:1030 - CMSIS Pack Vendor :STMicroelectronics X-CUBE-ALS 1.0.2
2024-07-01 12:40:46,837 [INFO] ThirdParty:1030 - CMSIS Pack Vendor :emotas I-CUBE-CANOPEN 1.3.0
2024-07-01 12:40:46,837 [INFO] ThirdParty:1030 - CMSIS Pack Vendor :STMicroelectronics X-CUBE-MEMS1 10.0.0
2024-07-01 12:40:46,837 [INFO] ThirdParty:1030 - CMSIS Pack Vendor :STMicroelectronics X-CUBE-FREERTOS 1.1.0
2024-07-01 12:40:46,837 [INFO] ThirdParty:1030 - CMSIS Pack Vendor :STMicroelectronics X-CUBE-NFC7 1.0.1
2024-07-01 12:40:46,837 [INFO] ThirdParty:1030 - CMSIS Pack Vendor :STMicroelectronics MBEDTLS 2.14.1
2024-07-01 12:40:46,837 [INFO] ThirdParty:1030 - CMSIS Pack Vendor :STMicroelectronics X-CUBE-TOUCHGFX 4.24.0
2024-07-01 12:40:46,837 [INFO] ThirdParty:1030 - CMSIS Pack Vendor :STMicroelectronics X-CUBE-NFC6 3.0.0
2024-07-01 12:40:46,837 [INFO] ThirdParty:1030 - CMSIS Pack Vendor :portGmbH I-Cube-SoM-uGOAL 1.1.0
2024-07-01 12:40:46,837 [INFO] ThirdParty:1030 - CMSIS Pack Vendor :STMicroelectronics X-CUBE-ALS 1.0.1
2024-07-01 12:40:46,837 [INFO] ThirdParty:1030 - CMSIS Pack Vendor :STMicroelectronics X-CUBE-BLEMGR 3.1.0
2024-07-01 12:40:46,837 [INFO] ThirdParty:1030 - CMSIS Pack Vendor :STMicroelectronics ThreadX 1.0.0
2024-07-01 12:40:46,837 [INFO] ThirdParty:1030 - CMSIS Pack Vendor :STMicroelectronics FP-SNS-SMARTAG2 1.2.0
2024-07-01 12:40:46,837 [INFO] ThirdParty:1030 - CMSIS Pack Vendor :STMicroelectronics X-CUBE-AZRTOS-WL 2.0.0
2024-07-01 12:40:46,837 [INFO] ThirdParty:1030 - CMSIS Pack Vendor :SEGGER I-CUBE-embOS 1.3.1
2024-07-01 12:40:46,837 [INFO] ThirdParty:1030 - CMSIS Pack Vendor :STMicroelectronics X-CUBE-ALGOBUILD 1.4.0
2024-07-01 12:40:46,837 [INFO] ThirdParty:1030 - CMSIS Pack Vendor :STMicroelectronics FP-SNS-MOTENV1 5.0.0
2024-07-01 12:40:46,838 [INFO] ThirdParty:1030 - CMSIS Pack Vendor :STMicroelectronics USB_DEVICE 1.0.0
2024-07-01 12:40:46,838 [INFO] ThirdParty:1030 - CMSIS Pack Vendor :STMicroelectronics X-CUBE-AI 8.1.0
2024-07-01 12:40:46,838 [INFO] ThirdParty:1030 - CMSIS Pack Vendor :STMicroelectronics X-CUBE-AZRTOS-H7RS 1.0.0
2024-07-01 12:40:46,838 [INFO] ThirdParty:1030 - CMSIS Pack Vendor :wolfSSL I-CUBE-wolfMQTT 1.19.0
2024-07-01 12:40:46,838 [INFO] ThirdParty:1030 - CMSIS Pack Vendor :STMicroelectronics X-CUBE-AZRTOS-L4 2.0.0
2024-07-01 12:40:46,838 [INFO] ThirdParty:1030 - CMSIS Pack Vendor :STMicroelectronics ThreadX 0.0.2
2024-07-01 12:40:46,838 [INFO] ThirdParty:1030 - CMSIS Pack Vendor :WES I-CUBE-Cesium 1.3.0
2024-07-01 12:40:46,838 [INFO] ThirdParty:1030 - CMSIS Pack Vendor :STMicroelectronics FP-ATR-ASTRA1 2.0.0
2024-07-01 12:40:46,838 [INFO] ThirdParty:1030 - CMSIS Pack Vendor :STMicroelectronics lwIP 2.1.2
2024-07-01 12:40:46,838 [INFO] ThirdParty:1030 - CMSIS Pack Vendor :STMicroelectronics X-CUBE-SFXS2LP1 4.0.0
2024-07-01 12:40:46,838 [INFO] ThirdParty:1030 - CMSIS Pack Vendor :STMicroelectronics X-CUBE-BLE2 3.3.0
2024-07-01 12:40:46,838 [INFO] ThirdParty:1030 - CMSIS Pack Vendor :STMicroelectronics X-CUBE-TOF1 3.4.1
2024-07-01 12:40:46,838 [INFO] ThirdParty:1030 - CMSIS Pack Vendor :STMicroelectronics X-CUBE-AZRTOS-H7 3.2.0
2024-07-01 12:40:46,838 [INFO] ThirdParty:1030 - CMSIS Pack Vendor :STMicroelectronics PDM2PCM 3.2.0
2024-07-01 12:40:46,838 [INFO] ThirdParty:841 - exiting critical section [change project]
2024-07-01 12:40:47,474 [INFO] PinOutPanel:1499 - setPackage(No Configuration,No Configuration)
2024-07-01 12:40:47,477 [INFO] PinOutPanel:1499 - setPackage(STM32F446RETx,LQFP64)
2024-07-01 12:40:48,096 [INFO] UtilMem:75 - Before build in PCC Used Memory: 666384752 Bytes (882900992)
2024-07-01 12:40:48,873 [INFO] UtilMem:75 - After build in PCC Used Memory: 741882216 Bytes (882900992)
2024-07-01 12:40:48,896 [INFO] IPUIPlugin:80 - create IPUIPlugin
2024-07-01 12:40:48,896 [INFO] IPUIPlugin:80 - create IPUIPlugin
2024-07-01 12:40:48,897 [INFO] IPUIPlugin:80 - create IPUIPlugin
2024-07-01 12:40:48,897 [INFO] IPUIPlugin:80 - create IPUIPlugin
2024-07-01 12:40:48,897 [INFO] IPUIPlugin:80 - create IPUIPlugin
2024-07-01 12:40:48,897 [INFO] IPUIPlugin:80 - create IPUIPlugin
2024-07-01 12:40:48,897 [INFO] IPUIPlugin:80 - create IPUIPlugin
2024-07-01 12:40:48,897 [INFO] IPUIPlugin:80 - create IPUIPlugin
2024-07-01 12:40:48,897 [INFO] IPUIPlugin:80 - create IPUIPlugin
2024-07-01 12:40:48,897 [INFO] IPUIPlugin:80 - create IPUIPlugin
2024-07-01 12:40:48,898 [INFO] IPUIPlugin:80 - create IPUIPlugin
2024-07-01 12:40:48,898 [INFO] IPUIPlugin:80 - create IPUIPlugin
2024-07-01 12:40:48,899 [INFO] IPUIPlugin:80 - create IPUIPlugin
2024-07-01 12:40:48,899 [INFO] IPUIPlugin:80 - create IPUIPlugin
2024-07-01 12:40:48,899 [INFO] IPUIPlugin:80 - create IPUIPlugin
2024-07-01 12:40:48,899 [INFO] IPUIPlugin:80 - create IPUIPlugin
2024-07-01 12:40:48,900 [INFO] IPUIPlugin:80 - create IPUIPlugin
2024-07-01 12:40:48,907 [INFO] IPUIPlugin:80 - create IPUIPlugin
2024-07-01 12:40:48,907 [INFO] IPUIPlugin:80 - create IPUIPlugin
2024-07-01 12:40:48,908 [INFO] IPUIPlugin:80 - create IPUIPlugin
2024-07-01 12:40:48,908 [INFO] IPUIPlugin:80 - create IPUIPlugin
2024-07-01 12:40:48,908 [INFO] IPUIPlugin:80 - create IPUIPlugin
2024-07-01 12:40:48,908 [INFO] IPUIPlugin:80 - create IPUIPlugin
2024-07-01 12:40:48,909 [INFO] IPUIPlugin:80 - create IPUIPlugin
2024-07-01 12:40:48,909 [INFO] IPUIPlugin:80 - create IPUIPlugin
2024-07-01 12:40:48,909 [INFO] IPUIPlugin:80 - create IPUIPlugin
2024-07-01 12:40:48,909 [INFO] IPUIPlugin:80 - create IPUIPlugin
2024-07-01 12:40:48,909 [INFO] IPUIPlugin:80 - create IPUIPlugin
2024-07-01 12:40:48,910 [INFO] IPUIPlugin:80 - create IPUIPlugin
2024-07-01 12:40:48,910 [INFO] IPUIPlugin:80 - create IPUIPlugin
2024-07-01 12:40:48,910 [INFO] IPUIPlugin:80 - create IPUIPlugin
2024-07-01 12:40:48,910 [INFO] IPUIPlugin:80 - create IPUIPlugin
2024-07-01 12:40:48,910 [INFO] IPUIPlugin:80 - create IPUIPlugin
2024-07-01 12:40:48,910 [INFO] IPUIPlugin:80 - create IPUIPlugin
2024-07-01 12:40:48,910 [INFO] IPUIPlugin:80 - create IPUIPlugin
2024-07-01 12:40:48,910 [INFO] IPUIPlugin:80 - create IPUIPlugin
2024-07-01 12:40:48,910 [INFO] IPUIPlugin:80 - create IPUIPlugin
2024-07-01 12:40:48,911 [INFO] IPUIPlugin:80 - create IPUIPlugin
2024-07-01 12:40:48,911 [INFO] IPUIPlugin:80 - create IPUIPlugin
2024-07-01 12:40:48,911 [INFO] IPUIPlugin:80 - create IPUIPlugin
2024-07-01 12:40:48,911 [INFO] IPUIPlugin:80 - create IPUIPlugin
2024-07-01 12:40:48,911 [INFO] IPUIPlugin:80 - create IPUIPlugin
2024-07-01 12:40:48,911 [INFO] IPUIPlugin:80 - create IPUIPlugin
2024-07-01 12:40:48,911 [INFO] IPUIPlugin:80 - create IPUIPlugin
2024-07-01 12:40:48,911 [INFO] IPUIPlugin:80 - create IPUIPlugin
2024-07-01 12:40:48,912 [INFO] IPUIPlugin:80 - create IPUIPlugin
2024-07-01 12:40:48,912 [INFO] IPUIPlugin:80 - create IPUIPlugin
2024-07-01 12:40:48,912 [INFO] IPUIPlugin:80 - create IPUIPlugin
2024-07-01 12:40:48,912 [INFO] IPUIPlugin:80 - create IPUIPlugin
2024-07-01 12:40:48,912 [INFO] IPUIPlugin:80 - create IPUIPlugin
2024-07-01 12:40:48,913 [INFO] IPUIPlugin:80 - create IPUIPlugin
2024-07-01 12:40:48,913 [INFO] IPUIPlugin:80 - create IPUIPlugin
2024-07-01 12:40:48,913 [INFO] IPUIPlugin:80 - create IPUIPlugin
2024-07-01 12:40:48,913 [INFO] IPUIPlugin:80 - create IPUIPlugin
2024-07-01 12:40:48,913 [INFO] IPUIPlugin:80 - create IPUIPlugin
2024-07-01 12:40:48,914 [INFO] IPUIPlugin:80 - create IPUIPlugin
2024-07-01 12:40:48,914 [INFO] IPUIPlugin:80 - create IPUIPlugin
2024-07-01 12:40:48,914 [INFO] IPUIPlugin:80 - create IPUIPlugin
2024-07-01 12:40:48,915 [INFO] IPUIPlugin:80 - create IPUIPlugin
2024-07-01 12:40:48,915 [INFO] IPUIPlugin:80 - create IPUIPlugin
2024-07-01 12:40:49,167 [INFO] ApiDbMcu:508 - Load IP Config File for PDM2PCM
2024-07-01 12:40:49,548 [INFO] CADModel:165 - CPN selected for project levelSTM32F446RET6
2024-07-01 12:40:49,548 [INFO] CADModel:114 - Register for checkConnection events
2024-07-01 12:40:49,632 [INFO] OpenFileManager:343 - Restore cursor
2024-07-01 12:40:52,418 [INFO] UtilMem:75 - End SaveConfig() Used Memory: 562143456 Bytes (882900992)
2024-07-01 12:40:52,468 [ERROR] ConfigurationRetriever:142 - IOException on connection: sw-center.st.com
2024-07-01 12:40:52,468 [ERROR] ConfigurationRetriever:142 - IOException on connection: sw-center.st.com
2024-07-01 12:40:52,469 [ERROR] ConfigurationRetriever:142 - IOException on connection: sw-center.st.com
2024-07-01 12:40:52,495 [INFO] UtilMem:75 - End SaveConfig() Used Memory: 585555400 Bytes (882900992)
2024-07-01 12:40:52,596 [ERROR] AdobePublisher:162 - Exception while opening the connection: java.net.UnknownHostException: stmicroelectronics.d3.sc.omtrdc.net
2024-07-01 12:40:52,596 [ERROR] AdobePublisher:162 - Exception while opening the connection: java.net.UnknownHostException: stmicroelectronics.d3.sc.omtrdc.net
2024-07-01 12:40:52,597 [ERROR] AdobePublisher:162 - Exception while opening the connection: java.net.UnknownHostException: stmicroelectronics.d3.sc.omtrdc.net
2024-07-01 12:40:52,597 [ERROR] AdobePublisher:162 - Exception while opening the connection: java.net.UnknownHostException: stmicroelectronics.d3.sc.omtrdc.net
2024-07-01 12:40:52,597 [ERROR] AdobePublisher:162 - Exception while opening the connection: java.net.UnknownHostException: stmicroelectronics.d3.sc.omtrdc.net
2024-07-01 12:40:52,869 [INFO] BlockDiagram:2759 - set Specific Code input for plugin: RCC
2024-07-01 12:40:52,869 [INFO] BlockDiagram:2759 - set Specific Code input for plugin: NVIC
2024-07-01 12:40:52,870 [INFO] CodeGenerator:807 - code generatio: config db path: C:\ST\STM32CubeIDE_1.14.1\STM32CubeIDE\plugins\com.st.stm32cube.common.mx_6.10.0.202311202037\\db\
2024-07-01 12:40:53,062 [INFO] CodeEngine:255 - oldGeneratedFile, C:\Users\revat\STM32CubeIDE\workspace_1.14.1\bno055\MXTmpFiles\license.tmp_save
2024-07-01 12:40:53,460 [INFO] CodeEngine:279 - Generated code: C:\Users\revat\STM32CubeIDE\workspace_1.14.1\bno055\MXTmpFiles\license.tmp
2024-07-01 12:40:53,482 [INFO] CodeEngine:255 - oldGeneratedFile, C:\Users\revat\STM32CubeIDE\workspace_1.14.1\bno055\Core\Src\stm32f4xx_it.c_save
2024-07-01 12:40:53,624 [INFO] CodeEngine:279 - Generated code: C:\Users\revat\STM32CubeIDE\workspace_1.14.1\bno055\Core\Src\stm32f4xx_it.c
2024-07-01 12:40:53,634 [INFO] CodeEngine:255 - oldGeneratedFile, C:\Users\revat\STM32CubeIDE\workspace_1.14.1\bno055\Core\Inc\stm32f4xx_it.h_save
2024-07-01 12:40:53,710 [INFO] CodeEngine:279 - Generated code: C:\Users\revat\STM32CubeIDE\workspace_1.14.1\bno055\Core\Inc\stm32f4xx_it.h
2024-07-01 12:40:53,795 [INFO] CodeEngine:255 - oldGeneratedFile, C:\Users\revat\STM32CubeIDE\workspace_1.14.1\bno055\Core\Src\stm32f4xx_hal_msp.c_save
2024-07-01 12:40:53,930 [INFO] CodeEngine:279 - Generated code: C:\Users\revat\STM32CubeIDE\workspace_1.14.1\bno055\Core\Src\stm32f4xx_hal_msp.c
2024-07-01 12:40:53,945 [INFO] CodeEngine:255 - oldGeneratedFile, C:\Users\revat\STM32CubeIDE\workspace_1.14.1\bno055\MXTmpFiles\system.tmp_save
2024-07-01 12:40:54,008 [INFO] CodeEngine:279 - Generated code: C:\Users\revat\STM32CubeIDE\workspace_1.14.1\bno055\MXTmpFiles\system.tmp
2024-07-01 12:40:54,039 [INFO] CodeEngine:311 - oldGeneratedFile, C:\Users\revat\STM32CubeIDE\workspace_1.14.1\bno055\Core\Inc\stm32f4xx_hal_conf.h_save
2024-07-01 12:40:54,220 [INFO] CodeEngine:335 - Generated code: C:\Users\revat\STM32CubeIDE\workspace_1.14.1\bno055\Core\Inc\stm32f4xx_hal_conf.h
2024-07-01 12:40:54,298 [WARN] IPConfigManager:2946 - Warning: the RefConfig PLL2P_FOR_MCO is not available in your config.xml file
2024-07-01 12:40:54,330 [INFO] CodeEngine:255 - oldGeneratedFile, C:\Users\revat\STM32CubeIDE\workspace_1.14.1\bno055\Core\Inc\main.h_save
2024-07-01 12:40:54,521 [INFO] CodeEngine:279 - Generated code: C:\Users\revat\STM32CubeIDE\workspace_1.14.1\bno055\Core\Inc\main.h
2024-07-01 12:40:54,536 [INFO] CodeEngine:255 - oldGeneratedFile, C:\Users\revat\STM32CubeIDE\workspace_1.14.1\bno055\Core\Src\main.c_save
2024-07-01 12:40:54,750 [INFO] CodeEngine:279 - Generated code: C:\Users\revat\STM32CubeIDE\workspace_1.14.1\bno055\Core\Src\main.c
2024-07-01 12:40:55,736 [INFO] ProjectBuilder:3076 - Time for Copy HAL[1] : 286mS.
2024-07-01 12:40:55,743 [INFO] ProjectBuilder:4485 - Project Generator version: 4.2.0-B44
2024-07-01 12:40:56,074 [INFO] ConfigFileManager:1495 - The Die is : DIE421
2024-07-01 12:40:56,112 [INFO] ApiDbMcu:508 - Load IP Config File for FATFS
2024-07-01 12:40:56,130 [INFO] ApiDbMcu:508 - Load IP Config File for FREERTOS
2024-07-01 12:40:56,142 [INFO] ApiDbMcu:508 - Load IP Config File for LIBJPEG
2024-07-01 12:40:56,159 [INFO] ApiDbMcu:508 - Load IP Config File for MBEDTLS
2024-07-01 12:40:56,179 [INFO] ApiDbMcu:508 - Load IP Config File for USB_DEVICE
2024-07-01 12:40:56,188 [INFO] ApiDbMcu:508 - Load IP Config File for USB_HOST
2024-07-01 12:40:57,047 [INFO] LogOutputStream:77 - [STDOUT_REDIRECT] 
2024-07-01 12:41:01,273 [INFO] ProjectBuilder:4747 - Time for Generating toolchain IDE Files: 5530mS.
2024-07-01 12:41:01,275 [INFO] ProjectBuilder:2947 - Time for Copy CMSIS : 1mS.
2024-07-01 12:41:01,278 [INFO] ProjectBuilder:2947 - Time for Copy CMSIS : 0mS.
2024-07-01 12:41:02,177 [ERROR] AdobePublisher:162 - Exception while opening the connection: java.net.UnknownHostException: stmicroelectronics.d3.sc.omtrdc.net
2024-07-01 12:41:02,178 [ERROR] AdobePublisher:162 - Exception while opening the connection: java.net.UnknownHostException: stmicroelectronics.d3.sc.omtrdc.net
2024-07-01 12:41:02,178 [ERROR] AdobePublisher:162 - Exception while opening the connection: java.net.UnknownHostException: stmicroelectronics.d3.sc.omtrdc.net
2024-07-01 12:41:02,178 [ERROR] AdobePublisher:162 - Exception while opening the connection: java.net.UnknownHostException: stmicroelectronics.d3.sc.omtrdc.net
2024-07-01 12:41:02,179 [ERROR] AdobePublisher:162 - Exception while opening the connection: java.net.UnknownHostException: stmicroelectronics.d3.sc.omtrdc.net
2024-07-01 12:41:02,179 [ERROR] AdobePublisher:162 - Exception while opening the connection: java.net.UnknownHostException: stmicroelectronics.d3.sc.omtrdc.net
2024-07-01 12:41:02,180 [ERROR] AdobePublisher:162 - Exception while opening the connection: java.net.UnknownHostException: stmicroelectronics.d3.sc.omtrdc.net
2024-07-01 12:41:02,180 [ERROR] AdobePublisher:162 - Exception while opening the connection: java.net.UnknownHostException: stmicroelectronics.d3.sc.omtrdc.net
2024-07-01 12:41:02,181 [ERROR] AdobePublisher:162 - Exception while opening the connection: java.net.UnknownHostException: stmicroelectronics.d3.sc.omtrdc.net
2024-07-01 12:41:02,181 [ERROR] AdobePublisher:162 - Exception while opening the connection: java.net.UnknownHostException: stmicroelectronics.d3.sc.omtrdc.net
2024-07-01 12:41:02,181 [INFO] McuFinderGlobals:76 - Set McuFinderConnectedMode to true
2024-07-01 12:41:02,185 [INFO] ApiDb:448 - Save user favorites file C:\Users\revat/.stm32cubeide/favorites.mcus.txt: 0 item(s)
2024-07-01 12:41:02,186 [INFO] ApiDb:452 - User favorites MCUs=[]
2024-07-01 12:41:02,188 [INFO] ApiDb:448 - Save user favorites file C:\Users\revat/.stm32cubeide/favorites.boards.txt: 0 item(s)
2024-07-01 12:41:02,188 [INFO] ApiDb:452 - User favorites Boards=[]
2024-07-01 12:41:02,389 [ERROR] ConfigurationRetriever:142 - IOException on connection: sw-center.st.com
2024-07-01 12:41:02,391 [ERROR] ConfigurationRetriever:142 - IOException on connection: sw-center.st.com
2024-07-01 12:41:02,392 [ERROR] ConfigurationRetriever:142 - IOException on connection: sw-center.st.com
2024-07-01 19:06:57,700 [ERROR] ConfigurationRetriever:142 - IOException on connection: sw-center.st.com
2024-07-01 19:06:57,702 [ERROR] ConfigurationRetriever:142 - IOException on connection: sw-center.st.com
2024-07-01 19:06:57,703 [ERROR] ConfigurationRetriever:142 - IOException on connection: sw-center.st.com
2024-07-01 19:06:59,981 [ERROR] LogOutputStream:75 - [STDERR_REDIRECT] 
2024-07-01 19:06:59,982 [ERROR] LogOutputStream:75 - [STDERR_REDIRECT] 
