2024-07-03 11:47:01,713 [INFO] Activator:176 - 


2024-07-03 11:47:01,724 [INFO] Activator:177 - !SESSION log4j initialized
2024-07-03 11:47:14,827 [INFO] LogOutputStream:77 - [STDOUT_REDIRECT] 
2024-07-03 11:47:37,870 [INFO] ApplicationProperties:184 - Using Application install path: C:\ST\STM32CubeIDE_1.14.1\STM32CubeIDE\plugins\com.st.stm32cube.common.mx_6.10.0.202311202037
2024-07-03 11:47:37,891 [INFO] DbMcusXml:78 - Set database path to: C:\ST\STM32CubeIDE_1.14.1\STM32CubeIDE\plugins\com.st.stm32cube.common.mx_6.10.0.202311202037\\db\/mcu/
2024-07-03 11:47:37,891 [INFO] ApiDb:274 - Set plugin database path to: C:\ST\STM32CubeIDE_1.14.1\STM32CubeIDE\plugins\com.st.stm32cube.common.mx_6.10.0.202311202037\\db\/plugins/boardmanager/
2024-07-03 11:47:37,892 [WARN] ApiDb:259 - Overriding images path with different value:  => C:\ST\STM32CubeIDE_1.14.1\STM32CubeIDE\plugins\com.st.stm32cube.common.mx_6.10.0.202311202037\\db\/plugins/mcufinder/images/
2024-07-03 11:47:37,907 [INFO] ApiDb:250 - Set database path to: C:\Users\revat\.stmcufinder\plugins\mcufinder//mcu/
2024-07-03 11:47:37,908 [INFO] DbMcusAds:125 - Set database path to: C:\Users\revat\.stmcufinder\plugins\mcufinder//mcu/
2024-07-03 11:47:37,914 [INFO] CrossReferenceDbSqlite:203 - Set database path to: C:\Users\revat\.stmcufinder\plugins\mcufinder//mcu/cs/
2024-07-03 11:47:38,042 [INFO] RulesReader:64 - Compatibility file has been processed (297 Rules)
2024-07-03 11:47:38,138 [INFO] DbMcusXml:78 - Set database path to: C:\ST\STM32CubeIDE_1.14.1\STM32CubeIDE\plugins\com.st.stm32cube.common.mx_6.10.0.202311202037\\db\/mcu/
2024-07-03 11:47:38,138 [INFO] ApiDb:274 - Set plugin database path to: C:\ST\STM32CubeIDE_1.14.1\STM32CubeIDE\plugins\com.st.stm32cube.common.mx_6.10.0.202311202037\\db\/plugins/boardmanager/
2024-07-03 11:47:38,138 [INFO] ApiDb:261 - Set plugin images path to: C:\ST\STM32CubeIDE_1.14.1\STM32CubeIDE\plugins\com.st.stm32cube.common.mx_6.10.0.202311202037\\db\/plugins/mcufinder/images/
2024-07-03 11:47:38,138 [WARN] DbFile:41 - Overriding database path with different value: C:\Users\revat\.stmcufinder\plugins\mcufinder/ => C:\Users\revat\.stmcufinder\plugins\mcufinder
2024-07-03 11:47:38,138 [INFO] ApiDb:250 - Set database path to: C:\Users\revat\.stmcufinder\plugins\mcufinder//mcu/
2024-07-03 11:47:38,138 [WARN] DbFile:41 - Overriding database path with different value: C:\Users\revat\.stmcufinder\plugins\mcufinder/ => C:\Users\revat\.stmcufinder\plugins\mcufinder
2024-07-03 11:47:38,138 [INFO] DbMcusAds:125 - Set database path to: C:\Users\revat\.stmcufinder\plugins\mcufinder//mcu/
2024-07-03 11:47:38,138 [WARN] DbFile:41 - Overriding database path with different value: C:\Users\revat\.stmcufinder\plugins\mcufinder/ => C:\Users\revat\.stmcufinder\plugins\mcufinder
2024-07-03 11:47:38,138 [WARN] DbFile:41 - Overriding database path with different value: C:\Users\revat\.stmcufinder\plugins\mcufinder/ => C:\Users\revat\.stmcufinder\plugins\mcufinder
2024-07-03 11:47:38,139 [INFO] CrossReferenceDbSqlite:203 - Set database path to: C:\Users\revat\.stmcufinder\plugins\mcufinder//mcu/cs/
2024-07-03 11:47:38,231 [INFO] MainPanel:264 - HeapMemory: 268435456
2024-07-03 11:47:38,366 [INFO] DbMcusXml:78 - Set database path to: C:\ST\STM32CubeIDE_1.14.1\STM32CubeIDE\plugins\com.st.stm32cube.common.mx_6.10.0.202311202037\\db\/mcu/
2024-07-03 11:47:38,366 [INFO] ApiDb:274 - Set plugin database path to: C:\ST\STM32CubeIDE_1.14.1\STM32CubeIDE\plugins\com.st.stm32cube.common.mx_6.10.0.202311202037\\db\/plugins/boardmanager/
2024-07-03 11:47:38,367 [INFO] ApiDb:261 - Set plugin images path to: C:\ST\STM32CubeIDE_1.14.1\STM32CubeIDE\plugins\com.st.stm32cube.common.mx_6.10.0.202311202037\\db\/plugins/mcufinder/images/
2024-07-03 11:47:38,367 [WARN] DbFile:41 - Overriding database path with different value: C:\Users\revat\.stmcufinder\plugins\mcufinder/ => C:\Users\revat\.stmcufinder\plugins\mcufinder
2024-07-03 11:47:38,367 [INFO] ApiDb:250 - Set database path to: C:\Users\revat\.stmcufinder\plugins\mcufinder//mcu/
2024-07-03 11:47:38,367 [WARN] DbFile:41 - Overriding database path with different value: C:\Users\revat\.stmcufinder\plugins\mcufinder/ => C:\Users\revat\.stmcufinder\plugins\mcufinder
2024-07-03 11:47:38,367 [INFO] DbMcusAds:125 - Set database path to: C:\Users\revat\.stmcufinder\plugins\mcufinder//mcu/
2024-07-03 11:47:38,367 [WARN] DbFile:41 - Overriding database path with different value: C:\Users\revat\.stmcufinder\plugins\mcufinder/ => C:\Users\revat\.stmcufinder\plugins\mcufinder
2024-07-03 11:47:38,367 [WARN] DbFile:41 - Overriding database path with different value: C:\Users\revat\.stmcufinder\plugins\mcufinder/ => C:\Users\revat\.stmcufinder\plugins\mcufinder
2024-07-03 11:47:38,368 [INFO] CrossReferenceDbSqlite:203 - Set database path to: C:\Users\revat\.stmcufinder\plugins\mcufinder//mcu/cs/
2024-07-03 11:47:38,393 [INFO] ApplicationProperties:184 - Using Application install path: C:\ST\STM32CubeIDE_1.14.1\STM32CubeIDE\plugins\com.st.stm32cube.common.mx_6.10.0.202311202037
2024-07-03 11:47:38,394 [INFO] PluginManage:196 - Search for loadable plugins [exclusion list=, ]
2024-07-03 11:47:38,396 [INFO] PluginManage:310 - Check plugin analytics
2024-07-03 11:47:38,615 [INFO] AnalyticsPlugin:253 - Accepted Software Licenses: 
2024-07-03 11:47:38,616 [INFO] AnalyticsPlugin:255 - Accepted CMSIS Pack Licenses: 
2024-07-03 11:47:38,616 [INFO] AnalyticsPlugin:257 - Accepted Firmware Licenses: FW.F4.1.28.0
2024-07-03 11:47:38,620 [INFO] PluginManage:359 - Loaded plugin analytics (category:tool,tabindex:-1)
2024-07-03 11:47:38,620 [INFO] PluginManage:310 - Check plugin cadmodel
2024-07-03 11:47:38,639 [INFO] CADModel:105 - Init CAD model plugin
2024-07-03 11:47:38,640 [INFO] PluginManage:359 - Loaded plugin cadmodel (category:power,tabindex:5)
2024-07-03 11:47:38,640 [INFO] PluginManage:310 - Check plugin clock
2024-07-03 11:47:38,669 [INFO] PluginManage:359 - Loaded plugin clock (category:base,tabindex:2)
2024-07-03 11:47:38,669 [INFO] PluginManage:310 - Check plugin ddr
2024-07-03 11:47:38,672 [INFO] PluginManage:359 - Loaded plugin ddr (category:tool,tabindex:6)
2024-07-03 11:47:38,672 [INFO] PluginManage:310 - Check plugin filemanager
2024-07-03 11:47:38,825 [INFO] PluginManage:359 - Loaded plugin filemanager (category:base,tabindex:10)
2024-07-03 11:47:38,825 [INFO] PluginManage:310 - Check plugin ipmanager
2024-07-03 11:47:38,831 [INFO] PluginManage:359 - Loaded plugin ipmanager (category:base,tabindex:5)
2024-07-03 11:47:38,832 [INFO] PluginManage:310 - Check plugin lpbam
2024-07-03 11:47:38,849 [INFO] PluginManage:359 - Loaded plugin lpbam (category:base,tabindex:0)
2024-07-03 11:47:38,849 [INFO] PluginManage:310 - Check plugin memorymap
2024-07-03 11:47:38,873 [INFO] PluginManage:359 - Loaded plugin memorymap (category:base,tabindex:4)
2024-07-03 11:47:38,873 [INFO] PluginManage:310 - Check plugin pinoutandconfiguration
2024-07-03 11:47:38,895 [INFO] PluginManage:359 - Loaded plugin pinoutandconfiguration (category:base,tabindex:1)
2024-07-03 11:47:38,895 [INFO] PluginManage:310 - Check plugin pinoutconfig
2024-07-03 11:47:39,001 [WARN] SupportedApi:132 - Cannot load RTOS API schema: s4s-elt-must-match.1: The content of 'definitions' must match (annotation?, (simpleType | complexType)?, (unique | key | keyref)*)). A problem was found starting at: attribute.
2024-07-03 11:47:39,152 [INFO] PluginManage:359 - Loaded plugin pinoutconfig (category:base,tabindex:0)
2024-07-03 11:47:39,152 [INFO] PluginManage:310 - Check plugin power
2024-07-03 11:47:39,176 [INFO] PluginManage:359 - Loaded plugin power (category:power,tabindex:4)
2024-07-03 11:47:39,177 [INFO] PluginManage:310 - Check plugin projectmanager
2024-07-03 11:47:39,196 [INFO] PluginManage:359 - Loaded plugin projectmanager (category:projectmanager,tabindex:3)
2024-07-03 11:47:39,196 [INFO] PluginManage:310 - Check plugin thirdparty
2024-07-03 11:47:39,514 [INFO] PluginManage:359 - Loaded plugin thirdparty (category:base,tabindex:-1)
2024-07-03 11:47:39,515 [INFO] PluginManage:310 - Check plugin tools
2024-07-03 11:47:39,515 [WARN] IntegrityCheckThread:84 - waiting for thirdparty lock release [integrity check]
2024-07-03 11:47:39,515 [INFO] IntegrityCheckThread:86 - entering critical section [integrity check]
2024-07-03 11:47:39,515 [INFO] ThirdPartyUpdaterWithRetryManager:70 - Updater plugin not ready yet. [1/15]
2024-07-03 11:47:39,550 [INFO] PluginManage:359 - Loaded plugin tools (category:base,tabindex:7)
2024-07-03 11:47:39,550 [INFO] PluginManage:310 - Check plugin tutovideos
2024-07-03 11:47:39,798 [INFO] PluginManage:359 - Loaded plugin tutovideos (category:base,tabindex:-1)
2024-07-03 11:47:39,798 [INFO] PluginManage:310 - Check plugin updater
2024-07-03 11:47:39,811 [INFO] PluginManage:359 - Loaded plugin updater (category:base,tabindex:12)
2024-07-03 11:47:39,811 [INFO] PluginManage:310 - Check plugin userauth
2024-07-03 11:47:39,818 [INFO] UserAuth:114 - Init User Auth plugin
2024-07-03 11:47:39,818 [INFO] PluginManage:359 - Loaded plugin userauth (category:base,tabindex:14)
2024-07-03 11:47:39,818 [INFO] PluginManage:283 - PluginManage : Loaded plugins [17]
2024-07-03 11:47:40,092 [INFO] PinOutPanel:1499 - setPackage(No Configuration,No Configuration)
2024-07-03 11:47:40,193 [INFO] CADModel:165 - CPN selected for project level
2024-07-03 11:47:40,193 [INFO] CADModel:114 - Register for checkConnection events
2024-07-03 11:47:40,221 [INFO] IPUIPlugin:80 - create IPUIPlugin
2024-07-03 11:47:40,221 [INFO] PluginManager:220 - loadIPPluginJar : add adc
2024-07-03 11:47:40,256 [INFO] IPUIPlugin:80 - create IPUIPlugin
2024-07-03 11:47:40,256 [INFO] PluginManager:220 - loadIPPluginJar : add aes
2024-07-03 11:47:40,295 [INFO] IPUIPlugin:80 - create IPUIPlugin
2024-07-03 11:47:40,295 [INFO] PluginManager:220 - loadIPPluginJar : add can
2024-07-03 11:47:40,316 [INFO] IPUIPlugin:80 - create IPUIPlugin
2024-07-03 11:47:40,316 [INFO] PluginManager:220 - loadIPPluginJar : add comp
2024-07-03 11:47:40,347 [INFO] IPUIPlugin:80 - create IPUIPlugin
2024-07-03 11:47:40,347 [INFO] PluginManager:220 - loadIPPluginJar : add cryp
2024-07-03 11:47:40,378 [INFO] IPUIPlugin:80 - create IPUIPlugin
2024-07-03 11:47:40,378 [INFO] PluginManager:220 - loadIPPluginJar : add dfsdm
2024-07-03 11:47:40,401 [INFO] IPUIPlugin:80 - create IPUIPlugin
2024-07-03 11:47:40,402 [INFO] PluginManager:220 - loadIPPluginJar : add dma
2024-07-03 11:47:40,449 [INFO] IPUIPlugin:80 - create IPUIPlugin
2024-07-03 11:47:40,449 [INFO] PluginManager:220 - loadIPPluginJar : add dma3
2024-07-03 11:47:40,468 [INFO] IPUIPlugin:80 - create IPUIPlugin
2024-07-03 11:47:40,468 [INFO] PluginManager:220 - loadIPPluginJar : add fatfs
2024-07-03 11:47:40,512 [INFO] IPUIPlugin:80 - create IPUIPlugin
2024-07-03 11:47:40,512 [INFO] PluginManager:220 - loadIPPluginJar : add fmc
2024-07-03 11:47:40,528 [INFO] IPUIPlugin:80 - create IPUIPlugin
2024-07-03 11:47:40,528 [INFO] PluginManager:220 - loadIPPluginJar : add freertos
2024-07-03 11:47:40,548 [INFO] IPUIPlugin:80 - create IPUIPlugin
2024-07-03 11:47:40,548 [INFO] PluginManager:220 - loadIPPluginJar : add genericplugin
2024-07-03 11:47:40,644 [INFO] IPUIPlugin:80 - create IPUIPlugin
2024-07-03 11:47:40,644 [INFO] PluginManager:220 - loadIPPluginJar : add gfxmmu
2024-07-03 11:47:40,786 [INFO] IPUIPlugin:80 - create IPUIPlugin
2024-07-03 11:47:40,786 [INFO] PluginManager:220 - loadIPPluginJar : add gic
2024-07-03 11:47:40,802 [INFO] IPUIPlugin:80 - create IPUIPlugin
2024-07-03 11:47:40,802 [INFO] PluginManager:220 - loadIPPluginJar : add gpio
2024-07-03 11:47:40,930 [INFO] IPUIPlugin:80 - create IPUIPlugin
2024-07-03 11:47:40,931 [INFO] PluginManager:220 - loadIPPluginJar : add gtzc
2024-07-03 11:47:40,973 [INFO] IPUIPlugin:80 - create IPUIPlugin
2024-07-03 11:47:40,974 [INFO] PluginManager:220 - loadIPPluginJar : add hash
2024-07-03 11:47:41,027 [INFO] IPUIPlugin:80 - create IPUIPlugin
2024-07-03 11:47:41,028 [INFO] PluginManager:220 - loadIPPluginJar : add i2c
2024-07-03 11:47:41,079 [INFO] IPUIPlugin:80 - create IPUIPlugin
2024-07-03 11:47:41,079 [INFO] PluginManager:220 - loadIPPluginJar : add i2s
2024-07-03 11:47:41,140 [INFO] IPUIPlugin:80 - create IPUIPlugin
2024-07-03 11:47:41,140 [INFO] PluginManager:220 - loadIPPluginJar : add i3c
2024-07-03 11:47:41,259 [INFO] IPUIPlugin:80 - create IPUIPlugin
2024-07-03 11:47:41,259 [INFO] PluginManager:220 - loadIPPluginJar : add ipddr
2024-07-03 11:47:41,357 [INFO] IPUIPlugin:80 - create IPUIPlugin
2024-07-03 11:47:41,357 [INFO] PluginManager:220 - loadIPPluginJar : add linkedlist
2024-07-03 11:47:41,390 [INFO] IPUIPlugin:80 - create IPUIPlugin
2024-07-03 11:47:41,391 [INFO] PluginManager:220 - loadIPPluginJar : add lorawan
2024-07-03 11:47:41,438 [INFO] IPUIPlugin:80 - create IPUIPlugin
2024-07-03 11:47:41,438 [INFO] PluginManager:220 - loadIPPluginJar : add ltdc
2024-07-03 11:47:41,455 [INFO] IPUIPlugin:80 - create IPUIPlugin
2024-07-03 11:47:41,455 [INFO] PluginManager:220 - loadIPPluginJar : add mdma
2024-07-03 11:47:41,469 [INFO] IPUIPlugin:80 - create IPUIPlugin
2024-07-03 11:47:41,469 [INFO] PluginManager:220 - loadIPPluginJar : add nvic
2024-07-03 11:47:41,507 [INFO] IPUIPlugin:80 - create IPUIPlugin
2024-07-03 11:47:41,507 [INFO] PluginManager:220 - loadIPPluginJar : add opamp
2024-07-03 11:47:41,572 [INFO] IPUIPlugin:80 - create IPUIPlugin
2024-07-03 11:47:41,572 [INFO] PluginManager:220 - loadIPPluginJar : add openamp
2024-07-03 11:47:41,614 [INFO] IPUIPlugin:80 - create IPUIPlugin
2024-07-03 11:47:41,614 [INFO] PluginManager:220 - loadIPPluginJar : add pdm2pcm
2024-07-03 11:47:41,631 [INFO] IPUIPlugin:80 - create IPUIPlugin
2024-07-03 11:47:41,633 [INFO] PluginManager:220 - loadIPPluginJar : add plateformsettings
2024-07-03 11:47:41,655 [INFO] IPUIPlugin:80 - create IPUIPlugin
2024-07-03 11:47:41,655 [INFO] PluginManager:220 - loadIPPluginJar : add quadspi
2024-07-03 11:47:41,670 [INFO] IPUIPlugin:80 - create IPUIPlugin
2024-07-03 11:47:41,670 [INFO] PluginManager:220 - loadIPPluginJar : add resmgrutility
2024-07-03 11:47:41,717 [INFO] IPUIPlugin:80 - create IPUIPlugin
2024-07-03 11:47:41,717 [INFO] PluginManager:220 - loadIPPluginJar : add sai
2024-07-03 11:47:41,752 [INFO] IPUIPlugin:80 - create IPUIPlugin
2024-07-03 11:47:41,752 [INFO] PluginManager:220 - loadIPPluginJar : add spi
2024-07-03 11:47:41,820 [INFO] IPUIPlugin:80 - create IPUIPlugin
2024-07-03 11:47:41,820 [INFO] PluginManager:220 - loadIPPluginJar : add stm32_wpan
2024-07-03 11:47:41,845 [INFO] IPUIPlugin:80 - create IPUIPlugin
2024-07-03 11:47:41,845 [INFO] PluginManager:220 - loadIPPluginJar : add tim
2024-07-03 11:47:41,895 [INFO] IPUIPlugin:80 - create IPUIPlugin
2024-07-03 11:47:41,895 [INFO] PluginManager:220 - loadIPPluginJar : add touchsensing
2024-07-03 11:47:41,916 [INFO] IPUIPlugin:80 - create IPUIPlugin
2024-07-03 11:47:41,916 [INFO] PluginManager:220 - loadIPPluginJar : add tracer_emb
2024-07-03 11:47:41,950 [INFO] IPUIPlugin:80 - create IPUIPlugin
2024-07-03 11:47:41,950 [INFO] PluginManager:220 - loadIPPluginJar : add ts
2024-07-03 11:47:41,972 [INFO] IPUIPlugin:80 - create IPUIPlugin
2024-07-03 11:47:41,972 [INFO] PluginManager:220 - loadIPPluginJar : add tsc
2024-07-03 11:47:41,996 [INFO] IPUIPlugin:80 - create IPUIPlugin
2024-07-03 11:47:41,996 [INFO] PluginManager:220 - loadIPPluginJar : add ucpd
2024-07-03 11:47:42,036 [INFO] IPUIPlugin:80 - create IPUIPlugin
2024-07-03 11:47:42,036 [INFO] PluginManager:220 - loadIPPluginJar : add usart
2024-07-03 11:47:42,077 [INFO] IPUIPlugin:80 - create IPUIPlugin
2024-07-03 11:47:42,077 [INFO] PluginManager:220 - loadIPPluginJar : add usbx
2024-07-03 11:47:42,208 [INFO] CADModel:165 - CPN selected for project level
2024-07-03 11:47:42,209 [INFO] CADModel:114 - Register for checkConnection events
2024-07-03 11:47:42,209 [FATAL] Updater:308 - Updater called before beeing initialized
2024-07-03 11:47:42,209 [ERROR] CADModel:125 - Updater not yet initialized, retry later 
2024-07-03 11:47:42,370 [INFO] CADModel:165 - CPN selected for project level
2024-07-03 11:47:42,370 [INFO] CADModel:114 - Register for checkConnection events
2024-07-03 11:47:42,370 [FATAL] Updater:308 - Updater called before beeing initialized
2024-07-03 11:47:42,370 [ERROR] CADModel:125 - Updater not yet initialized, retry later 
2024-07-03 11:47:42,373 [FATAL] Updater:308 - Updater called before beeing initialized
2024-07-03 11:47:42,502 [FATAL] Updater:308 - Updater called before beeing initialized
2024-07-03 11:47:42,511 [INFO] DbMcusAds:53 - JSON generation date=Thu May 16 14:52:00 IST 2024 (1715851320852)
2024-07-03 11:47:42,511 [FATAL] Updater:308 - Updater called before beeing initialized
2024-07-03 11:47:42,518 [INFO] ThirdPartyUpdaterWithRetryManager:70 - Updater plugin not ready yet. [2/15]
2024-07-03 11:47:42,589 [WARN] DetailPanel:346 - Failed to get advertising image, set to default
2024-07-03 11:47:42,728 [FATAL] Updater:308 - Updater called before beeing initialized
2024-07-03 11:47:42,730 [FATAL] Updater:308 - Updater called before beeing initialized
2024-07-03 11:47:42,730 [FATAL] Updater:308 - Updater called before beeing initialized
2024-07-03 11:47:42,730 [WARN] DetailPanel:346 - Failed to get advertising image, set to default
2024-07-03 11:47:42,731 [FATAL] Updater:308 - Updater called before beeing initialized
2024-07-03 11:47:42,801 [ERROR] Updater:1120 - MainUpdater not yet initialized. External WinMGr cannot be set.
2024-07-03 11:47:42,810 [INFO] Updater:1056 - Updater Version found : 6.10.0
2024-07-03 11:47:42,829 [INFO] ApplicationProperties:184 - Using Application install path: C:\ST\STM32CubeIDE_1.14.1\STM32CubeIDE\plugins\com.st.stm32cube.common.mx_6.10.0.202311202037
2024-07-03 11:47:44,409 [ERROR] LogOutputStream:75 - [STDERR_REDIRECT] Jul 03, 2024 11:47:44 AM java.util.prefs.WindowsPreferences <init>
2024-07-03 11:47:44,411 [ERROR] LogOutputStream:75 - [STDERR_REDIRECT] WARNING: Could not open/create prefs root node Software\JavaSoft\Prefs at root 0xffffffff80000002. Windows RegCreateKeyEx(...) returned error code 5.
2024-07-03 11:47:44,411 [ERROR] LogOutputStream:75 - [STDERR_REDIRECT] 
2024-07-03 11:47:44,880 [INFO] MainUpdater:2873 - connection check result : 10
2024-07-03 11:47:44,881 [INFO] MainUpdater:290 - Updater Check For Update Now.
2024-07-03 11:47:44,881 [INFO] MicroXplorer:498 - Change Database Version : DB.6.0.100
2024-07-03 11:47:45,047 [INFO] McuFinderGlobals:63 - Set McuFinder mode to 2 (CubeIDE integrated)
2024-07-03 11:47:45,048 [INFO] UserAuth:180 - activating auth plugin
2024-07-03 11:47:45,051 [INFO] UserAuth:404 - Internet connection configuration mode: 1
2024-07-03 11:47:45,106 [INFO] JxBrowserEngine:152 - Initiate JxBrowser Engine with user profile folder
2024-07-03 11:47:45,273 [INFO] CheckServerUpdateThread:120 - End of CheckServer Thread
2024-07-03 11:47:45,709 [WARN] PackLoader:240 - Cannot read IP mode file for STMicroelectronics.FP-SNS-MOTENVWB1.1.4.0
2024-07-03 11:47:45,727 [WARN] PackLoader:240 - Cannot read IP mode file for STMicroelectronics.X-CUBE-SMBUS.2.1.0
2024-07-03 11:47:45,740 [WARN] PackLoader:240 - Cannot read IP mode file for STMicroelectronics.X-CUBE-TOUCHGFX.4.23.0
2024-07-03 11:47:45,781 [WARN] PackLoader:240 - Cannot read IP mode file for STMicroelectronics.X-CUBE-AZRTOS-F7.1.1.0
2024-07-03 11:47:45,798 [WARN] PackLoader:240 - Cannot read IP mode file for STMicroelectronics.FP-SNS-MOTENV1.4.3.2
2024-07-03 11:47:45,812 [WARN] PackLoader:240 - Cannot read IP mode file for STMicroelectronics.FP-SNS-FLIGHT1.5.0.2
2024-07-03 11:47:45,826 [WARN] PackLoader:240 - Cannot read IP mode file for STMicroelectronics.X-CUBE-DISPLAY.3.0.0
2024-07-03 11:47:45,847 [WARN] PackLoader:240 - Cannot read IP mode file for STMicroelectronics.X-CUBE-BLE1.7.0.0
2024-07-03 11:47:45,860 [WARN] PackLoader:240 - Cannot read IP mode file for emotas.I-CUBE-CANOPEN.1.3.0
2024-07-03 11:47:45,878 [WARN] PackLoader:240 - Cannot read IP mode file for STMicroelectronics.X-CUBE-BLEMGR.3.1.0
2024-07-03 11:47:45,894 [WARN] PackLoader:240 - Cannot read IP mode file for STMicroelectronics.FP-SNS-SMARTAG2.1.2.0
2024-07-03 11:47:45,913 [INFO] LogOutputStream:77 - [STDOUT_REDIRECT] 1 : Invalid condition id : UX_CORESTACK_Condition cause : null
2024-07-03 11:47:45,913 [INFO] LogOutputStream:77 - [STDOUT_REDIRECT] 1 : Invalid condition id : UX_CORESTACK_Condition cause : null
2024-07-03 11:47:45,914 [INFO] LogOutputStream:77 - [STDOUT_REDIRECT] 1 : Invalid condition id : UX_CORESTACK_Condition cause : null
2024-07-03 11:47:45,916 [INFO] LogOutputStream:77 - [STDOUT_REDIRECT] 1 : Invalid condition id : UX_CORESTACK_Condition cause : null
2024-07-03 11:47:45,917 [INFO] LogOutputStream:77 - [STDOUT_REDIRECT] 1 : Invalid condition id : UX_CORESTACK_Condition cause : null
2024-07-03 11:47:45,920 [WARN] PackLoader:240 - Cannot read IP mode file for STMicroelectronics.X-CUBE-AZRTOS-WL.2.0.0
2024-07-03 11:47:45,932 [WARN] PackLoader:240 - Cannot read IP mode file for STMicroelectronics.FP-SNS-MOTENV1.5.0.0
2024-07-03 11:47:45,943 [WARN] PackLoader:240 - Cannot read IP mode file for wolfSSL.I-CUBE-wolfMQTT.1.19.0
2024-07-03 11:47:45,958 [WARN] PackLoader:240 - Cannot read IP mode file for WES.I-CUBE-Cesium.1.3.0
2024-07-03 11:47:45,970 [WARN] PackLoader:240 - Cannot read IP mode file for STMicroelectronics.X-CUBE-BLE2.3.3.0
2024-07-03 11:47:45,983 [WARN] PackLoader:240 - Cannot read IP mode file for STMicroelectronics.X-CUBE-TCPP.4.1.0
2024-07-03 11:47:46,001 [WARN] PackLoader:240 - Cannot read IP mode file for STMicroelectronics.X-CUBE-ALGOBUILD.1.3.0
2024-07-03 11:47:46,045 [WARN] PackLoader:240 - Cannot read IP mode file for STMicroelectronics.X-CUBE-AZRTOS-G0.1.1.0
2024-07-03 11:47:46,118 [WARN] PackLoader:240 - Cannot read IP mode file for STMicroelectronics.X-CUBE-SAFEA1.1.2.2
2024-07-03 11:47:46,144 [WARN] PackLoader:240 - Cannot read IP mode file for STMicroelectronics.X-CUBE-NFC4.3.0.0
2024-07-03 11:47:46,163 [WARN] PackLoader:240 - Cannot read IP mode file for STMicroelectronics.FP-ATR-SIGFOX1.3.2.0
2024-07-03 11:47:46,179 [WARN] PackLoader:240 - Cannot read IP mode file for STMicroelectronics.X-CUBE-EEPRMA1.5.1.0
2024-07-03 11:47:46,219 [WARN] PackLoader:240 - Cannot read IP mode file for SEGGER.I-CUBE-embOS.1.3.1
2024-07-03 11:47:46,253 [WARN] PackLoader:240 - Cannot read IP mode file for STMicroelectronics.X-CUBE-ALGOBUILD.1.4.0
2024-07-03 11:47:46,266 [WARN] PackLoader:240 - Cannot read IP mode file for STMicroelectronics.X-CUBE-GNSS1.6.0.0
2024-07-03 11:47:46,292 [WARN] PackLoader:240 - Cannot read IP mode file for STMicroelectronics.X-CUBE-AZRTOS-F4.1.1.0
2024-07-03 11:47:46,308 [WARN] PackLoader:240 - Cannot read IP mode file for STMicroelectronics.X-CUBE-FREERTOS.1.2.0
2024-07-03 11:47:46,321 [WARN] PackLoader:240 - Cannot read IP mode file for wolfSSL.I-CUBE-wolfSSL.5.6.6
2024-07-03 11:47:46,347 [WARN] PackLoader:240 - Cannot read IP mode file for STMicroelectronics.X-CUBE-AZRTOS-L5.2.0.0
2024-07-03 11:47:46,362 [WARN] PackLoader:240 - Cannot read IP mode file for STMicroelectronics.X-CUBE-NFC6.3.1.0
2024-07-03 11:47:46,378 [WARN] PackLoader:240 - Cannot read IP mode file for ITTIA_DB.I-CUBE-ITTIADB.8.8.0
2024-07-03 11:47:46,389 [WARN] PackLoader:240 - Cannot read IP mode file for STMicroelectronics.X-CUBE-AI.9.0.0
2024-07-03 11:47:46,401 [WARN] PackLoader:240 - Cannot read IP mode file for STMicroelectronics.X-CUBE-NFC7.1.0.1
2024-07-03 11:47:46,418 [WARN] PackLoader:240 - Cannot read IP mode file for STMicroelectronics.X-CUBE-NFC6.3.0.0
2024-07-03 11:47:46,433 [WARN] PackLoader:240 - Cannot read IP mode file for STMicroelectronics.X-CUBE-AI.8.1.0
2024-07-03 11:47:46,461 [WARN] ConditionMgr:438 - getConditionDescription Invalid condition id : LAN8742 Phy interface Condition cause : null
2024-07-03 11:47:46,462 [WARN] PackLoader:240 - Cannot read IP mode file for STMicroelectronics.X-CUBE-AZRTOS-L4.2.0.0
2024-07-03 11:47:46,463 [WARN] ConditionMgr:1039 - genDependencies : Invalid condition id : LAN8742 Phy interface Condition cause : null
2024-07-03 11:47:46,464 [WARN] ConditionMgr:1039 - genDependencies : Invalid condition id : LAN8742 Phy interface Condition cause : null
2024-07-03 11:47:46,464 [WARN] ConditionMgr:1039 - genDependencies : Invalid condition id : LAN8742 Phy interface Condition cause : null
2024-07-03 11:47:46,480 [WARN] PackLoader:240 - Cannot read IP mode file for STMicroelectronics.X-CUBE-SFXS2LP1.4.0.0
2024-07-03 11:47:46,502 [WARN] ConditionMgr:438 - getConditionDescription Invalid condition id : UX DEVICE CLASS RTOS Condition cause : null
2024-07-03 11:47:46,502 [WARN] ConditionMgr:438 - getConditionDescription Invalid condition id : UX DEVICE CLASS RTOS Condition cause : null
2024-07-03 11:47:46,503 [WARN] PackLoader:240 - Cannot read IP mode file for STMicroelectronics.X-CUBE-AZRTOS-WB.2.0.0
2024-07-03 11:47:46,504 [WARN] ConditionMgr:1039 - genDependencies : Invalid condition id : UX DEVICE CLASS RTOS Condition cause : null
2024-07-03 11:47:46,504 [WARN] ConditionMgr:1039 - genDependencies : Invalid condition id : UX DEVICE CLASS RTOS Condition cause : null
2024-07-03 11:47:46,504 [WARN] ConditionMgr:1039 - genDependencies : Invalid condition id : UX DEVICE CLASS RTOS Condition cause : null
2024-07-03 11:47:46,505 [WARN] ConditionMgr:1039 - genDependencies : Invalid condition id : UX DEVICE CLASS RTOS Condition cause : null
2024-07-03 11:47:46,505 [WARN] ConditionMgr:1039 - genDependencies : Invalid condition id : UX DEVICE CLASS RTOS Condition cause : null
2024-07-03 11:47:46,526 [WARN] PackLoader:240 - Cannot read IP mode file for STMicroelectronics.X-CUBE-SUBG2.5.0.0
2024-07-03 11:47:46,554 [WARN] PackLoader:240 - Cannot read IP mode file for STMicroelectronics.X-CUBE-AZRTOS-G4.2.0.0
2024-07-03 11:47:46,576 [WARN] PackLoader:240 - Cannot read IP mode file for Infineon.AIROC-Wi-Fi-Bluetooth-STM32.1.5.1
2024-07-03 11:47:46,590 [WARN] PackLoader:240 - Cannot read IP mode file for STMicroelectronics.FP-SNS-MOTENVWB1.1.3.1
2024-07-03 11:47:46,603 [WARN] PackLoader:240 - Cannot read IP mode file for STMicroelectronics.X-CUBE-ISPU.2.0.0
2024-07-03 11:47:46,615 [WARN] PackLoader:240 - Cannot read IP mode file for STMicroelectronics.X-CUBE-ALS.1.0.2
2024-07-03 11:47:46,659 [WARN] PackLoader:240 - Cannot read IP mode file for STMicroelectronics.X-CUBE-MEMS1.10.0.0
2024-07-03 11:47:46,814 [WARN] PackLoader:240 - Cannot read IP mode file for STMicroelectronics.X-CUBE-FREERTOS.1.1.0
2024-07-03 11:47:46,829 [WARN] PackLoader:240 - Cannot read IP mode file for STMicroelectronics.X-CUBE-TOUCHGFX.4.24.0
2024-07-03 11:47:46,842 [WARN] PackLoader:240 - Cannot read IP mode file for portGmbH.I-Cube-SoM-uGOAL.1.1.0
2024-07-03 11:47:46,855 [WARN] PackLoader:240 - Cannot read IP mode file for STMicroelectronics.X-CUBE-ALS.1.0.1
2024-07-03 11:47:46,889 [WARN] PackLoader:240 - Cannot read IP mode file for STMicroelectronics.X-CUBE-AZRTOS-H7RS.1.0.0
2024-07-03 11:47:46,909 [WARN] PackLoader:240 - Cannot read IP mode file for STMicroelectronics.FP-ATR-ASTRA1.2.0.0
2024-07-03 11:47:46,936 [WARN] PackLoader:240 - Cannot read IP mode file for STMicroelectronics.X-CUBE-TOF1.3.4.1
2024-07-03 11:47:46,999 [WARN] PackLoader:240 - Cannot read IP mode file for STMicroelectronics.X-CUBE-AZRTOS-H7.3.2.0
2024-07-03 11:47:47,004 [INFO] ThirdParty:978 - Integrity check success = true
2024-07-03 11:47:47,005 [INFO] IntegrityCheckThread:100 - exiting critical section [integrity check]
2024-07-03 11:47:47,005 [INFO] IntegrityCheckThread:103 - End integrity checks thread
2024-07-03 11:47:48,115 [INFO] WebApp:161 - Instantiating new browser for Auth
2024-07-03 11:47:49,075 [INFO] WebApp:780 - Register for checkConnection events
2024-07-03 11:47:49,075 [INFO] WebApp:414 - Apply proxy settings
2024-07-03 11:47:49,075 [INFO] WebApp:499 - Chromium requires no authentication
2024-07-03 11:47:49,085 [INFO] WebApp:442 - Direct internet connection detected
2024-07-03 11:47:49,338 [INFO] WebApp:192 - Starting web application
2024-07-03 11:47:49,338 [INFO] WebApp:544 - Web application path used C:\ST\STM32CubeIDE_1.14.1\STM32CubeIDE\plugins\com.st.stm32cube.common.mx_6.10.0.202311202037\db\plugins\mcufinder\reactClient1\index.html
2024-07-03 11:48:10,323 [ERROR] LogOutputStream:75 - [STDERR_REDIRECT] SLF4J: Failed to load class "org.slf4j.impl.StaticLoggerBinder".
2024-07-03 11:48:10,324 [ERROR] LogOutputStream:75 - [STDERR_REDIRECT] SLF4J: Defaulting to no-operation (NOP) logger implementation
2024-07-03 11:48:10,324 [ERROR] LogOutputStream:75 - [STDERR_REDIRECT] SLF4J: See http://www.slf4j.org/codes.html#StaticLoggerBinder for further details.
2024-07-03 12:36:35,878 [ERROR] ConfigurationRetriever:142 - IOException on connection: sw-center.st.com
2024-07-03 12:36:35,879 [ERROR] ConfigurationRetriever:142 - IOException on connection: sw-center.st.com
2024-07-03 12:36:35,880 [ERROR] ConfigurationRetriever:142 - IOException on connection: sw-center.st.com
2024-07-03 12:37:06,005 [ERROR] ConfigurationRetriever:142 - IOException on connection: sw-center.st.com
2024-07-03 12:37:06,005 [ERROR] ConfigurationRetriever:142 - IOException on connection: sw-center.st.com
2024-07-03 12:37:06,007 [ERROR] ConfigurationRetriever:142 - IOException on connection: sw-center.st.com
2024-07-03 13:52:12,944 [ERROR] ConfigurationRetriever:142 - IOException on connection: sw-center.st.com
2024-07-03 13:52:12,945 [ERROR] ConfigurationRetriever:142 - IOException on connection: sw-center.st.com
2024-07-03 13:52:12,945 [ERROR] ConfigurationRetriever:142 - IOException on connection: sw-center.st.com
2024-07-03 13:55:01,742 [INFO] McuFinderGlobals:63 - Set McuFinder mode to 2 (CubeIDE integrated)
2024-07-03 13:55:01,772 [INFO] MainUpdater:2873 - connection check result : 10
2024-07-03 13:55:01,784 [INFO] MainUpdater:2873 - connection check result : 10
2024-07-03 13:55:01,968 [INFO] MicroXplorer:468 - Change Database Path : 
2024-07-03 13:55:01,969 [INFO] MicroXplorer:498 - Change Database Version : DB.6.0.100
2024-07-03 13:55:01,974 [WARN] ThirdParty:871 - waiting for thirdparty lock release [close project]
2024-07-03 13:55:01,974 [INFO] ThirdParty:873 - entering critical section [close project]
2024-07-03 13:55:01,978 [INFO] ThirdParty:883 - exiting critical section [close project]
2024-07-03 13:55:01,981 [INFO] PinOutPanel:1499 - setPackage(No Configuration,No Configuration)
2024-07-03 13:55:01,987 [INFO] UtilMem:75 - Begin LoadConfig() Used Memory: 888195880 Bytes (1073741824)
2024-07-03 13:55:01,988 [INFO] MicroXplorer:468 - Change Database Path : 
2024-07-03 13:55:01,989 [INFO] MicroXplorer:498 - Change Database Version : DB.6.0.100
2024-07-03 13:55:01,989 [INFO] OpenFileManager:312 - Change cursor
2024-07-03 13:55:02,042 [INFO] Mcu:2016 - Initializing MCU STM32F446R(C-E)Tx STM32F446RETx STM32F446RET6
2024-07-03 13:55:04,162 [INFO] Context:659 - Trying to add GPIOservice into a context  which must be forbidden
2024-07-03 13:55:04,717 [INFO] RtosManager:555 - Registered RTOS mode: class=CMSIS, group=RTOS, mode=CMSIS_V1, owner=FREERTOS
2024-07-03 13:55:04,717 [INFO] RtosManager:555 - Registered RTOS mode: class=CMSIS, group=RTOS2, mode=CMSIS_V2, owner=FREERTOS
2024-07-03 13:55:04,717 [INFO] RtosManager:555 - Registered RTOS mode: class=RTOS, group=Core, mode=CMSIS_V1, owner=FREERTOS
2024-07-03 13:55:04,717 [INFO] RtosManager:555 - Registered RTOS mode: class=RTOS, group=Core, mode=CMSIS_V2, owner=FREERTOS
2024-07-03 13:55:04,718 [WARN] ModelIntegratedComponent:184 - Missing modes for component STMicroelectronics:FreeRTOS:0.0.1:STMicroelectronics:RTOS:FreeRTOS:Core:::10.2.0:
2024-07-03 13:55:04,732 [WARN] ModelIntegratedComponent:63 - No mode defined for component null
2024-07-03 13:55:04,732 [WARN] ModelIntegratedComponent:63 - No mode defined for component null
2024-07-03 13:55:04,733 [WARN] ModelIntegratedComponent:63 - No mode defined for component null
2024-07-03 13:55:04,733 [WARN] ModelIntegratedComponent:63 - No mode defined for component null
2024-07-03 13:55:04,733 [WARN] ModelIntegratedComponent:63 - No mode defined for component null
2024-07-03 13:55:04,733 [WARN] ModelIntegratedComponent:63 - No mode defined for component null
2024-07-03 13:55:04,733 [WARN] ModelIntegratedComponent:63 - No mode defined for component null
2024-07-03 13:55:04,733 [WARN] ModelIntegratedComponent:63 - No mode defined for component null
2024-07-03 13:55:04,733 [WARN] ModelIntegratedComponent:63 - No mode defined for component null
2024-07-03 13:55:04,733 [WARN] ModelIntegratedComponent:63 - No mode defined for component null
2024-07-03 13:55:04,733 [WARN] ModelIntegratedComponent:63 - No mode defined for component null
2024-07-03 13:55:04,733 [WARN] ModelIntegratedComponent:63 - No mode defined for component null
2024-07-03 13:55:04,733 [WARN] ModelIntegratedComponent:63 - No mode defined for component null
2024-07-03 13:55:04,733 [WARN] ModelIntegratedComponent:63 - No mode defined for component null
2024-07-03 13:55:04,733 [WARN] ModelIntegratedComponent:63 - No mode defined for component null
2024-07-03 13:55:04,733 [WARN] ModelIntegratedComponent:63 - No mode defined for component null
2024-07-03 13:55:04,734 [WARN] ModelIntegratedComponent:63 - No mode defined for component null
2024-07-03 13:55:04,734 [WARN] ModelIntegratedComponent:63 - No mode defined for component null
2024-07-03 13:55:04,734 [WARN] ModelIntegratedComponent:63 - No mode defined for component null
2024-07-03 13:55:04,734 [WARN] ModelIntegratedComponent:63 - No mode defined for component null
2024-07-03 13:55:04,734 [WARN] ModelIntegratedComponent:63 - No mode defined for component null
2024-07-03 13:55:04,734 [WARN] ModelIntegratedComponent:63 - No mode defined for component null
2024-07-03 13:55:04,734 [WARN] ModelIntegratedComponent:63 - No mode defined for component null
2024-07-03 13:55:04,734 [WARN] ModelIntegratedComponent:63 - No mode defined for component null
2024-07-03 13:55:04,734 [WARN] ModelIntegratedComponent:63 - No mode defined for component null
2024-07-03 13:55:04,734 [WARN] ModelIntegratedComponent:63 - No mode defined for component null
2024-07-03 13:55:04,734 [WARN] ModelIntegratedComponent:63 - No mode defined for component null
2024-07-03 13:55:04,734 [WARN] ModelIntegratedComponent:63 - No mode defined for component null
2024-07-03 13:55:04,734 [WARN] ModelIntegratedComponent:63 - No mode defined for component null
2024-07-03 13:55:04,734 [WARN] ModelIntegratedComponent:63 - No mode defined for component null
2024-07-03 13:55:04,734 [WARN] ModelIntegratedComponent:63 - No mode defined for component null
2024-07-03 13:55:04,734 [WARN] ModelIntegratedComponent:63 - No mode defined for component null
2024-07-03 13:55:04,735 [WARN] ModelIntegratedComponent:63 - No mode defined for component null
2024-07-03 13:55:04,830 [INFO] ThirdPartyModel:298 - Start build external matchings
2024-07-03 13:55:05,103 [INFO] ThirdPartyModel:316 - End build external matchings
2024-07-03 13:55:05,481 [INFO] UtilMem:75 - End LoadConfig() Used Memory: 632120512 Bytes (1073741824)
2024-07-03 13:55:05,654 [INFO] ApiDb:581 - Connected to CubeFinder SQLite database (C:\Users\revat\.stmcufinder\plugins\mcufinder\mcu\cube-finder-db.db)
2024-07-03 13:55:05,720 [INFO] ApiDb:668 - CubeFinder database Data Model version=2.1
2024-07-03 13:55:05,720 [INFO] ApiDb:669 - CubeFinder database Configuration version=3.0.39
2024-07-03 13:55:05,721 [INFO] ApiDb:670 - CubeFinder database generation date=2024-06-05 (1717578087)
2024-07-03 13:55:05,721 [INFO] ApiDb:671 - CubeFinder database FW Pack versions=[FP-ATR-ASTRA1_V2.0.0, FP-SNS-FLIGHT1_V5.0.1, FP-SNS-FLIGHT1_V5.0.2, FP-SNS-MOTENV1_V4.3.1, FP-SNS-MOTENV1_V4.3.2, FP-SNS-MOTENV1_V5.0.0, FP-SNS-MOTENVWB1_V1.4.0, FP-SNS-SMARTAG2_V1.2.0, STM32Cube_FW_C0_V1.1.0, STM32Cube_FW_F4_V1.28.0, STM32Cube_FW_F7_V1.17.2, STM32Cube_FW_G0_V1.6.2, STM32Cube_FW_G4_V1.5.2, STM32Cube_FW_H5_V0.5.1, STM32Cube_FW_H5_V1.1.1, STM32Cube_FW_H5_V1.2.0, STM32Cube_FW_H5_V1.2.0RC4, STM32Cube_FW_H7RS_V1.0.0, STM32Cube_FW_H7RS_V1.0.0RC4, STM32Cube_FW_H7_V1.11.2, STM32Cube_FW_L0_V1.12.2, STM32Cube_FW_L5_V1.5.1, STM32Cube_FW_U0_V1.0.0, STM32Cube_FW_U0_V1.0.0RC1, STM32Cube_FW_U5_V1.3.0RC4, STM32Cube_FW_U5_V1.5.0, STM32Cube_FW_U5_V1.5.0RC1, STM32Cube_FW_WBA_V1.0.0RC1, STM32Cube_FW_WBA_V1.2.0, STM32Cube_FW_WBA_V1.2.0RC2, STM32Cube_FW_WBA_V1.3.0RC1, STM32Cube_FW_WBA_V1.3.1, STM32Cube_FW_WB_V1.15.0RC1, STM32Cube_FW_WB_V1.16.0, STM32Cube_FW_WB_V1.16.0RC2, STM32Cube_FW_WB_V1.18.0, STM32Cube_FW_WB_V1.19.0, STM32Cube_FW_WL_V1.3.0, X-CUBE-ALGOBUILD_V1.4.0, X-CUBE-ALS_V1.0.1, X-CUBE-ALS_V1.0.2, X-CUBE-AZRTOS-F4_V1.1.0, X-CUBE-AZRTOS-F7_V1.1.0, X-CUBE-AZRTOS-G0_V1.1.0, X-CUBE-AZRTOS-G4_V2.0.0, X-CUBE-AZRTOS-H7RS_V1.0.0, X-CUBE-AZRTOS-H7_V3.2.0, X-CUBE-AZRTOS-L4_V1.0.0, X-CUBE-AZRTOS-L4_V2.0.0, X-CUBE-AZRTOS-L5_V1.1.0, X-CUBE-AZRTOS-WB_V2.0.0, X-CUBE-AZRTOS-WL_V2.0.0, X-CUBE-BLE1_V7.0.0, X-CUBE-BLE2_V3.3.0, X-CUBE-BLEMGR_V3.1.0, X-CUBE-EEPRMA1_V4.1.0, X-CUBE-EEPRMA1_V5.1.0, X-CUBE-FREERTOS_V1.2.0, X-CUBE-GNSS1_V6.0.0, X-CUBE-MEMS1_V10.0.0, X-CUBE-MEMS1_V9.1.0, X-CUBE-MEMS1_V9.4.0, X-CUBE-MEMS1_V9.6.0, X-CUBE-NFC4_V3.0.0, X-CUBE-NFC7_V1.0.1, X-CUBE-SFXS2LP1_V4.0.0, X-CUBE-SUBG2_V5.0.0, X-CUBE-TOF1_V3.4.1]
2024-07-03 13:55:08,524 [INFO] ApiDb:240 - Found 371 in-development CPN: [B-G473E-ZEST1S, B-WB1M-WPAN1, B-WL5M-SUBG1, NUCLEO-C031C6, NUCLEO-H503RB, NUCLEO-H563ZI, NUCLEO-U545RE-Q, NUCLEO-U5A5ZJ-Q, NUCLEO-WBA52CG, NUCLEO-WBA55CG, STEVAL-MKBOXPRO, STEVAL-PROTEUS1, STEVAL-STWINBX1, STM320518-EVAL, STM32C0116-DK, STM32C011D6Y3TR, STM32C011D6Y6TR, STM32C011F4P3, STM32C011F4P6, STM32C011F4U3, STM32C011F4U6TR, STM32C011F6P3, STM32C011F6P6, STM32C011F6U3, STM32C011F6U6TR, STM32C011J4M3, STM32C011J4M6, STM32C011J6M3, STM32C011J6M6, STM32C0316-DK, STM32C031C4T3, STM32C031C4T6, STM32C031C4U3, STM32C031C4U6, STM32C031C6T3, STM32C031C6T6, STM32C031C6U3, STM32C031C6U6, STM32C031F4P3, STM32C031F4P6, STM32C031F6P3, STM32C031F6P6, STM32C031G4U3, STM32C031G4U6, STM32C031G6U3, STM32C031G6U6, STM32C031K4T3, STM32C031K4T6, STM32C031K4U3, STM32C031K4U6, STM32C031K6T3, STM32C031K6T6, STM32C031K6U3, STM32C031K6U6, STM32G071K8TXN, STM32G071K8UXN, STM32G081GBU6N, STM32G081KBT6N, STM32G081KBUXN, STM32G0B1CCT6N, STM32G0B1KCT6, STM32G0B1NEY6TR, STM32G0B1RCT6N, STM32G0C1CCT6, STM32G0C1CCT6N, STM32G0C1CCU6N, STM32G0C1CET6N, STM32G0C1CEU6N, STM32G0C1KCT6, STM32G0C1NEY6TR, STM32G0C1RCI6N, STM32G0C1RCT6N, STM32G0C1REI6N, STM32G0C1RET6N, STM32G0C1VCI6, STM32G0C1VEI6, STM32G471CCT6, STM32G471CCU6, STM32G471CET3, STM32G471CET6, STM32G471CEU3, STM32G471CEU6, STM32G471MCT6, STM32G471MET3, STM32G471MET6, STM32G471MEY6TR, STM32G471QCT6, STM32G471QET3, STM32G471RCT6, STM32G471RET3, STM32G471RET6, STM32G471VCH6, STM32G471VCI6, STM32G471VCT6, STM32G471VEH3, STM32G471VEH6, STM32G471VEI3, STM32G471VEI6, STM32G471VET3, STM32G471VET6, STM32G474CCT6, STM32H503CBT6, STM32H503CBU6, STM32H503EBY6TR, STM32H503KBU6, STM32H503RBT6, STM32H562AGI6, STM32H562AII6, STM32H562IGK6, STM32H562IGT6, STM32H562IIK6, STM32H562IIT6, STM32H562RGT6, STM32H562RGV6, STM32H562RIT6, STM32H562RIV6, STM32H562VGT6, STM32H562VIT6, STM32H562ZGT6, STM32H562ZIT6, STM32H563AGI6, STM32H563AII3Q, STM32H563AII6, STM32H563IGK6, STM32H563IGT6, STM32H563IIK3Q, STM32H563IIK6, STM32H563IIT3Q, STM32H563IIT6, STM32H563MIY3QTR, STM32H563RGT6, STM32H563RGV6, STM32H563RIT6, STM32H563RIV6, STM32H563VGT6, STM32H563VIT3Q, STM32H563VIT6, STM32H563ZGT6, STM32H563ZIT3Q, STM32H563ZIT6, STM32H573AII3Q, STM32H573AII6, STM32H573I-DK, STM32H573IIK3Q, STM32H573IIK6, STM32H573IIT3Q, STM32H573IIT6, STM32H573MIY3QTR, STM32H573RIT6, STM32H573RIV6, STM32H573VIT3Q, STM32H573VIT6, STM32H573ZIT3Q, STM32H573ZIT6, STM32L4R5QGI6STR, STM32MP131AAE3, STM32MP131AAF3, STM32MP131AAG3, STM32MP131CAE3, STM32MP131CAF3, STM32MP131CAG3, STM32MP131DAE7, STM32MP131DAF7, STM32MP131DAG7, STM32MP131FAE7, STM32MP131FAF7, STM32MP131FAG7, STM32MP133AAE3, STM32MP133AAF3, STM32MP133AAG3, STM32MP133CAE3, STM32MP133CAF3, STM32MP133CAG3, STM32MP133DAE7, STM32MP133DAF7, STM32MP133DAG7, STM32MP133FAE7, STM32MP133FAF7, STM32MP133FAG7, STM32MP135AAE3, STM32MP135AAF3, STM32MP135AAG3, STM32MP135CAE3, STM32MP135CAF3, STM32MP135CAG3, STM32MP135DAE7, STM32MP135DAF7, STM32MP135DAG7, STM32MP135F-DK, STM32MP135FAE7, STM32MP135FAF7, STM32MP135FAF7T, STM32MP135FAF7U, STM32MP135FAG7, STM32U535CBT6, STM32U535CBT6Q, STM32U535CBU6, STM32U535CBU6Q, STM32U535CCT6, STM32U535CCT6Q, STM32U535CCU6, STM32U535CCU6Q, STM32U535CET6, STM32U535CET6Q, STM32U535CEU6, STM32U535CEU6Q, STM32U535JEY6QTR, STM32U535NCY6QTR, STM32U535NEY6QTR, STM32U535RBI6, STM32U535RBI6Q, STM32U535RBT6, STM32U535RBT6Q, STM32U535RCI6, STM32U535RCI6Q, STM32U535RCT6, STM32U535RCT6Q, STM32U535REI6, STM32U535REI6Q, STM32U535RET6, STM32U535RET6Q, STM32U535VCI6, STM32U535VCI6Q, STM32U535VCT6, STM32U535VCT6Q, STM32U535VEI6, STM32U535VEI6Q, STM32U535VET6, STM32U535VET6Q, STM32U545CET6, STM32U545CET6Q, STM32U545CEU6, STM32U545CEU6Q, STM32U545JEY6QTR, STM32U545NEY6QTR, STM32U545REI6, STM32U545REI6Q, STM32U545RET6, STM32U545RET6Q, STM32U545VEI6, STM32U545VEI6Q, STM32U545VET6, STM32U545VET6Q, STM32U595AIH6, STM32U595AIH6Q, STM32U595AJH6, STM32U595AJH6Q, STM32U595QII6, STM32U595QII6Q, STM32U595QJI6, STM32U595QJI6Q, STM32U595RIT6, STM32U595RIT6Q, STM32U595RJT6, STM32U595RJT6Q, STM32U595VIT6, STM32U595VIT6Q, STM32U595VJT6, STM32U595VJT6Q, STM32U595ZIT6, STM32U595ZIT6Q, STM32U595ZIY6QTR, STM32U595ZJT6, STM32U595ZJT6Q, STM32U595ZJY6QTR, STM32U599BJY6QTR, STM32U599NIH6Q, STM32U599NJH6Q, STM32U599VIT6Q, STM32U599VJT6, STM32U599VJT6Q, STM32U599ZIT6Q, STM32U599ZIY6QTR, STM32U599ZJT6Q, STM32U599ZJY6QTR, STM32U5A5AJH6, STM32U5A5AJH6Q, STM32U5A5QJI6, STM32U5A5QJI6Q, STM32U5A5RJT6, STM32U5A5RJT6Q, STM32U5A5VJT6, STM32U5A5VJT6Q, STM32U5A5ZJT6, STM32U5A5ZJT6Q, STM32U5A5ZJY6QTR, STM32U5A9BJY6QTR, STM32U5A9J-DK, STM32U5A9NJH6Q, STM32U5A9VJT6Q, STM32U5A9ZJT6Q, STM32U5A9ZJY6QTR, STM32U5F7VIT6, STM32U5F7VIT6Q, STM32U5F7VJT6, STM32U5F7VJT6Q, STM32U5F9BJY6QTR, STM32U5F9NJH6Q, STM32U5F9VIT6Q, STM32U5F9VJT6Q, STM32U5F9ZIJ6QTR, STM32U5F9ZIT6Q, STM32U5F9ZJJ6QTR, STM32U5F9ZJT6Q, STM32U5G7VJT6, STM32U5G7VJT6Q, STM32U5G9BJY6QTR, STM32U5G9J-DK1, STM32U5G9J-DK2, STM32U5G9NJH6Q, STM32U5G9VJT6Q, STM32U5G9ZJJ6QTR, STM32U5G9ZJT6Q, STM32WB1MMCH6, STM32WBA50KEU6, STM32WBA50KEU6TR, STM32WBA50KGU6, STM32WBA50KGU6TR, STM32WBA52CEU6, STM32WBA52CEU6TR, STM32WBA52CEU7, STM32WBA52CEU7TR, STM32WBA52CGU6, STM32WBA52CGU6TR, STM32WBA52CGU6U, STM32WBA52CGU7, STM32WBA52CGU7TR, STM32WBA52KEU6, STM32WBA52KEU6TR, STM32WBA52KGU6, STM32WBA52KGU6TR, STM32WBA54CEU6, STM32WBA54CEU6TR, STM32WBA54CEU7, STM32WBA54CEU7TR, STM32WBA54CGU6, STM32WBA54CGU6TR, STM32WBA54CGU7, STM32WBA54CGU7TR, STM32WBA54KEU6, STM32WBA54KEU6TR, STM32WBA54KEU7, STM32WBA54KEU7TR, STM32WBA54KGU6, STM32WBA54KGU6TR, STM32WBA54KGU7, STM32WBA54KGU7TR, STM32WBA55CEU6, STM32WBA55CEU6TR, STM32WBA55CEU7, STM32WBA55CEU7TR, STM32WBA55CGU6, STM32WBA55CGU6TR, STM32WBA55CGU6U, STM32WBA55CGU7, STM32WBA55CGU7TR, STM32WBA55G-DK1, STM32WBA55HEF6, STM32WBA55HEF7, STM32WBA55HGF6, STM32WBA55HGF7, STM32WBA55UEI6, STM32WBA55UEI6TR, STM32WBA55UEI7, STM32WBA55UEI7TR, STM32WBA55UGI6, STM32WBA55UGI6TR, STM32WBA55UGI7, STM32WBA55UGI7TR, STM32WL5MOCH6, STM32WL5MOCH6TR]
2024-07-03 13:55:08,527 [INFO] DbMcus:218 - Found 4092 MCUs, 4092 are supported
2024-07-03 13:55:08,527 [INFO] ApiDb:423 - Load user favorites file C:\Users\revat/.stm32cubeide/favorites.mcus.txt: 0 item(s)
2024-07-03 13:55:08,528 [INFO] ApiDb:427 - User favorites MCUs=[]
2024-07-03 13:55:08,528 [INFO] DbMcus:224 - Set 0 / 0 favorites MCUs
2024-07-03 13:55:09,057 [INFO] MicroXplorer:468 - Change Database Path : 
2024-07-03 13:55:09,057 [INFO] MicroXplorer:498 - Change Database Version : DB.6.0.100
2024-07-03 13:55:09,058 [WARN] ThirdParty:833 - waiting for thirdparty lock release [change project]
2024-07-03 13:55:09,058 [INFO] ThirdParty:835 - entering critical section [change project]
2024-07-03 13:55:09,058 [INFO] ThirdParty:1030 - CMSIS Pack Vendor :STMicroelectronics USBPD 4.1
2024-07-03 13:55:09,058 [INFO] ThirdParty:1030 - CMSIS Pack Vendor :STMicroelectronics X-CUBE-GNSS1 6.0.0
2024-07-03 13:55:09,058 [INFO] ThirdParty:1030 - CMSIS Pack Vendor :STMicroelectronics USB_HOST 2.0.0
2024-07-03 13:55:09,058 [INFO] ThirdParty:1030 - CMSIS Pack Vendor :STMicroelectronics FP-SNS-MOTENVWB1 1.4.0
2024-07-03 13:55:09,058 [INFO] ThirdParty:1030 - CMSIS Pack Vendor :STMicroelectronics X-CUBE-AZRTOS-F4 1.1.0
2024-07-03 13:55:09,058 [INFO] ThirdParty:1030 - CMSIS Pack Vendor :STMicroelectronics LIBJPEG 8.0.0
2024-07-03 13:55:09,058 [INFO] ThirdParty:1030 - CMSIS Pack Vendor :STMicroelectronics X-CUBE-SMBUS 2.1.0
2024-07-03 13:55:09,059 [INFO] ThirdParty:1030 - CMSIS Pack Vendor :STMicroelectronics USB_DEVICE 3.0.0
2024-07-03 13:55:09,059 [INFO] ThirdParty:1030 - CMSIS Pack Vendor :STMicroelectronics X-CUBE-TCPP 4.1.0
2024-07-03 13:55:09,059 [INFO] ThirdParty:1030 - CMSIS Pack Vendor :STMicroelectronics X-CUBE-FREERTOS 1.2.0
2024-07-03 13:55:09,059 [INFO] ThirdParty:1030 - CMSIS Pack Vendor :STMicroelectronics X-CUBE-AZRTOS-WB 2.0.0
2024-07-03 13:55:09,059 [INFO] ThirdParty:1030 - CMSIS Pack Vendor :wolfSSL I-CUBE-wolfSSL 5.6.6
2024-07-03 13:55:09,059 [INFO] ThirdParty:1030 - CMSIS Pack Vendor :STMicroelectronics X-CUBE-TOUCHGFX 4.23.0
2024-07-03 13:55:09,059 [INFO] ThirdParty:1030 - CMSIS Pack Vendor :STMicroelectronics X-CUBE-AZRTOS-F7 1.1.0
2024-07-03 13:55:09,059 [INFO] ThirdParty:1030 - CMSIS Pack Vendor :STMicroelectronics X-CUBE-AZRTOS-L5 2.0.0
2024-07-03 13:55:09,059 [INFO] ThirdParty:1030 - CMSIS Pack Vendor :STMicroelectronics USB_DEVICE 2.0.0
2024-07-03 13:55:09,059 [INFO] ThirdParty:1030 - CMSIS Pack Vendor :STMicroelectronics X-CUBE-NFC6 3.1.0
2024-07-03 13:55:09,059 [INFO] ThirdParty:1030 - CMSIS Pack Vendor :ITTIA_DB I-CUBE-ITTIADB 8.8.0
2024-07-03 13:55:09,059 [INFO] ThirdParty:1030 - CMSIS Pack Vendor :STMicroelectronics FP-SNS-MOTENV1 4.3.2
2024-07-03 13:55:09,059 [INFO] ThirdParty:1030 - CMSIS Pack Vendor :STMicroelectronics X-CUBE-ALGOBUILD 1.3.0
2024-07-03 13:55:09,059 [INFO] ThirdParty:1030 - CMSIS Pack Vendor :STMicroelectronics FreeRTOS 0.0.1
2024-07-03 13:55:09,059 [INFO] ThirdParty:1030 - CMSIS Pack Vendor :STMicroelectronics X-CUBE-AZRTOS-G0 1.1.0
2024-07-03 13:55:09,059 [INFO] ThirdParty:1030 - CMSIS Pack Vendor :STMicroelectronics X-CUBE-SAFEA1 1.2.2
2024-07-03 13:55:09,059 [INFO] ThirdParty:1030 - CMSIS Pack Vendor :STMicroelectronics X-CUBE-NFC4 3.0.0
2024-07-03 13:55:09,059 [INFO] ThirdParty:1030 - CMSIS Pack Vendor :STMicroelectronics X-CUBE-SUBG2 5.0.0
2024-07-03 13:55:09,059 [INFO] ThirdParty:1030 - CMSIS Pack Vendor :STMicroelectronics STM32_WPAN 1.0.0
2024-07-03 13:55:09,059 [INFO] ThirdParty:1030 - CMSIS Pack Vendor :STMicroelectronics lwIP 2.0.3
2024-07-03 13:55:09,059 [INFO] ThirdParty:1030 - CMSIS Pack Vendor :STMicroelectronics FP-SNS-FLIGHT1 5.0.2
2024-07-03 13:55:09,059 [INFO] ThirdParty:1030 - CMSIS Pack Vendor :STMicroelectronics USB_HOST 1.0.0
2024-07-03 13:55:09,059 [INFO] ThirdParty:1030 - CMSIS Pack Vendor :STMicroelectronics X-CUBE-AI 9.0.0
2024-07-03 13:55:09,059 [INFO] ThirdParty:1030 - CMSIS Pack Vendor :STMicroelectronics X-CUBE-AZRTOS-G4 2.0.0
2024-07-03 13:55:09,059 [INFO] ThirdParty:1030 - CMSIS Pack Vendor :STMicroelectronics PDM2PCM 3.1.0
2024-07-03 13:55:09,059 [INFO] ThirdParty:1030 - CMSIS Pack Vendor :Infineon AIROC-Wi-Fi-Bluetooth-STM32 1.5.1
2024-07-03 13:55:09,059 [INFO] ThirdParty:1030 - CMSIS Pack Vendor :STMicroelectronics PDM2PCM 3.3.0
2024-07-03 13:55:09,059 [INFO] ThirdParty:1030 - CMSIS Pack Vendor :STMicroelectronics X-CUBE-DISPLAY 3.0.0
2024-07-03 13:55:09,059 [INFO] ThirdParty:1030 - CMSIS Pack Vendor :STMicroelectronics FP-SNS-MOTENVWB1 1.3.1
2024-07-03 13:55:09,059 [INFO] ThirdParty:1030 - CMSIS Pack Vendor :STMicroelectronics X-CUBE-BLE1 7.0.0
2024-07-03 13:55:09,059 [INFO] ThirdParty:1030 - CMSIS Pack Vendor :STMicroelectronics FP-ATR-SIGFOX1 3.2.0
2024-07-03 13:55:09,059 [INFO] ThirdParty:1030 - CMSIS Pack Vendor :STMicroelectronics X-CUBE-ISPU 2.0.0
2024-07-03 13:55:09,059 [INFO] ThirdParty:1030 - CMSIS Pack Vendor :STMicroelectronics X-CUBE-EEPRMA1 5.1.0
2024-07-03 13:55:09,059 [INFO] ThirdParty:1030 - CMSIS Pack Vendor :STMicroelectronics HAL Drivers 0.0.0
2024-07-03 13:55:09,059 [INFO] ThirdParty:1030 - CMSIS Pack Vendor :STMicroelectronics MBEDTLS 2.16.2
2024-07-03 13:55:09,059 [INFO] ThirdParty:1030 - CMSIS Pack Vendor :STMicroelectronics X-CUBE-ALS 1.0.2
2024-07-03 13:55:09,059 [INFO] ThirdParty:1030 - CMSIS Pack Vendor :emotas I-CUBE-CANOPEN 1.3.0
2024-07-03 13:55:09,059 [INFO] ThirdParty:1030 - CMSIS Pack Vendor :STMicroelectronics X-CUBE-MEMS1 10.0.0
2024-07-03 13:55:09,060 [INFO] ThirdParty:1030 - CMSIS Pack Vendor :STMicroelectronics X-CUBE-FREERTOS 1.1.0
2024-07-03 13:55:09,060 [INFO] ThirdParty:1030 - CMSIS Pack Vendor :STMicroelectronics X-CUBE-NFC7 1.0.1
2024-07-03 13:55:09,060 [INFO] ThirdParty:1030 - CMSIS Pack Vendor :STMicroelectronics MBEDTLS 2.14.1
2024-07-03 13:55:09,060 [INFO] ThirdParty:1030 - CMSIS Pack Vendor :STMicroelectronics X-CUBE-TOUCHGFX 4.24.0
2024-07-03 13:55:09,060 [INFO] ThirdParty:1030 - CMSIS Pack Vendor :STMicroelectronics X-CUBE-NFC6 3.0.0
2024-07-03 13:55:09,060 [INFO] ThirdParty:1030 - CMSIS Pack Vendor :portGmbH I-Cube-SoM-uGOAL 1.1.0
2024-07-03 13:55:09,060 [INFO] ThirdParty:1030 - CMSIS Pack Vendor :STMicroelectronics X-CUBE-ALS 1.0.1
2024-07-03 13:55:09,060 [INFO] ThirdParty:1030 - CMSIS Pack Vendor :STMicroelectronics X-CUBE-BLEMGR 3.1.0
2024-07-03 13:55:09,060 [INFO] ThirdParty:1030 - CMSIS Pack Vendor :STMicroelectronics ThreadX 1.0.0
2024-07-03 13:55:09,060 [INFO] ThirdParty:1030 - CMSIS Pack Vendor :STMicroelectronics FP-SNS-SMARTAG2 1.2.0
2024-07-03 13:55:09,060 [INFO] ThirdParty:1030 - CMSIS Pack Vendor :STMicroelectronics X-CUBE-AZRTOS-WL 2.0.0
2024-07-03 13:55:09,060 [INFO] ThirdParty:1030 - CMSIS Pack Vendor :SEGGER I-CUBE-embOS 1.3.1
2024-07-03 13:55:09,060 [INFO] ThirdParty:1030 - CMSIS Pack Vendor :STMicroelectronics X-CUBE-ALGOBUILD 1.4.0
2024-07-03 13:55:09,060 [INFO] ThirdParty:1030 - CMSIS Pack Vendor :STMicroelectronics FP-SNS-MOTENV1 5.0.0
2024-07-03 13:55:09,060 [INFO] ThirdParty:1030 - CMSIS Pack Vendor :STMicroelectronics USB_DEVICE 1.0.0
2024-07-03 13:55:09,060 [INFO] ThirdParty:1030 - CMSIS Pack Vendor :STMicroelectronics X-CUBE-AI 8.1.0
2024-07-03 13:55:09,060 [INFO] ThirdParty:1030 - CMSIS Pack Vendor :STMicroelectronics X-CUBE-AZRTOS-H7RS 1.0.0
2024-07-03 13:55:09,060 [INFO] ThirdParty:1030 - CMSIS Pack Vendor :wolfSSL I-CUBE-wolfMQTT 1.19.0
2024-07-03 13:55:09,060 [INFO] ThirdParty:1030 - CMSIS Pack Vendor :STMicroelectronics X-CUBE-AZRTOS-L4 2.0.0
2024-07-03 13:55:09,060 [INFO] ThirdParty:1030 - CMSIS Pack Vendor :STMicroelectronics ThreadX 0.0.2
2024-07-03 13:55:09,060 [INFO] ThirdParty:1030 - CMSIS Pack Vendor :WES I-CUBE-Cesium 1.3.0
2024-07-03 13:55:09,060 [INFO] ThirdParty:1030 - CMSIS Pack Vendor :STMicroelectronics FP-ATR-ASTRA1 2.0.0
2024-07-03 13:55:09,060 [INFO] ThirdParty:1030 - CMSIS Pack Vendor :STMicroelectronics lwIP 2.1.2
2024-07-03 13:55:09,060 [INFO] ThirdParty:1030 - CMSIS Pack Vendor :STMicroelectronics X-CUBE-SFXS2LP1 4.0.0
2024-07-03 13:55:09,060 [INFO] ThirdParty:1030 - CMSIS Pack Vendor :STMicroelectronics X-CUBE-BLE2 3.3.0
2024-07-03 13:55:09,060 [INFO] ThirdParty:1030 - CMSIS Pack Vendor :STMicroelectronics X-CUBE-TOF1 3.4.1
2024-07-03 13:55:09,060 [INFO] ThirdParty:1030 - CMSIS Pack Vendor :STMicroelectronics X-CUBE-AZRTOS-H7 3.2.0
2024-07-03 13:55:09,060 [INFO] ThirdParty:1030 - CMSIS Pack Vendor :STMicroelectronics PDM2PCM 3.2.0
2024-07-03 13:55:09,060 [INFO] ThirdParty:841 - exiting critical section [change project]
2024-07-03 13:55:09,490 [INFO] PinOutPanel:1499 - setPackage(No Configuration,No Configuration)
2024-07-03 13:55:09,492 [INFO] PinOutPanel:1499 - setPackage(STM32F446RETx,LQFP64)
2024-07-03 13:55:10,054 [INFO] UtilMem:75 - Before build in PCC Used Memory: 668644448 Bytes (1073741824)
2024-07-03 13:55:10,969 [INFO] UtilMem:75 - After build in PCC Used Memory: 747369536 Bytes (1073741824)
2024-07-03 13:55:10,994 [INFO] IPUIPlugin:80 - create IPUIPlugin
2024-07-03 13:55:10,994 [INFO] IPUIPlugin:80 - create IPUIPlugin
2024-07-03 13:55:10,994 [INFO] IPUIPlugin:80 - create IPUIPlugin
2024-07-03 13:55:10,994 [INFO] IPUIPlugin:80 - create IPUIPlugin
2024-07-03 13:55:10,994 [INFO] IPUIPlugin:80 - create IPUIPlugin
2024-07-03 13:55:10,995 [INFO] IPUIPlugin:80 - create IPUIPlugin
2024-07-03 13:55:10,995 [INFO] IPUIPlugin:80 - create IPUIPlugin
2024-07-03 13:55:10,995 [INFO] IPUIPlugin:80 - create IPUIPlugin
2024-07-03 13:55:10,995 [INFO] IPUIPlugin:80 - create IPUIPlugin
2024-07-03 13:55:10,995 [INFO] IPUIPlugin:80 - create IPUIPlugin
2024-07-03 13:55:10,995 [INFO] IPUIPlugin:80 - create IPUIPlugin
2024-07-03 13:55:10,995 [INFO] IPUIPlugin:80 - create IPUIPlugin
2024-07-03 13:55:10,995 [INFO] IPUIPlugin:80 - create IPUIPlugin
2024-07-03 13:55:10,995 [INFO] IPUIPlugin:80 - create IPUIPlugin
2024-07-03 13:55:10,995 [INFO] IPUIPlugin:80 - create IPUIPlugin
2024-07-03 13:55:10,995 [INFO] IPUIPlugin:80 - create IPUIPlugin
2024-07-03 13:55:10,995 [INFO] IPUIPlugin:80 - create IPUIPlugin
2024-07-03 13:55:10,995 [INFO] IPUIPlugin:80 - create IPUIPlugin
2024-07-03 13:55:10,995 [INFO] IPUIPlugin:80 - create IPUIPlugin
2024-07-03 13:55:10,995 [INFO] IPUIPlugin:80 - create IPUIPlugin
2024-07-03 13:55:10,996 [INFO] IPUIPlugin:80 - create IPUIPlugin
2024-07-03 13:55:10,996 [INFO] IPUIPlugin:80 - create IPUIPlugin
2024-07-03 13:55:10,996 [INFO] IPUIPlugin:80 - create IPUIPlugin
2024-07-03 13:55:10,996 [INFO] IPUIPlugin:80 - create IPUIPlugin
2024-07-03 13:55:10,996 [INFO] IPUIPlugin:80 - create IPUIPlugin
2024-07-03 13:55:10,997 [INFO] IPUIPlugin:80 - create IPUIPlugin
2024-07-03 13:55:10,997 [INFO] IPUIPlugin:80 - create IPUIPlugin
2024-07-03 13:55:10,997 [INFO] IPUIPlugin:80 - create IPUIPlugin
2024-07-03 13:55:10,997 [INFO] IPUIPlugin:80 - create IPUIPlugin
2024-07-03 13:55:10,997 [INFO] IPUIPlugin:80 - create IPUIPlugin
2024-07-03 13:55:10,998 [INFO] IPUIPlugin:80 - create IPUIPlugin
2024-07-03 13:55:10,998 [INFO] IPUIPlugin:80 - create IPUIPlugin
2024-07-03 13:55:10,998 [INFO] IPUIPlugin:80 - create IPUIPlugin
2024-07-03 13:55:10,998 [INFO] IPUIPlugin:80 - create IPUIPlugin
2024-07-03 13:55:10,998 [INFO] IPUIPlugin:80 - create IPUIPlugin
2024-07-03 13:55:10,998 [INFO] IPUIPlugin:80 - create IPUIPlugin
2024-07-03 13:55:11,000 [INFO] IPUIPlugin:80 - create IPUIPlugin
2024-07-03 13:55:11,000 [INFO] IPUIPlugin:80 - create IPUIPlugin
2024-07-03 13:55:11,000 [INFO] IPUIPlugin:80 - create IPUIPlugin
2024-07-03 13:55:11,000 [INFO] IPUIPlugin:80 - create IPUIPlugin
2024-07-03 13:55:11,000 [INFO] IPUIPlugin:80 - create IPUIPlugin
2024-07-03 13:55:11,000 [INFO] IPUIPlugin:80 - create IPUIPlugin
2024-07-03 13:55:11,001 [INFO] IPUIPlugin:80 - create IPUIPlugin
2024-07-03 13:55:11,001 [INFO] IPUIPlugin:80 - create IPUIPlugin
2024-07-03 13:55:11,001 [INFO] IPUIPlugin:80 - create IPUIPlugin
2024-07-03 13:55:11,001 [INFO] IPUIPlugin:80 - create IPUIPlugin
2024-07-03 13:55:11,001 [INFO] IPUIPlugin:80 - create IPUIPlugin
2024-07-03 13:55:11,001 [INFO] IPUIPlugin:80 - create IPUIPlugin
2024-07-03 13:55:11,001 [INFO] IPUIPlugin:80 - create IPUIPlugin
2024-07-03 13:55:11,002 [INFO] IPUIPlugin:80 - create IPUIPlugin
2024-07-03 13:55:11,002 [INFO] IPUIPlugin:80 - create IPUIPlugin
2024-07-03 13:55:11,002 [INFO] IPUIPlugin:80 - create IPUIPlugin
2024-07-03 13:55:11,002 [INFO] IPUIPlugin:80 - create IPUIPlugin
2024-07-03 13:55:11,002 [INFO] IPUIPlugin:80 - create IPUIPlugin
2024-07-03 13:55:11,003 [INFO] IPUIPlugin:80 - create IPUIPlugin
2024-07-03 13:55:11,003 [INFO] IPUIPlugin:80 - create IPUIPlugin
2024-07-03 13:55:11,003 [INFO] IPUIPlugin:80 - create IPUIPlugin
2024-07-03 13:55:11,003 [INFO] IPUIPlugin:80 - create IPUIPlugin
2024-07-03 13:55:11,004 [INFO] IPUIPlugin:80 - create IPUIPlugin
2024-07-03 13:55:11,004 [INFO] IPUIPlugin:80 - create IPUIPlugin
2024-07-03 13:55:11,115 [INFO] ApiDbMcu:508 - Load IP Config File for PDM2PCM
2024-07-03 13:55:11,126 [WARN] IP:2119 - I2C_Coeff_DF not found: check if there is a RefParameter without a condition.
2024-07-03 13:55:11,126 [WARN] IP:2119 - Analog_Filter not found: check if there is a RefParameter without a condition.
2024-07-03 13:55:11,332 [INFO] CADModel:165 - CPN selected for project levelSTM32F446RET6
2024-07-03 13:55:11,332 [INFO] CADModel:114 - Register for checkConnection events
2024-07-03 13:55:11,392 [INFO] OpenFileManager:343 - Restore cursor
2024-07-03 13:55:11,534 [WARN] IP:2119 - I2C_Coeff_DF not found: check if there is a RefParameter without a condition.
2024-07-03 13:55:11,534 [WARN] IP:2119 - Analog_Filter not found: check if there is a RefParameter without a condition.
2024-07-03 13:55:11,535 [WARN] IP:2119 - I2C_Coeff_DF not found: check if there is a RefParameter without a condition.
2024-07-03 13:55:11,535 [WARN] IP:2119 - Analog_Filter not found: check if there is a RefParameter without a condition.
2024-07-03 13:55:35,182 [WARN] IP:2119 - I2C_Coeff_DF not found: check if there is a RefParameter without a condition.
2024-07-03 13:55:35,182 [WARN] IP:2119 - Analog_Filter not found: check if there is a RefParameter without a condition.
2024-07-03 13:55:39,368 [INFO] UtilMem:75 - End SaveConfig() Used Memory: 940004656 Bytes (1073741824)
2024-07-03 13:55:39,440 [ERROR] ConfigurationRetriever:142 - IOException on connection: sw-center.st.com
2024-07-03 13:55:39,441 [ERROR] ConfigurationRetriever:142 - IOException on connection: sw-center.st.com
2024-07-03 13:55:39,441 [ERROR] ConfigurationRetriever:142 - IOException on connection: sw-center.st.com
2024-07-03 13:55:40,957 [INFO] UtilMem:75 - End SaveConfig() Used Memory: 678020424 Bytes (1073741824)
2024-07-03 13:55:42,239 [INFO] UtilMem:75 - End SaveConfig() Used Memory: 725728584 Bytes (1073741824)
2024-07-03 13:55:42,267 [ERROR] ConfigurationRetriever:142 - IOException on connection: sw-center.st.com
2024-07-03 13:55:42,269 [ERROR] ConfigurationRetriever:142 - IOException on connection: sw-center.st.com
2024-07-03 13:55:42,269 [ERROR] ConfigurationRetriever:142 - IOException on connection: sw-center.st.com
2024-07-03 13:55:42,577 [INFO] BlockDiagram:2759 - set Specific Code input for plugin: SYS
2024-07-03 13:55:42,577 [INFO] BlockDiagram:2759 - set Specific Code input for plugin: RCC
2024-07-03 13:55:42,577 [INFO] BlockDiagram:2759 - set Specific Code input for plugin: NVIC
2024-07-03 13:55:42,579 [INFO] CodeGenerator:807 - code generatio: config db path: C:\ST\STM32CubeIDE_1.14.1\STM32CubeIDE\plugins\com.st.stm32cube.common.mx_6.10.0.202311202037\\db\
2024-07-03 13:55:42,804 [INFO] CodeEngine:255 - oldGeneratedFile, C:\Users\revat\STM32CubeIDE\workspace_1.14.1\bno055\MXTmpFiles\license.tmp_save
2024-07-03 13:55:43,197 [INFO] CodeEngine:279 - Generated code: C:\Users\revat\STM32CubeIDE\workspace_1.14.1\bno055\MXTmpFiles\license.tmp
2024-07-03 13:55:43,307 [INFO] CodeEngine:255 - oldGeneratedFile, C:\Users\revat\STM32CubeIDE\workspace_1.14.1\bno055\Core\Src\stm32f4xx_it.c_save
2024-07-03 13:55:43,443 [INFO] CodeEngine:279 - Generated code: C:\Users\revat\STM32CubeIDE\workspace_1.14.1\bno055\Core\Src\stm32f4xx_it.c
2024-07-03 13:55:43,468 [INFO] CodeEngine:255 - oldGeneratedFile, C:\Users\revat\STM32CubeIDE\workspace_1.14.1\bno055\Core\Inc\stm32f4xx_it.h_save
2024-07-03 13:55:43,556 [INFO] CodeEngine:279 - Generated code: C:\Users\revat\STM32CubeIDE\workspace_1.14.1\bno055\Core\Inc\stm32f4xx_it.h
2024-07-03 13:55:43,596 [INFO] CodeEngine:255 - oldGeneratedFile, C:\Users\revat\STM32CubeIDE\workspace_1.14.1\bno055\Core\Src\stm32f4xx_hal_msp.c_save
2024-07-03 13:55:43,738 [INFO] CodeEngine:279 - Generated code: C:\Users\revat\STM32CubeIDE\workspace_1.14.1\bno055\Core\Src\stm32f4xx_hal_msp.c
2024-07-03 13:55:43,754 [INFO] CodeEngine:255 - oldGeneratedFile, C:\Users\revat\STM32CubeIDE\workspace_1.14.1\bno055\MXTmpFiles\system.tmp_save
2024-07-03 13:55:43,833 [INFO] CodeEngine:279 - Generated code: C:\Users\revat\STM32CubeIDE\workspace_1.14.1\bno055\MXTmpFiles\system.tmp
2024-07-03 13:55:43,901 [INFO] CodeEngine:311 - oldGeneratedFile, C:\Users\revat\STM32CubeIDE\workspace_1.14.1\bno055\Core\Inc\stm32f4xx_hal_conf.h_save
2024-07-03 13:55:44,031 [INFO] CodeEngine:335 - Generated code: C:\Users\revat\STM32CubeIDE\workspace_1.14.1\bno055\Core\Inc\stm32f4xx_hal_conf.h
2024-07-03 13:55:44,131 [WARN] IPConfigManager:2946 - Warning: the RefConfig PLL2P_FOR_MCO is not available in your config.xml file
2024-07-03 13:55:44,169 [INFO] CodeEngine:255 - oldGeneratedFile, C:\Users\revat\STM32CubeIDE\workspace_1.14.1\bno055\Core\Inc\main.h_save
2024-07-03 13:55:44,274 [INFO] CodeEngine:279 - Generated code: C:\Users\revat\STM32CubeIDE\workspace_1.14.1\bno055\Core\Inc\main.h
2024-07-03 13:55:44,314 [INFO] CodeEngine:255 - oldGeneratedFile, C:\Users\revat\STM32CubeIDE\workspace_1.14.1\bno055\Core\Src\main.c_save
2024-07-03 13:55:44,476 [INFO] CodeEngine:279 - Generated code: C:\Users\revat\STM32CubeIDE\workspace_1.14.1\bno055\Core\Src\main.c
2024-07-03 13:55:45,155 [INFO] ProjectBuilder:3076 - Time for Copy HAL[1] : 249mS.
2024-07-03 13:55:45,162 [INFO] ProjectBuilder:4485 - Project Generator version: 4.2.0-B44
2024-07-03 13:55:45,454 [INFO] ConfigFileManager:1495 - The Die is : DIE421
2024-07-03 13:55:45,475 [INFO] ApiDbMcu:508 - Load IP Config File for FATFS
2024-07-03 13:55:45,491 [INFO] ApiDbMcu:508 - Load IP Config File for FREERTOS
2024-07-03 13:55:45,504 [INFO] ApiDbMcu:508 - Load IP Config File for LIBJPEG
2024-07-03 13:55:45,521 [INFO] ApiDbMcu:508 - Load IP Config File for MBEDTLS
2024-07-03 13:55:45,541 [INFO] ApiDbMcu:508 - Load IP Config File for USB_DEVICE
2024-07-03 13:55:45,555 [INFO] ApiDbMcu:508 - Load IP Config File for USB_HOST
2024-07-03 13:55:46,596 [INFO] LogOutputStream:77 - [STDOUT_REDIRECT] 
2024-07-03 13:55:48,028 [INFO] ProjectBuilder:4747 - Time for Generating toolchain IDE Files: 2866mS.
2024-07-03 13:55:48,030 [INFO] ProjectBuilder:2947 - Time for Copy CMSIS : 0mS.
2024-07-03 13:55:48,033 [INFO] ProjectBuilder:2947 - Time for Copy CMSIS : 0mS.
2024-07-03 13:57:02,578 [WARN] IP:2119 - I2C_Coeff_DF not found: check if there is a RefParameter without a condition.
2024-07-03 13:57:02,579 [WARN] IP:2119 - Analog_Filter not found: check if there is a RefParameter without a condition.
2024-07-03 13:57:02,579 [WARN] IP:2119 - I2C_Coeff_DF not found: check if there is a RefParameter without a condition.
2024-07-03 13:57:02,579 [WARN] IP:2119 - Analog_Filter not found: check if there is a RefParameter without a condition.
2024-07-03 13:57:02,662 [WARN] IP:2119 - I2C_Coeff_DF not found: check if there is a RefParameter without a condition.
2024-07-03 13:57:02,662 [WARN] IP:2119 - Analog_Filter not found: check if there is a RefParameter without a condition.
2024-07-03 13:57:04,267 [INFO] UtilMem:75 - End SaveConfig() Used Memory: 745559392 Bytes (1073741824)
2024-07-03 13:57:04,334 [ERROR] ConfigurationRetriever:142 - IOException on connection: sw-center.st.com
2024-07-03 13:57:04,334 [ERROR] ConfigurationRetriever:142 - IOException on connection: sw-center.st.com
2024-07-03 13:57:04,335 [ERROR] ConfigurationRetriever:142 - IOException on connection: sw-center.st.com
2024-07-03 13:57:05,612 [INFO] UtilMem:75 - End SaveConfig() Used Memory: 773348704 Bytes (1073741824)
2024-07-03 13:57:06,734 [INFO] UtilMem:75 - End SaveConfig() Used Memory: 821056864 Bytes (1073741824)
2024-07-03 13:57:06,767 [ERROR] ConfigurationRetriever:142 - IOException on connection: sw-center.st.com
2024-07-03 13:57:06,768 [ERROR] ConfigurationRetriever:142 - IOException on connection: sw-center.st.com
2024-07-03 13:57:06,768 [ERROR] ConfigurationRetriever:142 - IOException on connection: sw-center.st.com
2024-07-03 13:57:06,885 [INFO] BlockDiagram:2759 - set Specific Code input for plugin: SYS
2024-07-03 13:57:06,885 [INFO] BlockDiagram:2759 - set Specific Code input for plugin: RCC
2024-07-03 13:57:06,885 [INFO] BlockDiagram:2759 - set Specific Code input for plugin: I2C
2024-07-03 13:57:06,885 [INFO] BlockDiagram:2759 - set Specific Code input for plugin: NVIC
2024-07-03 13:57:06,885 [INFO] BlockDiagram:2759 - set Specific Code input for plugin: GPIO
2024-07-03 13:57:06,886 [INFO] CodeGenerator:807 - code generatio: config db path: C:\ST\STM32CubeIDE_1.14.1\STM32CubeIDE\plugins\com.st.stm32cube.common.mx_6.10.0.202311202037\\db\
2024-07-03 13:57:06,887 [WARN] IP:2119 - I2C_Coeff_DF not found: check if there is a RefParameter without a condition.
2024-07-03 13:57:06,887 [WARN] IP:2119 - Analog_Filter not found: check if there is a RefParameter without a condition.
2024-07-03 13:57:07,069 [INFO] CodeEngine:255 - oldGeneratedFile, C:\Users\revat\STM32CubeIDE\workspace_1.14.1\bno055\MXTmpFiles\license.tmp_save
2024-07-03 13:57:07,187 [INFO] CodeEngine:279 - Generated code: C:\Users\revat\STM32CubeIDE\workspace_1.14.1\bno055\MXTmpFiles\license.tmp
2024-07-03 13:57:07,265 [INFO] CodeEngine:255 - oldGeneratedFile, C:\Users\revat\STM32CubeIDE\workspace_1.14.1\bno055\MXTmpFiles\gpio.tmp_save
2024-07-03 13:57:07,405 [INFO] CodeEngine:279 - Generated code: C:\Users\revat\STM32CubeIDE\workspace_1.14.1\bno055\MXTmpFiles\gpio.tmp
2024-07-03 13:57:07,499 [INFO] CodeEngine:255 - oldGeneratedFile, C:\Users\revat\STM32CubeIDE\workspace_1.14.1\bno055\Core\Src\stm32f4xx_it.c_save
2024-07-03 13:57:07,615 [INFO] CodeEngine:279 - Generated code: C:\Users\revat\STM32CubeIDE\workspace_1.14.1\bno055\Core\Src\stm32f4xx_it.c
2024-07-03 13:57:07,622 [INFO] CodeEngine:255 - oldGeneratedFile, C:\Users\revat\STM32CubeIDE\workspace_1.14.1\bno055\Core\Inc\stm32f4xx_it.h_save
2024-07-03 13:57:07,665 [INFO] CodeEngine:279 - Generated code: C:\Users\revat\STM32CubeIDE\workspace_1.14.1\bno055\Core\Inc\stm32f4xx_it.h
2024-07-03 13:57:07,694 [INFO] CodeEngine:255 - oldGeneratedFile, C:\Users\revat\STM32CubeIDE\workspace_1.14.1\bno055\Core\Src\stm32f4xx_hal_msp.c_save
2024-07-03 13:57:07,822 [INFO] CodeEngine:279 - Generated code: C:\Users\revat\STM32CubeIDE\workspace_1.14.1\bno055\Core\Src\stm32f4xx_hal_msp.c
2024-07-03 13:57:07,827 [INFO] CodeEngine:255 - oldGeneratedFile, C:\Users\revat\STM32CubeIDE\workspace_1.14.1\bno055\MXTmpFiles\system.tmp_save
2024-07-03 13:57:07,907 [INFO] CodeEngine:279 - Generated code: C:\Users\revat\STM32CubeIDE\workspace_1.14.1\bno055\MXTmpFiles\system.tmp
2024-07-03 13:57:07,932 [INFO] CodeEngine:311 - oldGeneratedFile, C:\Users\revat\STM32CubeIDE\workspace_1.14.1\bno055\Core\Inc\stm32f4xx_hal_conf.h_save
2024-07-03 13:57:08,050 [INFO] CodeEngine:335 - Generated code: C:\Users\revat\STM32CubeIDE\workspace_1.14.1\bno055\Core\Inc\stm32f4xx_hal_conf.h
2024-07-03 13:57:08,095 [WARN] IPConfigManager:2946 - Warning: the RefConfig PLL2P_FOR_MCO is not available in your config.xml file
2024-07-03 13:57:08,120 [INFO] CodeEngine:255 - oldGeneratedFile, C:\Users\revat\STM32CubeIDE\workspace_1.14.1\bno055\Core\Inc\main.h_save
2024-07-03 13:57:08,221 [INFO] CodeEngine:279 - Generated code: C:\Users\revat\STM32CubeIDE\workspace_1.14.1\bno055\Core\Inc\main.h
2024-07-03 13:57:08,242 [INFO] CodeEngine:255 - oldGeneratedFile, C:\Users\revat\STM32CubeIDE\workspace_1.14.1\bno055\Core\Src\main.c_save
2024-07-03 13:57:08,372 [INFO] CodeEngine:279 - Generated code: C:\Users\revat\STM32CubeIDE\workspace_1.14.1\bno055\Core\Src\main.c
2024-07-03 13:57:09,058 [INFO] ProjectBuilder:3076 - Time for Copy HAL[1] : 204mS.
2024-07-03 13:57:09,061 [INFO] ProjectBuilder:4485 - Project Generator version: 4.2.0-B44
2024-07-03 13:57:09,260 [INFO] ConfigFileManager:1495 - The Die is : DIE421
2024-07-03 13:57:10,547 [INFO] ProjectBuilder:4747 - Time for Generating toolchain IDE Files: 1486mS.
2024-07-03 13:57:10,548 [INFO] ProjectBuilder:2947 - Time for Copy CMSIS : 1mS.
2024-07-03 13:57:10,551 [INFO] ProjectBuilder:2947 - Time for Copy CMSIS : 0mS.
2024-07-03 13:59:24,085 [ERROR] ConfigurationRetriever:142 - IOException on connection: sw-center.st.com
2024-07-03 13:59:24,085 [ERROR] ConfigurationRetriever:142 - IOException on connection: sw-center.st.com
2024-07-03 13:59:24,086 [ERROR] ConfigurationRetriever:142 - IOException on connection: sw-center.st.com
2024-07-03 14:12:28,462 [ERROR] ConfigurationRetriever:142 - IOException on connection: Read timed out
2024-07-03 14:12:30,475 [ERROR] ConfigurationRetriever:142 - IOException on connection: Read timed out
2024-07-03 14:12:32,513 [ERROR] ConfigurationRetriever:142 - IOException on connection: Read timed out
2024-07-03 14:12:49,734 [ERROR] ConfigurationRetriever:142 - IOException on connection: Read timed out
2024-07-03 14:12:51,779 [ERROR] ConfigurationRetriever:142 - IOException on connection: Read timed out
2024-07-03 14:12:53,823 [ERROR] ConfigurationRetriever:142 - IOException on connection: Read timed out
2024-07-03 14:26:05,021 [INFO] LogOutputStream:77 - [STDOUT_REDIRECT] StartTraceHandler.execute(), success : Collect=true
2024-07-03 14:40:57,342 [ERROR] ConfigurationRetriever:142 - IOException on connection: sw-center.st.com
2024-07-03 14:40:57,344 [ERROR] ConfigurationRetriever:142 - IOException on connection: sw-center.st.com
2024-07-03 14:40:57,345 [ERROR] ConfigurationRetriever:142 - IOException on connection: sw-center.st.com
2024-07-03 18:02:17,741 [ERROR] ConfigurationRetriever:142 - IOException on connection: sw-center.st.com
2024-07-03 18:02:17,742 [ERROR] ConfigurationRetriever:142 - IOException on connection: sw-center.st.com
2024-07-03 18:02:17,742 [ERROR] ConfigurationRetriever:142 - IOException on connection: sw-center.st.com
2024-07-03 18:50:26,637 [ERROR] ConfigurationRetriever:142 - IOException on connection: sw-center.st.com
2024-07-03 18:50:26,638 [ERROR] ConfigurationRetriever:142 - IOException on connection: sw-center.st.com
2024-07-03 18:50:26,639 [ERROR] ConfigurationRetriever:142 - IOException on connection: sw-center.st.com
2024-07-03 18:50:31,564 [ERROR] LogOutputStream:75 - [STDERR_REDIRECT] 
2024-07-03 18:50:31,565 [ERROR] LogOutputStream:75 - [STDERR_REDIRECT] 
