2024-07-05 12:36:06,695 [INFO] Activator:176 - 


2024-07-05 12:36:06,707 [INFO] Activator:177 - !SESSION log4j initialized
2024-07-05 12:36:21,182 [INFO] LogOutputStream:77 - [STDOUT_REDIRECT] 
2024-07-05 12:36:28,234 [INFO] ApplicationProperties:184 - Using Application install path: C:\ST\STM32CubeIDE_1.14.1\STM32CubeIDE\plugins\com.st.stm32cube.common.mx_6.10.0.202311202037
2024-07-05 12:36:28,263 [INFO] DbMcusXml:78 - Set database path to: C:\ST\STM32CubeIDE_1.14.1\STM32CubeIDE\plugins\com.st.stm32cube.common.mx_6.10.0.202311202037\\db\/mcu/
2024-07-05 12:36:28,263 [INFO] ApiDb:274 - Set plugin database path to: C:\ST\STM32CubeIDE_1.14.1\STM32CubeIDE\plugins\com.st.stm32cube.common.mx_6.10.0.202311202037\\db\/plugins/boardmanager/
2024-07-05 12:36:28,265 [WARN] ApiDb:259 - Overriding images path with different value:  => C:\ST\STM32CubeIDE_1.14.1\STM32CubeIDE\plugins\com.st.stm32cube.common.mx_6.10.0.202311202037\\db\/plugins/mcufinder/images/
2024-07-05 12:36:28,283 [INFO] ApiDb:250 - Set database path to: C:\Users\revat\.stmcufinder\plugins\mcufinder//mcu/
2024-07-05 12:36:28,286 [INFO] DbMcusAds:125 - Set database path to: C:\Users\revat\.stmcufinder\plugins\mcufinder//mcu/
2024-07-05 12:36:28,289 [INFO] CrossReferenceDbSqlite:203 - Set database path to: C:\Users\revat\.stmcufinder\plugins\mcufinder//mcu/cs/
2024-07-05 12:36:28,475 [INFO] RulesReader:64 - Compatibility file has been processed (297 Rules)
2024-07-05 12:36:28,675 [INFO] DbMcusXml:78 - Set database path to: C:\ST\STM32CubeIDE_1.14.1\STM32CubeIDE\plugins\com.st.stm32cube.common.mx_6.10.0.202311202037\\db\/mcu/
2024-07-05 12:36:28,676 [INFO] ApiDb:274 - Set plugin database path to: C:\ST\STM32CubeIDE_1.14.1\STM32CubeIDE\plugins\com.st.stm32cube.common.mx_6.10.0.202311202037\\db\/plugins/boardmanager/
2024-07-05 12:36:28,676 [INFO] ApiDb:261 - Set plugin images path to: C:\ST\STM32CubeIDE_1.14.1\STM32CubeIDE\plugins\com.st.stm32cube.common.mx_6.10.0.202311202037\\db\/plugins/mcufinder/images/
2024-07-05 12:36:28,676 [WARN] DbFile:41 - Overriding database path with different value: C:\Users\revat\.stmcufinder\plugins\mcufinder/ => C:\Users\revat\.stmcufinder\plugins\mcufinder
2024-07-05 12:36:28,677 [INFO] ApiDb:250 - Set database path to: C:\Users\revat\.stmcufinder\plugins\mcufinder//mcu/
2024-07-05 12:36:28,677 [WARN] DbFile:41 - Overriding database path with different value: C:\Users\revat\.stmcufinder\plugins\mcufinder/ => C:\Users\revat\.stmcufinder\plugins\mcufinder
2024-07-05 12:36:28,677 [INFO] DbMcusAds:125 - Set database path to: C:\Users\revat\.stmcufinder\plugins\mcufinder//mcu/
2024-07-05 12:36:28,677 [WARN] DbFile:41 - Overriding database path with different value: C:\Users\revat\.stmcufinder\plugins\mcufinder/ => C:\Users\revat\.stmcufinder\plugins\mcufinder
2024-07-05 12:36:28,678 [WARN] DbFile:41 - Overriding database path with different value: C:\Users\revat\.stmcufinder\plugins\mcufinder/ => C:\Users\revat\.stmcufinder\plugins\mcufinder
2024-07-05 12:36:28,678 [INFO] CrossReferenceDbSqlite:203 - Set database path to: C:\Users\revat\.stmcufinder\plugins\mcufinder//mcu/cs/
2024-07-05 12:36:28,853 [INFO] MainPanel:264 - HeapMemory: 268435456
2024-07-05 12:36:29,015 [INFO] DbMcusXml:78 - Set database path to: C:\ST\STM32CubeIDE_1.14.1\STM32CubeIDE\plugins\com.st.stm32cube.common.mx_6.10.0.202311202037\\db\/mcu/
2024-07-05 12:36:29,015 [INFO] ApiDb:274 - Set plugin database path to: C:\ST\STM32CubeIDE_1.14.1\STM32CubeIDE\plugins\com.st.stm32cube.common.mx_6.10.0.202311202037\\db\/plugins/boardmanager/
2024-07-05 12:36:29,015 [INFO] ApiDb:261 - Set plugin images path to: C:\ST\STM32CubeIDE_1.14.1\STM32CubeIDE\plugins\com.st.stm32cube.common.mx_6.10.0.202311202037\\db\/plugins/mcufinder/images/
2024-07-05 12:36:29,016 [WARN] DbFile:41 - Overriding database path with different value: C:\Users\revat\.stmcufinder\plugins\mcufinder/ => C:\Users\revat\.stmcufinder\plugins\mcufinder
2024-07-05 12:36:29,016 [INFO] ApiDb:250 - Set database path to: C:\Users\revat\.stmcufinder\plugins\mcufinder//mcu/
2024-07-05 12:36:29,016 [WARN] DbFile:41 - Overriding database path with different value: C:\Users\revat\.stmcufinder\plugins\mcufinder/ => C:\Users\revat\.stmcufinder\plugins\mcufinder
2024-07-05 12:36:29,016 [INFO] DbMcusAds:125 - Set database path to: C:\Users\revat\.stmcufinder\plugins\mcufinder//mcu/
2024-07-05 12:36:29,016 [WARN] DbFile:41 - Overriding database path with different value: C:\Users\revat\.stmcufinder\plugins\mcufinder/ => C:\Users\revat\.stmcufinder\plugins\mcufinder
2024-07-05 12:36:29,016 [WARN] DbFile:41 - Overriding database path with different value: C:\Users\revat\.stmcufinder\plugins\mcufinder/ => C:\Users\revat\.stmcufinder\plugins\mcufinder
2024-07-05 12:36:29,017 [INFO] CrossReferenceDbSqlite:203 - Set database path to: C:\Users\revat\.stmcufinder\plugins\mcufinder//mcu/cs/
2024-07-05 12:36:29,047 [INFO] ApplicationProperties:184 - Using Application install path: C:\ST\STM32CubeIDE_1.14.1\STM32CubeIDE\plugins\com.st.stm32cube.common.mx_6.10.0.202311202037
2024-07-05 12:36:29,049 [INFO] PluginManage:196 - Search for loadable plugins [exclusion list=, ]
2024-07-05 12:36:29,052 [INFO] PluginManage:310 - Check plugin analytics
2024-07-05 12:36:29,489 [INFO] AnalyticsPlugin:253 - Accepted Software Licenses: 
2024-07-05 12:36:29,489 [INFO] AnalyticsPlugin:255 - Accepted CMSIS Pack Licenses: 
2024-07-05 12:36:29,489 [INFO] AnalyticsPlugin:257 - Accepted Firmware Licenses: FW.F4.1.28.0
2024-07-05 12:36:29,496 [INFO] PluginManage:359 - Loaded plugin analytics (category:tool,tabindex:-1)
2024-07-05 12:36:29,496 [INFO] PluginManage:310 - Check plugin cadmodel
2024-07-05 12:36:29,507 [INFO] CADModel:105 - Init CAD model plugin
2024-07-05 12:36:29,508 [INFO] PluginManage:359 - Loaded plugin cadmodel (category:power,tabindex:5)
2024-07-05 12:36:29,509 [INFO] PluginManage:310 - Check plugin clock
2024-07-05 12:36:29,537 [INFO] PluginManage:359 - Loaded plugin clock (category:base,tabindex:2)
2024-07-05 12:36:29,537 [INFO] PluginManage:310 - Check plugin ddr
2024-07-05 12:36:29,545 [INFO] PluginManage:359 - Loaded plugin ddr (category:tool,tabindex:6)
2024-07-05 12:36:29,545 [INFO] PluginManage:310 - Check plugin filemanager
2024-07-05 12:36:29,741 [INFO] PluginManage:359 - Loaded plugin filemanager (category:base,tabindex:10)
2024-07-05 12:36:29,741 [INFO] PluginManage:310 - Check plugin ipmanager
2024-07-05 12:36:29,753 [INFO] PluginManage:359 - Loaded plugin ipmanager (category:base,tabindex:5)
2024-07-05 12:36:29,753 [INFO] PluginManage:310 - Check plugin lpbam
2024-07-05 12:36:29,763 [INFO] PluginManage:359 - Loaded plugin lpbam (category:base,tabindex:0)
2024-07-05 12:36:29,763 [INFO] PluginManage:310 - Check plugin memorymap
2024-07-05 12:36:29,785 [INFO] PluginManage:359 - Loaded plugin memorymap (category:base,tabindex:4)
2024-07-05 12:36:29,786 [INFO] PluginManage:310 - Check plugin pinoutandconfiguration
2024-07-05 12:36:29,796 [INFO] PluginManage:359 - Loaded plugin pinoutandconfiguration (category:base,tabindex:1)
2024-07-05 12:36:29,796 [INFO] PluginManage:310 - Check plugin pinoutconfig
2024-07-05 12:36:29,919 [WARN] SupportedApi:132 - Cannot load RTOS API schema: s4s-elt-must-match.1: The content of 'definitions' must match (annotation?, (simpleType | complexType)?, (unique | key | keyref)*)). A problem was found starting at: attribute.
2024-07-05 12:36:30,167 [INFO] PluginManage:359 - Loaded plugin pinoutconfig (category:base,tabindex:0)
2024-07-05 12:36:30,167 [INFO] PluginManage:310 - Check plugin power
2024-07-05 12:36:30,198 [INFO] PluginManage:359 - Loaded plugin power (category:power,tabindex:4)
2024-07-05 12:36:30,198 [INFO] PluginManage:310 - Check plugin projectmanager
2024-07-05 12:36:30,231 [INFO] PluginManage:359 - Loaded plugin projectmanager (category:projectmanager,tabindex:3)
2024-07-05 12:36:30,231 [INFO] PluginManage:310 - Check plugin thirdparty
2024-07-05 12:36:30,516 [INFO] PluginManage:359 - Loaded plugin thirdparty (category:base,tabindex:-1)
2024-07-05 12:36:30,516 [INFO] PluginManage:310 - Check plugin tools
2024-07-05 12:36:30,516 [WARN] IntegrityCheckThread:84 - waiting for thirdparty lock release [integrity check]
2024-07-05 12:36:30,517 [INFO] IntegrityCheckThread:86 - entering critical section [integrity check]
2024-07-05 12:36:30,518 [INFO] ThirdPartyUpdaterWithRetryManager:70 - Updater plugin not ready yet. [1/15]
2024-07-05 12:36:30,520 [INFO] PluginManage:359 - Loaded plugin tools (category:base,tabindex:7)
2024-07-05 12:36:30,520 [INFO] PluginManage:310 - Check plugin tutovideos
2024-07-05 12:36:30,937 [INFO] PluginManage:359 - Loaded plugin tutovideos (category:base,tabindex:-1)
2024-07-05 12:36:30,937 [INFO] PluginManage:310 - Check plugin updater
2024-07-05 12:36:30,962 [INFO] PluginManage:359 - Loaded plugin updater (category:base,tabindex:12)
2024-07-05 12:36:30,963 [INFO] PluginManage:310 - Check plugin userauth
2024-07-05 12:36:30,976 [INFO] UserAuth:114 - Init User Auth plugin
2024-07-05 12:36:30,976 [INFO] PluginManage:359 - Loaded plugin userauth (category:base,tabindex:14)
2024-07-05 12:36:30,978 [INFO] PluginManage:283 - PluginManage : Loaded plugins [17]
2024-07-05 12:36:31,567 [INFO] PinOutPanel:1499 - setPackage(No Configuration,No Configuration)
2024-07-05 12:36:31,793 [INFO] CADModel:165 - CPN selected for project level
2024-07-05 12:36:31,794 [INFO] CADModel:114 - Register for checkConnection events
2024-07-05 12:36:31,830 [INFO] IPUIPlugin:80 - create IPUIPlugin
2024-07-05 12:36:31,831 [INFO] PluginManager:220 - loadIPPluginJar : add adc
2024-07-05 12:36:31,836 [INFO] IPUIPlugin:80 - create IPUIPlugin
2024-07-05 12:36:31,837 [INFO] PluginManager:220 - loadIPPluginJar : add aes
2024-07-05 12:36:31,843 [INFO] IPUIPlugin:80 - create IPUIPlugin
2024-07-05 12:36:31,843 [INFO] PluginManager:220 - loadIPPluginJar : add can
2024-07-05 12:36:31,848 [INFO] IPUIPlugin:80 - create IPUIPlugin
2024-07-05 12:36:31,848 [INFO] PluginManager:220 - loadIPPluginJar : add comp
2024-07-05 12:36:31,854 [INFO] IPUIPlugin:80 - create IPUIPlugin
2024-07-05 12:36:31,854 [INFO] PluginManager:220 - loadIPPluginJar : add cryp
2024-07-05 12:36:31,858 [INFO] IPUIPlugin:80 - create IPUIPlugin
2024-07-05 12:36:31,859 [INFO] PluginManager:220 - loadIPPluginJar : add dfsdm
2024-07-05 12:36:31,870 [INFO] IPUIPlugin:80 - create IPUIPlugin
2024-07-05 12:36:31,873 [INFO] PluginManager:220 - loadIPPluginJar : add dma
2024-07-05 12:36:31,879 [INFO] IPUIPlugin:80 - create IPUIPlugin
2024-07-05 12:36:31,880 [INFO] PluginManager:220 - loadIPPluginJar : add dma3
2024-07-05 12:36:31,883 [INFO] IPUIPlugin:80 - create IPUIPlugin
2024-07-05 12:36:31,883 [INFO] PluginManager:220 - loadIPPluginJar : add fatfs
2024-07-05 12:36:31,894 [INFO] IPUIPlugin:80 - create IPUIPlugin
2024-07-05 12:36:31,894 [INFO] PluginManager:220 - loadIPPluginJar : add fmc
2024-07-05 12:36:31,907 [INFO] IPUIPlugin:80 - create IPUIPlugin
2024-07-05 12:36:31,907 [INFO] PluginManager:220 - loadIPPluginJar : add freertos
2024-07-05 12:36:31,911 [INFO] IPUIPlugin:80 - create IPUIPlugin
2024-07-05 12:36:31,911 [INFO] PluginManager:220 - loadIPPluginJar : add genericplugin
2024-07-05 12:36:31,917 [INFO] IPUIPlugin:80 - create IPUIPlugin
2024-07-05 12:36:31,917 [INFO] PluginManager:220 - loadIPPluginJar : add gfxmmu
2024-07-05 12:36:31,932 [INFO] IPUIPlugin:80 - create IPUIPlugin
2024-07-05 12:36:31,932 [INFO] PluginManager:220 - loadIPPluginJar : add gic
2024-07-05 12:36:31,944 [INFO] IPUIPlugin:80 - create IPUIPlugin
2024-07-05 12:36:31,944 [INFO] PluginManager:220 - loadIPPluginJar : add gpio
2024-07-05 12:36:31,951 [INFO] IPUIPlugin:80 - create IPUIPlugin
2024-07-05 12:36:31,951 [INFO] PluginManager:220 - loadIPPluginJar : add gtzc
2024-07-05 12:36:31,956 [INFO] IPUIPlugin:80 - create IPUIPlugin
2024-07-05 12:36:31,956 [INFO] PluginManager:220 - loadIPPluginJar : add hash
2024-07-05 12:36:31,961 [INFO] IPUIPlugin:80 - create IPUIPlugin
2024-07-05 12:36:31,961 [INFO] PluginManager:220 - loadIPPluginJar : add i2c
2024-07-05 12:36:31,967 [INFO] IPUIPlugin:80 - create IPUIPlugin
2024-07-05 12:36:31,967 [INFO] PluginManager:220 - loadIPPluginJar : add i2s
2024-07-05 12:36:31,973 [INFO] IPUIPlugin:80 - create IPUIPlugin
2024-07-05 12:36:31,974 [INFO] PluginManager:220 - loadIPPluginJar : add i3c
2024-07-05 12:36:31,980 [INFO] IPUIPlugin:80 - create IPUIPlugin
2024-07-05 12:36:31,980 [INFO] PluginManager:220 - loadIPPluginJar : add ipddr
2024-07-05 12:36:31,995 [INFO] IPUIPlugin:80 - create IPUIPlugin
2024-07-05 12:36:31,995 [INFO] PluginManager:220 - loadIPPluginJar : add linkedlist
2024-07-05 12:36:31,999 [INFO] IPUIPlugin:80 - create IPUIPlugin
2024-07-05 12:36:32,000 [INFO] PluginManager:220 - loadIPPluginJar : add lorawan
2024-07-05 12:36:32,004 [INFO] IPUIPlugin:80 - create IPUIPlugin
2024-07-05 12:36:32,004 [INFO] PluginManager:220 - loadIPPluginJar : add ltdc
2024-07-05 12:36:32,016 [INFO] IPUIPlugin:80 - create IPUIPlugin
2024-07-05 12:36:32,017 [INFO] PluginManager:220 - loadIPPluginJar : add mdma
2024-07-05 12:36:32,024 [INFO] IPUIPlugin:80 - create IPUIPlugin
2024-07-05 12:36:32,024 [INFO] PluginManager:220 - loadIPPluginJar : add nvic
2024-07-05 12:36:32,029 [INFO] IPUIPlugin:80 - create IPUIPlugin
2024-07-05 12:36:32,030 [INFO] PluginManager:220 - loadIPPluginJar : add opamp
2024-07-05 12:36:32,036 [INFO] IPUIPlugin:80 - create IPUIPlugin
2024-07-05 12:36:32,037 [INFO] PluginManager:220 - loadIPPluginJar : add openamp
2024-07-05 12:36:32,044 [INFO] IPUIPlugin:80 - create IPUIPlugin
2024-07-05 12:36:32,044 [INFO] PluginManager:220 - loadIPPluginJar : add pdm2pcm
2024-07-05 12:36:32,056 [INFO] IPUIPlugin:80 - create IPUIPlugin
2024-07-05 12:36:32,064 [INFO] PluginManager:220 - loadIPPluginJar : add plateformsettings
2024-07-05 12:36:32,066 [INFO] IPUIPlugin:80 - create IPUIPlugin
2024-07-05 12:36:32,067 [INFO] PluginManager:220 - loadIPPluginJar : add quadspi
2024-07-05 12:36:32,086 [INFO] IPUIPlugin:80 - create IPUIPlugin
2024-07-05 12:36:32,086 [INFO] PluginManager:220 - loadIPPluginJar : add resmgrutility
2024-07-05 12:36:32,092 [INFO] IPUIPlugin:80 - create IPUIPlugin
2024-07-05 12:36:32,092 [INFO] PluginManager:220 - loadIPPluginJar : add sai
2024-07-05 12:36:32,099 [INFO] IPUIPlugin:80 - create IPUIPlugin
2024-07-05 12:36:32,099 [INFO] PluginManager:220 - loadIPPluginJar : add spi
2024-07-05 12:36:32,110 [INFO] IPUIPlugin:80 - create IPUIPlugin
2024-07-05 12:36:32,110 [INFO] PluginManager:220 - loadIPPluginJar : add stm32_wpan
2024-07-05 12:36:32,114 [INFO] IPUIPlugin:80 - create IPUIPlugin
2024-07-05 12:36:32,114 [INFO] PluginManager:220 - loadIPPluginJar : add tim
2024-07-05 12:36:32,120 [INFO] IPUIPlugin:80 - create IPUIPlugin
2024-07-05 12:36:32,120 [INFO] PluginManager:220 - loadIPPluginJar : add touchsensing
2024-07-05 12:36:32,123 [INFO] IPUIPlugin:80 - create IPUIPlugin
2024-07-05 12:36:32,124 [INFO] PluginManager:220 - loadIPPluginJar : add tracer_emb
2024-07-05 12:36:32,129 [INFO] IPUIPlugin:80 - create IPUIPlugin
2024-07-05 12:36:32,130 [INFO] PluginManager:220 - loadIPPluginJar : add ts
2024-07-05 12:36:32,134 [INFO] IPUIPlugin:80 - create IPUIPlugin
2024-07-05 12:36:32,134 [INFO] PluginManager:220 - loadIPPluginJar : add tsc
2024-07-05 12:36:32,137 [INFO] IPUIPlugin:80 - create IPUIPlugin
2024-07-05 12:36:32,137 [INFO] PluginManager:220 - loadIPPluginJar : add ucpd
2024-07-05 12:36:32,143 [INFO] IPUIPlugin:80 - create IPUIPlugin
2024-07-05 12:36:32,143 [INFO] PluginManager:220 - loadIPPluginJar : add usart
2024-07-05 12:36:32,148 [INFO] IPUIPlugin:80 - create IPUIPlugin
2024-07-05 12:36:32,148 [INFO] PluginManager:220 - loadIPPluginJar : add usbx
2024-07-05 12:36:32,344 [INFO] CADModel:165 - CPN selected for project level
2024-07-05 12:36:32,344 [INFO] CADModel:114 - Register for checkConnection events
2024-07-05 12:36:32,344 [FATAL] Updater:308 - Updater called before beeing initialized
2024-07-05 12:36:32,344 [ERROR] CADModel:125 - Updater not yet initialized, retry later 
2024-07-05 12:36:32,570 [INFO] CADModel:165 - CPN selected for project level
2024-07-05 12:36:32,570 [INFO] CADModel:114 - Register for checkConnection events
2024-07-05 12:36:32,570 [FATAL] Updater:308 - Updater called before beeing initialized
2024-07-05 12:36:32,570 [ERROR] CADModel:125 - Updater not yet initialized, retry later 
2024-07-05 12:36:32,574 [FATAL] Updater:308 - Updater called before beeing initialized
2024-07-05 12:36:32,749 [FATAL] Updater:308 - Updater called before beeing initialized
2024-07-05 12:36:32,755 [INFO] DbMcusAds:53 - JSON generation date=Thu May 16 14:52:00 IST 2024 (1715851320852)
2024-07-05 12:36:32,755 [FATAL] Updater:308 - Updater called before beeing initialized
2024-07-05 12:36:32,805 [WARN] DetailPanel:346 - Failed to get advertising image, set to default
2024-07-05 12:36:32,913 [FATAL] Updater:308 - Updater called before beeing initialized
2024-07-05 12:36:32,916 [FATAL] Updater:308 - Updater called before beeing initialized
2024-07-05 12:36:32,917 [FATAL] Updater:308 - Updater called before beeing initialized
2024-07-05 12:36:32,917 [WARN] DetailPanel:346 - Failed to get advertising image, set to default
2024-07-05 12:36:32,918 [FATAL] Updater:308 - Updater called before beeing initialized
2024-07-05 12:36:32,988 [ERROR] Updater:1120 - MainUpdater not yet initialized. External WinMGr cannot be set.
2024-07-05 12:36:32,991 [INFO] Updater:1056 - Updater Version found : 6.10.0
2024-07-05 12:36:33,019 [INFO] ApplicationProperties:184 - Using Application install path: C:\ST\STM32CubeIDE_1.14.1\STM32CubeIDE\plugins\com.st.stm32cube.common.mx_6.10.0.202311202037
2024-07-05 12:36:33,519 [INFO] ThirdPartyUpdaterWithRetryManager:70 - Updater plugin not ready yet. [2/15]
2024-07-05 12:36:34,592 [ERROR] LogOutputStream:75 - [STDERR_REDIRECT] Jul 05, 2024 12:36:34 PM java.util.prefs.WindowsPreferences <init>
2024-07-05 12:36:34,594 [ERROR] LogOutputStream:75 - [STDERR_REDIRECT] WARNING: Could not open/create prefs root node Software\JavaSoft\Prefs at root 0xffffffff80000002. Windows RegCreateKeyEx(...) returned error code 5.
2024-07-05 12:36:34,594 [ERROR] LogOutputStream:75 - [STDERR_REDIRECT] 
2024-07-05 12:36:35,001 [INFO] MainUpdater:2873 - connection check result : 10
2024-07-05 12:36:35,003 [INFO] MainUpdater:290 - Updater Check For Update Now.
2024-07-05 12:36:35,004 [INFO] MicroXplorer:498 - Change Database Version : DB.6.0.100
2024-07-05 12:36:35,021 [INFO] McuFinderGlobals:63 - Set McuFinder mode to 2 (CubeIDE integrated)
2024-07-05 12:36:35,022 [INFO] UserAuth:180 - activating auth plugin
2024-07-05 12:36:35,027 [INFO] UserAuth:404 - Internet connection configuration mode: 1
2024-07-05 12:36:35,086 [INFO] JxBrowserEngine:152 - Initiate JxBrowser Engine with user profile folder
2024-07-05 12:36:35,232 [INFO] CheckServerUpdateThread:120 - End of CheckServer Thread
2024-07-05 12:36:36,756 [WARN] PackLoader:240 - Cannot read IP mode file for STMicroelectronics.FP-SNS-MOTENVWB1.1.4.0
2024-07-05 12:36:36,772 [WARN] PackLoader:240 - Cannot read IP mode file for STMicroelectronics.X-CUBE-SMBUS.2.1.0
2024-07-05 12:36:36,779 [WARN] PackLoader:240 - Cannot read IP mode file for STMicroelectronics.X-CUBE-TOUCHGFX.4.23.0
2024-07-05 12:36:36,814 [WARN] PackLoader:240 - Cannot read IP mode file for STMicroelectronics.X-CUBE-AZRTOS-F7.1.1.0
2024-07-05 12:36:36,824 [WARN] PackLoader:240 - Cannot read IP mode file for STMicroelectronics.FP-SNS-MOTENV1.4.3.2
2024-07-05 12:36:36,831 [WARN] PackLoader:240 - Cannot read IP mode file for STMicroelectronics.FP-SNS-FLIGHT1.5.0.2
2024-07-05 12:36:36,840 [WARN] PackLoader:240 - Cannot read IP mode file for STMicroelectronics.X-CUBE-DISPLAY.3.0.0
2024-07-05 12:36:36,854 [WARN] PackLoader:240 - Cannot read IP mode file for STMicroelectronics.X-CUBE-BLE1.7.0.0
2024-07-05 12:36:36,860 [WARN] PackLoader:240 - Cannot read IP mode file for emotas.I-CUBE-CANOPEN.1.3.0
2024-07-05 12:36:36,883 [WARN] PackLoader:240 - Cannot read IP mode file for STMicroelectronics.X-CUBE-BLEMGR.3.1.0
2024-07-05 12:36:36,895 [WARN] PackLoader:240 - Cannot read IP mode file for STMicroelectronics.FP-SNS-SMARTAG2.1.2.0
2024-07-05 12:36:36,908 [INFO] LogOutputStream:77 - [STDOUT_REDIRECT] 1 : Invalid condition id : UX_CORESTACK_Condition cause : null
2024-07-05 12:36:36,909 [INFO] LogOutputStream:77 - [STDOUT_REDIRECT] 1 : Invalid condition id : UX_CORESTACK_Condition cause : null
2024-07-05 12:36:36,910 [INFO] LogOutputStream:77 - [STDOUT_REDIRECT] 1 : Invalid condition id : UX_CORESTACK_Condition cause : null
2024-07-05 12:36:36,912 [INFO] LogOutputStream:77 - [STDOUT_REDIRECT] 1 : Invalid condition id : UX_CORESTACK_Condition cause : null
2024-07-05 12:36:36,913 [INFO] LogOutputStream:77 - [STDOUT_REDIRECT] 1 : Invalid condition id : UX_CORESTACK_Condition cause : null
2024-07-05 12:36:36,917 [WARN] PackLoader:240 - Cannot read IP mode file for STMicroelectronics.X-CUBE-AZRTOS-WL.2.0.0
2024-07-05 12:36:36,926 [WARN] PackLoader:240 - Cannot read IP mode file for STMicroelectronics.FP-SNS-MOTENV1.5.0.0
2024-07-05 12:36:36,934 [WARN] PackLoader:240 - Cannot read IP mode file for wolfSSL.I-CUBE-wolfMQTT.1.19.0
2024-07-05 12:36:36,964 [WARN] PackLoader:240 - Cannot read IP mode file for WES.I-CUBE-Cesium.1.3.0
2024-07-05 12:36:36,973 [WARN] PackLoader:240 - Cannot read IP mode file for STMicroelectronics.X-CUBE-BLE2.3.3.0
2024-07-05 12:36:36,984 [WARN] PackLoader:240 - Cannot read IP mode file for STMicroelectronics.X-CUBE-TCPP.4.1.0
2024-07-05 12:36:36,995 [WARN] PackLoader:240 - Cannot read IP mode file for STMicroelectronics.X-CUBE-ALGOBUILD.1.3.0
2024-07-05 12:36:37,018 [WARN] PackLoader:240 - Cannot read IP mode file for STMicroelectronics.X-CUBE-AZRTOS-G0.1.1.0
2024-07-05 12:36:37,033 [WARN] PackLoader:240 - Cannot read IP mode file for STMicroelectronics.X-CUBE-SAFEA1.1.2.2
2024-07-05 12:36:37,043 [WARN] PackLoader:240 - Cannot read IP mode file for STMicroelectronics.X-CUBE-NFC4.3.0.0
2024-07-05 12:36:37,049 [WARN] PackLoader:240 - Cannot read IP mode file for STMicroelectronics.FP-ATR-SIGFOX1.3.2.0
2024-07-05 12:36:37,058 [WARN] PackLoader:240 - Cannot read IP mode file for STMicroelectronics.X-CUBE-EEPRMA1.5.1.0
2024-07-05 12:36:37,115 [WARN] PackLoader:240 - Cannot read IP mode file for SEGGER.I-CUBE-embOS.1.3.1
2024-07-05 12:36:37,163 [WARN] PackLoader:240 - Cannot read IP mode file for STMicroelectronics.X-CUBE-ALGOBUILD.1.4.0
2024-07-05 12:36:37,170 [WARN] PackLoader:240 - Cannot read IP mode file for STMicroelectronics.X-CUBE-GNSS1.6.0.0
2024-07-05 12:36:37,183 [WARN] PackLoader:240 - Cannot read IP mode file for STMicroelectronics.X-CUBE-AZRTOS-F4.1.1.0
2024-07-05 12:36:37,190 [WARN] PackLoader:240 - Cannot read IP mode file for STMicroelectronics.X-CUBE-FREERTOS.1.2.0
2024-07-05 12:36:37,194 [WARN] PackLoader:240 - Cannot read IP mode file for wolfSSL.I-CUBE-wolfSSL.5.6.6
2024-07-05 12:36:37,208 [WARN] PackLoader:240 - Cannot read IP mode file for STMicroelectronics.X-CUBE-AZRTOS-L5.2.0.0
2024-07-05 12:36:37,219 [WARN] PackLoader:240 - Cannot read IP mode file for STMicroelectronics.X-CUBE-NFC6.3.1.0
2024-07-05 12:36:37,227 [WARN] PackLoader:240 - Cannot read IP mode file for ITTIA_DB.I-CUBE-ITTIADB.8.8.0
2024-07-05 12:36:37,232 [WARN] PackLoader:240 - Cannot read IP mode file for STMicroelectronics.X-CUBE-AI.9.0.0
2024-07-05 12:36:37,238 [WARN] PackLoader:240 - Cannot read IP mode file for STMicroelectronics.X-CUBE-NFC7.1.0.1
2024-07-05 12:36:37,245 [WARN] PackLoader:240 - Cannot read IP mode file for STMicroelectronics.X-CUBE-NFC6.3.0.0
2024-07-05 12:36:37,250 [WARN] PackLoader:240 - Cannot read IP mode file for STMicroelectronics.X-CUBE-AI.8.1.0
2024-07-05 12:36:37,265 [WARN] ConditionMgr:438 - getConditionDescription Invalid condition id : LAN8742 Phy interface Condition cause : null
2024-07-05 12:36:37,266 [WARN] PackLoader:240 - Cannot read IP mode file for STMicroelectronics.X-CUBE-AZRTOS-L4.2.0.0
2024-07-05 12:36:37,267 [WARN] ConditionMgr:1039 - genDependencies : Invalid condition id : LAN8742 Phy interface Condition cause : null
2024-07-05 12:36:37,267 [WARN] ConditionMgr:1039 - genDependencies : Invalid condition id : LAN8742 Phy interface Condition cause : null
2024-07-05 12:36:37,268 [WARN] ConditionMgr:1039 - genDependencies : Invalid condition id : LAN8742 Phy interface Condition cause : null
2024-07-05 12:36:37,277 [WARN] PackLoader:240 - Cannot read IP mode file for STMicroelectronics.X-CUBE-SFXS2LP1.4.0.0
2024-07-05 12:36:37,287 [WARN] ConditionMgr:438 - getConditionDescription Invalid condition id : UX DEVICE CLASS RTOS Condition cause : null
2024-07-05 12:36:37,287 [WARN] ConditionMgr:438 - getConditionDescription Invalid condition id : UX DEVICE CLASS RTOS Condition cause : null
2024-07-05 12:36:37,288 [WARN] PackLoader:240 - Cannot read IP mode file for STMicroelectronics.X-CUBE-AZRTOS-WB.2.0.0
2024-07-05 12:36:37,289 [WARN] ConditionMgr:1039 - genDependencies : Invalid condition id : UX DEVICE CLASS RTOS Condition cause : null
2024-07-05 12:36:37,289 [WARN] ConditionMgr:1039 - genDependencies : Invalid condition id : UX DEVICE CLASS RTOS Condition cause : null
2024-07-05 12:36:37,289 [WARN] ConditionMgr:1039 - genDependencies : Invalid condition id : UX DEVICE CLASS RTOS Condition cause : null
2024-07-05 12:36:37,289 [WARN] ConditionMgr:1039 - genDependencies : Invalid condition id : UX DEVICE CLASS RTOS Condition cause : null
2024-07-05 12:36:37,289 [WARN] ConditionMgr:1039 - genDependencies : Invalid condition id : UX DEVICE CLASS RTOS Condition cause : null
2024-07-05 12:36:37,297 [WARN] PackLoader:240 - Cannot read IP mode file for STMicroelectronics.X-CUBE-SUBG2.5.0.0
2024-07-05 12:36:37,315 [WARN] PackLoader:240 - Cannot read IP mode file for STMicroelectronics.X-CUBE-AZRTOS-G4.2.0.0
2024-07-05 12:36:37,330 [WARN] PackLoader:240 - Cannot read IP mode file for Infineon.AIROC-Wi-Fi-Bluetooth-STM32.1.5.1
2024-07-05 12:36:37,338 [WARN] PackLoader:240 - Cannot read IP mode file for STMicroelectronics.FP-SNS-MOTENVWB1.1.3.1
2024-07-05 12:36:37,342 [WARN] PackLoader:240 - Cannot read IP mode file for STMicroelectronics.X-CUBE-ISPU.2.0.0
2024-07-05 12:36:37,347 [WARN] PackLoader:240 - Cannot read IP mode file for STMicroelectronics.X-CUBE-ALS.1.0.2
2024-07-05 12:36:37,374 [WARN] PackLoader:240 - Cannot read IP mode file for STMicroelectronics.X-CUBE-MEMS1.10.0.0
2024-07-05 12:36:37,463 [WARN] PackLoader:240 - Cannot read IP mode file for STMicroelectronics.X-CUBE-FREERTOS.1.1.0
2024-07-05 12:36:37,467 [WARN] PackLoader:240 - Cannot read IP mode file for STMicroelectronics.X-CUBE-TOUCHGFX.4.24.0
2024-07-05 12:36:37,477 [WARN] PackLoader:240 - Cannot read IP mode file for portGmbH.I-Cube-SoM-uGOAL.1.1.0
2024-07-05 12:36:37,483 [WARN] PackLoader:240 - Cannot read IP mode file for STMicroelectronics.X-CUBE-ALS.1.0.1
2024-07-05 12:36:37,497 [WARN] PackLoader:240 - Cannot read IP mode file for STMicroelectronics.X-CUBE-AZRTOS-H7RS.1.0.0
2024-07-05 12:36:37,506 [WARN] PackLoader:240 - Cannot read IP mode file for STMicroelectronics.FP-ATR-ASTRA1.2.0.0
2024-07-05 12:36:37,522 [WARN] PackLoader:240 - Cannot read IP mode file for STMicroelectronics.X-CUBE-TOF1.3.4.1
2024-07-05 12:36:37,560 [WARN] PackLoader:240 - Cannot read IP mode file for STMicroelectronics.X-CUBE-AZRTOS-H7.3.2.0
2024-07-05 12:36:37,565 [INFO] ThirdParty:978 - Integrity check success = true
2024-07-05 12:36:37,565 [INFO] IntegrityCheckThread:100 - exiting critical section [integrity check]
2024-07-05 12:36:37,565 [INFO] IntegrityCheckThread:103 - End integrity checks thread
2024-07-05 12:36:38,647 [INFO] WebApp:161 - Instantiating new browser for Auth
2024-07-05 12:36:39,642 [INFO] WebApp:780 - Register for checkConnection events
2024-07-05 12:36:39,642 [INFO] WebApp:414 - Apply proxy settings
2024-07-05 12:36:39,642 [INFO] WebApp:499 - Chromium requires no authentication
2024-07-05 12:36:39,651 [INFO] WebApp:442 - Direct internet connection detected
2024-07-05 12:36:39,873 [INFO] WebApp:192 - Starting web application
2024-07-05 12:36:39,874 [INFO] WebApp:544 - Web application path used C:\ST\STM32CubeIDE_1.14.1\STM32CubeIDE\plugins\com.st.stm32cube.common.mx_6.10.0.202311202037\db\plugins\mcufinder\reactClient1\index.html
2024-07-05 12:37:00,867 [ERROR] LogOutputStream:75 - [STDERR_REDIRECT] SLF4J: Failed to load class "org.slf4j.impl.StaticLoggerBinder".
2024-07-05 12:37:00,868 [ERROR] LogOutputStream:75 - [STDERR_REDIRECT] SLF4J: Defaulting to no-operation (NOP) logger implementation
2024-07-05 12:37:00,868 [ERROR] LogOutputStream:75 - [STDERR_REDIRECT] SLF4J: See http://www.slf4j.org/codes.html#StaticLoggerBinder for further details.
2024-07-05 18:04:06,908 [ERROR] LogOutputStream:75 - [STDERR_REDIRECT] 
