2024-08-13 08:10:48,755 [INFO] Activator:176 - 


2024-08-13 08:10:48,765 [INFO] Activator:177 - !SESSION log4j initialized
2024-08-13 08:10:59,800 [INFO] LogOutputStream:77 - [STDOUT_REDIRECT] 
2024-08-13 08:11:36,316 [INFO] ApplicationProperties:184 - Using Application install path: C:\ST\STM32CubeIDE_1.14.1\STM32CubeIDE\plugins\com.st.stm32cube.common.mx_6.10.0.202311202037
2024-08-13 08:11:36,335 [INFO] DbMcusXml:78 - Set database path to: C:\ST\STM32CubeIDE_1.14.1\STM32CubeIDE\plugins\com.st.stm32cube.common.mx_6.10.0.202311202037\\db\/mcu/
2024-08-13 08:11:36,336 [INFO] ApiDb:274 - Set plugin database path to: C:\ST\STM32CubeIDE_1.14.1\STM32CubeIDE\plugins\com.st.stm32cube.common.mx_6.10.0.202311202037\\db\/plugins/boardmanager/
2024-08-13 08:11:36,336 [WARN] ApiDb:259 - Overriding images path with different value:  => C:\ST\STM32CubeIDE_1.14.1\STM32CubeIDE\plugins\com.st.stm32cube.common.mx_6.10.0.202311202037\\db\/plugins/mcufinder/images/
2024-08-13 08:11:36,346 [INFO] ApiDb:250 - Set database path to: C:\Users\revat\.stmcufinder\plugins\mcufinder//mcu/
2024-08-13 08:11:36,348 [INFO] DbMcusAds:125 - Set database path to: C:\Users\revat\.stmcufinder\plugins\mcufinder//mcu/
2024-08-13 08:11:36,351 [INFO] CrossReferenceDbSqlite:203 - Set database path to: C:\Users\revat\.stmcufinder\plugins\mcufinder//mcu/cs/
2024-08-13 08:11:36,495 [INFO] RulesReader:64 - Compatibility file has been processed (297 Rules)
2024-08-13 08:11:36,629 [INFO] DbMcusXml:78 - Set database path to: C:\ST\STM32CubeIDE_1.14.1\STM32CubeIDE\plugins\com.st.stm32cube.common.mx_6.10.0.202311202037\\db\/mcu/
2024-08-13 08:11:36,629 [INFO] ApiDb:274 - Set plugin database path to: C:\ST\STM32CubeIDE_1.14.1\STM32CubeIDE\plugins\com.st.stm32cube.common.mx_6.10.0.202311202037\\db\/plugins/boardmanager/
2024-08-13 08:11:36,629 [INFO] ApiDb:261 - Set plugin images path to: C:\ST\STM32CubeIDE_1.14.1\STM32CubeIDE\plugins\com.st.stm32cube.common.mx_6.10.0.202311202037\\db\/plugins/mcufinder/images/
2024-08-13 08:11:36,629 [WARN] DbFile:41 - Overriding database path with different value: C:\Users\revat\.stmcufinder\plugins\mcufinder/ => C:\Users\revat\.stmcufinder\plugins\mcufinder
2024-08-13 08:11:36,629 [INFO] ApiDb:250 - Set database path to: C:\Users\revat\.stmcufinder\plugins\mcufinder//mcu/
2024-08-13 08:11:36,629 [WARN] DbFile:41 - Overriding database path with different value: C:\Users\revat\.stmcufinder\plugins\mcufinder/ => C:\Users\revat\.stmcufinder\plugins\mcufinder
2024-08-13 08:11:36,629 [INFO] DbMcusAds:125 - Set database path to: C:\Users\revat\.stmcufinder\plugins\mcufinder//mcu/
2024-08-13 08:11:36,629 [WARN] DbFile:41 - Overriding database path with different value: C:\Users\revat\.stmcufinder\plugins\mcufinder/ => C:\Users\revat\.stmcufinder\plugins\mcufinder
2024-08-13 08:11:36,629 [WARN] DbFile:41 - Overriding database path with different value: C:\Users\revat\.stmcufinder\plugins\mcufinder/ => C:\Users\revat\.stmcufinder\plugins\mcufinder
2024-08-13 08:11:36,629 [INFO] CrossReferenceDbSqlite:203 - Set database path to: C:\Users\revat\.stmcufinder\plugins\mcufinder//mcu/cs/
2024-08-13 08:11:36,742 [INFO] MainPanel:264 - HeapMemory: 268435456
2024-08-13 08:11:36,867 [INFO] DbMcusXml:78 - Set database path to: C:\ST\STM32CubeIDE_1.14.1\STM32CubeIDE\plugins\com.st.stm32cube.common.mx_6.10.0.202311202037\\db\/mcu/
2024-08-13 08:11:36,867 [INFO] ApiDb:274 - Set plugin database path to: C:\ST\STM32CubeIDE_1.14.1\STM32CubeIDE\plugins\com.st.stm32cube.common.mx_6.10.0.202311202037\\db\/plugins/boardmanager/
2024-08-13 08:11:36,868 [INFO] ApiDb:261 - Set plugin images path to: C:\ST\STM32CubeIDE_1.14.1\STM32CubeIDE\plugins\com.st.stm32cube.common.mx_6.10.0.202311202037\\db\/plugins/mcufinder/images/
2024-08-13 08:11:36,868 [WARN] DbFile:41 - Overriding database path with different value: C:\Users\revat\.stmcufinder\plugins\mcufinder/ => C:\Users\revat\.stmcufinder\plugins\mcufinder
2024-08-13 08:11:36,868 [INFO] ApiDb:250 - Set database path to: C:\Users\revat\.stmcufinder\plugins\mcufinder//mcu/
2024-08-13 08:11:36,868 [WARN] DbFile:41 - Overriding database path with different value: C:\Users\revat\.stmcufinder\plugins\mcufinder/ => C:\Users\revat\.stmcufinder\plugins\mcufinder
2024-08-13 08:11:36,868 [INFO] DbMcusAds:125 - Set database path to: C:\Users\revat\.stmcufinder\plugins\mcufinder//mcu/
2024-08-13 08:11:36,868 [WARN] DbFile:41 - Overriding database path with different value: C:\Users\revat\.stmcufinder\plugins\mcufinder/ => C:\Users\revat\.stmcufinder\plugins\mcufinder
2024-08-13 08:11:36,868 [WARN] DbFile:41 - Overriding database path with different value: C:\Users\revat\.stmcufinder\plugins\mcufinder/ => C:\Users\revat\.stmcufinder\plugins\mcufinder
2024-08-13 08:11:36,868 [INFO] CrossReferenceDbSqlite:203 - Set database path to: C:\Users\revat\.stmcufinder\plugins\mcufinder//mcu/cs/
2024-08-13 08:11:36,893 [INFO] ApplicationProperties:184 - Using Application install path: C:\ST\STM32CubeIDE_1.14.1\STM32CubeIDE\plugins\com.st.stm32cube.common.mx_6.10.0.202311202037
2024-08-13 08:11:36,895 [INFO] PluginManage:196 - Search for loadable plugins [exclusion list=, ]
2024-08-13 08:11:36,897 [INFO] PluginManage:310 - Check plugin analytics
2024-08-13 08:11:37,222 [INFO] AnalyticsPlugin:253 - Accepted Software Licenses: 
2024-08-13 08:11:37,222 [INFO] AnalyticsPlugin:255 - Accepted CMSIS Pack Licenses: 
2024-08-13 08:11:37,223 [INFO] AnalyticsPlugin:257 - Accepted Firmware Licenses: FW.F4.1.28.0
2024-08-13 08:11:37,233 [INFO] PluginManage:359 - Loaded plugin analytics (category:tool,tabindex:-1)
2024-08-13 08:11:37,234 [INFO] PluginManage:310 - Check plugin cadmodel
2024-08-13 08:11:37,267 [INFO] CADModel:105 - Init CAD model plugin
2024-08-13 08:11:37,267 [INFO] PluginManage:359 - Loaded plugin cadmodel (category:power,tabindex:5)
2024-08-13 08:11:37,267 [INFO] PluginManage:310 - Check plugin clock
2024-08-13 08:11:37,306 [INFO] PluginManage:359 - Loaded plugin clock (category:base,tabindex:2)
2024-08-13 08:11:37,306 [INFO] PluginManage:310 - Check plugin ddr
2024-08-13 08:11:37,311 [INFO] PluginManage:359 - Loaded plugin ddr (category:tool,tabindex:6)
2024-08-13 08:11:37,312 [INFO] PluginManage:310 - Check plugin filemanager
2024-08-13 08:11:37,557 [INFO] PluginManage:359 - Loaded plugin filemanager (category:base,tabindex:10)
2024-08-13 08:11:37,558 [INFO] PluginManage:310 - Check plugin ipmanager
2024-08-13 08:11:37,571 [INFO] PluginManage:359 - Loaded plugin ipmanager (category:base,tabindex:5)
2024-08-13 08:11:37,571 [INFO] PluginManage:310 - Check plugin lpbam
2024-08-13 08:11:37,604 [INFO] PluginManage:359 - Loaded plugin lpbam (category:base,tabindex:0)
2024-08-13 08:11:37,605 [INFO] PluginManage:310 - Check plugin memorymap
2024-08-13 08:11:37,667 [INFO] PluginManage:359 - Loaded plugin memorymap (category:base,tabindex:4)
2024-08-13 08:11:37,667 [INFO] PluginManage:310 - Check plugin pinoutandconfiguration
2024-08-13 08:11:37,700 [INFO] PluginManage:359 - Loaded plugin pinoutandconfiguration (category:base,tabindex:1)
2024-08-13 08:11:37,700 [INFO] PluginManage:310 - Check plugin pinoutconfig
2024-08-13 08:11:37,873 [WARN] SupportedApi:132 - Cannot load RTOS API schema: s4s-elt-must-match.1: The content of 'definitions' must match (annotation?, (simpleType | complexType)?, (unique | key | keyref)*)). A problem was found starting at: attribute.
2024-08-13 08:11:38,167 [INFO] PluginManage:359 - Loaded plugin pinoutconfig (category:base,tabindex:0)
2024-08-13 08:11:38,167 [INFO] PluginManage:310 - Check plugin power
2024-08-13 08:11:38,200 [INFO] PluginManage:359 - Loaded plugin power (category:power,tabindex:4)
2024-08-13 08:11:38,200 [INFO] PluginManage:310 - Check plugin projectmanager
2024-08-13 08:11:38,231 [INFO] PluginManage:359 - Loaded plugin projectmanager (category:projectmanager,tabindex:3)
2024-08-13 08:11:38,231 [INFO] PluginManage:310 - Check plugin thirdparty
2024-08-13 08:11:38,696 [INFO] PluginManage:359 - Loaded plugin thirdparty (category:base,tabindex:-1)
2024-08-13 08:11:38,696 [WARN] IntegrityCheckThread:84 - waiting for thirdparty lock release [integrity check]
2024-08-13 08:11:38,696 [INFO] PluginManage:310 - Check plugin tools
2024-08-13 08:11:38,697 [INFO] IntegrityCheckThread:86 - entering critical section [integrity check]
2024-08-13 08:11:38,697 [INFO] ThirdPartyUpdaterWithRetryManager:70 - Updater plugin not ready yet. [1/15]
2024-08-13 08:11:38,750 [INFO] PluginManage:359 - Loaded plugin tools (category:base,tabindex:7)
2024-08-13 08:11:38,750 [INFO] PluginManage:310 - Check plugin tutovideos
2024-08-13 08:11:39,160 [INFO] PluginManage:359 - Loaded plugin tutovideos (category:base,tabindex:-1)
2024-08-13 08:11:39,160 [INFO] PluginManage:310 - Check plugin updater
2024-08-13 08:11:39,185 [INFO] PluginManage:359 - Loaded plugin updater (category:base,tabindex:12)
2024-08-13 08:11:39,185 [INFO] PluginManage:310 - Check plugin userauth
2024-08-13 08:11:39,194 [INFO] UserAuth:114 - Init User Auth plugin
2024-08-13 08:11:39,195 [INFO] PluginManage:359 - Loaded plugin userauth (category:base,tabindex:14)
2024-08-13 08:11:39,195 [INFO] PluginManage:283 - PluginManage : Loaded plugins [17]
2024-08-13 08:11:39,565 [INFO] PinOutPanel:1499 - setPackage(No Configuration,No Configuration)
2024-08-13 08:11:39,704 [INFO] CADModel:165 - CPN selected for project level
2024-08-13 08:11:39,705 [INFO] CADModel:114 - Register for checkConnection events
2024-08-13 08:11:39,761 [INFO] IPUIPlugin:80 - create IPUIPlugin
2024-08-13 08:11:39,761 [INFO] PluginManager:220 - loadIPPluginJar : add adc
2024-08-13 08:11:39,823 [INFO] IPUIPlugin:80 - create IPUIPlugin
2024-08-13 08:11:39,823 [INFO] PluginManager:220 - loadIPPluginJar : add aes
2024-08-13 08:11:39,892 [INFO] IPUIPlugin:80 - create IPUIPlugin
2024-08-13 08:11:39,893 [INFO] PluginManager:220 - loadIPPluginJar : add can
2024-08-13 08:11:39,928 [INFO] IPUIPlugin:80 - create IPUIPlugin
2024-08-13 08:11:39,928 [INFO] PluginManager:220 - loadIPPluginJar : add comp
2024-08-13 08:11:40,001 [INFO] IPUIPlugin:80 - create IPUIPlugin
2024-08-13 08:11:40,001 [INFO] PluginManager:220 - loadIPPluginJar : add cryp
2024-08-13 08:11:40,046 [INFO] IPUIPlugin:80 - create IPUIPlugin
2024-08-13 08:11:40,046 [INFO] PluginManager:220 - loadIPPluginJar : add dfsdm
2024-08-13 08:11:40,068 [INFO] IPUIPlugin:80 - create IPUIPlugin
2024-08-13 08:11:40,068 [INFO] PluginManager:220 - loadIPPluginJar : add dma
2024-08-13 08:11:40,138 [INFO] IPUIPlugin:80 - create IPUIPlugin
2024-08-13 08:11:40,138 [INFO] PluginManager:220 - loadIPPluginJar : add dma3
2024-08-13 08:11:40,182 [INFO] IPUIPlugin:80 - create IPUIPlugin
2024-08-13 08:11:40,182 [INFO] PluginManager:220 - loadIPPluginJar : add fatfs
2024-08-13 08:11:40,263 [INFO] IPUIPlugin:80 - create IPUIPlugin
2024-08-13 08:11:40,263 [INFO] PluginManager:220 - loadIPPluginJar : add fmc
2024-08-13 08:11:40,290 [INFO] IPUIPlugin:80 - create IPUIPlugin
2024-08-13 08:11:40,290 [INFO] PluginManager:220 - loadIPPluginJar : add freertos
2024-08-13 08:11:40,325 [INFO] IPUIPlugin:80 - create IPUIPlugin
2024-08-13 08:11:40,326 [INFO] PluginManager:220 - loadIPPluginJar : add genericplugin
2024-08-13 08:11:40,479 [INFO] IPUIPlugin:80 - create IPUIPlugin
2024-08-13 08:11:40,479 [INFO] PluginManager:220 - loadIPPluginJar : add gfxmmu
2024-08-13 08:11:40,680 [INFO] IPUIPlugin:80 - create IPUIPlugin
2024-08-13 08:11:40,681 [INFO] PluginManager:220 - loadIPPluginJar : add gic
2024-08-13 08:11:40,698 [INFO] IPUIPlugin:80 - create IPUIPlugin
2024-08-13 08:11:40,698 [INFO] PluginManager:220 - loadIPPluginJar : add gpio
2024-08-13 08:11:40,829 [INFO] IPUIPlugin:80 - create IPUIPlugin
2024-08-13 08:11:40,829 [INFO] PluginManager:220 - loadIPPluginJar : add gtzc
2024-08-13 08:11:40,874 [INFO] IPUIPlugin:80 - create IPUIPlugin
2024-08-13 08:11:40,874 [INFO] PluginManager:220 - loadIPPluginJar : add hash
2024-08-13 08:11:40,949 [INFO] IPUIPlugin:80 - create IPUIPlugin
2024-08-13 08:11:40,949 [INFO] PluginManager:220 - loadIPPluginJar : add i2c
2024-08-13 08:11:41,019 [INFO] IPUIPlugin:80 - create IPUIPlugin
2024-08-13 08:11:41,019 [INFO] PluginManager:220 - loadIPPluginJar : add i2s
2024-08-13 08:11:41,084 [INFO] IPUIPlugin:80 - create IPUIPlugin
2024-08-13 08:11:41,084 [INFO] PluginManager:220 - loadIPPluginJar : add i3c
2024-08-13 08:11:41,201 [INFO] IPUIPlugin:80 - create IPUIPlugin
2024-08-13 08:11:41,201 [INFO] PluginManager:220 - loadIPPluginJar : add ipddr
2024-08-13 08:11:41,302 [INFO] IPUIPlugin:80 - create IPUIPlugin
2024-08-13 08:11:41,302 [INFO] PluginManager:220 - loadIPPluginJar : add linkedlist
2024-08-13 08:11:41,348 [INFO] IPUIPlugin:80 - create IPUIPlugin
2024-08-13 08:11:41,348 [INFO] PluginManager:220 - loadIPPluginJar : add lorawan
2024-08-13 08:11:41,387 [INFO] IPUIPlugin:80 - create IPUIPlugin
2024-08-13 08:11:41,387 [INFO] PluginManager:220 - loadIPPluginJar : add ltdc
2024-08-13 08:11:41,409 [INFO] IPUIPlugin:80 - create IPUIPlugin
2024-08-13 08:11:41,409 [INFO] PluginManager:220 - loadIPPluginJar : add mdma
2024-08-13 08:11:41,422 [INFO] IPUIPlugin:80 - create IPUIPlugin
2024-08-13 08:11:41,422 [INFO] PluginManager:220 - loadIPPluginJar : add nvic
2024-08-13 08:11:41,465 [INFO] IPUIPlugin:80 - create IPUIPlugin
2024-08-13 08:11:41,466 [INFO] PluginManager:220 - loadIPPluginJar : add opamp
2024-08-13 08:11:41,548 [INFO] IPUIPlugin:80 - create IPUIPlugin
2024-08-13 08:11:41,548 [INFO] PluginManager:220 - loadIPPluginJar : add openamp
2024-08-13 08:11:41,602 [INFO] IPUIPlugin:80 - create IPUIPlugin
2024-08-13 08:11:41,602 [INFO] PluginManager:220 - loadIPPluginJar : add pdm2pcm
2024-08-13 08:11:41,624 [INFO] IPUIPlugin:80 - create IPUIPlugin
2024-08-13 08:11:41,626 [INFO] PluginManager:220 - loadIPPluginJar : add plateformsettings
2024-08-13 08:11:41,653 [INFO] IPUIPlugin:80 - create IPUIPlugin
2024-08-13 08:11:41,653 [INFO] PluginManager:220 - loadIPPluginJar : add quadspi
2024-08-13 08:11:41,667 [INFO] IPUIPlugin:80 - create IPUIPlugin
2024-08-13 08:11:41,667 [INFO] PluginManager:220 - loadIPPluginJar : add resmgrutility
2024-08-13 08:11:41,699 [INFO] ThirdPartyUpdaterWithRetryManager:70 - Updater plugin not ready yet. [2/15]
2024-08-13 08:11:41,725 [INFO] IPUIPlugin:80 - create IPUIPlugin
2024-08-13 08:11:41,725 [INFO] PluginManager:220 - loadIPPluginJar : add sai
2024-08-13 08:11:41,771 [INFO] IPUIPlugin:80 - create IPUIPlugin
2024-08-13 08:11:41,771 [INFO] PluginManager:220 - loadIPPluginJar : add spi
2024-08-13 08:11:41,868 [INFO] IPUIPlugin:80 - create IPUIPlugin
2024-08-13 08:11:41,869 [INFO] PluginManager:220 - loadIPPluginJar : add stm32_wpan
2024-08-13 08:11:41,905 [INFO] IPUIPlugin:80 - create IPUIPlugin
2024-08-13 08:11:41,905 [INFO] PluginManager:220 - loadIPPluginJar : add tim
2024-08-13 08:11:41,975 [INFO] IPUIPlugin:80 - create IPUIPlugin
2024-08-13 08:11:41,975 [INFO] PluginManager:220 - loadIPPluginJar : add touchsensing
2024-08-13 08:11:42,002 [INFO] IPUIPlugin:80 - create IPUIPlugin
2024-08-13 08:11:42,002 [INFO] PluginManager:220 - loadIPPluginJar : add tracer_emb
2024-08-13 08:11:42,030 [INFO] IPUIPlugin:80 - create IPUIPlugin
2024-08-13 08:11:42,030 [INFO] PluginManager:220 - loadIPPluginJar : add ts
2024-08-13 08:11:42,059 [INFO] IPUIPlugin:80 - create IPUIPlugin
2024-08-13 08:11:42,059 [INFO] PluginManager:220 - loadIPPluginJar : add tsc
2024-08-13 08:11:42,089 [INFO] IPUIPlugin:80 - create IPUIPlugin
2024-08-13 08:11:42,089 [INFO] PluginManager:220 - loadIPPluginJar : add ucpd
2024-08-13 08:11:42,146 [INFO] IPUIPlugin:80 - create IPUIPlugin
2024-08-13 08:11:42,146 [INFO] PluginManager:220 - loadIPPluginJar : add usart
2024-08-13 08:11:42,197 [INFO] IPUIPlugin:80 - create IPUIPlugin
2024-08-13 08:11:42,197 [INFO] PluginManager:220 - loadIPPluginJar : add usbx
2024-08-13 08:11:42,334 [INFO] CADModel:165 - CPN selected for project level
2024-08-13 08:11:42,334 [INFO] CADModel:114 - Register for checkConnection events
2024-08-13 08:11:42,335 [FATAL] Updater:308 - Updater called before beeing initialized
2024-08-13 08:11:42,335 [ERROR] CADModel:125 - Updater not yet initialized, retry later 
2024-08-13 08:11:42,605 [INFO] CADModel:165 - CPN selected for project level
2024-08-13 08:11:42,605 [INFO] CADModel:114 - Register for checkConnection events
2024-08-13 08:11:42,605 [FATAL] Updater:308 - Updater called before beeing initialized
2024-08-13 08:11:42,606 [ERROR] CADModel:125 - Updater not yet initialized, retry later 
2024-08-13 08:11:42,610 [FATAL] Updater:308 - Updater called before beeing initialized
2024-08-13 08:11:42,764 [FATAL] Updater:308 - Updater called before beeing initialized
2024-08-13 08:11:42,776 [INFO] DbMcusAds:53 - JSON generation date=Thu May 16 14:52:00 IST 2024 (1715851320852)
2024-08-13 08:11:42,776 [FATAL] Updater:308 - Updater called before beeing initialized
2024-08-13 08:11:42,868 [WARN] DetailPanel:346 - Failed to get advertising image, set to default
2024-08-13 08:11:42,950 [FATAL] Updater:308 - Updater called before beeing initialized
2024-08-13 08:11:42,952 [FATAL] Updater:308 - Updater called before beeing initialized
2024-08-13 08:11:42,953 [FATAL] Updater:308 - Updater called before beeing initialized
2024-08-13 08:11:42,953 [WARN] DetailPanel:346 - Failed to get advertising image, set to default
2024-08-13 08:11:42,953 [FATAL] Updater:308 - Updater called before beeing initialized
2024-08-13 08:11:43,030 [ERROR] Updater:1120 - MainUpdater not yet initialized. External WinMGr cannot be set.
2024-08-13 08:11:43,041 [INFO] Updater:1056 - Updater Version found : 6.10.0
2024-08-13 08:11:43,059 [INFO] ApplicationProperties:184 - Using Application install path: C:\ST\STM32CubeIDE_1.14.1\STM32CubeIDE\plugins\com.st.stm32cube.common.mx_6.10.0.202311202037
2024-08-13 08:11:44,646 [ERROR] LogOutputStream:75 - [STDERR_REDIRECT] Aug 13, 2024 8:11:44 AM java.util.prefs.WindowsPreferences <init>
2024-08-13 08:11:44,648 [ERROR] LogOutputStream:75 - [STDERR_REDIRECT] WARNING: Could not open/create prefs root node Software\JavaSoft\Prefs at root 0xffffffff80000002. Windows RegCreateKeyEx(...) returned error code 5.
2024-08-13 08:11:44,649 [ERROR] LogOutputStream:75 - [STDERR_REDIRECT] 
2024-08-13 08:11:44,700 [INFO] ThirdPartyUpdaterWithRetryManager:70 - Updater plugin not ready yet. [3/15]
2024-08-13 08:11:45,091 [INFO] MainUpdater:2873 - connection check result : 10
2024-08-13 08:11:45,092 [INFO] MainUpdater:3567 - Updater definition file requires update
2024-08-13 08:11:45,093 [INFO] MainUpdater:290 - Updater Check For Update Now.
2024-08-13 08:11:45,093 [INFO] MicroXplorer:498 - Change Database Version : DB.6.0.100
2024-08-13 08:11:45,121 [INFO] McuFinderGlobals:63 - Set McuFinder mode to 2 (CubeIDE integrated)
2024-08-13 08:11:45,121 [INFO] UserAuth:180 - activating auth plugin
2024-08-13 08:11:45,125 [INFO] UserAuth:404 - Internet connection configuration mode: 1
2024-08-13 08:11:45,159 [INFO] JxBrowserEngine:152 - Initiate JxBrowser Engine with user profile folder
2024-08-13 08:11:45,192 [INFO] ServerAccessManage:473 - Download File updaters.zip
2024-08-13 08:11:45,330 [INFO] FileExtend:240 - Unzip File : updaters.zip
2024-08-13 08:11:45,330 [INFO] FileExtend:255 - Standard Zip Deflate
2024-08-13 08:11:45,881 [INFO] ServerAccessManage:473 - Download File PacksControlFlags.xml
2024-08-13 08:11:45,970 [INFO] ServerAccessManage:473 - Download File cubemx.pidx
2024-08-13 08:11:46,409 [INFO] ServerAccessManage:473 - Download File STMicroelectronics.FP-SNS-STBOX1.pdsc
2024-08-13 08:11:47,503 [INFO] ServerAccessManage:473 - Download File STMicroelectronics.X-CUBE-TOF1.pdsc
2024-08-13 08:11:47,700 [WARN] MainUpdater:1194 - Updater busy. Cannot search thirdparties
2024-08-13 08:11:47,700 [INFO] ThirdPartyUpdaterWithRetryManager:96 - Updater plugin is busy. [1/15]
2024-08-13 08:11:48,786 [ERROR] ServerAccessManage:1089 - Problem, file not found on Server
2024-08-13 08:11:49,105 [INFO] ServerAccessManage:473 - Download File STMicroelectronics.X-CUBE-AZRTOS-H7.pdsc
2024-08-13 08:11:49,547 [INFO] WebApp:161 - Instantiating new browser for Auth
2024-08-13 08:11:50,704 [WARN] MainUpdater:1194 - Updater busy. Cannot search thirdparties
2024-08-13 08:11:50,704 [INFO] ThirdPartyUpdaterWithRetryManager:96 - Updater plugin is busy. [2/15]
2024-08-13 08:11:50,782 [WARN] PackLoader:240 - Cannot read IP mode file for STMicroelectronics.FP-SNS-STBOX1.2.0.0
2024-08-13 08:11:50,830 [WARN] PackLoader:240 - Cannot read IP mode file for STMicroelectronics.X-CUBE-TOF1.3.4.2
2024-08-13 08:11:50,913 [INFO] CheckServerUpdateThread:120 - End of CheckServer Thread
2024-08-13 08:11:50,924 [WARN] PackLoader:240 - Cannot read IP mode file for STMicroelectronics.X-CUBE-AZRTOS-H7.3.3.0
2024-08-13 08:11:50,935 [INFO] PopulateThirdPartyThread:66 - Ending populate Thread
2024-08-13 08:11:50,940 [INFO] ThirdParty:1030 - CMSIS Pack Vendor :STMicroelectronics FP-SNS-STBOX1 2.0.0
2024-08-13 08:11:50,940 [INFO] ThirdParty:1030 - CMSIS Pack Vendor :STMicroelectronics X-CUBE-AZRTOS-H7 3.3.0
2024-08-13 08:11:50,940 [INFO] ThirdParty:1030 - CMSIS Pack Vendor :STMicroelectronics X-CUBE-TOF1 3.4.2
2024-08-13 08:11:50,940 [INFO] LoadServerUpdatesThread:375 - End of LoadServerUpdate Thread
2024-08-13 08:11:51,196 [INFO] WebApp:780 - Register for checkConnection events
2024-08-13 08:11:51,196 [INFO] WebApp:414 - Apply proxy settings
2024-08-13 08:11:51,196 [INFO] WebApp:499 - Chromium requires no authentication
2024-08-13 08:11:51,217 [INFO] WebApp:442 - Direct internet connection detected
2024-08-13 08:11:51,541 [INFO] WebApp:192 - Starting web application
2024-08-13 08:11:51,541 [INFO] WebApp:544 - Web application path used C:\ST\STM32CubeIDE_1.14.1\STM32CubeIDE\plugins\com.st.stm32cube.common.mx_6.10.0.202311202037\db\plugins\mcufinder\reactClient1\index.html
2024-08-13 08:11:53,869 [WARN] PackLoader:240 - Cannot read IP mode file for STMicroelectronics.FP-SNS-MOTENVWB1.1.4.0
2024-08-13 08:11:53,885 [WARN] PackLoader:240 - Cannot read IP mode file for STMicroelectronics.X-CUBE-SMBUS.2.1.0
2024-08-13 08:11:53,902 [WARN] PackLoader:240 - Cannot read IP mode file for STMicroelectronics.X-CUBE-TOUCHGFX.4.23.0
2024-08-13 08:11:53,930 [WARN] PackLoader:240 - Cannot read IP mode file for STMicroelectronics.X-CUBE-AZRTOS-F7.1.1.0
2024-08-13 08:11:53,949 [WARN] PackLoader:240 - Cannot read IP mode file for STMicroelectronics.FP-SNS-MOTENV1.4.3.2
2024-08-13 08:11:53,961 [WARN] PackLoader:240 - Cannot read IP mode file for STMicroelectronics.FP-SNS-FLIGHT1.5.0.2
2024-08-13 08:11:53,987 [WARN] PackLoader:240 - Cannot read IP mode file for STMicroelectronics.X-CUBE-DISPLAY.3.0.0
2024-08-13 08:11:54,009 [WARN] PackLoader:240 - Cannot read IP mode file for STMicroelectronics.X-CUBE-BLE1.7.0.0
2024-08-13 08:11:54,023 [WARN] PackLoader:240 - Cannot read IP mode file for emotas.I-CUBE-CANOPEN.1.3.0
2024-08-13 08:11:54,042 [WARN] PackLoader:240 - Cannot read IP mode file for STMicroelectronics.X-CUBE-BLEMGR.3.1.0
2024-08-13 08:11:54,058 [WARN] PackLoader:240 - Cannot read IP mode file for STMicroelectronics.FP-SNS-SMARTAG2.1.2.0
2024-08-13 08:11:54,080 [INFO] LogOutputStream:77 - [STDOUT_REDIRECT] 1 : Invalid condition id : UX_CORESTACK_Condition cause : null
2024-08-13 08:11:54,081 [INFO] LogOutputStream:77 - [STDOUT_REDIRECT] 1 : Invalid condition id : UX_CORESTACK_Condition cause : null
2024-08-13 08:11:54,082 [INFO] LogOutputStream:77 - [STDOUT_REDIRECT] 1 : Invalid condition id : UX_CORESTACK_Condition cause : null
2024-08-13 08:11:54,083 [INFO] LogOutputStream:77 - [STDOUT_REDIRECT] 1 : Invalid condition id : UX_CORESTACK_Condition cause : null
2024-08-13 08:11:54,085 [INFO] LogOutputStream:77 - [STDOUT_REDIRECT] 1 : Invalid condition id : UX_CORESTACK_Condition cause : null
2024-08-13 08:11:54,090 [WARN] PackLoader:240 - Cannot read IP mode file for STMicroelectronics.X-CUBE-AZRTOS-WL.2.0.0
2024-08-13 08:11:54,107 [WARN] PackLoader:240 - Cannot read IP mode file for STMicroelectronics.FP-SNS-MOTENV1.5.0.0
2024-08-13 08:11:54,113 [WARN] PackLoader:240 - Cannot read IP mode file for wolfSSL.I-CUBE-wolfMQTT.1.19.0
2024-08-13 08:11:54,132 [WARN] PackLoader:240 - Cannot read IP mode file for WES.I-CUBE-Cesium.1.3.0
2024-08-13 08:11:54,146 [WARN] PackLoader:240 - Cannot read IP mode file for STMicroelectronics.X-CUBE-BLE2.3.3.0
2024-08-13 08:11:54,161 [WARN] PackLoader:240 - Cannot read IP mode file for STMicroelectronics.X-CUBE-TCPP.4.1.0
2024-08-13 08:11:54,178 [WARN] PackLoader:240 - Cannot read IP mode file for STMicroelectronics.X-CUBE-ALGOBUILD.1.3.0
2024-08-13 08:11:54,211 [WARN] PackLoader:240 - Cannot read IP mode file for STMicroelectronics.X-CUBE-AZRTOS-G0.1.1.0
2024-08-13 08:11:54,229 [WARN] PackLoader:240 - Cannot read IP mode file for STMicroelectronics.X-CUBE-SAFEA1.1.2.2
2024-08-13 08:11:54,247 [WARN] PackLoader:240 - Cannot read IP mode file for STMicroelectronics.X-CUBE-NFC4.3.0.0
2024-08-13 08:11:54,268 [WARN] PackLoader:240 - Cannot read IP mode file for EmbeddedOffice.I-CUBE-FS-RTOS.1.0.1
2024-08-13 08:11:54,268 [ERROR] ConditionMgr:805 - Attr not supported : Dmpu
2024-08-13 08:11:54,269 [ERROR] ConditionMgr:805 - Attr not supported : Dmpu
2024-08-13 08:11:54,269 [ERROR] ConditionMgr:805 - Attr not supported : Dmpu
2024-08-13 08:11:54,269 [ERROR] ConditionMgr:805 - Attr not supported : Dmpu
2024-08-13 08:11:54,269 [ERROR] ConditionMgr:805 - Attr not supported : Dmpu
2024-08-13 08:11:54,269 [ERROR] ConditionMgr:805 - Attr not supported : Dmpu
2024-08-13 08:11:54,269 [ERROR] ConditionMgr:805 - Attr not supported : Dmpu
2024-08-13 08:11:54,269 [ERROR] ConditionMgr:805 - Attr not supported : Dmpu
2024-08-13 08:11:54,269 [ERROR] ConditionMgr:805 - Attr not supported : Dmpu
2024-08-13 08:11:54,269 [ERROR] ConditionMgr:805 - Attr not supported : Dmpu
2024-08-13 08:11:54,269 [ERROR] ConditionMgr:805 - Attr not supported : Dmpu
2024-08-13 08:11:54,269 [ERROR] ConditionMgr:805 - Attr not supported : Dmpu
2024-08-13 08:11:54,269 [ERROR] ConditionMgr:805 - Attr not supported : Dmpu
2024-08-13 08:11:54,269 [ERROR] ConditionMgr:805 - Attr not supported : Dmpu
2024-08-13 08:11:54,269 [ERROR] ConditionMgr:805 - Attr not supported : Dmpu
2024-08-13 08:11:54,269 [ERROR] ConditionMgr:805 - Attr not supported : Dmpu
2024-08-13 08:11:54,269 [ERROR] ConditionMgr:805 - Attr not supported : Dmpu
2024-08-13 08:11:54,269 [ERROR] ConditionMgr:805 - Attr not supported : Dmpu
2024-08-13 08:11:54,269 [ERROR] ConditionMgr:805 - Attr not supported : Dmpu
2024-08-13 08:11:54,270 [ERROR] ConditionMgr:805 - Attr not supported : Dmpu
2024-08-13 08:11:54,270 [ERROR] ConditionMgr:805 - Attr not supported : Dmpu
2024-08-13 08:11:54,270 [ERROR] ConditionMgr:805 - Attr not supported : Dmpu
2024-08-13 08:11:54,270 [ERROR] ConditionMgr:805 - Attr not supported : Dmpu
2024-08-13 08:11:54,270 [ERROR] ConditionMgr:805 - Attr not supported : Dmpu
2024-08-13 08:11:54,270 [ERROR] ConditionMgr:805 - Attr not supported : Dmpu
2024-08-13 08:11:54,270 [ERROR] ConditionMgr:805 - Attr not supported : Dmpu
2024-08-13 08:11:54,270 [ERROR] ConditionMgr:805 - Attr not supported : Dmpu
2024-08-13 08:11:54,270 [ERROR] ConditionMgr:805 - Attr not supported : Dmpu
2024-08-13 08:11:54,270 [ERROR] ConditionMgr:805 - Attr not supported : Dmpu
2024-08-13 08:11:54,270 [ERROR] ConditionMgr:805 - Attr not supported : Dmpu
2024-08-13 08:11:54,270 [ERROR] ConditionMgr:805 - Attr not supported : Dmpu
2024-08-13 08:11:54,270 [ERROR] ConditionMgr:805 - Attr not supported : Dmpu
2024-08-13 08:11:54,270 [ERROR] ConditionMgr:805 - Attr not supported : Dmpu
2024-08-13 08:11:54,270 [ERROR] ConditionMgr:805 - Attr not supported : Dmpu
2024-08-13 08:11:54,270 [ERROR] ConditionMgr:805 - Attr not supported : Dmpu
2024-08-13 08:11:54,271 [ERROR] ConditionMgr:805 - Attr not supported : Dmpu
2024-08-13 08:11:54,271 [ERROR] ConditionMgr:805 - Attr not supported : Dmpu
2024-08-13 08:11:54,271 [ERROR] ConditionMgr:805 - Attr not supported : Dmpu
2024-08-13 08:11:54,271 [ERROR] ConditionMgr:805 - Attr not supported : Dmpu
2024-08-13 08:11:54,271 [ERROR] ConditionMgr:805 - Attr not supported : Dmpu
2024-08-13 08:11:54,271 [ERROR] ConditionMgr:805 - Attr not supported : Dmpu
2024-08-13 08:11:54,271 [ERROR] ConditionMgr:805 - Attr not supported : Dmpu
2024-08-13 08:11:54,271 [ERROR] ConditionMgr:805 - Attr not supported : Dmpu
2024-08-13 08:11:54,271 [ERROR] ConditionMgr:805 - Attr not supported : Dmpu
2024-08-13 08:11:54,271 [ERROR] ConditionMgr:805 - Attr not supported : Dmpu
2024-08-13 08:11:54,271 [ERROR] ConditionMgr:805 - Attr not supported : Dmpu
2024-08-13 08:11:54,271 [ERROR] ConditionMgr:805 - Attr not supported : Dmpu
2024-08-13 08:11:54,271 [ERROR] ConditionMgr:805 - Attr not supported : Dmpu
2024-08-13 08:11:54,271 [ERROR] ConditionMgr:805 - Attr not supported : Dmpu
2024-08-13 08:11:54,271 [ERROR] ConditionMgr:805 - Attr not supported : Dmpu
2024-08-13 08:11:54,271 [ERROR] ConditionMgr:805 - Attr not supported : Dmpu
2024-08-13 08:11:54,271 [ERROR] ConditionMgr:805 - Attr not supported : Dmpu
2024-08-13 08:11:54,271 [ERROR] ConditionMgr:805 - Attr not supported : Dmpu
2024-08-13 08:11:54,271 [ERROR] ConditionMgr:805 - Attr not supported : Dmpu
2024-08-13 08:11:54,271 [ERROR] ConditionMgr:805 - Attr not supported : Dmpu
2024-08-13 08:11:54,271 [ERROR] ConditionMgr:805 - Attr not supported : Dmpu
2024-08-13 08:11:54,272 [ERROR] ConditionMgr:805 - Attr not supported : Dmpu
2024-08-13 08:11:54,272 [ERROR] ConditionMgr:805 - Attr not supported : Dmpu
2024-08-13 08:11:54,272 [ERROR] ConditionMgr:805 - Attr not supported : Dmpu
2024-08-13 08:11:54,272 [ERROR] ConditionMgr:805 - Attr not supported : Dmpu
2024-08-13 08:11:54,272 [ERROR] ConditionMgr:805 - Attr not supported : Dmpu
2024-08-13 08:11:54,272 [ERROR] ConditionMgr:805 - Attr not supported : Dmpu
2024-08-13 08:11:54,272 [ERROR] ConditionMgr:805 - Attr not supported : Dmpu
2024-08-13 08:11:54,272 [ERROR] ConditionMgr:805 - Attr not supported : Dmpu
2024-08-13 08:11:54,286 [WARN] PackLoader:240 - Cannot read IP mode file for RealThread.X-CUBE-RT-Thread_Nano.4.1.1
2024-08-13 08:11:54,292 [WARN] PackLoader:240 - Cannot read IP mode file for STMicroelectronics.FP-ATR-SIGFOX1.3.2.0
2024-08-13 08:11:54,307 [WARN] PackLoader:240 - Cannot read IP mode file for STMicroelectronics.X-CUBE-EEPRMA1.5.1.0
2024-08-13 08:11:54,346 [WARN] PackLoader:240 - Cannot read IP mode file for SEGGER.I-CUBE-embOS.1.3.1
2024-08-13 08:11:54,384 [WARN] PackLoader:240 - Cannot read IP mode file for STMicroelectronics.X-CUBE-ALGOBUILD.1.4.0
2024-08-13 08:11:54,399 [WARN] PackLoader:240 - Cannot read IP mode file for STMicroelectronics.X-CUBE-GNSS1.6.0.0
2024-08-13 08:11:54,424 [WARN] PackLoader:240 - Cannot read IP mode file for STMicroelectronics.X-CUBE-AZRTOS-F4.1.1.0
2024-08-13 08:11:54,438 [WARN] PackLoader:240 - Cannot read IP mode file for STMicroelectronics.X-CUBE-FREERTOS.1.2.0
2024-08-13 08:11:54,460 [WARN] PackLoader:240 - Cannot read IP mode file for wolfSSL.I-CUBE-wolfSSL.5.6.6
2024-08-13 08:11:54,491 [WARN] PackLoader:240 - Cannot read IP mode file for STMicroelectronics.X-CUBE-AZRTOS-L5.2.0.0
2024-08-13 08:11:54,507 [WARN] PackLoader:240 - Cannot read IP mode file for STMicroelectronics.X-CUBE-NFC6.3.1.0
2024-08-13 08:11:54,523 [WARN] PackLoader:240 - Cannot read IP mode file for ITTIA_DB.I-CUBE-ITTIADB.8.8.0
2024-08-13 08:11:54,543 [WARN] PackLoader:240 - Cannot read IP mode file for STMicroelectronics.X-CUBE-DPower.1.2.0
2024-08-13 08:11:54,560 [WARN] PackLoader:240 - Cannot read IP mode file for STMicroelectronics.X-CUBE-AI.9.0.0
2024-08-13 08:11:54,577 [WARN] PackLoader:240 - Cannot read IP mode file for STMicroelectronics.X-CUBE-NFC7.1.0.1
2024-08-13 08:11:54,585 [WARN] PackLoader:240 - Cannot read IP mode file for wolfSSL.I-CUBE-wolfTPM.3.2.0
2024-08-13 08:11:54,602 [WARN] PackLoader:240 - Cannot read IP mode file for STMicroelectronics.X-CUBE-NFC6.3.0.0
2024-08-13 08:11:54,618 [WARN] PackLoader:240 - Cannot read IP mode file for STMicroelectronics.X-CUBE-AI.8.1.0
2024-08-13 08:11:54,652 [WARN] ConditionMgr:438 - getConditionDescription Invalid condition id : LAN8742 Phy interface Condition cause : null
2024-08-13 08:11:54,653 [WARN] PackLoader:240 - Cannot read IP mode file for STMicroelectronics.X-CUBE-AZRTOS-L4.2.0.0
2024-08-13 08:11:54,655 [WARN] ConditionMgr:1039 - genDependencies : Invalid condition id : LAN8742 Phy interface Condition cause : null
2024-08-13 08:11:54,655 [WARN] ConditionMgr:1039 - genDependencies : Invalid condition id : LAN8742 Phy interface Condition cause : null
2024-08-13 08:11:54,656 [WARN] ConditionMgr:1039 - genDependencies : Invalid condition id : LAN8742 Phy interface Condition cause : null
2024-08-13 08:11:54,674 [WARN] PackLoader:240 - Cannot read IP mode file for STMicroelectronics.X-CUBE-SFXS2LP1.4.0.0
2024-08-13 08:11:54,689 [WARN] PackLoader:240 - Cannot read IP mode file for STMicroelectronics.X-CUBE-AZRTOS-H7.3.3.0
2024-08-13 08:11:54,714 [WARN] ConditionMgr:438 - getConditionDescription Invalid condition id : UX DEVICE CLASS RTOS Condition cause : null
2024-08-13 08:11:54,714 [WARN] ConditionMgr:438 - getConditionDescription Invalid condition id : UX DEVICE CLASS RTOS Condition cause : null
2024-08-13 08:11:54,716 [WARN] PackLoader:240 - Cannot read IP mode file for STMicroelectronics.X-CUBE-AZRTOS-WB.2.0.0
2024-08-13 08:11:54,717 [WARN] ConditionMgr:1039 - genDependencies : Invalid condition id : UX DEVICE CLASS RTOS Condition cause : null
2024-08-13 08:11:54,717 [WARN] ConditionMgr:1039 - genDependencies : Invalid condition id : UX DEVICE CLASS RTOS Condition cause : null
2024-08-13 08:11:54,717 [WARN] ConditionMgr:1039 - genDependencies : Invalid condition id : UX DEVICE CLASS RTOS Condition cause : null
2024-08-13 08:11:54,717 [WARN] ConditionMgr:1039 - genDependencies : Invalid condition id : UX DEVICE CLASS RTOS Condition cause : null
2024-08-13 08:11:54,717 [WARN] ConditionMgr:1039 - genDependencies : Invalid condition id : UX DEVICE CLASS RTOS Condition cause : null
2024-08-13 08:11:54,722 [WARN] PackLoader:240 - Cannot read IP mode file for STMicroelectronics.FP-SNS-STBOX1.2.0.0
2024-08-13 08:11:54,744 [WARN] PackLoader:240 - Cannot read IP mode file for STMicroelectronics.X-CUBE-SUBG2.5.0.0
2024-08-13 08:11:54,752 [WARN] PackLoader:240 - Cannot read IP mode file for Cesanta.I-CUBE-Mongoose.7.13.0
2024-08-13 08:11:54,777 [WARN] PackLoader:240 - Cannot read IP mode file for STMicroelectronics.X-CUBE-AZRTOS-G4.2.0.0
2024-08-13 08:11:54,799 [WARN] PackLoader:240 - Cannot read IP mode file for Infineon.AIROC-Wi-Fi-Bluetooth-STM32.1.5.1
2024-08-13 08:11:54,813 [WARN] PackLoader:240 - Cannot read IP mode file for STMicroelectronics.FP-SNS-MOTENVWB1.1.3.1
2024-08-13 08:11:54,828 [WARN] PackLoader:240 - Cannot read IP mode file for STMicroelectronics.X-CUBE-ISPU.2.0.0
2024-08-13 08:11:54,844 [WARN] PackLoader:240 - Cannot read IP mode file for STMicroelectronics.X-CUBE-ALS.1.0.2
2024-08-13 08:11:54,886 [WARN] PackLoader:240 - Cannot read IP mode file for STMicroelectronics.X-CUBE-MEMS1.10.0.0
2024-08-13 08:11:54,951 [WARN] PackLoader:240 - Cannot read IP mode file for STMicroelectronics.X-CUBE-FREERTOS.1.1.0
2024-08-13 08:11:54,965 [WARN] PackLoader:240 - Cannot read IP mode file for STMicroelectronics.X-CUBE-TOUCHGFX.4.24.0
2024-08-13 08:11:54,983 [WARN] PackLoader:240 - Cannot read IP mode file for portGmbH.I-Cube-SoM-uGOAL.1.1.0
2024-08-13 08:11:54,996 [WARN] PackLoader:240 - Cannot read IP mode file for STMicroelectronics.X-CUBE-ALS.1.0.1
2024-08-13 08:11:55,023 [WARN] PackLoader:240 - Cannot read IP mode file for STMicroelectronics.X-CUBE-AZRTOS-H7RS.1.0.0
2024-08-13 08:11:55,029 [WARN] PackLoader:240 - Cannot read IP mode file for STMicroelectronics.FP-ATR-ASTRA1.2.0.0
2024-08-13 08:11:55,035 [WARN] PackLoader:240 - Cannot read IP mode file for STMicroelectronics.X-CUBE-TOF1.3.4.2
2024-08-13 08:11:55,075 [WARN] PackLoader:240 - Cannot read IP mode file for STMicroelectronics.X-CUBE-TOF1.3.4.1
2024-08-13 08:11:55,132 [WARN] PackLoader:240 - Cannot read IP mode file for STMicroelectronics.X-CUBE-AZRTOS-H7.3.2.0
2024-08-13 08:11:55,144 [WARN] PackLoader:240 - Cannot read IP mode file for wolfSSL.I-CUBE-wolfSSH.1.4.17
2024-08-13 08:11:55,145 [INFO] ThirdParty:978 - Integrity check success = true
2024-08-13 08:11:55,145 [INFO] IntegrityCheckThread:100 - exiting critical section [integrity check]
2024-08-13 08:11:55,145 [INFO] IntegrityCheckThread:103 - End integrity checks thread
2024-08-13 08:12:36,239 [ERROR] LogOutputStream:75 - [STDERR_REDIRECT] SLF4J: Failed to load class "org.slf4j.impl.StaticLoggerBinder".
2024-08-13 08:12:36,241 [ERROR] LogOutputStream:75 - [STDERR_REDIRECT] SLF4J: Defaulting to no-operation (NOP) logger implementation
2024-08-13 08:12:36,242 [ERROR] LogOutputStream:75 - [STDERR_REDIRECT] SLF4J: See http://www.slf4j.org/codes.html#StaticLoggerBinder for further details.
2024-08-13 08:14:02,490 [ERROR] LogOutputStream:75 - [STDERR_REDIRECT] 
