2024-07-07 12:17:53,693 [INFO] Activator:176 - 


2024-07-07 12:17:53,700 [INFO] Activator:177 - !SESSION log4j initialized
2024-07-07 12:18:03,239 [INFO] LogOutputStream:77 - [STDOUT_REDIRECT] 
2024-07-07 12:18:03,711 [ERROR] ConfigurationRetriever:142 - IOException on connection: sw-center.st.com
2024-07-07 12:18:03,712 [ERROR] ConfigurationRetriever:142 - IOException on connection: sw-center.st.com
2024-07-07 12:18:03,713 [ERROR] ConfigurationRetriever:142 - IOException on connection: sw-center.st.com
2024-07-07 12:18:03,717 [ERROR] ConfigurationRetriever:142 - IOException on connection: sw-center.st.com
2024-07-07 12:18:03,719 [ERROR] ConfigurationRetriever:142 - IOException on connection: sw-center.st.com
2024-07-07 12:18:03,719 [ERROR] ConfigurationRetriever:142 - IOException on connection: sw-center.st.com
2024-07-07 12:18:29,101 [INFO] ApplicationProperties:184 - Using Application install path: C:\ST\STM32CubeIDE_1.14.1\STM32CubeIDE\plugins\com.st.stm32cube.common.mx_6.10.0.202311202037
2024-07-07 12:18:29,119 [INFO] DbMcusXml:78 - Set database path to: C:\ST\STM32CubeIDE_1.14.1\STM32CubeIDE\plugins\com.st.stm32cube.common.mx_6.10.0.202311202037\\db\/mcu/
2024-07-07 12:18:29,119 [INFO] ApiDb:274 - Set plugin database path to: C:\ST\STM32CubeIDE_1.14.1\STM32CubeIDE\plugins\com.st.stm32cube.common.mx_6.10.0.202311202037\\db\/plugins/boardmanager/
2024-07-07 12:18:29,119 [WARN] ApiDb:259 - Overriding images path with different value:  => C:\ST\STM32CubeIDE_1.14.1\STM32CubeIDE\plugins\com.st.stm32cube.common.mx_6.10.0.202311202037\\db\/plugins/mcufinder/images/
2024-07-07 12:18:29,127 [INFO] ApiDb:250 - Set database path to: C:\Users\revat\.stmcufinder\plugins\mcufinder//mcu/
2024-07-07 12:18:29,128 [INFO] DbMcusAds:125 - Set database path to: C:\Users\revat\.stmcufinder\plugins\mcufinder//mcu/
2024-07-07 12:18:29,131 [INFO] CrossReferenceDbSqlite:203 - Set database path to: C:\Users\revat\.stmcufinder\plugins\mcufinder//mcu/cs/
2024-07-07 12:18:29,259 [INFO] RulesReader:64 - Compatibility file has been processed (297 Rules)
2024-07-07 12:18:29,344 [INFO] DbMcusXml:78 - Set database path to: C:\ST\STM32CubeIDE_1.14.1\STM32CubeIDE\plugins\com.st.stm32cube.common.mx_6.10.0.202311202037\\db\/mcu/
2024-07-07 12:18:29,344 [INFO] ApiDb:274 - Set plugin database path to: C:\ST\STM32CubeIDE_1.14.1\STM32CubeIDE\plugins\com.st.stm32cube.common.mx_6.10.0.202311202037\\db\/plugins/boardmanager/
2024-07-07 12:18:29,345 [INFO] ApiDb:261 - Set plugin images path to: C:\ST\STM32CubeIDE_1.14.1\STM32CubeIDE\plugins\com.st.stm32cube.common.mx_6.10.0.202311202037\\db\/plugins/mcufinder/images/
2024-07-07 12:18:29,345 [WARN] DbFile:41 - Overriding database path with different value: C:\Users\revat\.stmcufinder\plugins\mcufinder/ => C:\Users\revat\.stmcufinder\plugins\mcufinder
2024-07-07 12:18:29,345 [INFO] ApiDb:250 - Set database path to: C:\Users\revat\.stmcufinder\plugins\mcufinder//mcu/
2024-07-07 12:18:29,345 [WARN] DbFile:41 - Overriding database path with different value: C:\Users\revat\.stmcufinder\plugins\mcufinder/ => C:\Users\revat\.stmcufinder\plugins\mcufinder
2024-07-07 12:18:29,345 [INFO] DbMcusAds:125 - Set database path to: C:\Users\revat\.stmcufinder\plugins\mcufinder//mcu/
2024-07-07 12:18:29,345 [WARN] DbFile:41 - Overriding database path with different value: C:\Users\revat\.stmcufinder\plugins\mcufinder/ => C:\Users\revat\.stmcufinder\plugins\mcufinder
2024-07-07 12:18:29,345 [WARN] DbFile:41 - Overriding database path with different value: C:\Users\revat\.stmcufinder\plugins\mcufinder/ => C:\Users\revat\.stmcufinder\plugins\mcufinder
2024-07-07 12:18:29,346 [INFO] CrossReferenceDbSqlite:203 - Set database path to: C:\Users\revat\.stmcufinder\plugins\mcufinder//mcu/cs/
2024-07-07 12:18:29,437 [INFO] MainPanel:264 - HeapMemory: 268435456
2024-07-07 12:18:29,541 [INFO] DbMcusXml:78 - Set database path to: C:\ST\STM32CubeIDE_1.14.1\STM32CubeIDE\plugins\com.st.stm32cube.common.mx_6.10.0.202311202037\\db\/mcu/
2024-07-07 12:18:29,541 [INFO] ApiDb:274 - Set plugin database path to: C:\ST\STM32CubeIDE_1.14.1\STM32CubeIDE\plugins\com.st.stm32cube.common.mx_6.10.0.202311202037\\db\/plugins/boardmanager/
2024-07-07 12:18:29,541 [INFO] ApiDb:261 - Set plugin images path to: C:\ST\STM32CubeIDE_1.14.1\STM32CubeIDE\plugins\com.st.stm32cube.common.mx_6.10.0.202311202037\\db\/plugins/mcufinder/images/
2024-07-07 12:18:29,542 [WARN] DbFile:41 - Overriding database path with different value: C:\Users\revat\.stmcufinder\plugins\mcufinder/ => C:\Users\revat\.stmcufinder\plugins\mcufinder
2024-07-07 12:18:29,542 [INFO] ApiDb:250 - Set database path to: C:\Users\revat\.stmcufinder\plugins\mcufinder//mcu/
2024-07-07 12:18:29,542 [WARN] DbFile:41 - Overriding database path with different value: C:\Users\revat\.stmcufinder\plugins\mcufinder/ => C:\Users\revat\.stmcufinder\plugins\mcufinder
2024-07-07 12:18:29,542 [INFO] DbMcusAds:125 - Set database path to: C:\Users\revat\.stmcufinder\plugins\mcufinder//mcu/
2024-07-07 12:18:29,542 [WARN] DbFile:41 - Overriding database path with different value: C:\Users\revat\.stmcufinder\plugins\mcufinder/ => C:\Users\revat\.stmcufinder\plugins\mcufinder
2024-07-07 12:18:29,542 [WARN] DbFile:41 - Overriding database path with different value: C:\Users\revat\.stmcufinder\plugins\mcufinder/ => C:\Users\revat\.stmcufinder\plugins\mcufinder
2024-07-07 12:18:29,542 [INFO] CrossReferenceDbSqlite:203 - Set database path to: C:\Users\revat\.stmcufinder\plugins\mcufinder//mcu/cs/
2024-07-07 12:18:29,562 [INFO] ApplicationProperties:184 - Using Application install path: C:\ST\STM32CubeIDE_1.14.1\STM32CubeIDE\plugins\com.st.stm32cube.common.mx_6.10.0.202311202037
2024-07-07 12:18:29,564 [INFO] PluginManage:196 - Search for loadable plugins [exclusion list=, ]
2024-07-07 12:18:29,565 [INFO] PluginManage:310 - Check plugin analytics
2024-07-07 12:18:29,782 [INFO] AnalyticsPlugin:253 - Accepted Software Licenses: 
2024-07-07 12:18:29,782 [INFO] AnalyticsPlugin:255 - Accepted CMSIS Pack Licenses: 
2024-07-07 12:18:29,783 [INFO] AnalyticsPlugin:257 - Accepted Firmware Licenses: FW.F4.1.28.0
2024-07-07 12:18:29,793 [INFO] PluginManage:359 - Loaded plugin analytics (category:tool,tabindex:-1)
2024-07-07 12:18:29,793 [INFO] PluginManage:310 - Check plugin cadmodel
2024-07-07 12:18:29,794 [ERROR] ConfigurationRetriever:142 - IOException on connection: sw-center.st.com
2024-07-07 12:18:29,795 [ERROR] ConfigurationRetriever:142 - IOException on connection: sw-center.st.com
2024-07-07 12:18:29,795 [ERROR] ConfigurationRetriever:142 - IOException on connection: sw-center.st.com
2024-07-07 12:18:29,809 [INFO] CADModel:105 - Init CAD model plugin
2024-07-07 12:18:29,809 [INFO] PluginManage:359 - Loaded plugin cadmodel (category:power,tabindex:5)
2024-07-07 12:18:29,809 [INFO] PluginManage:310 - Check plugin clock
2024-07-07 12:18:29,836 [INFO] PluginManage:359 - Loaded plugin clock (category:base,tabindex:2)
2024-07-07 12:18:29,836 [INFO] PluginManage:310 - Check plugin ddr
2024-07-07 12:18:29,841 [INFO] PluginManage:359 - Loaded plugin ddr (category:tool,tabindex:6)
2024-07-07 12:18:29,841 [INFO] PluginManage:310 - Check plugin filemanager
2024-07-07 12:18:29,993 [INFO] PluginManage:359 - Loaded plugin filemanager (category:base,tabindex:10)
2024-07-07 12:18:29,993 [INFO] PluginManage:310 - Check plugin ipmanager
2024-07-07 12:18:29,999 [INFO] PluginManage:359 - Loaded plugin ipmanager (category:base,tabindex:5)
2024-07-07 12:18:29,999 [INFO] PluginManage:310 - Check plugin lpbam
2024-07-07 12:18:30,020 [INFO] PluginManage:359 - Loaded plugin lpbam (category:base,tabindex:0)
2024-07-07 12:18:30,020 [INFO] PluginManage:310 - Check plugin memorymap
2024-07-07 12:18:30,044 [INFO] PluginManage:359 - Loaded plugin memorymap (category:base,tabindex:4)
2024-07-07 12:18:30,044 [INFO] PluginManage:310 - Check plugin pinoutandconfiguration
2024-07-07 12:18:30,065 [INFO] PluginManage:359 - Loaded plugin pinoutandconfiguration (category:base,tabindex:1)
2024-07-07 12:18:30,065 [INFO] PluginManage:310 - Check plugin pinoutconfig
2024-07-07 12:18:30,184 [WARN] SupportedApi:132 - Cannot load RTOS API schema: s4s-elt-must-match.1: The content of 'definitions' must match (annotation?, (simpleType | complexType)?, (unique | key | keyref)*)). A problem was found starting at: attribute.
2024-07-07 12:18:30,387 [INFO] PluginManage:359 - Loaded plugin pinoutconfig (category:base,tabindex:0)
2024-07-07 12:18:30,388 [INFO] PluginManage:310 - Check plugin power
2024-07-07 12:18:30,411 [INFO] PluginManage:359 - Loaded plugin power (category:power,tabindex:4)
2024-07-07 12:18:30,412 [INFO] PluginManage:310 - Check plugin projectmanager
2024-07-07 12:18:30,432 [INFO] PluginManage:359 - Loaded plugin projectmanager (category:projectmanager,tabindex:3)
2024-07-07 12:18:30,432 [INFO] PluginManage:310 - Check plugin thirdparty
2024-07-07 12:18:30,703 [INFO] PluginManage:359 - Loaded plugin thirdparty (category:base,tabindex:-1)
2024-07-07 12:18:30,704 [INFO] PluginManage:310 - Check plugin tools
2024-07-07 12:18:30,703 [WARN] IntegrityCheckThread:84 - waiting for thirdparty lock release [integrity check]
2024-07-07 12:18:30,704 [INFO] IntegrityCheckThread:86 - entering critical section [integrity check]
2024-07-07 12:18:30,704 [INFO] ThirdPartyUpdaterWithRetryManager:70 - Updater plugin not ready yet. [1/15]
2024-07-07 12:18:30,736 [INFO] PluginManage:359 - Loaded plugin tools (category:base,tabindex:7)
2024-07-07 12:18:30,736 [INFO] PluginManage:310 - Check plugin tutovideos
2024-07-07 12:18:30,988 [INFO] PluginManage:359 - Loaded plugin tutovideos (category:base,tabindex:-1)
2024-07-07 12:18:30,988 [INFO] PluginManage:310 - Check plugin updater
2024-07-07 12:18:31,002 [INFO] PluginManage:359 - Loaded plugin updater (category:base,tabindex:12)
2024-07-07 12:18:31,002 [INFO] PluginManage:310 - Check plugin userauth
2024-07-07 12:18:31,009 [INFO] UserAuth:114 - Init User Auth plugin
2024-07-07 12:18:31,009 [INFO] PluginManage:359 - Loaded plugin userauth (category:base,tabindex:14)
2024-07-07 12:18:31,010 [INFO] PluginManage:283 - PluginManage : Loaded plugins [17]
2024-07-07 12:18:31,237 [INFO] PinOutPanel:1499 - setPackage(No Configuration,No Configuration)
2024-07-07 12:18:31,310 [INFO] CADModel:165 - CPN selected for project level
2024-07-07 12:18:31,310 [INFO] CADModel:114 - Register for checkConnection events
2024-07-07 12:18:31,335 [INFO] IPUIPlugin:80 - create IPUIPlugin
2024-07-07 12:18:31,336 [INFO] PluginManager:220 - loadIPPluginJar : add adc
2024-07-07 12:18:31,369 [INFO] IPUIPlugin:80 - create IPUIPlugin
2024-07-07 12:18:31,369 [INFO] PluginManager:220 - loadIPPluginJar : add aes
2024-07-07 12:18:31,412 [INFO] IPUIPlugin:80 - create IPUIPlugin
2024-07-07 12:18:31,413 [INFO] PluginManager:220 - loadIPPluginJar : add can
2024-07-07 12:18:31,436 [INFO] IPUIPlugin:80 - create IPUIPlugin
2024-07-07 12:18:31,437 [INFO] PluginManager:220 - loadIPPluginJar : add comp
2024-07-07 12:18:31,468 [INFO] IPUIPlugin:80 - create IPUIPlugin
2024-07-07 12:18:31,468 [INFO] PluginManager:220 - loadIPPluginJar : add cryp
2024-07-07 12:18:31,498 [INFO] IPUIPlugin:80 - create IPUIPlugin
2024-07-07 12:18:31,498 [INFO] PluginManager:220 - loadIPPluginJar : add dfsdm
2024-07-07 12:18:31,516 [INFO] IPUIPlugin:80 - create IPUIPlugin
2024-07-07 12:18:31,516 [INFO] PluginManager:220 - loadIPPluginJar : add dma
2024-07-07 12:18:31,563 [INFO] IPUIPlugin:80 - create IPUIPlugin
2024-07-07 12:18:31,563 [INFO] PluginManager:220 - loadIPPluginJar : add dma3
2024-07-07 12:18:31,584 [INFO] IPUIPlugin:80 - create IPUIPlugin
2024-07-07 12:18:31,585 [INFO] PluginManager:220 - loadIPPluginJar : add fatfs
2024-07-07 12:18:31,634 [INFO] IPUIPlugin:80 - create IPUIPlugin
2024-07-07 12:18:31,635 [INFO] PluginManager:220 - loadIPPluginJar : add fmc
2024-07-07 12:18:31,651 [INFO] IPUIPlugin:80 - create IPUIPlugin
2024-07-07 12:18:31,651 [INFO] PluginManager:220 - loadIPPluginJar : add freertos
2024-07-07 12:18:31,670 [INFO] IPUIPlugin:80 - create IPUIPlugin
2024-07-07 12:18:31,670 [INFO] PluginManager:220 - loadIPPluginJar : add genericplugin
2024-07-07 12:18:31,786 [INFO] IPUIPlugin:80 - create IPUIPlugin
2024-07-07 12:18:31,786 [INFO] PluginManager:220 - loadIPPluginJar : add gfxmmu
2024-07-07 12:18:31,992 [INFO] IPUIPlugin:80 - create IPUIPlugin
2024-07-07 12:18:31,992 [INFO] PluginManager:220 - loadIPPluginJar : add gic
2024-07-07 12:18:32,006 [INFO] IPUIPlugin:80 - create IPUIPlugin
2024-07-07 12:18:32,006 [INFO] PluginManager:220 - loadIPPluginJar : add gpio
2024-07-07 12:18:32,106 [INFO] IPUIPlugin:80 - create IPUIPlugin
2024-07-07 12:18:32,106 [INFO] PluginManager:220 - loadIPPluginJar : add gtzc
2024-07-07 12:18:32,142 [INFO] IPUIPlugin:80 - create IPUIPlugin
2024-07-07 12:18:32,142 [INFO] PluginManager:220 - loadIPPluginJar : add hash
2024-07-07 12:18:32,195 [INFO] IPUIPlugin:80 - create IPUIPlugin
2024-07-07 12:18:32,195 [INFO] PluginManager:220 - loadIPPluginJar : add i2c
2024-07-07 12:18:32,236 [INFO] IPUIPlugin:80 - create IPUIPlugin
2024-07-07 12:18:32,236 [INFO] PluginManager:220 - loadIPPluginJar : add i2s
2024-07-07 12:18:32,283 [INFO] IPUIPlugin:80 - create IPUIPlugin
2024-07-07 12:18:32,283 [INFO] PluginManager:220 - loadIPPluginJar : add i3c
2024-07-07 12:18:32,381 [INFO] IPUIPlugin:80 - create IPUIPlugin
2024-07-07 12:18:32,381 [INFO] PluginManager:220 - loadIPPluginJar : add ipddr
2024-07-07 12:18:32,470 [INFO] IPUIPlugin:80 - create IPUIPlugin
2024-07-07 12:18:32,470 [INFO] PluginManager:220 - loadIPPluginJar : add linkedlist
2024-07-07 12:18:32,502 [INFO] IPUIPlugin:80 - create IPUIPlugin
2024-07-07 12:18:32,503 [INFO] PluginManager:220 - loadIPPluginJar : add lorawan
2024-07-07 12:18:32,537 [INFO] IPUIPlugin:80 - create IPUIPlugin
2024-07-07 12:18:32,538 [INFO] PluginManager:220 - loadIPPluginJar : add ltdc
2024-07-07 12:18:32,550 [INFO] IPUIPlugin:80 - create IPUIPlugin
2024-07-07 12:18:32,550 [INFO] PluginManager:220 - loadIPPluginJar : add mdma
2024-07-07 12:18:32,561 [INFO] IPUIPlugin:80 - create IPUIPlugin
2024-07-07 12:18:32,561 [INFO] PluginManager:220 - loadIPPluginJar : add nvic
2024-07-07 12:18:32,594 [INFO] IPUIPlugin:80 - create IPUIPlugin
2024-07-07 12:18:32,594 [INFO] PluginManager:220 - loadIPPluginJar : add opamp
2024-07-07 12:18:32,658 [INFO] IPUIPlugin:80 - create IPUIPlugin
2024-07-07 12:18:32,658 [INFO] PluginManager:220 - loadIPPluginJar : add openamp
2024-07-07 12:18:32,696 [INFO] IPUIPlugin:80 - create IPUIPlugin
2024-07-07 12:18:32,696 [INFO] PluginManager:220 - loadIPPluginJar : add pdm2pcm
2024-07-07 12:18:32,712 [INFO] IPUIPlugin:80 - create IPUIPlugin
2024-07-07 12:18:32,713 [INFO] PluginManager:220 - loadIPPluginJar : add plateformsettings
2024-07-07 12:18:32,736 [INFO] IPUIPlugin:80 - create IPUIPlugin
2024-07-07 12:18:32,736 [INFO] PluginManager:220 - loadIPPluginJar : add quadspi
2024-07-07 12:18:32,751 [INFO] IPUIPlugin:80 - create IPUIPlugin
2024-07-07 12:18:32,751 [INFO] PluginManager:220 - loadIPPluginJar : add resmgrutility
2024-07-07 12:18:32,794 [INFO] IPUIPlugin:80 - create IPUIPlugin
2024-07-07 12:18:32,794 [INFO] PluginManager:220 - loadIPPluginJar : add sai
2024-07-07 12:18:32,830 [INFO] IPUIPlugin:80 - create IPUIPlugin
2024-07-07 12:18:32,830 [INFO] PluginManager:220 - loadIPPluginJar : add spi
2024-07-07 12:18:32,896 [INFO] IPUIPlugin:80 - create IPUIPlugin
2024-07-07 12:18:32,896 [INFO] PluginManager:220 - loadIPPluginJar : add stm32_wpan
2024-07-07 12:18:32,924 [INFO] IPUIPlugin:80 - create IPUIPlugin
2024-07-07 12:18:32,924 [INFO] PluginManager:220 - loadIPPluginJar : add tim
2024-07-07 12:18:32,982 [INFO] IPUIPlugin:80 - create IPUIPlugin
2024-07-07 12:18:32,982 [INFO] PluginManager:220 - loadIPPluginJar : add touchsensing
2024-07-07 12:18:33,008 [INFO] IPUIPlugin:80 - create IPUIPlugin
2024-07-07 12:18:33,008 [INFO] PluginManager:220 - loadIPPluginJar : add tracer_emb
2024-07-07 12:18:33,039 [INFO] IPUIPlugin:80 - create IPUIPlugin
2024-07-07 12:18:33,039 [INFO] PluginManager:220 - loadIPPluginJar : add ts
2024-07-07 12:18:33,060 [INFO] IPUIPlugin:80 - create IPUIPlugin
2024-07-07 12:18:33,060 [INFO] PluginManager:220 - loadIPPluginJar : add tsc
2024-07-07 12:18:33,087 [INFO] IPUIPlugin:80 - create IPUIPlugin
2024-07-07 12:18:33,087 [INFO] PluginManager:220 - loadIPPluginJar : add ucpd
2024-07-07 12:18:33,132 [INFO] IPUIPlugin:80 - create IPUIPlugin
2024-07-07 12:18:33,132 [INFO] PluginManager:220 - loadIPPluginJar : add usart
2024-07-07 12:18:33,172 [INFO] IPUIPlugin:80 - create IPUIPlugin
2024-07-07 12:18:33,172 [INFO] PluginManager:220 - loadIPPluginJar : add usbx
2024-07-07 12:18:33,309 [INFO] CADModel:165 - CPN selected for project level
2024-07-07 12:18:33,309 [INFO] CADModel:114 - Register for checkConnection events
2024-07-07 12:18:33,309 [FATAL] Updater:308 - Updater called before beeing initialized
2024-07-07 12:18:33,309 [ERROR] CADModel:125 - Updater not yet initialized, retry later 
2024-07-07 12:18:33,480 [INFO] CADModel:165 - CPN selected for project level
2024-07-07 12:18:33,481 [INFO] CADModel:114 - Register for checkConnection events
2024-07-07 12:18:33,481 [FATAL] Updater:308 - Updater called before beeing initialized
2024-07-07 12:18:33,481 [ERROR] CADModel:125 - Updater not yet initialized, retry later 
2024-07-07 12:18:33,485 [FATAL] Updater:308 - Updater called before beeing initialized
2024-07-07 12:18:33,641 [FATAL] Updater:308 - Updater called before beeing initialized
2024-07-07 12:18:33,650 [INFO] DbMcusAds:53 - JSON generation date=Thu May 16 14:52:00 IST 2024 (1715851320852)
2024-07-07 12:18:33,650 [FATAL] Updater:308 - Updater called before beeing initialized
2024-07-07 12:18:33,706 [INFO] ThirdPartyUpdaterWithRetryManager:70 - Updater plugin not ready yet. [2/15]
2024-07-07 12:18:33,723 [WARN] DetailPanel:346 - Failed to get advertising image, set to default
2024-07-07 12:18:33,803 [FATAL] Updater:308 - Updater called before beeing initialized
2024-07-07 12:18:33,807 [FATAL] Updater:308 - Updater called before beeing initialized
2024-07-07 12:18:33,807 [FATAL] Updater:308 - Updater called before beeing initialized
2024-07-07 12:18:33,807 [WARN] DetailPanel:346 - Failed to get advertising image, set to default
2024-07-07 12:18:33,808 [FATAL] Updater:308 - Updater called before beeing initialized
2024-07-07 12:18:33,883 [ERROR] Updater:1120 - MainUpdater not yet initialized. External WinMGr cannot be set.
2024-07-07 12:18:33,900 [INFO] Updater:1056 - Updater Version found : 6.10.0
2024-07-07 12:18:33,925 [INFO] ApplicationProperties:184 - Using Application install path: C:\ST\STM32CubeIDE_1.14.1\STM32CubeIDE\plugins\com.st.stm32cube.common.mx_6.10.0.202311202037
2024-07-07 12:18:35,501 [ERROR] LogOutputStream:75 - [STDERR_REDIRECT] Jul 07, 2024 12:18:35 PM java.util.prefs.WindowsPreferences <init>
2024-07-07 12:18:35,502 [ERROR] LogOutputStream:75 - [STDERR_REDIRECT] WARNING: Could not open/create prefs root node Software\JavaSoft\Prefs at root 0xffffffff80000002. Windows RegCreateKeyEx(...) returned error code 5.
2024-07-07 12:18:35,503 [ERROR] LogOutputStream:75 - [STDERR_REDIRECT] 
2024-07-07 12:18:35,735 [INFO] MainUpdater:2873 - connection check result : 22
2024-07-07 12:18:35,736 [INFO] MainUpdater:290 - Updater Check For Update Now.
2024-07-07 12:18:35,736 [INFO] MicroXplorer:498 - Change Database Version : DB.6.0.100
2024-07-07 12:18:35,759 [INFO] McuFinderGlobals:63 - Set McuFinder mode to 2 (CubeIDE integrated)
2024-07-07 12:18:35,759 [INFO] UserAuth:180 - activating auth plugin
2024-07-07 12:18:35,762 [INFO] UserAuth:404 - Internet connection configuration mode: 2
2024-07-07 12:18:35,786 [INFO] UserAuth:404 - Internet connection configuration mode: 2
2024-07-07 12:18:35,953 [INFO] CheckServerUpdateThread:120 - End of CheckServer Thread
2024-07-07 12:18:36,898 [WARN] PackLoader:240 - Cannot read IP mode file for STMicroelectronics.FP-SNS-MOTENVWB1.1.4.0
2024-07-07 12:18:36,915 [WARN] PackLoader:240 - Cannot read IP mode file for STMicroelectronics.X-CUBE-SMBUS.2.1.0
2024-07-07 12:18:36,930 [WARN] PackLoader:240 - Cannot read IP mode file for STMicroelectronics.X-CUBE-TOUCHGFX.4.23.0
2024-07-07 12:18:36,985 [WARN] PackLoader:240 - Cannot read IP mode file for STMicroelectronics.X-CUBE-AZRTOS-F7.1.1.0
2024-07-07 12:18:37,017 [WARN] PackLoader:240 - Cannot read IP mode file for STMicroelectronics.FP-SNS-MOTENV1.4.3.2
2024-07-07 12:18:37,039 [WARN] PackLoader:240 - Cannot read IP mode file for STMicroelectronics.FP-SNS-FLIGHT1.5.0.2
2024-07-07 12:18:37,057 [WARN] PackLoader:240 - Cannot read IP mode file for STMicroelectronics.X-CUBE-DISPLAY.3.0.0
2024-07-07 12:18:37,080 [WARN] PackLoader:240 - Cannot read IP mode file for STMicroelectronics.X-CUBE-BLE1.7.0.0
2024-07-07 12:18:37,093 [WARN] PackLoader:240 - Cannot read IP mode file for emotas.I-CUBE-CANOPEN.1.3.0
2024-07-07 12:18:37,112 [WARN] PackLoader:240 - Cannot read IP mode file for STMicroelectronics.X-CUBE-BLEMGR.3.1.0
2024-07-07 12:18:37,129 [WARN] PackLoader:240 - Cannot read IP mode file for STMicroelectronics.FP-SNS-SMARTAG2.1.2.0
2024-07-07 12:18:37,147 [INFO] LogOutputStream:77 - [STDOUT_REDIRECT] 1 : Invalid condition id : UX_CORESTACK_Condition cause : null
2024-07-07 12:18:37,148 [INFO] LogOutputStream:77 - [STDOUT_REDIRECT] 1 : Invalid condition id : UX_CORESTACK_Condition cause : null
2024-07-07 12:18:37,149 [INFO] LogOutputStream:77 - [STDOUT_REDIRECT] 1 : Invalid condition id : UX_CORESTACK_Condition cause : null
2024-07-07 12:18:37,150 [INFO] LogOutputStream:77 - [STDOUT_REDIRECT] 1 : Invalid condition id : UX_CORESTACK_Condition cause : null
2024-07-07 12:18:37,151 [INFO] LogOutputStream:77 - [STDOUT_REDIRECT] 1 : Invalid condition id : UX_CORESTACK_Condition cause : null
2024-07-07 12:18:37,154 [WARN] PackLoader:240 - Cannot read IP mode file for STMicroelectronics.X-CUBE-AZRTOS-WL.2.0.0
2024-07-07 12:18:37,166 [WARN] PackLoader:240 - Cannot read IP mode file for STMicroelectronics.FP-SNS-MOTENV1.5.0.0
2024-07-07 12:18:37,179 [WARN] PackLoader:240 - Cannot read IP mode file for wolfSSL.I-CUBE-wolfMQTT.1.19.0
2024-07-07 12:18:37,192 [WARN] PackLoader:240 - Cannot read IP mode file for WES.I-CUBE-Cesium.1.3.0
2024-07-07 12:18:37,204 [WARN] PackLoader:240 - Cannot read IP mode file for STMicroelectronics.X-CUBE-BLE2.3.3.0
2024-07-07 12:18:37,216 [WARN] PackLoader:240 - Cannot read IP mode file for STMicroelectronics.X-CUBE-TCPP.4.1.0
2024-07-07 12:18:37,231 [WARN] PackLoader:240 - Cannot read IP mode file for STMicroelectronics.X-CUBE-ALGOBUILD.1.3.0
2024-07-07 12:18:37,258 [WARN] PackLoader:240 - Cannot read IP mode file for STMicroelectronics.X-CUBE-AZRTOS-G0.1.1.0
2024-07-07 12:18:37,275 [WARN] PackLoader:240 - Cannot read IP mode file for STMicroelectronics.X-CUBE-SAFEA1.1.2.2
2024-07-07 12:18:37,293 [WARN] PackLoader:240 - Cannot read IP mode file for STMicroelectronics.X-CUBE-NFC4.3.0.0
2024-07-07 12:18:37,308 [WARN] PackLoader:240 - Cannot read IP mode file for STMicroelectronics.FP-ATR-SIGFOX1.3.2.0
2024-07-07 12:18:37,325 [WARN] PackLoader:240 - Cannot read IP mode file for STMicroelectronics.X-CUBE-EEPRMA1.5.1.0
2024-07-07 12:18:37,375 [WARN] PackLoader:240 - Cannot read IP mode file for SEGGER.I-CUBE-embOS.1.3.1
2024-07-07 12:18:37,436 [WARN] PackLoader:240 - Cannot read IP mode file for STMicroelectronics.X-CUBE-ALGOBUILD.1.4.0
2024-07-07 12:18:37,484 [WARN] PackLoader:240 - Cannot read IP mode file for STMicroelectronics.X-CUBE-GNSS1.6.0.0
2024-07-07 12:18:37,527 [WARN] PackLoader:240 - Cannot read IP mode file for STMicroelectronics.X-CUBE-AZRTOS-F4.1.1.0
2024-07-07 12:18:37,548 [WARN] PackLoader:240 - Cannot read IP mode file for STMicroelectronics.X-CUBE-FREERTOS.1.2.0
2024-07-07 12:18:37,560 [WARN] PackLoader:240 - Cannot read IP mode file for wolfSSL.I-CUBE-wolfSSL.5.6.6
2024-07-07 12:18:37,586 [WARN] PackLoader:240 - Cannot read IP mode file for STMicroelectronics.X-CUBE-AZRTOS-L5.2.0.0
2024-07-07 12:18:37,601 [WARN] PackLoader:240 - Cannot read IP mode file for STMicroelectronics.X-CUBE-NFC6.3.1.0
2024-07-07 12:18:37,617 [WARN] PackLoader:240 - Cannot read IP mode file for ITTIA_DB.I-CUBE-ITTIADB.8.8.0
2024-07-07 12:18:37,635 [WARN] PackLoader:240 - Cannot read IP mode file for STMicroelectronics.X-CUBE-AI.9.0.0
2024-07-07 12:18:37,653 [WARN] PackLoader:240 - Cannot read IP mode file for STMicroelectronics.X-CUBE-NFC7.1.0.1
2024-07-07 12:18:37,669 [WARN] PackLoader:240 - Cannot read IP mode file for STMicroelectronics.X-CUBE-NFC6.3.0.0
2024-07-07 12:18:37,686 [WARN] PackLoader:240 - Cannot read IP mode file for STMicroelectronics.X-CUBE-AI.8.1.0
2024-07-07 12:18:37,721 [WARN] ConditionMgr:438 - getConditionDescription Invalid condition id : LAN8742 Phy interface Condition cause : null
2024-07-07 12:18:37,721 [WARN] PackLoader:240 - Cannot read IP mode file for STMicroelectronics.X-CUBE-AZRTOS-L4.2.0.0
2024-07-07 12:18:37,722 [WARN] ConditionMgr:1039 - genDependencies : Invalid condition id : LAN8742 Phy interface Condition cause : null
2024-07-07 12:18:37,723 [WARN] ConditionMgr:1039 - genDependencies : Invalid condition id : LAN8742 Phy interface Condition cause : null
2024-07-07 12:18:37,723 [WARN] ConditionMgr:1039 - genDependencies : Invalid condition id : LAN8742 Phy interface Condition cause : null
2024-07-07 12:18:37,740 [WARN] PackLoader:240 - Cannot read IP mode file for STMicroelectronics.X-CUBE-SFXS2LP1.4.0.0
2024-07-07 12:18:37,767 [WARN] ConditionMgr:438 - getConditionDescription Invalid condition id : UX DEVICE CLASS RTOS Condition cause : null
2024-07-07 12:18:37,767 [WARN] ConditionMgr:438 - getConditionDescription Invalid condition id : UX DEVICE CLASS RTOS Condition cause : null
2024-07-07 12:18:37,773 [WARN] PackLoader:240 - Cannot read IP mode file for STMicroelectronics.X-CUBE-AZRTOS-WB.2.0.0
2024-07-07 12:18:37,774 [WARN] ConditionMgr:1039 - genDependencies : Invalid condition id : UX DEVICE CLASS RTOS Condition cause : null
2024-07-07 12:18:37,774 [WARN] ConditionMgr:1039 - genDependencies : Invalid condition id : UX DEVICE CLASS RTOS Condition cause : null
2024-07-07 12:18:37,774 [WARN] ConditionMgr:1039 - genDependencies : Invalid condition id : UX DEVICE CLASS RTOS Condition cause : null
2024-07-07 12:18:37,774 [WARN] ConditionMgr:1039 - genDependencies : Invalid condition id : UX DEVICE CLASS RTOS Condition cause : null
2024-07-07 12:18:37,774 [WARN] ConditionMgr:1039 - genDependencies : Invalid condition id : UX DEVICE CLASS RTOS Condition cause : null
2024-07-07 12:18:37,791 [WARN] PackLoader:240 - Cannot read IP mode file for STMicroelectronics.X-CUBE-SUBG2.5.0.0
2024-07-07 12:18:37,814 [WARN] PackLoader:240 - Cannot read IP mode file for STMicroelectronics.X-CUBE-AZRTOS-G4.2.0.0
2024-07-07 12:18:37,836 [WARN] PackLoader:240 - Cannot read IP mode file for Infineon.AIROC-Wi-Fi-Bluetooth-STM32.1.5.1
2024-07-07 12:18:37,850 [WARN] PackLoader:240 - Cannot read IP mode file for STMicroelectronics.FP-SNS-MOTENVWB1.1.3.1
2024-07-07 12:18:37,862 [WARN] PackLoader:240 - Cannot read IP mode file for STMicroelectronics.X-CUBE-ISPU.2.0.0
2024-07-07 12:18:37,873 [WARN] PackLoader:240 - Cannot read IP mode file for STMicroelectronics.X-CUBE-ALS.1.0.2
2024-07-07 12:18:37,911 [WARN] PackLoader:240 - Cannot read IP mode file for STMicroelectronics.X-CUBE-MEMS1.10.0.0
2024-07-07 12:18:38,038 [WARN] PackLoader:240 - Cannot read IP mode file for STMicroelectronics.X-CUBE-FREERTOS.1.1.0
2024-07-07 12:18:38,065 [WARN] PackLoader:240 - Cannot read IP mode file for STMicroelectronics.X-CUBE-TOUCHGFX.4.24.0
2024-07-07 12:18:38,091 [WARN] PackLoader:240 - Cannot read IP mode file for portGmbH.I-Cube-SoM-uGOAL.1.1.0
2024-07-07 12:18:38,110 [WARN] PackLoader:240 - Cannot read IP mode file for STMicroelectronics.X-CUBE-ALS.1.0.1
2024-07-07 12:18:38,142 [WARN] PackLoader:240 - Cannot read IP mode file for STMicroelectronics.X-CUBE-AZRTOS-H7RS.1.0.0
2024-07-07 12:18:38,156 [WARN] PackLoader:240 - Cannot read IP mode file for STMicroelectronics.FP-ATR-ASTRA1.2.0.0
2024-07-07 12:18:38,176 [WARN] PackLoader:240 - Cannot read IP mode file for STMicroelectronics.X-CUBE-TOF1.3.4.1
2024-07-07 12:18:38,211 [WARN] PackLoader:240 - Cannot read IP mode file for STMicroelectronics.X-CUBE-AZRTOS-H7.3.2.0
2024-07-07 12:18:38,213 [INFO] ThirdParty:978 - Integrity check success = true
2024-07-07 12:18:38,214 [INFO] IntegrityCheckThread:100 - exiting critical section [integrity check]
2024-07-07 12:18:38,214 [INFO] IntegrityCheckThread:103 - End integrity checks thread
2024-07-07 12:19:11,350 [ERROR] LogOutputStream:75 - [STDERR_REDIRECT] SLF4J: Failed to load class "org.slf4j.impl.StaticLoggerBinder".
2024-07-07 12:19:11,351 [ERROR] LogOutputStream:75 - [STDERR_REDIRECT] SLF4J: Defaulting to no-operation (NOP) logger implementation
2024-07-07 12:19:11,352 [ERROR] LogOutputStream:75 - [STDERR_REDIRECT] SLF4J: See http://www.slf4j.org/codes.html#StaticLoggerBinder for further details.
2024-07-07 12:20:22,801 [ERROR] ConfigurationRetriever:142 - IOException on connection: sw-center.st.com
2024-07-07 12:20:22,802 [ERROR] ConfigurationRetriever:142 - IOException on connection: sw-center.st.com
2024-07-07 12:20:22,802 [ERROR] ConfigurationRetriever:142 - IOException on connection: sw-center.st.com
2024-07-07 12:21:02,329 [ERROR] ConfigurationRetriever:142 - IOException on connection: sw-center.st.com
2024-07-07 12:21:02,330 [ERROR] ConfigurationRetriever:142 - IOException on connection: sw-center.st.com
2024-07-07 12:21:02,330 [ERROR] ConfigurationRetriever:142 - IOException on connection: sw-center.st.com
2024-07-07 12:41:34,104 [ERROR] ConfigurationRetriever:142 - IOException on connection: sw-center.st.com
2024-07-07 12:41:34,105 [ERROR] ConfigurationRetriever:142 - IOException on connection: sw-center.st.com
2024-07-07 12:41:34,105 [ERROR] ConfigurationRetriever:142 - IOException on connection: sw-center.st.com
2024-07-07 12:57:10,586 [ERROR] ConfigurationRetriever:142 - IOException on connection: sw-center.st.com
2024-07-07 12:57:10,588 [ERROR] ConfigurationRetriever:142 - IOException on connection: sw-center.st.com
2024-07-07 12:57:10,588 [ERROR] ConfigurationRetriever:142 - IOException on connection: sw-center.st.com
2024-07-07 12:57:10,721 [ERROR] ConfigurationRetriever:142 - IOException on connection: sw-center.st.com
2024-07-07 12:57:10,721 [ERROR] ConfigurationRetriever:142 - IOException on connection: sw-center.st.com
2024-07-07 12:57:10,722 [ERROR] ConfigurationRetriever:142 - IOException on connection: sw-center.st.com
2024-07-07 17:51:47,274 [ERROR] ConfigurationRetriever:142 - IOException on connection: sw-center.st.com
2024-07-07 17:51:47,275 [ERROR] ConfigurationRetriever:142 - IOException on connection: sw-center.st.com
2024-07-07 17:51:47,276 [ERROR] ConfigurationRetriever:142 - IOException on connection: sw-center.st.com
2024-07-07 17:51:50,453 [ERROR] LogOutputStream:75 - [STDERR_REDIRECT] 
