2024-03-06 10:41:46,607 [INFO] Activator:176 - 


2024-03-06 10:41:46,609 [INFO] Activator:177 - !SESSION log4j initialized
2024-03-06 10:41:49,199 [INFO] LogOutputStream:77 - [STDOUT_REDIRECT] 
2024-03-06 10:41:51,725 [INFO] ApplicationProperties:184 - Using Application install path: C:\ST\STM32CubeIDE_1.14.1\STM32CubeIDE\plugins\com.st.stm32cube.common.mx_6.10.0.202311202037
2024-03-06 10:41:51,755 [INFO] DbMcusXml:78 - Set database path to: C:\ST\STM32CubeIDE_1.14.1\STM32CubeIDE\plugins\com.st.stm32cube.common.mx_6.10.0.202311202037\\db\/mcu/
2024-03-06 10:41:51,756 [INFO] ApiDb:274 - Set plugin database path to: C:\ST\STM32CubeIDE_1.14.1\STM32CubeIDE\plugins\com.st.stm32cube.common.mx_6.10.0.202311202037\\db\/plugins/boardmanager/
2024-03-06 10:41:51,756 [WARN] ApiDb:259 - Overriding images path with different value:  => C:\ST\STM32CubeIDE_1.14.1\STM32CubeIDE\plugins\com.st.stm32cube.common.mx_6.10.0.202311202037\\db\/plugins/mcufinder/images/
2024-03-06 10:41:52,908 [WARN] ApiFinderProperties:113 - C:\Users\revat\.stmcufinder\plugins\mcufinder\mcu\mcuFinder.mfd doesn't exist
2024-03-06 10:41:52,909 [INFO] ApiDb:250 - Set database path to: C:\Users\revat\.stmcufinder\plugins\mcufinder//mcu/
2024-03-06 10:41:52,911 [INFO] DbMcusAds:125 - Set database path to: C:\Users\revat\.stmcufinder\plugins\mcufinder//mcu/
2024-03-06 10:41:52,913 [INFO] CrossReferenceDbSqlite:203 - Set database path to: C:\Users\revat\.stmcufinder\plugins\mcufinder//mcu/cs/
2024-03-06 10:41:53,103 [INFO] RulesReader:64 - Compatibility file has been processed (297 Rules)
2024-03-06 10:41:53,231 [INFO] DbMcusXml:78 - Set database path to: C:\ST\STM32CubeIDE_1.14.1\STM32CubeIDE\plugins\com.st.stm32cube.common.mx_6.10.0.202311202037\\db\/mcu/
2024-03-06 10:41:53,231 [INFO] ApiDb:274 - Set plugin database path to: C:\ST\STM32CubeIDE_1.14.1\STM32CubeIDE\plugins\com.st.stm32cube.common.mx_6.10.0.202311202037\\db\/plugins/boardmanager/
2024-03-06 10:41:53,231 [INFO] ApiDb:261 - Set plugin images path to: C:\ST\STM32CubeIDE_1.14.1\STM32CubeIDE\plugins\com.st.stm32cube.common.mx_6.10.0.202311202037\\db\/plugins/mcufinder/images/
2024-03-06 10:41:53,232 [WARN] DbFile:41 - Overriding database path with different value: C:\Users\revat\.stmcufinder\plugins\mcufinder/ => C:\Users\revat\.stmcufinder\plugins\mcufinder
2024-03-06 10:41:53,232 [INFO] ApiDb:250 - Set database path to: C:\Users\revat\.stmcufinder\plugins\mcufinder//mcu/
2024-03-06 10:41:53,232 [WARN] DbFile:41 - Overriding database path with different value: C:\Users\revat\.stmcufinder\plugins\mcufinder/ => C:\Users\revat\.stmcufinder\plugins\mcufinder
2024-03-06 10:41:53,232 [INFO] DbMcusAds:125 - Set database path to: C:\Users\revat\.stmcufinder\plugins\mcufinder//mcu/
2024-03-06 10:41:53,232 [WARN] DbFile:41 - Overriding database path with different value: C:\Users\revat\.stmcufinder\plugins\mcufinder/ => C:\Users\revat\.stmcufinder\plugins\mcufinder
2024-03-06 10:41:53,232 [WARN] DbFile:41 - Overriding database path with different value: C:\Users\revat\.stmcufinder\plugins\mcufinder/ => C:\Users\revat\.stmcufinder\plugins\mcufinder
2024-03-06 10:41:53,232 [INFO] CrossReferenceDbSqlite:203 - Set database path to: C:\Users\revat\.stmcufinder\plugins\mcufinder//mcu/cs/
2024-03-06 10:41:53,332 [INFO] MainPanel:264 - HeapMemory: 268435456
2024-03-06 10:41:53,430 [INFO] DbMcusXml:78 - Set database path to: C:\ST\STM32CubeIDE_1.14.1\STM32CubeIDE\plugins\com.st.stm32cube.common.mx_6.10.0.202311202037\\db\/mcu/
2024-03-06 10:41:53,430 [INFO] ApiDb:274 - Set plugin database path to: C:\ST\STM32CubeIDE_1.14.1\STM32CubeIDE\plugins\com.st.stm32cube.common.mx_6.10.0.202311202037\\db\/plugins/boardmanager/
2024-03-06 10:41:53,430 [INFO] ApiDb:261 - Set plugin images path to: C:\ST\STM32CubeIDE_1.14.1\STM32CubeIDE\plugins\com.st.stm32cube.common.mx_6.10.0.202311202037\\db\/plugins/mcufinder/images/
2024-03-06 10:41:53,432 [WARN] DbFile:41 - Overriding database path with different value: C:\Users\revat\.stmcufinder\plugins\mcufinder/ => C:\Users\revat\.stmcufinder\plugins\mcufinder
2024-03-06 10:41:53,432 [INFO] ApiDb:250 - Set database path to: C:\Users\revat\.stmcufinder\plugins\mcufinder//mcu/
2024-03-06 10:41:53,432 [WARN] DbFile:41 - Overriding database path with different value: C:\Users\revat\.stmcufinder\plugins\mcufinder/ => C:\Users\revat\.stmcufinder\plugins\mcufinder
2024-03-06 10:41:53,432 [INFO] DbMcusAds:125 - Set database path to: C:\Users\revat\.stmcufinder\plugins\mcufinder//mcu/
2024-03-06 10:41:53,432 [WARN] DbFile:41 - Overriding database path with different value: C:\Users\revat\.stmcufinder\plugins\mcufinder/ => C:\Users\revat\.stmcufinder\plugins\mcufinder
2024-03-06 10:41:53,432 [WARN] DbFile:41 - Overriding database path with different value: C:\Users\revat\.stmcufinder\plugins\mcufinder/ => C:\Users\revat\.stmcufinder\plugins\mcufinder
2024-03-06 10:41:53,432 [INFO] CrossReferenceDbSqlite:203 - Set database path to: C:\Users\revat\.stmcufinder\plugins\mcufinder//mcu/cs/
2024-03-06 10:41:53,458 [INFO] ApplicationProperties:184 - Using Application install path: C:\ST\STM32CubeIDE_1.14.1\STM32CubeIDE\plugins\com.st.stm32cube.common.mx_6.10.0.202311202037
2024-03-06 10:41:53,461 [INFO] PluginManage:196 - Search for loadable plugins [exclusion list=, ]
2024-03-06 10:41:53,463 [INFO] PluginManage:310 - Check plugin analytics
2024-03-06 10:41:54,012 [INFO] AnalyticsPlugin:253 - Accepted Software Licenses: 
2024-03-06 10:41:54,013 [INFO] AnalyticsPlugin:255 - Accepted CMSIS Pack Licenses: 
2024-03-06 10:41:54,013 [INFO] AnalyticsPlugin:257 - Accepted Firmware Licenses: 
2024-03-06 10:41:54,023 [INFO] PluginManage:359 - Loaded plugin analytics (category:tool,tabindex:-1)
2024-03-06 10:41:54,024 [INFO] PluginManage:310 - Check plugin cadmodel
2024-03-06 10:41:54,034 [INFO] CADModel:105 - Init CAD model plugin
2024-03-06 10:41:54,035 [INFO] PluginManage:359 - Loaded plugin cadmodel (category:power,tabindex:5)
2024-03-06 10:41:54,037 [INFO] PluginManage:310 - Check plugin clock
2024-03-06 10:41:54,060 [INFO] PluginManage:359 - Loaded plugin clock (category:base,tabindex:2)
2024-03-06 10:41:54,061 [INFO] PluginManage:310 - Check plugin ddr
2024-03-06 10:41:54,066 [INFO] PluginManage:359 - Loaded plugin ddr (category:tool,tabindex:6)
2024-03-06 10:41:54,067 [INFO] PluginManage:310 - Check plugin filemanager
2024-03-06 10:41:54,475 [INFO] PluginManage:359 - Loaded plugin filemanager (category:base,tabindex:10)
2024-03-06 10:41:54,475 [INFO] PluginManage:310 - Check plugin ipmanager
2024-03-06 10:41:54,491 [INFO] PluginManage:359 - Loaded plugin ipmanager (category:base,tabindex:5)
2024-03-06 10:41:54,491 [INFO] PluginManage:310 - Check plugin lpbam
2024-03-06 10:41:54,510 [INFO] PluginManage:359 - Loaded plugin lpbam (category:base,tabindex:0)
2024-03-06 10:41:54,511 [INFO] PluginManage:310 - Check plugin memorymap
2024-03-06 10:41:54,667 [INFO] PluginManage:359 - Loaded plugin memorymap (category:base,tabindex:4)
2024-03-06 10:41:54,668 [INFO] PluginManage:310 - Check plugin pinoutandconfiguration
2024-03-06 10:41:54,684 [INFO] PluginManage:359 - Loaded plugin pinoutandconfiguration (category:base,tabindex:1)
2024-03-06 10:41:54,684 [INFO] PluginManage:310 - Check plugin pinoutconfig
2024-03-06 10:41:54,818 [WARN] SupportedApi:132 - Cannot load RTOS API schema: s4s-elt-must-match.1: The content of 'definitions' must match (annotation?, (simpleType | complexType)?, (unique | key | keyref)*)). A problem was found starting at: attribute.
2024-03-06 10:41:55,082 [INFO] PluginManage:359 - Loaded plugin pinoutconfig (category:base,tabindex:0)
2024-03-06 10:41:55,083 [INFO] PluginManage:310 - Check plugin power
2024-03-06 10:41:55,097 [INFO] PluginManage:359 - Loaded plugin power (category:power,tabindex:4)
2024-03-06 10:41:55,098 [INFO] PluginManage:310 - Check plugin projectmanager
2024-03-06 10:41:55,119 [INFO] PluginManage:359 - Loaded plugin projectmanager (category:projectmanager,tabindex:3)
2024-03-06 10:41:55,119 [INFO] PluginManage:310 - Check plugin thirdparty
2024-03-06 10:41:55,298 [WARN] IntegrityCheckThread:84 - waiting for thirdparty lock release [integrity check]
2024-03-06 10:41:55,299 [INFO] IntegrityCheckThread:86 - entering critical section [integrity check]
2024-03-06 10:41:55,301 [INFO] ThirdPartyUpdaterWithRetryManager:70 - Updater plugin not ready yet. [1/15]
2024-03-06 10:41:55,301 [INFO] PluginManage:359 - Loaded plugin thirdparty (category:base,tabindex:-1)
2024-03-06 10:41:55,302 [INFO] PluginManage:310 - Check plugin tools
2024-03-06 10:41:55,312 [INFO] PluginManage:359 - Loaded plugin tools (category:base,tabindex:7)
2024-03-06 10:41:55,312 [INFO] PluginManage:310 - Check plugin tutovideos
2024-03-06 10:41:55,639 [INFO] PluginManage:359 - Loaded plugin tutovideos (category:base,tabindex:-1)
2024-03-06 10:41:55,639 [INFO] PluginManage:310 - Check plugin updater
2024-03-06 10:41:55,665 [INFO] PluginManage:359 - Loaded plugin updater (category:base,tabindex:12)
2024-03-06 10:41:55,665 [INFO] PluginManage:310 - Check plugin userauth
2024-03-06 10:41:55,675 [INFO] UserAuth:114 - Init User Auth plugin
2024-03-06 10:41:55,675 [INFO] PluginManage:359 - Loaded plugin userauth (category:base,tabindex:14)
2024-03-06 10:41:55,676 [INFO] PluginManage:283 - PluginManage : Loaded plugins [17]
2024-03-06 10:41:56,002 [INFO] PinOutPanel:1499 - setPackage(No Configuration,No Configuration)
2024-03-06 10:41:56,084 [INFO] CADModel:165 - CPN selected for project level
2024-03-06 10:41:56,085 [INFO] CADModel:114 - Register for checkConnection events
2024-03-06 10:41:56,103 [INFO] IPUIPlugin:80 - create IPUIPlugin
2024-03-06 10:41:56,103 [INFO] PluginManager:220 - loadIPPluginJar : add adc
2024-03-06 10:41:56,105 [INFO] IPUIPlugin:80 - create IPUIPlugin
2024-03-06 10:41:56,106 [INFO] PluginManager:220 - loadIPPluginJar : add aes
2024-03-06 10:41:56,110 [INFO] IPUIPlugin:80 - create IPUIPlugin
2024-03-06 10:41:56,110 [INFO] PluginManager:220 - loadIPPluginJar : add can
2024-03-06 10:41:56,114 [INFO] IPUIPlugin:80 - create IPUIPlugin
2024-03-06 10:41:56,114 [INFO] PluginManager:220 - loadIPPluginJar : add comp
2024-03-06 10:41:56,117 [INFO] IPUIPlugin:80 - create IPUIPlugin
2024-03-06 10:41:56,118 [INFO] PluginManager:220 - loadIPPluginJar : add cryp
2024-03-06 10:41:56,121 [INFO] IPUIPlugin:80 - create IPUIPlugin
2024-03-06 10:41:56,121 [INFO] PluginManager:220 - loadIPPluginJar : add dfsdm
2024-03-06 10:41:56,128 [INFO] IPUIPlugin:80 - create IPUIPlugin
2024-03-06 10:41:56,132 [INFO] PluginManager:220 - loadIPPluginJar : add dma
2024-03-06 10:41:56,135 [INFO] IPUIPlugin:80 - create IPUIPlugin
2024-03-06 10:41:56,135 [INFO] PluginManager:220 - loadIPPluginJar : add dma3
2024-03-06 10:41:56,137 [INFO] IPUIPlugin:80 - create IPUIPlugin
2024-03-06 10:41:56,137 [INFO] PluginManager:220 - loadIPPluginJar : add fatfs
2024-03-06 10:41:56,142 [INFO] IPUIPlugin:80 - create IPUIPlugin
2024-03-06 10:41:56,142 [INFO] PluginManager:220 - loadIPPluginJar : add fmc
2024-03-06 10:41:56,147 [INFO] IPUIPlugin:80 - create IPUIPlugin
2024-03-06 10:41:56,147 [INFO] PluginManager:220 - loadIPPluginJar : add freertos
2024-03-06 10:41:56,149 [INFO] IPUIPlugin:80 - create IPUIPlugin
2024-03-06 10:41:56,149 [INFO] PluginManager:220 - loadIPPluginJar : add genericplugin
2024-03-06 10:41:56,151 [INFO] IPUIPlugin:80 - create IPUIPlugin
2024-03-06 10:41:56,151 [INFO] PluginManager:220 - loadIPPluginJar : add gfxmmu
2024-03-06 10:41:56,157 [INFO] IPUIPlugin:80 - create IPUIPlugin
2024-03-06 10:41:56,157 [INFO] PluginManager:220 - loadIPPluginJar : add gic
2024-03-06 10:41:56,162 [INFO] IPUIPlugin:80 - create IPUIPlugin
2024-03-06 10:41:56,162 [INFO] PluginManager:220 - loadIPPluginJar : add gpio
2024-03-06 10:41:56,164 [INFO] IPUIPlugin:80 - create IPUIPlugin
2024-03-06 10:41:56,164 [INFO] PluginManager:220 - loadIPPluginJar : add gtzc
2024-03-06 10:41:56,168 [INFO] IPUIPlugin:80 - create IPUIPlugin
2024-03-06 10:41:56,168 [INFO] PluginManager:220 - loadIPPluginJar : add hash
2024-03-06 10:41:56,172 [INFO] IPUIPlugin:80 - create IPUIPlugin
2024-03-06 10:41:56,172 [INFO] PluginManager:220 - loadIPPluginJar : add i2c
2024-03-06 10:41:56,177 [INFO] IPUIPlugin:80 - create IPUIPlugin
2024-03-06 10:41:56,177 [INFO] PluginManager:220 - loadIPPluginJar : add i2s
2024-03-06 10:41:56,180 [INFO] IPUIPlugin:80 - create IPUIPlugin
2024-03-06 10:41:56,180 [INFO] PluginManager:220 - loadIPPluginJar : add i3c
2024-03-06 10:41:56,183 [INFO] IPUIPlugin:80 - create IPUIPlugin
2024-03-06 10:41:56,184 [INFO] PluginManager:220 - loadIPPluginJar : add ipddr
2024-03-06 10:41:56,192 [INFO] IPUIPlugin:80 - create IPUIPlugin
2024-03-06 10:41:56,192 [INFO] PluginManager:220 - loadIPPluginJar : add linkedlist
2024-03-06 10:41:56,195 [INFO] IPUIPlugin:80 - create IPUIPlugin
2024-03-06 10:41:56,195 [INFO] PluginManager:220 - loadIPPluginJar : add lorawan
2024-03-06 10:41:56,197 [INFO] IPUIPlugin:80 - create IPUIPlugin
2024-03-06 10:41:56,197 [INFO] PluginManager:220 - loadIPPluginJar : add ltdc
2024-03-06 10:41:56,208 [INFO] IPUIPlugin:80 - create IPUIPlugin
2024-03-06 10:41:56,208 [INFO] PluginManager:220 - loadIPPluginJar : add mdma
2024-03-06 10:41:56,217 [INFO] IPUIPlugin:80 - create IPUIPlugin
2024-03-06 10:41:56,218 [INFO] PluginManager:220 - loadIPPluginJar : add nvic
2024-03-06 10:41:56,222 [INFO] IPUIPlugin:80 - create IPUIPlugin
2024-03-06 10:41:56,222 [INFO] PluginManager:220 - loadIPPluginJar : add opamp
2024-03-06 10:41:56,225 [INFO] IPUIPlugin:80 - create IPUIPlugin
2024-03-06 10:41:56,225 [INFO] PluginManager:220 - loadIPPluginJar : add openamp
2024-03-06 10:41:56,229 [INFO] IPUIPlugin:80 - create IPUIPlugin
2024-03-06 10:41:56,229 [INFO] PluginManager:220 - loadIPPluginJar : add pdm2pcm
2024-03-06 10:41:56,237 [INFO] IPUIPlugin:80 - create IPUIPlugin
2024-03-06 10:41:56,240 [INFO] PluginManager:220 - loadIPPluginJar : add plateformsettings
2024-03-06 10:41:56,242 [INFO] IPUIPlugin:80 - create IPUIPlugin
2024-03-06 10:41:56,242 [INFO] PluginManager:220 - loadIPPluginJar : add quadspi
2024-03-06 10:41:56,247 [INFO] IPUIPlugin:80 - create IPUIPlugin
2024-03-06 10:41:56,247 [INFO] PluginManager:220 - loadIPPluginJar : add resmgrutility
2024-03-06 10:41:56,253 [INFO] IPUIPlugin:80 - create IPUIPlugin
2024-03-06 10:41:56,253 [INFO] PluginManager:220 - loadIPPluginJar : add sai
2024-03-06 10:41:56,256 [INFO] IPUIPlugin:80 - create IPUIPlugin
2024-03-06 10:41:56,256 [INFO] PluginManager:220 - loadIPPluginJar : add spi
2024-03-06 10:41:56,263 [INFO] IPUIPlugin:80 - create IPUIPlugin
2024-03-06 10:41:56,263 [INFO] PluginManager:220 - loadIPPluginJar : add stm32_wpan
2024-03-06 10:41:56,266 [INFO] IPUIPlugin:80 - create IPUIPlugin
2024-03-06 10:41:56,266 [INFO] PluginManager:220 - loadIPPluginJar : add tim
2024-03-06 10:41:56,271 [INFO] IPUIPlugin:80 - create IPUIPlugin
2024-03-06 10:41:56,271 [INFO] PluginManager:220 - loadIPPluginJar : add touchsensing
2024-03-06 10:41:56,273 [INFO] IPUIPlugin:80 - create IPUIPlugin
2024-03-06 10:41:56,273 [INFO] PluginManager:220 - loadIPPluginJar : add tracer_emb
2024-03-06 10:41:56,275 [INFO] IPUIPlugin:80 - create IPUIPlugin
2024-03-06 10:41:56,275 [INFO] PluginManager:220 - loadIPPluginJar : add ts
2024-03-06 10:41:56,276 [INFO] IPUIPlugin:80 - create IPUIPlugin
2024-03-06 10:41:56,276 [INFO] PluginManager:220 - loadIPPluginJar : add tsc
2024-03-06 10:41:56,278 [INFO] IPUIPlugin:80 - create IPUIPlugin
2024-03-06 10:41:56,278 [INFO] PluginManager:220 - loadIPPluginJar : add ucpd
2024-03-06 10:41:56,282 [INFO] IPUIPlugin:80 - create IPUIPlugin
2024-03-06 10:41:56,282 [INFO] PluginManager:220 - loadIPPluginJar : add usart
2024-03-06 10:41:56,287 [INFO] IPUIPlugin:80 - create IPUIPlugin
2024-03-06 10:41:56,287 [INFO] PluginManager:220 - loadIPPluginJar : add usbx
2024-03-06 10:41:56,458 [INFO] CADModel:165 - CPN selected for project level
2024-03-06 10:41:56,458 [INFO] CADModel:114 - Register for checkConnection events
2024-03-06 10:41:56,459 [FATAL] Updater:308 - Updater called before beeing initialized
2024-03-06 10:41:56,459 [ERROR] CADModel:125 - Updater not yet initialized, retry later 
2024-03-06 10:41:56,668 [INFO] CADModel:165 - CPN selected for project level
2024-03-06 10:41:56,668 [INFO] CADModel:114 - Register for checkConnection events
2024-03-06 10:41:56,669 [FATAL] Updater:308 - Updater called before beeing initialized
2024-03-06 10:41:56,669 [ERROR] CADModel:125 - Updater not yet initialized, retry later 
2024-03-06 10:41:56,674 [FATAL] Updater:308 - Updater called before beeing initialized
2024-03-06 10:41:56,779 [FATAL] Updater:308 - Updater called before beeing initialized
2024-03-06 10:41:56,783 [INFO] DbMcusAds:53 - JSON generation date=Thu Sep 30 12:25:09 IST 2021 (1632984909247)
2024-03-06 10:41:56,783 [FATAL] Updater:308 - Updater called before beeing initialized
2024-03-06 10:41:56,809 [WARN] DetailPanel:346 - Failed to get advertising image, set to default
2024-03-06 10:41:56,899 [FATAL] Updater:308 - Updater called before beeing initialized
2024-03-06 10:41:56,901 [FATAL] Updater:308 - Updater called before beeing initialized
2024-03-06 10:41:56,901 [FATAL] Updater:308 - Updater called before beeing initialized
2024-03-06 10:41:56,901 [WARN] DetailPanel:346 - Failed to get advertising image, set to default
2024-03-06 10:41:56,902 [FATAL] Updater:308 - Updater called before beeing initialized
2024-03-06 10:41:56,996 [ERROR] Updater:1120 - MainUpdater not yet initialized. External WinMGr cannot be set.
2024-03-06 10:41:56,999 [INFO] Updater:1056 - Updater Version found : 6.10.0
2024-03-06 10:41:57,027 [INFO] ApplicationProperties:184 - Using Application install path: C:\ST\STM32CubeIDE_1.14.1\STM32CubeIDE\plugins\com.st.stm32cube.common.mx_6.10.0.202311202037
2024-03-06 10:41:58,311 [INFO] ThirdPartyUpdaterWithRetryManager:70 - Updater plugin not ready yet. [2/15]
2024-03-06 10:41:58,648 [ERROR] LogOutputStream:75 - [STDERR_REDIRECT] Mar 06, 2024 10:41:58 AM java.util.prefs.WindowsPreferences <init>
2024-03-06 10:41:58,649 [ERROR] LogOutputStream:75 - [STDERR_REDIRECT] WARNING: Could not open/create prefs root node Software\JavaSoft\Prefs at root 0xffffffff80000002. Windows RegCreateKeyEx(...) returned error code 5.
2024-03-06 10:41:58,649 [ERROR] LogOutputStream:75 - [STDERR_REDIRECT] 
2024-03-06 10:41:58,677 [INFO] MainUpdater:526 - Copy updater definitions from MX database
2024-03-06 10:41:58,727 [INFO] MainUpdater:559 - Copy flag file definitions from MX database
2024-03-06 10:41:58,729 [INFO] MainUpdater:575 - Copy thirdparty index definitions from MX database
2024-03-06 10:41:58,733 [INFO] MainUpdater:594 - Copy default thirdparty db definitions from MX database
2024-03-06 10:41:59,013 [INFO] MainUpdater:2873 - connection check result : 10
2024-03-06 10:41:59,014 [INFO] MainUpdater:3567 - Updater definition file requires update
2024-03-06 10:41:59,016 [INFO] MainUpdater:290 - Updater Check For Update Now.
2024-03-06 10:41:59,017 [INFO] MicroXplorer:498 - Change Database Version : DB.6.0.100
2024-03-06 10:41:59,032 [INFO] McuFinderGlobals:63 - Set McuFinder mode to 2 (CubeIDE integrated)
2024-03-06 10:41:59,032 [INFO] UserAuth:180 - activating auth plugin
2024-03-06 10:41:59,037 [INFO] UserAuth:404 - Internet connection configuration mode: 1
2024-03-06 10:41:59,060 [INFO] JxBrowserEngine:152 - Initiate JxBrowser Engine with user profile folder
2024-03-06 10:41:59,134 [INFO] ServerAccessManage:473 - Download File updaters.zip
2024-03-06 10:41:59,281 [INFO] FileExtend:240 - Unzip File : updaters.zip
2024-03-06 10:41:59,282 [INFO] FileExtend:255 - Standard Zip Deflate
2024-03-06 10:41:59,661 [INFO] ServerAccessManage:473 - Download File PacksControlFlags.xml
2024-03-06 10:42:00,682 [INFO] ServerAccessManage:473 - Download File cubemx.pidx
2024-03-06 10:42:00,787 [INFO] ServerAccessManage:473 - Download File STMicroelectronics.FP-ATR-ASTRA1.pdsc
2024-03-06 10:42:00,910 [INFO] ServerAccessManage:473 - Download File STMicroelectronics.FP-ATR-SIGFOX1.pdsc
2024-03-06 10:42:00,993 [INFO] ServerAccessManage:473 - Download File STMicroelectronics.FP-SNS-FLIGHT1.pdsc
2024-03-06 10:42:01,144 [INFO] ServerAccessManage:473 - Download File STMicroelectronics.FP-SNS-MOTENV1.pdsc
2024-03-06 10:42:01,312 [WARN] MainUpdater:1194 - Updater busy. Cannot search thirdparties
2024-03-06 10:42:01,312 [INFO] ThirdPartyUpdaterWithRetryManager:96 - Updater plugin is busy. [1/15]
2024-03-06 10:42:01,348 [INFO] ServerAccessManage:473 - Download File STMicroelectronics.FP-SNS-MOTENVWB1.pdsc
2024-03-06 10:42:01,532 [INFO] ServerAccessManage:473 - Download File STMicroelectronics.FP-SNS-SMARTAG2.pdsc
2024-03-06 10:42:01,601 [INFO] ServerAccessManage:473 - Download File STMicroelectronics.X-CUBE-AI.pdsc
2024-03-06 10:42:02,195 [INFO] ServerAccessManage:473 - Download File STMicroelectronics.X-CUBE-ALS.pdsc
2024-03-06 10:42:02,275 [INFO] ServerAccessManage:473 - Download File STMicroelectronics.X-CUBE-BLE1.pdsc
2024-03-06 10:42:02,934 [ERROR] ServerAccessManage:1089 - Problem, file not found on Server
2024-03-06 10:42:02,959 [INFO] ServerAccessManage:473 - Download File STMicroelectronics.X-CUBE-BLE2.pdsc
2024-03-06 10:42:03,203 [INFO] ServerAccessManage:473 - Download File STMicroelectronics.X-CUBE-BLEMGR.pdsc
2024-03-06 10:42:03,420 [INFO] ServerAccessManage:473 - Download File STMicroelectronics.X-CUBE-DISPLAY.pdsc
2024-03-06 10:42:03,622 [INFO] ServerAccessManage:473 - Download File STMicroelectronics.X-CUBE-EEPRMA1.pdsc
2024-03-06 10:42:03,855 [ERROR] ServerAccessManage:1089 - Problem, file not found on Server
2024-03-06 10:42:04,313 [WARN] MainUpdater:1194 - Updater busy. Cannot search thirdparties
2024-03-06 10:42:04,313 [INFO] ThirdPartyUpdaterWithRetryManager:96 - Updater plugin is busy. [2/15]
2024-03-06 10:42:04,585 [ERROR] ServerAccessManage:1089 - Problem, file not found on Server
2024-03-06 10:42:04,687 [INFO] ServerAccessManage:473 - Download File STMicroelectronics.X-CUBE-FREERTOS.pdsc
2024-03-06 10:42:04,816 [INFO] ServerAccessManage:473 - Download File STMicroelectronics.X-CUBE-GNSS1.pdsc
2024-03-06 10:42:05,698 [ERROR] ServerAccessManage:1089 - Problem, file not found on Server
2024-03-06 10:42:06,517 [ERROR] ServerAccessManage:1089 - Problem, file not found on Server
2024-03-06 10:42:06,722 [ERROR] ServerAccessManage:1089 - Problem, file not found on Server
2024-03-06 10:42:07,319 [WARN] MainUpdater:1194 - Updater busy. Cannot search thirdparties
2024-03-06 10:42:07,319 [INFO] ThirdPartyUpdaterWithRetryManager:96 - Updater plugin is busy. [3/15]
2024-03-06 10:42:07,542 [ERROR] ServerAccessManage:1089 - Problem, file not found on Server
2024-03-06 10:42:08,209 [ERROR] ServerAccessManage:1089 - Problem, file not found on Server
2024-03-06 10:42:08,910 [ERROR] ServerAccessManage:1089 - Problem, file not found on Server
2024-03-06 10:42:08,931 [INFO] ServerAccessManage:473 - Download File STMicroelectronics.X-CUBE-ISPU.pdsc
2024-03-06 10:42:09,026 [INFO] ServerAccessManage:473 - Download File STMicroelectronics.X-CUBE-MEMS1.pdsc
2024-03-06 10:42:09,824 [INFO] ServerAccessManage:473 - Download File STMicroelectronics.X-CUBE-NFC4.pdsc
2024-03-06 10:42:10,164 [INFO] ServerAccessManage:473 - Download File STMicroelectronics.X-CUBE-NFC6.pdsc
2024-03-06 10:42:10,223 [INFO] ServerAccessManage:473 - Download File STMicroelectronics.X-CUBE-NFC7.pdsc
2024-03-06 10:42:10,320 [WARN] MainUpdater:1194 - Updater busy. Cannot search thirdparties
2024-03-06 10:42:10,320 [INFO] ThirdPartyUpdaterWithRetryManager:96 - Updater plugin is busy. [4/15]
2024-03-06 10:42:10,327 [INFO] ServerAccessManage:473 - Download File STMicroelectronics.X-CUBE-SFXS2LP1.pdsc
2024-03-06 10:42:10,445 [INFO] ServerAccessManage:473 - Download File STMicroelectronics.X-CUBE-SUBG2.pdsc
2024-03-06 10:42:10,740 [INFO] ServerAccessManage:473 - Download File STMicroelectronics.X-CUBE-SMBUS.pdsc
2024-03-06 10:42:11,535 [ERROR] ServerAccessManage:1089 - Problem, file not found on Server
2024-03-06 10:42:11,567 [INFO] ServerAccessManage:473 - Download File STMicroelectronics.X-CUBE-TOF1.pdsc
2024-03-06 10:42:11,897 [ERROR] ServerAccessManage:1089 - Problem, file not found on Server
2024-03-06 10:42:11,944 [INFO] ServerAccessManage:473 - Download File STMicroelectronics.X-CUBE-TOUCHGFX.pdsc
2024-03-06 10:42:12,449 [INFO] ServerAccessManage:473 - Download File STMicroelectronics.X-CUBE-ALGOBUILD.pdsc
2024-03-06 10:42:12,584 [INFO] ServerAccessManage:473 - Download File STMicroelectronics.X-CUBE-AZRTOS-H7.pdsc
2024-03-06 10:42:12,840 [INFO] ServerAccessManage:473 - Download File STMicroelectronics.X-CUBE-AZRTOS-F4.pdsc
2024-03-06 10:42:12,984 [INFO] ServerAccessManage:473 - Download File STMicroelectronics.X-CUBE-AZRTOS-F7.pdsc
2024-03-06 10:42:13,127 [INFO] ServerAccessManage:473 - Download File STMicroelectronics.X-CUBE-AZRTOS-L4.pdsc
2024-03-06 10:42:13,241 [INFO] ServerAccessManage:473 - Download File STMicroelectronics.X-CUBE-AZRTOS-L5.pdsc
2024-03-06 10:42:13,321 [WARN] MainUpdater:1194 - Updater busy. Cannot search thirdparties
2024-03-06 10:42:13,321 [INFO] ThirdPartyUpdaterWithRetryManager:96 - Updater plugin is busy. [5/15]
2024-03-06 10:42:13,358 [INFO] ServerAccessManage:473 - Download File STMicroelectronics.X-CUBE-AZRTOS-G0.pdsc
2024-03-06 10:42:13,479 [INFO] ServerAccessManage:473 - Download File STMicroelectronics.X-CUBE-AZRTOS-G4.pdsc
2024-03-06 10:42:13,710 [INFO] ServerAccessManage:473 - Download File STMicroelectronics.X-CUBE-AZRTOS-WB.pdsc
2024-03-06 10:42:13,812 [INFO] ServerAccessManage:473 - Download File STMicroelectronics.X-CUBE-AZRTOS-WL.pdsc
2024-03-06 10:42:15,201 [INFO] ServerAccessManage:473 - Download File wolfSSL.I-CUBE-wolfSSL.pdsc
2024-03-06 10:42:15,970 [INFO] WebApp:161 - Instantiating new browser for Auth
2024-03-06 10:42:16,322 [WARN] MainUpdater:1194 - Updater busy. Cannot search thirdparties
2024-03-06 10:42:16,322 [INFO] ThirdPartyUpdaterWithRetryManager:96 - Updater plugin is busy. [6/15]
2024-03-06 10:42:16,460 [INFO] WebApp:780 - Register for checkConnection events
2024-03-06 10:42:16,460 [INFO] WebApp:414 - Apply proxy settings
2024-03-06 10:42:16,460 [INFO] WebApp:499 - Chromium requires no authentication
2024-03-06 10:42:16,465 [INFO] WebApp:442 - Direct internet connection detected
2024-03-06 10:42:16,575 [INFO] WebApp:192 - Starting web application
2024-03-06 10:42:16,575 [INFO] WebApp:544 - Web application path used C:\ST\STM32CubeIDE_1.14.1\STM32CubeIDE\plugins\com.st.stm32cube.common.mx_6.10.0.202311202037\db\plugins\mcufinder\reactClient1\index.html
2024-03-06 10:42:19,325 [WARN] MainUpdater:1194 - Updater busy. Cannot search thirdparties
2024-03-06 10:42:19,325 [INFO] ThirdPartyUpdaterWithRetryManager:96 - Updater plugin is busy. [7/15]
2024-03-06 10:42:20,622 [ERROR] ServerAccessManage:1089 - Problem, file not found on Server
2024-03-06 10:42:21,161 [ERROR] ServerAccessManage:1089 - Problem, file not found on Server
2024-03-06 10:42:21,674 [ERROR] ServerAccessManage:1089 - Problem, file not found on Server
2024-03-06 10:42:22,327 [WARN] MainUpdater:1194 - Updater busy. Cannot search thirdparties
2024-03-06 10:42:22,328 [INFO] ThirdPartyUpdaterWithRetryManager:96 - Updater plugin is busy. [8/15]
2024-03-06 10:42:23,005 [ERROR] ServerAccessManage:1096 - Problem, Http access forbiden
2024-03-06 10:42:23,007 [ERROR] ServerAccessManage:651 - Problem, Http access forbiden : RoweBots.I-CUBE-UNISONRTOS.pdsc.
2024-03-06 10:42:23,922 [INFO] ServerAccessManage:473 - Download File SEGGER.I-CUBE-embOS.pdsc
2024-03-06 10:42:25,328 [WARN] MainUpdater:1194 - Updater busy. Cannot search thirdparties
2024-03-06 10:42:25,329 [INFO] ThirdPartyUpdaterWithRetryManager:96 - Updater plugin is busy. [9/15]
2024-03-06 10:42:26,693 [INFO] ServerAccessManage:473 - Download File portGmbH.I-Cube-SoM-uGOAL.pdsc
2024-03-06 10:42:28,226 [ERROR] ServerAccessManage:1089 - Problem, file not found on Server
2024-03-06 10:42:28,329 [WARN] MainUpdater:1194 - Updater busy. Cannot search thirdparties
2024-03-06 10:42:28,331 [INFO] ThirdPartyUpdaterWithRetryManager:96 - Updater plugin is busy. [10/15]
2024-03-06 10:42:28,431 [ERROR] ServerAccessManage:1089 - Problem, file not found on Server
2024-03-06 10:42:28,636 [ERROR] ServerAccessManage:1089 - Problem, file not found on Server
2024-03-06 10:42:29,770 [INFO] ServerAccessManage:473 - Download File emotas.I-CUBE-CANOPEN.pdsc
2024-03-06 10:42:31,332 [WARN] MainUpdater:1194 - Updater busy. Cannot search thirdparties
2024-03-06 10:42:31,332 [INFO] ThirdPartyUpdaterWithRetryManager:96 - Updater plugin is busy. [11/15]
2024-03-06 10:42:32,169 [INFO] ServerAccessManage:473 - Download File WES.I-CUBE-Cesium.pdsc
2024-03-06 10:42:33,180 [ERROR] ServerAccessManage:1089 - Problem, file not found on Server
2024-03-06 10:42:33,604 [ERROR] ServerAccessManage:1089 - Problem, file not found on Server
2024-03-06 10:42:34,334 [WARN] MainUpdater:1194 - Updater busy. Cannot search thirdparties
2024-03-06 10:42:34,334 [INFO] ThirdPartyUpdaterWithRetryManager:96 - Updater plugin is busy. [12/15]
2024-03-06 10:42:35,398 [INFO] ServerAccessManage:473 - Download File ITTIA_DB.I-CUBE-ITTIADB.pdsc
2024-03-06 10:42:37,334 [WARN] MainUpdater:1194 - Updater busy. Cannot search thirdparties
2024-03-06 10:42:37,335 [INFO] ThirdPartyUpdaterWithRetryManager:96 - Updater plugin is busy. [13/15]
2024-03-06 10:42:40,336 [WARN] MainUpdater:1194 - Updater busy. Cannot search thirdparties
2024-03-06 10:42:40,336 [INFO] ThirdPartyUpdaterWithRetryManager:96 - Updater plugin is busy. [14/15]
2024-03-06 10:42:41,030 [INFO] ServerAccessManage:473 - Download File Infineon.AIROC-Wi-Fi-Bluetooth-STM32.pdsc
2024-03-06 10:42:41,592 [ERROR] LogOutputStream:75 - [STDERR_REDIRECT] SLF4J: Failed to load class "org.slf4j.impl.StaticLoggerBinder".
2024-03-06 10:42:41,593 [ERROR] LogOutputStream:75 - [STDERR_REDIRECT] SLF4J: Defaulting to no-operation (NOP) logger implementation
2024-03-06 10:42:41,594 [ERROR] LogOutputStream:75 - [STDERR_REDIRECT] SLF4J: See http://www.slf4j.org/codes.html#StaticLoggerBinder for further details.
2024-03-06 10:42:43,339 [WARN] MainUpdater:1194 - Updater busy. Cannot search thirdparties
2024-03-06 10:42:43,339 [INFO] ThirdPartyUpdaterWithRetryManager:96 - Updater plugin is busy. [15/15]
2024-03-06 10:42:43,340 [ERROR] IntegrityCheckThread:130 - Cannot retrieve database content from updater: error -1
2024-03-06 10:42:43,341 [INFO] ThirdParty:978 - Integrity check success = false
2024-03-06 10:42:43,341 [INFO] IntegrityCheckThread:100 - exiting critical section [integrity check]
2024-03-06 10:42:43,341 [INFO] IntegrityCheckThread:103 - End integrity checks thread
2024-03-06 10:42:44,508 [WARN] PackLoader:240 - Cannot read IP mode file for STMicroelectronics.FP-ATR-ASTRA1.2.0.0
2024-03-06 10:42:44,510 [WARN] CheckServerUpdateThread:151 - Open CheckUpdateFile Fail
2024-03-06 10:42:44,529 [WARN] PackLoader:240 - Cannot read IP mode file for STMicroelectronics.FP-ATR-SIGFOX1.3.2.0
2024-03-06 10:42:44,536 [WARN] PackLoader:240 - Cannot read IP mode file for STMicroelectronics.FP-SNS-FLIGHT1.5.0.2
2024-03-06 10:42:44,542 [WARN] PackLoader:240 - Cannot read IP mode file for STMicroelectronics.FP-SNS-MOTENV1.4.3.2
2024-03-06 10:42:44,548 [WARN] PackLoader:240 - Cannot read IP mode file for STMicroelectronics.FP-SNS-MOTENVWB1.1.3.1
2024-03-06 10:42:44,555 [WARN] PackLoader:240 - Cannot read IP mode file for STMicroelectronics.FP-SNS-SMARTAG2.1.2.0
2024-03-06 10:42:44,561 [WARN] PackLoader:240 - Cannot read IP mode file for STMicroelectronics.X-CUBE-AI.8.1.0
2024-03-06 10:42:44,567 [WARN] PackLoader:240 - Cannot read IP mode file for STMicroelectronics.X-CUBE-ALS.1.0.1
2024-03-06 10:42:44,574 [WARN] PackLoader:240 - Cannot read IP mode file for STMicroelectronics.X-CUBE-BLE1.7.0.0
2024-03-06 10:42:44,579 [WARN] PackLoader:240 - Cannot read IP mode file for STMicroelectronics.X-CUBE-BLE2.3.3.0
2024-03-06 10:42:44,591 [WARN] PackLoader:240 - Cannot read IP mode file for STMicroelectronics.X-CUBE-BLEMGR.3.1.0
2024-03-06 10:42:44,606 [WARN] PackLoader:240 - Cannot read IP mode file for STMicroelectronics.X-CUBE-DISPLAY.3.0.0
2024-03-06 10:42:44,616 [WARN] PackLoader:240 - Cannot read IP mode file for STMicroelectronics.X-CUBE-EEPRMA1.5.1.0
2024-03-06 10:42:44,651 [INFO] CheckServerUpdateThread:120 - End of CheckServer Thread
2024-03-06 10:42:44,654 [WARN] PackLoader:240 - Cannot read IP mode file for STMicroelectronics.X-CUBE-FREERTOS.1.1.0
2024-03-06 10:42:44,659 [WARN] PackLoader:240 - Cannot read IP mode file for STMicroelectronics.X-CUBE-GNSS1.6.0.0
2024-03-06 10:42:44,663 [WARN] PackLoader:240 - Cannot read IP mode file for STMicroelectronics.X-CUBE-ISPU.2.0.0
2024-03-06 10:42:44,700 [WARN] PackLoader:240 - Cannot read IP mode file for STMicroelectronics.X-CUBE-MEMS1.10.0.0
2024-03-06 10:42:44,812 [WARN] PackLoader:240 - Cannot read IP mode file for STMicroelectronics.X-CUBE-NFC4.3.0.0
2024-03-06 10:42:44,821 [WARN] PackLoader:240 - Cannot read IP mode file for STMicroelectronics.X-CUBE-NFC6.3.0.0
2024-03-06 10:42:44,826 [WARN] PackLoader:240 - Cannot read IP mode file for STMicroelectronics.X-CUBE-NFC7.1.0.1
2024-03-06 10:42:44,832 [WARN] PackLoader:240 - Cannot read IP mode file for STMicroelectronics.X-CUBE-SFXS2LP1.4.0.0
2024-03-06 10:42:44,840 [WARN] PackLoader:240 - Cannot read IP mode file for STMicroelectronics.X-CUBE-SUBG2.5.0.0
2024-03-06 10:42:44,849 [WARN] PackLoader:240 - Cannot read IP mode file for STMicroelectronics.X-CUBE-SMBUS.2.1.0
2024-03-06 10:42:44,858 [WARN] PackLoader:240 - Cannot read IP mode file for STMicroelectronics.X-CUBE-TOF1.3.4.1
2024-03-06 10:42:44,873 [WARN] PackLoader:240 - Cannot read IP mode file for STMicroelectronics.X-CUBE-TOUCHGFX.4.23.0
2024-03-06 10:42:44,882 [WARN] PackLoader:240 - Cannot read IP mode file for STMicroelectronics.X-CUBE-ALGOBUILD.1.3.0
2024-03-06 10:42:44,898 [WARN] PackLoader:240 - Cannot read IP mode file for STMicroelectronics.X-CUBE-AZRTOS-H7.3.2.0
2024-03-06 10:42:44,910 [WARN] PackLoader:240 - Cannot read IP mode file for STMicroelectronics.X-CUBE-AZRTOS-F4.1.1.0
2024-03-06 10:42:44,924 [WARN] PackLoader:240 - Cannot read IP mode file for STMicroelectronics.X-CUBE-AZRTOS-F7.1.1.0
2024-03-06 10:42:44,937 [WARN] ConditionMgr:438 - getConditionDescription Invalid condition id : LAN8742 Phy interface Condition cause : null
2024-03-06 10:42:44,937 [WARN] PackLoader:240 - Cannot read IP mode file for STMicroelectronics.X-CUBE-AZRTOS-L4.2.0.0
2024-03-06 10:42:44,938 [WARN] ConditionMgr:1039 - genDependencies : Invalid condition id : LAN8742 Phy interface Condition cause : null
2024-03-06 10:42:44,939 [WARN] ConditionMgr:1039 - genDependencies : Invalid condition id : LAN8742 Phy interface Condition cause : null
2024-03-06 10:42:44,939 [WARN] ConditionMgr:1039 - genDependencies : Invalid condition id : LAN8742 Phy interface Condition cause : null
2024-03-06 10:42:44,958 [WARN] PackLoader:240 - Cannot read IP mode file for STMicroelectronics.X-CUBE-AZRTOS-L5.2.0.0
2024-03-06 10:42:44,966 [WARN] PackLoader:240 - Cannot read IP mode file for STMicroelectronics.X-CUBE-AZRTOS-G0.1.1.0
2024-03-06 10:42:44,977 [WARN] PackLoader:240 - Cannot read IP mode file for STMicroelectronics.X-CUBE-AZRTOS-G4.2.0.0
2024-03-06 10:42:44,985 [WARN] ConditionMgr:438 - getConditionDescription Invalid condition id : UX DEVICE CLASS RTOS Condition cause : null
2024-03-06 10:42:44,985 [WARN] ConditionMgr:438 - getConditionDescription Invalid condition id : UX DEVICE CLASS RTOS Condition cause : null
2024-03-06 10:42:44,987 [WARN] PackLoader:240 - Cannot read IP mode file for STMicroelectronics.X-CUBE-AZRTOS-WB.2.0.0
2024-03-06 10:42:44,987 [WARN] ConditionMgr:1039 - genDependencies : Invalid condition id : UX DEVICE CLASS RTOS Condition cause : null
2024-03-06 10:42:44,987 [WARN] ConditionMgr:1039 - genDependencies : Invalid condition id : UX DEVICE CLASS RTOS Condition cause : null
2024-03-06 10:42:44,987 [WARN] ConditionMgr:1039 - genDependencies : Invalid condition id : UX DEVICE CLASS RTOS Condition cause : null
2024-03-06 10:42:44,987 [WARN] ConditionMgr:1039 - genDependencies : Invalid condition id : UX DEVICE CLASS RTOS Condition cause : null
2024-03-06 10:42:44,987 [WARN] ConditionMgr:1039 - genDependencies : Invalid condition id : UX DEVICE CLASS RTOS Condition cause : null
2024-03-06 10:42:44,994 [INFO] LogOutputStream:77 - [STDOUT_REDIRECT] 1 : Invalid condition id : UX_CORESTACK_Condition cause : null
2024-03-06 10:42:44,995 [INFO] LogOutputStream:77 - [STDOUT_REDIRECT] 1 : Invalid condition id : UX_CORESTACK_Condition cause : null
2024-03-06 10:42:44,996 [INFO] LogOutputStream:77 - [STDOUT_REDIRECT] 1 : Invalid condition id : UX_CORESTACK_Condition cause : null
2024-03-06 10:42:44,997 [INFO] LogOutputStream:77 - [STDOUT_REDIRECT] 1 : Invalid condition id : UX_CORESTACK_Condition cause : null
2024-03-06 10:42:44,999 [INFO] LogOutputStream:77 - [STDOUT_REDIRECT] 1 : Invalid condition id : UX_CORESTACK_Condition cause : null
2024-03-06 10:42:45,001 [WARN] PackLoader:240 - Cannot read IP mode file for STMicroelectronics.X-CUBE-AZRTOS-WL.2.0.0
2024-03-06 10:42:45,006 [WARN] PackLoader:240 - Cannot read IP mode file for wolfSSL.I-CUBE-wolfSSL.5.6.6
2024-03-06 10:42:45,030 [WARN] PackLoader:240 - Cannot read IP mode file for SEGGER.I-CUBE-embOS.1.3.1
2024-03-06 10:42:45,058 [WARN] PackLoader:240 - Cannot read IP mode file for portGmbH.I-Cube-SoM-uGOAL.1.1.0
2024-03-06 10:42:45,062 [WARN] PackLoader:240 - Cannot read IP mode file for emotas.I-CUBE-CANOPEN.1.3.0
2024-03-06 10:42:45,067 [WARN] PackLoader:240 - Cannot read IP mode file for WES.I-CUBE-Cesium.1.3.0
2024-03-06 10:42:45,070 [WARN] PackLoader:240 - Cannot read IP mode file for ITTIA_DB.I-CUBE-ITTIADB.8.8.0
2024-03-06 10:42:45,080 [WARN] PackLoader:240 - Cannot read IP mode file for Infineon.AIROC-Wi-Fi-Bluetooth-STM32.1.5.1
2024-03-06 10:42:45,082 [INFO] PopulateThirdPartyThread:66 - Ending populate Thread
2024-03-06 10:42:45,084 [INFO] ThirdParty:1030 - CMSIS Pack Vendor :STMicroelectronics X-CUBE-DISPLAY 3.0.0
2024-03-06 10:42:45,084 [INFO] ThirdParty:1030 - CMSIS Pack Vendor :STMicroelectronics X-CUBE-GNSS1 6.0.0
2024-03-06 10:42:45,084 [INFO] ThirdParty:1030 - CMSIS Pack Vendor :STMicroelectronics FP-SNS-MOTENVWB1 1.3.1
2024-03-06 10:42:45,084 [INFO] ThirdParty:1030 - CMSIS Pack Vendor :STMicroelectronics X-CUBE-AZRTOS-F4 1.1.0
2024-03-06 10:42:45,084 [INFO] ThirdParty:1030 - CMSIS Pack Vendor :STMicroelectronics FP-ATR-SIGFOX1 3.2.0
2024-03-06 10:42:45,084 [INFO] ThirdParty:1030 - CMSIS Pack Vendor :STMicroelectronics X-CUBE-BLE1 7.0.0
2024-03-06 10:42:45,084 [INFO] ThirdParty:1030 - CMSIS Pack Vendor :STMicroelectronics X-CUBE-SMBUS 2.1.0
2024-03-06 10:42:45,084 [INFO] ThirdParty:1030 - CMSIS Pack Vendor :STMicroelectronics X-CUBE-ISPU 2.0.0
2024-03-06 10:42:45,084 [INFO] ThirdParty:1030 - CMSIS Pack Vendor :STMicroelectronics X-CUBE-EEPRMA1 5.1.0
2024-03-06 10:42:45,084 [INFO] ThirdParty:1030 - CMSIS Pack Vendor :STMicroelectronics X-CUBE-AZRTOS-WB 2.0.0
2024-03-06 10:42:45,084 [INFO] ThirdParty:1030 - CMSIS Pack Vendor :emotas I-CUBE-CANOPEN 1.3.0
2024-03-06 10:42:45,084 [INFO] ThirdParty:1030 - CMSIS Pack Vendor :STMicroelectronics X-CUBE-MEMS1 10.0.0
2024-03-06 10:42:45,084 [INFO] ThirdParty:1030 - CMSIS Pack Vendor :wolfSSL I-CUBE-wolfSSL 5.6.6
2024-03-06 10:42:45,084 [INFO] ThirdParty:1030 - CMSIS Pack Vendor :STMicroelectronics X-CUBE-FREERTOS 1.1.0
2024-03-06 10:42:45,084 [INFO] ThirdParty:1030 - CMSIS Pack Vendor :STMicroelectronics X-CUBE-NFC7 1.0.1
2024-03-06 10:42:45,084 [INFO] ThirdParty:1030 - CMSIS Pack Vendor :STMicroelectronics X-CUBE-TOUCHGFX 4.23.0
2024-03-06 10:42:45,084 [INFO] ThirdParty:1030 - CMSIS Pack Vendor :STMicroelectronics X-CUBE-AZRTOS-F7 1.1.0
2024-03-06 10:42:45,084 [INFO] ThirdParty:1030 - CMSIS Pack Vendor :STMicroelectronics X-CUBE-AZRTOS-L5 2.0.0
2024-03-06 10:42:45,084 [INFO] ThirdParty:1030 - CMSIS Pack Vendor :STMicroelectronics X-CUBE-NFC6 3.0.0
2024-03-06 10:42:45,084 [INFO] ThirdParty:1030 - CMSIS Pack Vendor :STMicroelectronics X-CUBE-ALS 1.0.1
2024-03-06 10:42:45,084 [INFO] ThirdParty:1030 - CMSIS Pack Vendor :portGmbH I-Cube-SoM-uGOAL 1.1.0
2024-03-06 10:42:45,084 [INFO] ThirdParty:1030 - CMSIS Pack Vendor :ITTIA_DB I-CUBE-ITTIADB 8.8.0
2024-03-06 10:42:45,084 [INFO] ThirdParty:1030 - CMSIS Pack Vendor :STMicroelectronics X-CUBE-BLEMGR 3.1.0
2024-03-06 10:42:45,084 [INFO] ThirdParty:1030 - CMSIS Pack Vendor :STMicroelectronics FP-SNS-SMARTAG2 1.2.0
2024-03-06 10:42:45,084 [INFO] ThirdParty:1030 - CMSIS Pack Vendor :STMicroelectronics FP-SNS-MOTENV1 4.3.2
2024-03-06 10:42:45,084 [INFO] ThirdParty:1030 - CMSIS Pack Vendor :STMicroelectronics X-CUBE-ALGOBUILD 1.3.0
2024-03-06 10:42:45,084 [INFO] ThirdParty:1030 - CMSIS Pack Vendor :STMicroelectronics X-CUBE-AZRTOS-WL 2.0.0
2024-03-06 10:42:45,084 [INFO] ThirdParty:1030 - CMSIS Pack Vendor :SEGGER I-CUBE-embOS 1.3.1
2024-03-06 10:42:45,084 [INFO] ThirdParty:1030 - CMSIS Pack Vendor :STMicroelectronics X-CUBE-AZRTOS-G0 1.1.0
2024-03-06 10:42:45,084 [INFO] ThirdParty:1030 - CMSIS Pack Vendor :STMicroelectronics X-CUBE-AI 8.1.0
2024-03-06 10:42:45,084 [INFO] ThirdParty:1030 - CMSIS Pack Vendor :STMicroelectronics X-CUBE-NFC4 3.0.0
2024-03-06 10:42:45,084 [INFO] ThirdParty:1030 - CMSIS Pack Vendor :STMicroelectronics X-CUBE-SUBG2 5.0.0
2024-03-06 10:42:45,084 [INFO] ThirdParty:1030 - CMSIS Pack Vendor :STMicroelectronics X-CUBE-AZRTOS-L4 2.0.0
2024-03-06 10:42:45,084 [INFO] ThirdParty:1030 - CMSIS Pack Vendor :STMicroelectronics FP-ATR-ASTRA1 2.0.0
2024-03-06 10:42:45,084 [INFO] ThirdParty:1030 - CMSIS Pack Vendor :WES I-CUBE-Cesium 1.3.0
2024-03-06 10:42:45,084 [INFO] ThirdParty:1030 - CMSIS Pack Vendor :STMicroelectronics X-CUBE-SFXS2LP1 4.0.0
2024-03-06 10:42:45,084 [INFO] ThirdParty:1030 - CMSIS Pack Vendor :STMicroelectronics FP-SNS-FLIGHT1 5.0.2
2024-03-06 10:42:45,085 [INFO] ThirdParty:1030 - CMSIS Pack Vendor :STMicroelectronics X-CUBE-BLE2 3.3.0
2024-03-06 10:42:45,085 [INFO] ThirdParty:1030 - CMSIS Pack Vendor :STMicroelectronics X-CUBE-TOF1 3.4.1
2024-03-06 10:42:45,085 [INFO] ThirdParty:1030 - CMSIS Pack Vendor :STMicroelectronics X-CUBE-AZRTOS-G4 2.0.0
2024-03-06 10:42:45,085 [INFO] ThirdParty:1030 - CMSIS Pack Vendor :STMicroelectronics X-CUBE-AZRTOS-H7 3.2.0
2024-03-06 10:42:45,085 [INFO] ThirdParty:1030 - CMSIS Pack Vendor :Infineon AIROC-Wi-Fi-Bluetooth-STM32 1.5.1
2024-03-06 10:42:45,085 [INFO] LoadServerUpdatesThread:375 - End of LoadServerUpdate Thread
2024-03-06 10:42:45,165 [INFO] McuFinderGlobals:63 - Set McuFinder mode to 2 (CubeIDE integrated)
2024-03-06 10:42:45,168 [INFO] MainUpdater:2873 - connection check result : 10
2024-03-06 10:42:45,170 [INFO] McuFinderGlobals:76 - Set McuFinderConnectedMode to true
2024-03-06 10:42:45,338 [INFO] ServerAccessManage:473 - Download File mcusAds.json._tmp_
2024-03-06 10:42:45,459 [INFO] LoadUrlFilesThread:156 - End of LoadUrlFiles Thread
2024-03-06 10:42:45,591 [INFO] ServerAccessManage:473 - Download File cube-finder-db.zip
2024-03-06 10:42:50,163 [INFO] FileExtend:240 - Unzip File : cube-finder-db.zip
2024-03-06 10:42:50,164 [INFO] FileExtend:255 - Standard Zip Deflate
2024-03-06 10:42:50,858 [INFO] LoadUrlFilesThread:156 - End of LoadUrlFiles Thread
2024-03-06 10:42:51,736 [INFO] ServerAccessManage:473 - Download File crdb.zip
2024-03-06 10:42:54,056 [INFO] FileExtend:240 - Unzip File : crdb.zip
2024-03-06 10:42:54,056 [INFO] FileExtend:255 - Standard Zip Deflate
2024-03-06 10:42:54,191 [INFO] LoadUrlFilesThread:156 - End of LoadUrlFiles Thread
2024-03-06 10:42:54,306 [INFO] ServerAccessManage:473 - Download File tutoVideoDB.zip
2024-03-06 10:42:54,321 [INFO] FileExtend:240 - Unzip File : tutoVideoDB.zip
2024-03-06 10:42:54,321 [INFO] FileExtend:255 - Standard Zip Deflate
2024-03-06 10:42:54,438 [INFO] LoadUrlFilesThread:156 - End of LoadUrlFiles Thread
2024-03-06 10:42:54,441 [WARN] DbFile:41 - Overriding database path with different value: C:\Users\revat\.stmcufinder\plugins\mcufinder/ => C:\Users\revat\.stmcufinder\plugins\mcufinder
2024-03-06 10:42:54,554 [INFO] ServerAccessManage:473 - Download File api_config.json
2024-03-06 10:42:54,669 [INFO] LoadUrlFilesThread:156 - End of LoadUrlFiles Thread
2024-03-06 10:42:54,670 [INFO] DbMcusAds:53 - JSON generation date=Wed Nov 29 16:22:27 IST 2023 (1701255147349)
2024-03-06 10:42:54,715 [INFO] ServerAccessManage:473 - Download File 
2024-03-06 10:42:54,723 [INFO] LoadUrlFilesThread:185 - End of LoadServerUrlFiles without Thread
2024-03-06 10:42:54,723 [INFO] TargetSelectorAdapter:259 - Refresh data is successful
2024-03-06 10:42:55,166 [INFO] ApiDb:581 - Connected to CubeFinder SQLite database (C:\Users\revat\.stmcufinder\plugins\mcufinder\mcu\cube-finder-db.db)
2024-03-06 10:42:55,222 [INFO] ApiDb:668 - CubeFinder database Data Model version=2.1
2024-03-06 10:42:55,223 [INFO] ApiDb:669 - CubeFinder database Configuration version=3.0.39
2024-03-06 10:42:55,223 [INFO] ApiDb:670 - CubeFinder database generation date=2024-02-19 (1708350410)
2024-03-06 10:42:55,223 [INFO] ApiDb:671 - CubeFinder database FW Pack versions=[FP-ATR-ASTRA1_V2.0.0, FP-SNS-FLIGHT1_V5.0.1, FP-SNS-FLIGHT1_V5.0.2, FP-SNS-MOTENV1_V4.3.1, FP-SNS-MOTENV1_V4.3.2, FP-SNS-MOTENVWB1_V1.3.1, FP-SNS-SMARTAG2_V1.2.0, STM32Cube_FW_C0_V1.1.0, STM32Cube_FW_F4_V1.28.0, STM32Cube_FW_F7_V1.17.0, STM32Cube_FW_G0_V1.6.2, STM32Cube_FW_G4_V1.5.2, STM32Cube_FW_H5_V0.5.1, STM32Cube_FW_H5_V1.1.1, STM32Cube_FW_H5_V1.2.0RC2, STM32Cube_FW_H7_V1.11.0, STM32Cube_FW_L0_V1.12.2, STM32Cube_FW_L5_V1.5.0, STM32Cube_FW_U5_V1.3.0RC4, STM32Cube_FW_U5_V1.4.0, STM32Cube_FW_WBA_V1.0.0RC1, STM32Cube_FW_WBA_V1.1.0RC1, STM32Cube_FW_WBA_V1.2.0, STM32Cube_FW_WBA_V1.2.0RC2, STM32Cube_FW_WB_V1.15.0RC1, STM32Cube_FW_WB_V1.16.0, STM32Cube_FW_WB_V1.16.0RC2, STM32Cube_FW_WB_V1.18.0, STM32Cube_FW_WL_V1.3.0, X-CUBE-ALGOBUILD_V1.3.0, X-CUBE-ALS_V1.0.1, X-CUBE-AZRTOS-F4_V1.1.0, X-CUBE-AZRTOS-F7_V1.1.0, X-CUBE-AZRTOS-G0_V1.1.0, X-CUBE-AZRTOS-G4_V2.0.0, X-CUBE-AZRTOS-H7_V3.2.0, X-CUBE-AZRTOS-L4_V1.0.0, X-CUBE-AZRTOS-L4_V2.0.0, X-CUBE-AZRTOS-L5_V1.1.0, X-CUBE-AZRTOS-WB_V2.0.0, X-CUBE-AZRTOS-WL_V2.0.0, X-CUBE-BLE1_V7.0.0, X-CUBE-BLE2_V3.3.0, X-CUBE-BLEMGR_V3.0.0, X-CUBE-EEPRMA1_V4.1.0, X-CUBE-EEPRMA1_V5.1.0, X-CUBE-FREERTOS_V1.1.0, X-CUBE-GNSS1_V6.0.0, X-CUBE-MEMS1_V10.0.0, X-CUBE-MEMS1_V9.1.0, X-CUBE-MEMS1_V9.4.0, X-CUBE-MEMS1_V9.6.0, X-CUBE-NFC4_V3.0.0, X-CUBE-NFC7_V1.0.1, X-CUBE-SFXS2LP1_V4.0.0, X-CUBE-SUBG2_V5.0.0, X-CUBE-TOF1_V3.4.0]
2024-03-06 10:42:56,866 [INFO] ApiDb:240 - Found 371 in-development CPN: [B-G473E-ZEST1S, B-WB1M-WPAN1, B-WL5M-SUBG1, NUCLEO-C031C6, NUCLEO-H503RB, NUCLEO-H563ZI, NUCLEO-U545RE-Q, NUCLEO-U5A5ZJ-Q, NUCLEO-WBA52CG, NUCLEO-WBA55CG, STEVAL-MKBOXPRO, STEVAL-PROTEUS1, STEVAL-STWINBX1, STM320518-EVAL, STM32C0116-DK, STM32C011D6Y3TR, STM32C011D6Y6TR, STM32C011F4P3, STM32C011F4P6, STM32C011F4U3, STM32C011F4U6TR, STM32C011F6P3, STM32C011F6P6, STM32C011F6U3, STM32C011F6U6TR, STM32C011J4M3, STM32C011J4M6, STM32C011J6M3, STM32C011J6M6, STM32C0316-DK, STM32C031C4T3, STM32C031C4T6, STM32C031C4U3, STM32C031C4U6, STM32C031C6T3, STM32C031C6T6, STM32C031C6U3, STM32C031C6U6, STM32C031F4P3, STM32C031F4P6, STM32C031F6P3, STM32C031F6P6, STM32C031G4U3, STM32C031G4U6, STM32C031G6U3, STM32C031G6U6, STM32C031K4T3, STM32C031K4T6, STM32C031K4U3, STM32C031K4U6, STM32C031K6T3, STM32C031K6T6, STM32C031K6U3, STM32C031K6U6, STM32G071K8TXN, STM32G071K8UXN, STM32G081GBU6N, STM32G081KBT6N, STM32G081KBUXN, STM32G0B1CCT6N, STM32G0B1KCT6, STM32G0B1NEY6TR, STM32G0B1RCT6N, STM32G0C1CCT6, STM32G0C1CCT6N, STM32G0C1CCU6N, STM32G0C1CET6N, STM32G0C1CEU6N, STM32G0C1KCT6, STM32G0C1NEY6TR, STM32G0C1RCI6N, STM32G0C1RCT6N, STM32G0C1REI6N, STM32G0C1RET6N, STM32G0C1VCI6, STM32G0C1VEI6, STM32G471CCT6, STM32G471CCU6, STM32G471CET3, STM32G471CET6, STM32G471CEU3, STM32G471CEU6, STM32G471MCT6, STM32G471MET3, STM32G471MET6, STM32G471MEY6TR, STM32G471QCT6, STM32G471QET3, STM32G471RCT6, STM32G471RET3, STM32G471RET6, STM32G471VCH6, STM32G471VCI6, STM32G471VCT6, STM32G471VEH3, STM32G471VEH6, STM32G471VEI3, STM32G471VEI6, STM32G471VET3, STM32G471VET6, STM32G474CCT6, STM32H503CBT6, STM32H503CBU6, STM32H503EBY6TR, STM32H503KBU6, STM32H503RBT6, STM32H562AGI6, STM32H562AII6, STM32H562IGK6, STM32H562IGT6, STM32H562IIK6, STM32H562IIT6, STM32H562RGT6, STM32H562RGV6, STM32H562RIT6, STM32H562RIV6, STM32H562VGT6, STM32H562VIT6, STM32H562ZGT6, STM32H562ZIT6, STM32H563AGI6, STM32H563AII3Q, STM32H563AII6, STM32H563IGK6, STM32H563IGT6, STM32H563IIK3Q, STM32H563IIK6, STM32H563IIT3Q, STM32H563IIT6, STM32H563MIY3QTR, STM32H563RGT6, STM32H563RGV6, STM32H563RIT6, STM32H563RIV6, STM32H563VGT6, STM32H563VIT3Q, STM32H563VIT6, STM32H563ZGT6, STM32H563ZIT3Q, STM32H563ZIT6, STM32H573AII3Q, STM32H573AII6, STM32H573I-DK, STM32H573IIK3Q, STM32H573IIK6, STM32H573IIT3Q, STM32H573IIT6, STM32H573MIY3QTR, STM32H573RIT6, STM32H573RIV6, STM32H573VIT3Q, STM32H573VIT6, STM32H573ZIT3Q, STM32H573ZIT6, STM32L4R5QGI6STR, STM32MP131AAE3, STM32MP131AAF3, STM32MP131AAG3, STM32MP131CAE3, STM32MP131CAF3, STM32MP131CAG3, STM32MP131DAE7, STM32MP131DAF7, STM32MP131DAG7, STM32MP131FAE7, STM32MP131FAF7, STM32MP131FAG7, STM32MP133AAE3, STM32MP133AAF3, STM32MP133AAG3, STM32MP133CAE3, STM32MP133CAF3, STM32MP133CAG3, STM32MP133DAE7, STM32MP133DAF7, STM32MP133DAG7, STM32MP133FAE7, STM32MP133FAF7, STM32MP133FAG7, STM32MP135AAE3, STM32MP135AAF3, STM32MP135AAG3, STM32MP135CAE3, STM32MP135CAF3, STM32MP135CAG3, STM32MP135DAE7, STM32MP135DAF7, STM32MP135DAG7, STM32MP135F-DK, STM32MP135FAE7, STM32MP135FAF7, STM32MP135FAF7T, STM32MP135FAF7U, STM32MP135FAG7, STM32U535CBT6, STM32U535CBT6Q, STM32U535CBU6, STM32U535CBU6Q, STM32U535CCT6, STM32U535CCT6Q, STM32U535CCU6, STM32U535CCU6Q, STM32U535CET6, STM32U535CET6Q, STM32U535CEU6, STM32U535CEU6Q, STM32U535JEY6QTR, STM32U535NCY6QTR, STM32U535NEY6QTR, STM32U535RBI6, STM32U535RBI6Q, STM32U535RBT6, STM32U535RBT6Q, STM32U535RCI6, STM32U535RCI6Q, STM32U535RCT6, STM32U535RCT6Q, STM32U535REI6, STM32U535REI6Q, STM32U535RET6, STM32U535RET6Q, STM32U535VCI6, STM32U535VCI6Q, STM32U535VCT6, STM32U535VCT6Q, STM32U535VEI6, STM32U535VEI6Q, STM32U535VET6, STM32U535VET6Q, STM32U545CET6, STM32U545CET6Q, STM32U545CEU6, STM32U545CEU6Q, STM32U545JEY6QTR, STM32U545NEY6QTR, STM32U545REI6, STM32U545REI6Q, STM32U545RET6, STM32U545RET6Q, STM32U545VEI6, STM32U545VEI6Q, STM32U545VET6, STM32U545VET6Q, STM32U595AIH6, STM32U595AIH6Q, STM32U595AJH6, STM32U595AJH6Q, STM32U595QII6, STM32U595QII6Q, STM32U595QJI6, STM32U595QJI6Q, STM32U595RIT6, STM32U595RIT6Q, STM32U595RJT6, STM32U595RJT6Q, STM32U595VIT6, STM32U595VIT6Q, STM32U595VJT6, STM32U595VJT6Q, STM32U595ZIT6, STM32U595ZIT6Q, STM32U595ZIY6QTR, STM32U595ZJT6, STM32U595ZJT6Q, STM32U595ZJY6QTR, STM32U599BJY6QTR, STM32U599NIH6Q, STM32U599NJH6Q, STM32U599VIT6Q, STM32U599VJT6, STM32U599VJT6Q, STM32U599ZIT6Q, STM32U599ZIY6QTR, STM32U599ZJT6Q, STM32U599ZJY6QTR, STM32U5A5AJH6, STM32U5A5AJH6Q, STM32U5A5QJI6, STM32U5A5QJI6Q, STM32U5A5RJT6, STM32U5A5RJT6Q, STM32U5A5VJT6, STM32U5A5VJT6Q, STM32U5A5ZJT6, STM32U5A5ZJT6Q, STM32U5A5ZJY6QTR, STM32U5A9BJY6QTR, STM32U5A9J-DK, STM32U5A9NJH6Q, STM32U5A9VJT6Q, STM32U5A9ZJT6Q, STM32U5A9ZJY6QTR, STM32U5F7VIT6, STM32U5F7VIT6Q, STM32U5F7VJT6, STM32U5F7VJT6Q, STM32U5F9BJY6QTR, STM32U5F9NJH6Q, STM32U5F9VIT6Q, STM32U5F9VJT6Q, STM32U5F9ZIJ6QTR, STM32U5F9ZIT6Q, STM32U5F9ZJJ6QTR, STM32U5F9ZJT6Q, STM32U5G7VJT6, STM32U5G7VJT6Q, STM32U5G9BJY6QTR, STM32U5G9J-DK1, STM32U5G9J-DK2, STM32U5G9NJH6Q, STM32U5G9VJT6Q, STM32U5G9ZJJ6QTR, STM32U5G9ZJT6Q, STM32WB1MMCH6, STM32WBA50KEU6, STM32WBA50KEU6TR, STM32WBA50KGU6, STM32WBA50KGU6TR, STM32WBA52CEU6, STM32WBA52CEU6TR, STM32WBA52CEU7, STM32WBA52CEU7TR, STM32WBA52CGU6, STM32WBA52CGU6TR, STM32WBA52CGU6U, STM32WBA52CGU7, STM32WBA52CGU7TR, STM32WBA52KEU6, STM32WBA52KEU6TR, STM32WBA52KGU6, STM32WBA52KGU6TR, STM32WBA54CEU6, STM32WBA54CEU6TR, STM32WBA54CEU7, STM32WBA54CEU7TR, STM32WBA54CGU6, STM32WBA54CGU6TR, STM32WBA54CGU7, STM32WBA54CGU7TR, STM32WBA54KEU6, STM32WBA54KEU6TR, STM32WBA54KEU7, STM32WBA54KEU7TR, STM32WBA54KGU6, STM32WBA54KGU6TR, STM32WBA54KGU7, STM32WBA54KGU7TR, STM32WBA55CEU6, STM32WBA55CEU6TR, STM32WBA55CEU7, STM32WBA55CEU7TR, STM32WBA55CGU6, STM32WBA55CGU6TR, STM32WBA55CGU6U, STM32WBA55CGU7, STM32WBA55CGU7TR, STM32WBA55G-DK1, STM32WBA55HEF6, STM32WBA55HEF7, STM32WBA55HGF6, STM32WBA55HGF7, STM32WBA55UEI6, STM32WBA55UEI6TR, STM32WBA55UEI7, STM32WBA55UEI7TR, STM32WBA55UGI6, STM32WBA55UGI6TR, STM32WBA55UGI7, STM32WBA55UGI7TR, STM32WL5MOCH6, STM32WL5MOCH6TR]
2024-03-06 10:42:56,871 [INFO] DbMcus:218 - Found 3930 MCUs, 3930 are supported
2024-03-06 10:42:56,872 [INFO] ApiDb:414 - User favorites file not found: C:\Users\revat/.stm32cubeide/favorites.mcus.txt
2024-03-06 10:42:56,872 [INFO] DbMcus:224 - Set 0 / 0 favorites MCUs
2024-03-06 10:42:57,067 [INFO] ApiDb:668 - CubeFinder database Data Model version=2.1
2024-03-06 10:42:57,067 [INFO] ApiDb:669 - CubeFinder database Configuration version=3.0.39
2024-03-06 10:42:57,068 [INFO] ApiDb:670 - CubeFinder database generation date=2024-02-19 (1708350410)
2024-03-06 10:42:57,068 [INFO] ApiDb:671 - CubeFinder database FW Pack versions=[FP-ATR-ASTRA1_V2.0.0, FP-SNS-FLIGHT1_V5.0.1, FP-SNS-FLIGHT1_V5.0.2, FP-SNS-MOTENV1_V4.3.1, FP-SNS-MOTENV1_V4.3.2, FP-SNS-MOTENVWB1_V1.3.1, FP-SNS-SMARTAG2_V1.2.0, STM32Cube_FW_C0_V1.1.0, STM32Cube_FW_F4_V1.28.0, STM32Cube_FW_F7_V1.17.0, STM32Cube_FW_G0_V1.6.2, STM32Cube_FW_G4_V1.5.2, STM32Cube_FW_H5_V0.5.1, STM32Cube_FW_H5_V1.1.1, STM32Cube_FW_H5_V1.2.0RC2, STM32Cube_FW_H7_V1.11.0, STM32Cube_FW_L0_V1.12.2, STM32Cube_FW_L5_V1.5.0, STM32Cube_FW_U5_V1.3.0RC4, STM32Cube_FW_U5_V1.4.0, STM32Cube_FW_WBA_V1.0.0RC1, STM32Cube_FW_WBA_V1.1.0RC1, STM32Cube_FW_WBA_V1.2.0, STM32Cube_FW_WBA_V1.2.0RC2, STM32Cube_FW_WB_V1.15.0RC1, STM32Cube_FW_WB_V1.16.0, STM32Cube_FW_WB_V1.16.0RC2, STM32Cube_FW_WB_V1.18.0, STM32Cube_FW_WL_V1.3.0, X-CUBE-ALGOBUILD_V1.3.0, X-CUBE-ALS_V1.0.1, X-CUBE-AZRTOS-F4_V1.1.0, X-CUBE-AZRTOS-F7_V1.1.0, X-CUBE-AZRTOS-G0_V1.1.0, X-CUBE-AZRTOS-G4_V2.0.0, X-CUBE-AZRTOS-H7_V3.2.0, X-CUBE-AZRTOS-L4_V1.0.0, X-CUBE-AZRTOS-L4_V2.0.0, X-CUBE-AZRTOS-L5_V1.1.0, X-CUBE-AZRTOS-WB_V2.0.0, X-CUBE-AZRTOS-WL_V2.0.0, X-CUBE-BLE1_V7.0.0, X-CUBE-BLE2_V3.3.0, X-CUBE-BLEMGR_V3.0.0, X-CUBE-EEPRMA1_V4.1.0, X-CUBE-EEPRMA1_V5.1.0, X-CUBE-FREERTOS_V1.1.0, X-CUBE-GNSS1_V6.0.0, X-CUBE-MEMS1_V10.0.0, X-CUBE-MEMS1_V9.1.0, X-CUBE-MEMS1_V9.4.0, X-CUBE-MEMS1_V9.6.0, X-CUBE-NFC4_V3.0.0, X-CUBE-NFC7_V1.0.1, X-CUBE-SFXS2LP1_V4.0.0, X-CUBE-SUBG2_V5.0.0, X-CUBE-TOF1_V3.4.0]
2024-03-06 10:42:57,117 [INFO] DbBoardsSqlite:226 - include board P-NUCLEO-WB55-NUCLEO as a kit item of type 'Nucleo-64'
2024-03-06 10:42:57,117 [INFO] DbBoardsSqlite:226 - include board P-NUCLEO-WB55-USBDONGLE as a kit item of type 'Nucleo USB Dongle'
2024-03-06 10:42:57,117 [INFO] DbBoardsSqlite:226 - include board STEVAL-IDP005V1 as a kit item of type 'Evaluation Board'
2024-03-06 10:42:57,117 [INFO] DbBoardsSqlite:226 - include board STEVAL-IDP005V2 as a kit item of type 'Evaluation Board'
2024-03-06 10:42:57,159 [INFO] ApiDb:240 - Found 371 in-development CPN: [B-G473E-ZEST1S, B-WB1M-WPAN1, B-WL5M-SUBG1, NUCLEO-C031C6, NUCLEO-H503RB, NUCLEO-H563ZI, NUCLEO-U545RE-Q, NUCLEO-U5A5ZJ-Q, NUCLEO-WBA52CG, NUCLEO-WBA55CG, STEVAL-MKBOXPRO, STEVAL-PROTEUS1, STEVAL-STWINBX1, STM320518-EVAL, STM32C0116-DK, STM32C011D6Y3TR, STM32C011D6Y6TR, STM32C011F4P3, STM32C011F4P6, STM32C011F4U3, STM32C011F4U6TR, STM32C011F6P3, STM32C011F6P6, STM32C011F6U3, STM32C011F6U6TR, STM32C011J4M3, STM32C011J4M6, STM32C011J6M3, STM32C011J6M6, STM32C0316-DK, STM32C031C4T3, STM32C031C4T6, STM32C031C4U3, STM32C031C4U6, STM32C031C6T3, STM32C031C6T6, STM32C031C6U3, STM32C031C6U6, STM32C031F4P3, STM32C031F4P6, STM32C031F6P3, STM32C031F6P6, STM32C031G4U3, STM32C031G4U6, STM32C031G6U3, STM32C031G6U6, STM32C031K4T3, STM32C031K4T6, STM32C031K4U3, STM32C031K4U6, STM32C031K6T3, STM32C031K6T6, STM32C031K6U3, STM32C031K6U6, STM32G071K8TXN, STM32G071K8UXN, STM32G081GBU6N, STM32G081KBT6N, STM32G081KBUXN, STM32G0B1CCT6N, STM32G0B1KCT6, STM32G0B1NEY6TR, STM32G0B1RCT6N, STM32G0C1CCT6, STM32G0C1CCT6N, STM32G0C1CCU6N, STM32G0C1CET6N, STM32G0C1CEU6N, STM32G0C1KCT6, STM32G0C1NEY6TR, STM32G0C1RCI6N, STM32G0C1RCT6N, STM32G0C1REI6N, STM32G0C1RET6N, STM32G0C1VCI6, STM32G0C1VEI6, STM32G471CCT6, STM32G471CCU6, STM32G471CET3, STM32G471CET6, STM32G471CEU3, STM32G471CEU6, STM32G471MCT6, STM32G471MET3, STM32G471MET6, STM32G471MEY6TR, STM32G471QCT6, STM32G471QET3, STM32G471RCT6, STM32G471RET3, STM32G471RET6, STM32G471VCH6, STM32G471VCI6, STM32G471VCT6, STM32G471VEH3, STM32G471VEH6, STM32G471VEI3, STM32G471VEI6, STM32G471VET3, STM32G471VET6, STM32G474CCT6, STM32H503CBT6, STM32H503CBU6, STM32H503EBY6TR, STM32H503KBU6, STM32H503RBT6, STM32H562AGI6, STM32H562AII6, STM32H562IGK6, STM32H562IGT6, STM32H562IIK6, STM32H562IIT6, STM32H562RGT6, STM32H562RGV6, STM32H562RIT6, STM32H562RIV6, STM32H562VGT6, STM32H562VIT6, STM32H562ZGT6, STM32H562ZIT6, STM32H563AGI6, STM32H563AII3Q, STM32H563AII6, STM32H563IGK6, STM32H563IGT6, STM32H563IIK3Q, STM32H563IIK6, STM32H563IIT3Q, STM32H563IIT6, STM32H563MIY3QTR, STM32H563RGT6, STM32H563RGV6, STM32H563RIT6, STM32H563RIV6, STM32H563VGT6, STM32H563VIT3Q, STM32H563VIT6, STM32H563ZGT6, STM32H563ZIT3Q, STM32H563ZIT6, STM32H573AII3Q, STM32H573AII6, STM32H573I-DK, STM32H573IIK3Q, STM32H573IIK6, STM32H573IIT3Q, STM32H573IIT6, STM32H573MIY3QTR, STM32H573RIT6, STM32H573RIV6, STM32H573VIT3Q, STM32H573VIT6, STM32H573ZIT3Q, STM32H573ZIT6, STM32L4R5QGI6STR, STM32MP131AAE3, STM32MP131AAF3, STM32MP131AAG3, STM32MP131CAE3, STM32MP131CAF3, STM32MP131CAG3, STM32MP131DAE7, STM32MP131DAF7, STM32MP131DAG7, STM32MP131FAE7, STM32MP131FAF7, STM32MP131FAG7, STM32MP133AAE3, STM32MP133AAF3, STM32MP133AAG3, STM32MP133CAE3, STM32MP133CAF3, STM32MP133CAG3, STM32MP133DAE7, STM32MP133DAF7, STM32MP133DAG7, STM32MP133FAE7, STM32MP133FAF7, STM32MP133FAG7, STM32MP135AAE3, STM32MP135AAF3, STM32MP135AAG3, STM32MP135CAE3, STM32MP135CAF3, STM32MP135CAG3, STM32MP135DAE7, STM32MP135DAF7, STM32MP135DAG7, STM32MP135F-DK, STM32MP135FAE7, STM32MP135FAF7, STM32MP135FAF7T, STM32MP135FAF7U, STM32MP135FAG7, STM32U535CBT6, STM32U535CBT6Q, STM32U535CBU6, STM32U535CBU6Q, STM32U535CCT6, STM32U535CCT6Q, STM32U535CCU6, STM32U535CCU6Q, STM32U535CET6, STM32U535CET6Q, STM32U535CEU6, STM32U535CEU6Q, STM32U535JEY6QTR, STM32U535NCY6QTR, STM32U535NEY6QTR, STM32U535RBI6, STM32U535RBI6Q, STM32U535RBT6, STM32U535RBT6Q, STM32U535RCI6, STM32U535RCI6Q, STM32U535RCT6, STM32U535RCT6Q, STM32U535REI6, STM32U535REI6Q, STM32U535RET6, STM32U535RET6Q, STM32U535VCI6, STM32U535VCI6Q, STM32U535VCT6, STM32U535VCT6Q, STM32U535VEI6, STM32U535VEI6Q, STM32U535VET6, STM32U535VET6Q, STM32U545CET6, STM32U545CET6Q, STM32U545CEU6, STM32U545CEU6Q, STM32U545JEY6QTR, STM32U545NEY6QTR, STM32U545REI6, STM32U545REI6Q, STM32U545RET6, STM32U545RET6Q, STM32U545VEI6, STM32U545VEI6Q, STM32U545VET6, STM32U545VET6Q, STM32U595AIH6, STM32U595AIH6Q, STM32U595AJH6, STM32U595AJH6Q, STM32U595QII6, STM32U595QII6Q, STM32U595QJI6, STM32U595QJI6Q, STM32U595RIT6, STM32U595RIT6Q, STM32U595RJT6, STM32U595RJT6Q, STM32U595VIT6, STM32U595VIT6Q, STM32U595VJT6, STM32U595VJT6Q, STM32U595ZIT6, STM32U595ZIT6Q, STM32U595ZIY6QTR, STM32U595ZJT6, STM32U595ZJT6Q, STM32U595ZJY6QTR, STM32U599BJY6QTR, STM32U599NIH6Q, STM32U599NJH6Q, STM32U599VIT6Q, STM32U599VJT6, STM32U599VJT6Q, STM32U599ZIT6Q, STM32U599ZIY6QTR, STM32U599ZJT6Q, STM32U599ZJY6QTR, STM32U5A5AJH6, STM32U5A5AJH6Q, STM32U5A5QJI6, STM32U5A5QJI6Q, STM32U5A5RJT6, STM32U5A5RJT6Q, STM32U5A5VJT6, STM32U5A5VJT6Q, STM32U5A5ZJT6, STM32U5A5ZJT6Q, STM32U5A5ZJY6QTR, STM32U5A9BJY6QTR, STM32U5A9J-DK, STM32U5A9NJH6Q, STM32U5A9VJT6Q, STM32U5A9ZJT6Q, STM32U5A9ZJY6QTR, STM32U5F7VIT6, STM32U5F7VIT6Q, STM32U5F7VJT6, STM32U5F7VJT6Q, STM32U5F9BJY6QTR, STM32U5F9NJH6Q, STM32U5F9VIT6Q, STM32U5F9VJT6Q, STM32U5F9ZIJ6QTR, STM32U5F9ZIT6Q, STM32U5F9ZJJ6QTR, STM32U5F9ZJT6Q, STM32U5G7VJT6, STM32U5G7VJT6Q, STM32U5G9BJY6QTR, STM32U5G9J-DK1, STM32U5G9J-DK2, STM32U5G9NJH6Q, STM32U5G9VJT6Q, STM32U5G9ZJJ6QTR, STM32U5G9ZJT6Q, STM32WB1MMCH6, STM32WBA50KEU6, STM32WBA50KEU6TR, STM32WBA50KGU6, STM32WBA50KGU6TR, STM32WBA52CEU6, STM32WBA52CEU6TR, STM32WBA52CEU7, STM32WBA52CEU7TR, STM32WBA52CGU6, STM32WBA52CGU6TR, STM32WBA52CGU6U, STM32WBA52CGU7, STM32WBA52CGU7TR, STM32WBA52KEU6, STM32WBA52KEU6TR, STM32WBA52KGU6, STM32WBA52KGU6TR, STM32WBA54CEU6, STM32WBA54CEU6TR, STM32WBA54CEU7, STM32WBA54CEU7TR, STM32WBA54CGU6, STM32WBA54CGU6TR, STM32WBA54CGU7, STM32WBA54CGU7TR, STM32WBA54KEU6, STM32WBA54KEU6TR, STM32WBA54KEU7, STM32WBA54KEU7TR, STM32WBA54KGU6, STM32WBA54KGU6TR, STM32WBA54KGU7, STM32WBA54KGU7TR, STM32WBA55CEU6, STM32WBA55CEU6TR, STM32WBA55CEU7, STM32WBA55CEU7TR, STM32WBA55CGU6, STM32WBA55CGU6TR, STM32WBA55CGU6U, STM32WBA55CGU7, STM32WBA55CGU7TR, STM32WBA55G-DK1, STM32WBA55HEF6, STM32WBA55HEF7, STM32WBA55HGF6, STM32WBA55HGF7, STM32WBA55UEI6, STM32WBA55UEI6TR, STM32WBA55UEI7, STM32WBA55UEI7TR, STM32WBA55UGI6, STM32WBA55UGI6TR, STM32WBA55UGI7, STM32WBA55UGI7TR, STM32WL5MOCH6, STM32WL5MOCH6TR]
2024-03-06 10:42:57,279 [INFO] BoardInfo:889 - No configuration file found for board P-NUCLEO-WB55
2024-03-06 10:42:57,280 [INFO] DbBoards:161 - Kit is not supported: P-NUCLEO-WB55
2024-03-06 10:42:57,285 [INFO] BoardInfo:889 - No configuration file found for board STEVAL-BFA001V1B
2024-03-06 10:42:57,285 [INFO] DbBoards:161 - Kit is not supported: STEVAL-BFA001V1B
2024-03-06 10:42:57,286 [INFO] BoardInfo:889 - No configuration file found for board STEVAL-BFA001V2B
2024-03-06 10:42:57,287 [INFO] DbBoards:161 - Kit is not supported: STEVAL-BFA001V2B
2024-03-06 10:42:57,411 [INFO] DbBoards:168 - Found 193 boards, 190 are supported
2024-03-06 10:42:57,411 [INFO] DbBoards:169 - Found 193 boards, 3 of them is supported for  Bsp
2024-03-06 10:42:57,413 [INFO] ApiDb:414 - User favorites file not found: C:\Users\revat/.stm32cubeide/favorites.boards.txt
2024-03-06 10:42:57,413 [INFO] DbBoards:198 - Set 0 / 0 favorites Boards
2024-03-06 10:42:57,416 [INFO] ApiDb:668 - CubeFinder database Data Model version=2.1
2024-03-06 10:42:57,416 [INFO] ApiDb:669 - CubeFinder database Configuration version=3.0.39
2024-03-06 10:42:57,416 [INFO] ApiDb:670 - CubeFinder database generation date=2024-02-19 (1708350410)
2024-03-06 10:42:57,416 [INFO] ApiDb:671 - CubeFinder database FW Pack versions=[FP-ATR-ASTRA1_V2.0.0, FP-SNS-FLIGHT1_V5.0.1, FP-SNS-FLIGHT1_V5.0.2, FP-SNS-MOTENV1_V4.3.1, FP-SNS-MOTENV1_V4.3.2, FP-SNS-MOTENVWB1_V1.3.1, FP-SNS-SMARTAG2_V1.2.0, STM32Cube_FW_C0_V1.1.0, STM32Cube_FW_F4_V1.28.0, STM32Cube_FW_F7_V1.17.0, STM32Cube_FW_G0_V1.6.2, STM32Cube_FW_G4_V1.5.2, STM32Cube_FW_H5_V0.5.1, STM32Cube_FW_H5_V1.1.1, STM32Cube_FW_H5_V1.2.0RC2, STM32Cube_FW_H7_V1.11.0, STM32Cube_FW_L0_V1.12.2, STM32Cube_FW_L5_V1.5.0, STM32Cube_FW_U5_V1.3.0RC4, STM32Cube_FW_U5_V1.4.0, STM32Cube_FW_WBA_V1.0.0RC1, STM32Cube_FW_WBA_V1.1.0RC1, STM32Cube_FW_WBA_V1.2.0, STM32Cube_FW_WBA_V1.2.0RC2, STM32Cube_FW_WB_V1.15.0RC1, STM32Cube_FW_WB_V1.16.0, STM32Cube_FW_WB_V1.16.0RC2, STM32Cube_FW_WB_V1.18.0, STM32Cube_FW_WL_V1.3.0, X-CUBE-ALGOBUILD_V1.3.0, X-CUBE-ALS_V1.0.1, X-CUBE-AZRTOS-F4_V1.1.0, X-CUBE-AZRTOS-F7_V1.1.0, X-CUBE-AZRTOS-G0_V1.1.0, X-CUBE-AZRTOS-G4_V2.0.0, X-CUBE-AZRTOS-H7_V3.2.0, X-CUBE-AZRTOS-L4_V1.0.0, X-CUBE-AZRTOS-L4_V2.0.0, X-CUBE-AZRTOS-L5_V1.1.0, X-CUBE-AZRTOS-WB_V2.0.0, X-CUBE-AZRTOS-WL_V2.0.0, X-CUBE-BLE1_V7.0.0, X-CUBE-BLE2_V3.3.0, X-CUBE-BLEMGR_V3.0.0, X-CUBE-EEPRMA1_V4.1.0, X-CUBE-EEPRMA1_V5.1.0, X-CUBE-FREERTOS_V1.1.0, X-CUBE-GNSS1_V6.0.0, X-CUBE-MEMS1_V10.0.0, X-CUBE-MEMS1_V9.1.0, X-CUBE-MEMS1_V9.4.0, X-CUBE-MEMS1_V9.6.0, X-CUBE-NFC4_V3.0.0, X-CUBE-NFC7_V1.0.1, X-CUBE-SFXS2LP1_V4.0.0, X-CUBE-SUBG2_V5.0.0, X-CUBE-TOF1_V3.4.0]
2024-03-06 10:42:58,189 [ERROR] DbExamplesSqlite:437 - Missing JSON key: board_cpn
2024-03-06 10:42:58,189 [ERROR] DbExamplesSqlite:437 - Missing JSON key: board_cpn
2024-03-06 10:42:58,189 [ERROR] DbExamplesSqlite:437 - Missing JSON key: board_cpn
2024-03-06 10:42:58,190 [ERROR] DbExamplesSqlite:437 - Missing JSON key: board_cpn
2024-03-06 10:42:58,225 [INFO] DbExamplesSqlite:395 - Ignored 55 examples not supported by CubeIDE
2024-03-06 10:42:58,226 [INFO] DbExamplesSqlite:396 - Found 7564 examples active
2024-03-06 10:42:58,226 [INFO] DbExamplesSqlite:397 - Found 844 examples obsolete
2024-03-06 10:42:58,226 [INFO] DbExamplesSqlite:398 - Found 0 examples under development
2024-03-06 10:42:58,226 [INFO] DbExamplesSqlite:399 - Found 8 examples not building
2024-03-06 10:42:58,227 [INFO] DbExamples:125 - Found 7517 examples
2024-03-06 10:42:58,239 [INFO] DbExamples:222 - Found 95 boards with related examples
2024-03-06 10:42:58,240 [INFO] DbExamples:235 - Found 80 MCUs with related examples
2024-03-06 10:42:58,259 [INFO] ApiDb:414 - User favorites file not found: C:\Users\revat/.stm32cubeide/favorites.examples.txt
2024-03-06 10:42:58,259 [INFO] DbExamples:250 - Set 0 / 0 favorites Examples
2024-03-06 10:42:58,414 [INFO] McuFinderGlobals:76 - Set McuFinderConnectedMode to true
2024-03-06 10:42:58,423 [INFO] MultiScanPanel:200 - Auto-refresh data requested => check proxy status ongoing
2024-03-06 10:42:58,426 [INFO] FinderPluginLoader:95 - Searching for filters in installed packs
2024-03-06 10:42:59,388 [INFO] LoadUrlFilesThread:185 - End of LoadServerUrlFiles without Thread
2024-03-06 10:42:59,396 [INFO] DetailPanel:341 - Set advertising image to C:/Users/revat/STM32Cube/Repository/\en.prom-stm32wl3-mcu-finder.jpg
2024-03-06 10:43:03,919 [INFO] MultiScanPanel:200 - Auto-refresh data requested => check proxy status ongoing
2024-03-06 10:43:04,065 [INFO] LoadUrlFilesThread:185 - End of LoadServerUrlFiles without Thread
2024-03-06 10:43:04,065 [INFO] DetailPanel:341 - Set advertising image to C:/Users/revat/STM32Cube/Repository/\en.prom-stm32wl3-mcu-finder.jpg
2024-03-06 10:43:04,080 [INFO] DbBoards:642 - Loading board mini-images...
2024-03-06 10:43:04,970 [ERROR] DbBoards:659 - Image file not found for board NUCLEO-WBA55CG: C:\Users\revat\.stmcufinder\plugins\mcufinder//mcu//boards_images/NUCLEO-WBA55CG.jpg
2024-03-06 10:43:06,098 [ERROR] DbBoards:659 - Image file not found for board STM32WBA55G-DK1: C:\Users\revat\.stmcufinder\plugins\mcufinder//mcu//boards_images/STM32WBA55G-DK1.jpg
2024-03-06 10:43:06,099 [INFO] DbBoards:665 - Loaded 191 board mini-images
2024-03-06 11:55:05,861 [INFO] MainUpdater:2873 - connection check result : 10
2024-03-06 11:55:05,862 [INFO] MainUpdater:2873 - connection check result : 10
2024-03-06 11:55:05,951 [INFO] MicroXplorer:468 - Change Database Path : 
2024-03-06 11:55:05,951 [INFO] MicroXplorer:498 - Change Database Version : DB.6.0.100
2024-03-06 11:55:05,996 [WARN] ThirdParty:871 - waiting for thirdparty lock release [close project]
2024-03-06 11:55:05,997 [INFO] ThirdParty:873 - entering critical section [close project]
2024-03-06 11:55:05,999 [INFO] ThirdParty:883 - exiting critical section [close project]
2024-03-06 11:55:06,004 [INFO] PinOutPanel:1499 - setPackage(No Configuration,No Configuration)
2024-03-06 11:55:06,013 [INFO] UtilMem:75 - Begin LoadConfig() Used Memory: 878117680 Bytes (1073741824)
2024-03-06 11:55:06,015 [INFO] MicroXplorer:468 - Change Database Path : 
2024-03-06 11:55:06,015 [INFO] MicroXplorer:498 - Change Database Version : DB.6.0.100
2024-03-06 11:55:06,016 [INFO] OpenFileManager:312 - Change cursor
2024-03-06 11:55:06,061 [WARN] IntegrityCheckThread:84 - waiting for thirdparty lock release [integrity check]
2024-03-06 11:55:06,061 [INFO] IntegrityCheckThread:86 - entering critical section [integrity check]
2024-03-06 11:55:06,313 [WARN] PackLoader:240 - Cannot read IP mode file for STMicroelectronics.X-CUBE-SMBUS.2.1.0
2024-03-06 11:55:06,336 [WARN] PackLoader:240 - Cannot read IP mode file for STMicroelectronics.X-CUBE-TOUCHGFX.4.23.0
2024-03-06 11:55:06,457 [WARN] PackLoader:240 - Cannot read IP mode file for STMicroelectronics.X-CUBE-AZRTOS-F7.1.1.0
2024-03-06 11:55:06,472 [WARN] PackLoader:240 - Cannot read IP mode file for STMicroelectronics.FP-SNS-MOTENV1.4.3.2
2024-03-06 11:55:06,480 [WARN] PackLoader:240 - Cannot read IP mode file for STMicroelectronics.FP-SNS-FLIGHT1.5.0.2
2024-03-06 11:55:06,486 [WARN] PackLoader:240 - Cannot read IP mode file for STMicroelectronics.X-CUBE-DISPLAY.3.0.0
2024-03-06 11:55:06,494 [WARN] PackLoader:240 - Cannot read IP mode file for STMicroelectronics.X-CUBE-BLE1.7.0.0
2024-03-06 11:55:06,499 [WARN] PackLoader:240 - Cannot read IP mode file for emotas.I-CUBE-CANOPEN.1.3.0
2024-03-06 11:55:06,508 [WARN] PackLoader:240 - Cannot read IP mode file for STMicroelectronics.X-CUBE-BLEMGR.3.1.0
2024-03-06 11:55:06,514 [WARN] PackLoader:240 - Cannot read IP mode file for STMicroelectronics.FP-SNS-SMARTAG2.1.2.0
2024-03-06 11:55:06,522 [INFO] LogOutputStream:77 - [STDOUT_REDIRECT] 1 : Invalid condition id : UX_CORESTACK_Condition cause : null
2024-03-06 11:55:06,524 [INFO] LogOutputStream:77 - [STDOUT_REDIRECT] 1 : Invalid condition id : UX_CORESTACK_Condition cause : null
2024-03-06 11:55:06,526 [INFO] LogOutputStream:77 - [STDOUT_REDIRECT] 1 : Invalid condition id : UX_CORESTACK_Condition cause : null
2024-03-06 11:55:06,527 [INFO] LogOutputStream:77 - [STDOUT_REDIRECT] 1 : Invalid condition id : UX_CORESTACK_Condition cause : null
2024-03-06 11:55:06,529 [INFO] LogOutputStream:77 - [STDOUT_REDIRECT] 1 : Invalid condition id : UX_CORESTACK_Condition cause : null
2024-03-06 11:55:06,532 [WARN] PackLoader:240 - Cannot read IP mode file for STMicroelectronics.X-CUBE-AZRTOS-WL.2.0.0
2024-03-06 11:55:06,539 [WARN] PackLoader:240 - Cannot read IP mode file for WES.I-CUBE-Cesium.1.3.0
2024-03-06 11:55:06,544 [WARN] PackLoader:240 - Cannot read IP mode file for STMicroelectronics.X-CUBE-BLE2.3.3.0
2024-03-06 11:55:06,551 [WARN] PackLoader:240 - Cannot read IP mode file for STMicroelectronics.X-CUBE-ALGOBUILD.1.3.0
2024-03-06 11:55:06,565 [WARN] PackLoader:240 - Cannot read IP mode file for STMicroelectronics.X-CUBE-AZRTOS-G0.1.1.0
2024-03-06 11:55:06,572 [WARN] PackLoader:240 - Cannot read IP mode file for STMicroelectronics.X-CUBE-NFC4.3.0.0
2024-03-06 11:55:06,577 [WARN] PackLoader:240 - Cannot read IP mode file for STMicroelectronics.FP-ATR-SIGFOX1.3.2.0
2024-03-06 11:55:06,583 [WARN] PackLoader:240 - Cannot read IP mode file for STMicroelectronics.X-CUBE-EEPRMA1.5.1.0
2024-03-06 11:55:06,603 [WARN] PackLoader:240 - Cannot read IP mode file for SEGGER.I-CUBE-embOS.1.3.1
2024-03-06 11:55:06,622 [WARN] PackLoader:240 - Cannot read IP mode file for STMicroelectronics.X-CUBE-GNSS1.6.0.0
2024-03-06 11:55:06,634 [WARN] PackLoader:240 - Cannot read IP mode file for STMicroelectronics.X-CUBE-AZRTOS-F4.1.1.0
2024-03-06 11:55:06,638 [WARN] PackLoader:240 - Cannot read IP mode file for wolfSSL.I-CUBE-wolfSSL.5.6.6
2024-03-06 11:55:06,648 [WARN] PackLoader:240 - Cannot read IP mode file for STMicroelectronics.X-CUBE-AZRTOS-L5.2.0.0
2024-03-06 11:55:06,654 [WARN] PackLoader:240 - Cannot read IP mode file for ITTIA_DB.I-CUBE-ITTIADB.8.8.0
2024-03-06 11:55:06,659 [WARN] PackLoader:240 - Cannot read IP mode file for STMicroelectronics.X-CUBE-NFC7.1.0.1
2024-03-06 11:55:06,666 [WARN] PackLoader:240 - Cannot read IP mode file for STMicroelectronics.X-CUBE-NFC6.3.0.0
2024-03-06 11:55:06,670 [WARN] PackLoader:240 - Cannot read IP mode file for STMicroelectronics.X-CUBE-AI.8.1.0
2024-03-06 11:55:06,679 [WARN] ConditionMgr:438 - getConditionDescription Invalid condition id : LAN8742 Phy interface Condition cause : null
2024-03-06 11:55:06,680 [WARN] PackLoader:240 - Cannot read IP mode file for STMicroelectronics.X-CUBE-AZRTOS-L4.2.0.0
2024-03-06 11:55:06,681 [WARN] ConditionMgr:1039 - genDependencies : Invalid condition id : LAN8742 Phy interface Condition cause : null
2024-03-06 11:55:06,681 [WARN] ConditionMgr:1039 - genDependencies : Invalid condition id : LAN8742 Phy interface Condition cause : null
2024-03-06 11:55:06,681 [WARN] ConditionMgr:1039 - genDependencies : Invalid condition id : LAN8742 Phy interface Condition cause : null
2024-03-06 11:55:06,686 [WARN] PackLoader:240 - Cannot read IP mode file for STMicroelectronics.X-CUBE-SFXS2LP1.4.0.0
2024-03-06 11:55:06,696 [WARN] ConditionMgr:438 - getConditionDescription Invalid condition id : UX DEVICE CLASS RTOS Condition cause : null
2024-03-06 11:55:06,696 [WARN] ConditionMgr:438 - getConditionDescription Invalid condition id : UX DEVICE CLASS RTOS Condition cause : null
2024-03-06 11:55:06,698 [WARN] PackLoader:240 - Cannot read IP mode file for STMicroelectronics.X-CUBE-AZRTOS-WB.2.0.0
2024-03-06 11:55:06,698 [WARN] ConditionMgr:1039 - genDependencies : Invalid condition id : UX DEVICE CLASS RTOS Condition cause : null
2024-03-06 11:55:06,698 [WARN] ConditionMgr:1039 - genDependencies : Invalid condition id : UX DEVICE CLASS RTOS Condition cause : null
2024-03-06 11:55:06,699 [WARN] ConditionMgr:1039 - genDependencies : Invalid condition id : UX DEVICE CLASS RTOS Condition cause : null
2024-03-06 11:55:06,699 [WARN] ConditionMgr:1039 - genDependencies : Invalid condition id : UX DEVICE CLASS RTOS Condition cause : null
2024-03-06 11:55:06,699 [WARN] ConditionMgr:1039 - genDependencies : Invalid condition id : UX DEVICE CLASS RTOS Condition cause : null
2024-03-06 11:55:06,712 [WARN] PackLoader:240 - Cannot read IP mode file for STMicroelectronics.X-CUBE-SUBG2.5.0.0
2024-03-06 11:55:06,723 [WARN] PackLoader:240 - Cannot read IP mode file for STMicroelectronics.X-CUBE-AZRTOS-G4.2.0.0
2024-03-06 11:55:06,731 [WARN] PackLoader:240 - Cannot read IP mode file for Infineon.AIROC-Wi-Fi-Bluetooth-STM32.1.5.1
2024-03-06 11:55:06,737 [WARN] PackLoader:240 - Cannot read IP mode file for STMicroelectronics.FP-SNS-MOTENVWB1.1.3.1
2024-03-06 11:55:06,740 [WARN] PackLoader:240 - Cannot read IP mode file for STMicroelectronics.X-CUBE-ISPU.2.0.0
2024-03-06 11:55:06,759 [WARN] PackLoader:240 - Cannot read IP mode file for STMicroelectronics.X-CUBE-MEMS1.10.0.0
2024-03-06 11:55:06,857 [WARN] PackLoader:240 - Cannot read IP mode file for STMicroelectronics.X-CUBE-FREERTOS.1.1.0
2024-03-06 11:55:06,869 [WARN] PackLoader:240 - Cannot read IP mode file for portGmbH.I-Cube-SoM-uGOAL.1.1.0
2024-03-06 11:55:06,873 [WARN] PackLoader:240 - Cannot read IP mode file for STMicroelectronics.X-CUBE-ALS.1.0.1
2024-03-06 11:55:06,878 [WARN] PackLoader:240 - Cannot read IP mode file for STMicroelectronics.FP-ATR-ASTRA1.2.0.0
2024-03-06 11:55:06,887 [WARN] PackLoader:240 - Cannot read IP mode file for STMicroelectronics.X-CUBE-TOF1.3.4.1
2024-03-06 11:55:06,906 [WARN] PackLoader:240 - Cannot read IP mode file for STMicroelectronics.X-CUBE-AZRTOS-H7.3.2.0
2024-03-06 11:55:06,908 [INFO] ThirdParty:978 - Integrity check success = true
2024-03-06 11:55:06,908 [INFO] IntegrityCheckThread:100 - exiting critical section [integrity check]
2024-03-06 11:55:06,908 [INFO] IntegrityCheckThread:103 - End integrity checks thread
2024-03-06 11:55:07,008 [INFO] Mcu:2016 - Initializing MCU STM32F401RETx STM32F401RETx STM32F401RET6
2024-03-06 11:55:08,310 [INFO] Context:659 - Trying to add GPIOservice into a context  which must be forbidden
2024-03-06 11:55:08,631 [INFO] ImportTextPane:194 - (OptionalMessage_ERROR) Unable to find key (Mcu.ThirdPartyNb) in loaded IOC file
2024-03-06 11:55:08,631 [INFO] ImportTextPane:194 - (OptionalMessage_ERROR) Unable to find key (Mcu.PinsNb) in loaded IOC file
2024-03-06 11:55:08,631 [INFO] ImportTextPane:194 - (OptionalMessage_ERROR) Unable to find key (Mcu.IPNb) in loaded IOC file
2024-03-06 11:55:08,710 [INFO] RtosManager:555 - Registered RTOS mode: class=CMSIS, group=RTOS, mode=CMSIS_V1, owner=FREERTOS
2024-03-06 11:55:08,710 [INFO] RtosManager:555 - Registered RTOS mode: class=CMSIS, group=RTOS2, mode=CMSIS_V2, owner=FREERTOS
2024-03-06 11:55:08,711 [INFO] RtosManager:555 - Registered RTOS mode: class=RTOS, group=Core, mode=CMSIS_V1, owner=FREERTOS
2024-03-06 11:55:08,711 [INFO] RtosManager:555 - Registered RTOS mode: class=RTOS, group=Core, mode=CMSIS_V2, owner=FREERTOS
2024-03-06 11:55:08,711 [WARN] ModelIntegratedComponent:184 - Missing modes for component STMicroelectronics:FreeRTOS:0.0.1:STMicroelectronics:RTOS:FreeRTOS:Core:::10.2.0:
2024-03-06 11:55:08,723 [WARN] ModelIntegratedComponent:63 - No mode defined for component null
2024-03-06 11:55:08,723 [WARN] ModelIntegratedComponent:63 - No mode defined for component null
2024-03-06 11:55:08,723 [WARN] ModelIntegratedComponent:63 - No mode defined for component null
2024-03-06 11:55:08,723 [WARN] ModelIntegratedComponent:63 - No mode defined for component null
2024-03-06 11:55:08,723 [WARN] ModelIntegratedComponent:63 - No mode defined for component null
2024-03-06 11:55:08,723 [WARN] ModelIntegratedComponent:63 - No mode defined for component null
2024-03-06 11:55:08,723 [WARN] ModelIntegratedComponent:63 - No mode defined for component null
2024-03-06 11:55:08,723 [WARN] ModelIntegratedComponent:63 - No mode defined for component null
2024-03-06 11:55:08,723 [WARN] ModelIntegratedComponent:63 - No mode defined for component null
2024-03-06 11:55:08,723 [WARN] ModelIntegratedComponent:63 - No mode defined for component null
2024-03-06 11:55:08,723 [WARN] ModelIntegratedComponent:63 - No mode defined for component null
2024-03-06 11:55:08,723 [WARN] ModelIntegratedComponent:63 - No mode defined for component null
2024-03-06 11:55:08,723 [WARN] ModelIntegratedComponent:63 - No mode defined for component null
2024-03-06 11:55:08,723 [WARN] ModelIntegratedComponent:63 - No mode defined for component null
2024-03-06 11:55:08,723 [WARN] ModelIntegratedComponent:63 - No mode defined for component null
2024-03-06 11:55:08,723 [WARN] ModelIntegratedComponent:63 - No mode defined for component null
2024-03-06 11:55:08,723 [WARN] ModelIntegratedComponent:63 - No mode defined for component null
2024-03-06 11:55:08,723 [WARN] ModelIntegratedComponent:63 - No mode defined for component null
2024-03-06 11:55:08,723 [WARN] ModelIntegratedComponent:63 - No mode defined for component null
2024-03-06 11:55:08,723 [WARN] ModelIntegratedComponent:63 - No mode defined for component null
2024-03-06 11:55:08,723 [WARN] ModelIntegratedComponent:63 - No mode defined for component null
2024-03-06 11:55:08,723 [WARN] ModelIntegratedComponent:63 - No mode defined for component null
2024-03-06 11:55:08,723 [WARN] ModelIntegratedComponent:63 - No mode defined for component null
2024-03-06 11:55:08,723 [WARN] ModelIntegratedComponent:63 - No mode defined for component null
2024-03-06 11:55:08,723 [WARN] ModelIntegratedComponent:63 - No mode defined for component null
2024-03-06 11:55:08,723 [WARN] ModelIntegratedComponent:63 - No mode defined for component null
2024-03-06 11:55:08,723 [WARN] ModelIntegratedComponent:63 - No mode defined for component null
2024-03-06 11:55:08,723 [WARN] ModelIntegratedComponent:63 - No mode defined for component null
2024-03-06 11:55:08,723 [WARN] ModelIntegratedComponent:63 - No mode defined for component null
2024-03-06 11:55:08,724 [WARN] ModelIntegratedComponent:63 - No mode defined for component null
2024-03-06 11:55:08,724 [WARN] ModelIntegratedComponent:63 - No mode defined for component null
2024-03-06 11:55:08,724 [WARN] ModelIntegratedComponent:63 - No mode defined for component null
2024-03-06 11:55:08,724 [WARN] ModelIntegratedComponent:63 - No mode defined for component null
2024-03-06 11:55:08,811 [INFO] ThirdPartyModel:298 - Start build external matchings
2024-03-06 11:55:09,045 [INFO] ThirdPartyModel:316 - End build external matchings
2024-03-06 11:55:09,343 [INFO] UtilMem:75 - End LoadConfig() Used Memory: 438608648 Bytes (880803840)
2024-03-06 11:55:09,362 [INFO] MicroXplorer:468 - Change Database Path : 
2024-03-06 11:55:09,362 [INFO] MicroXplorer:498 - Change Database Version : DB.6.0.100
2024-03-06 11:55:09,363 [WARN] ThirdParty:833 - waiting for thirdparty lock release [change project]
2024-03-06 11:55:09,363 [INFO] ThirdParty:835 - entering critical section [change project]
2024-03-06 11:55:09,363 [INFO] ThirdParty:1030 - CMSIS Pack Vendor :STMicroelectronics USBPD 4.1
2024-03-06 11:55:09,363 [INFO] ThirdParty:1030 - CMSIS Pack Vendor :STMicroelectronics X-CUBE-GNSS1 6.0.0
2024-03-06 11:55:09,363 [INFO] ThirdParty:1030 - CMSIS Pack Vendor :STMicroelectronics USB_HOST 2.0.0
2024-03-06 11:55:09,363 [INFO] ThirdParty:1030 - CMSIS Pack Vendor :STMicroelectronics X-CUBE-AZRTOS-F4 1.1.0
2024-03-06 11:55:09,363 [INFO] ThirdParty:1030 - CMSIS Pack Vendor :STMicroelectronics LIBJPEG 8.0.0
2024-03-06 11:55:09,363 [INFO] ThirdParty:1030 - CMSIS Pack Vendor :STMicroelectronics X-CUBE-SMBUS 2.1.0
2024-03-06 11:55:09,363 [INFO] ThirdParty:1030 - CMSIS Pack Vendor :STMicroelectronics USB_DEVICE 3.0.0
2024-03-06 11:55:09,363 [INFO] ThirdParty:1030 - CMSIS Pack Vendor :STMicroelectronics X-CUBE-AZRTOS-WB 2.0.0
2024-03-06 11:55:09,363 [INFO] ThirdParty:1030 - CMSIS Pack Vendor :wolfSSL I-CUBE-wolfSSL 5.6.6
2024-03-06 11:55:09,363 [INFO] ThirdParty:1030 - CMSIS Pack Vendor :STMicroelectronics X-CUBE-TOUCHGFX 4.23.0
2024-03-06 11:55:09,363 [INFO] ThirdParty:1030 - CMSIS Pack Vendor :STMicroelectronics X-CUBE-AZRTOS-F7 1.1.0
2024-03-06 11:55:09,363 [INFO] ThirdParty:1030 - CMSIS Pack Vendor :STMicroelectronics X-CUBE-AZRTOS-L5 2.0.0
2024-03-06 11:55:09,363 [INFO] ThirdParty:1030 - CMSIS Pack Vendor :STMicroelectronics USB_DEVICE 2.0.0
2024-03-06 11:55:09,363 [INFO] ThirdParty:1030 - CMSIS Pack Vendor :ITTIA_DB I-CUBE-ITTIADB 8.8.0
2024-03-06 11:55:09,363 [INFO] ThirdParty:1030 - CMSIS Pack Vendor :STMicroelectronics FP-SNS-MOTENV1 4.3.2
2024-03-06 11:55:09,363 [INFO] ThirdParty:1030 - CMSIS Pack Vendor :STMicroelectronics X-CUBE-ALGOBUILD 1.3.0
2024-03-06 11:55:09,363 [INFO] ThirdParty:1030 - CMSIS Pack Vendor :STMicroelectronics FreeRTOS 0.0.1
2024-03-06 11:55:09,363 [INFO] ThirdParty:1030 - CMSIS Pack Vendor :STMicroelectronics X-CUBE-AZRTOS-G0 1.1.0
2024-03-06 11:55:09,363 [INFO] ThirdParty:1030 - CMSIS Pack Vendor :STMicroelectronics X-CUBE-NFC4 3.0.0
2024-03-06 11:55:09,363 [INFO] ThirdParty:1030 - CMSIS Pack Vendor :STMicroelectronics X-CUBE-SUBG2 5.0.0
2024-03-06 11:55:09,363 [INFO] ThirdParty:1030 - CMSIS Pack Vendor :STMicroelectronics STM32_WPAN 1.0.0
2024-03-06 11:55:09,363 [INFO] ThirdParty:1030 - CMSIS Pack Vendor :STMicroelectronics lwIP 2.0.3
2024-03-06 11:55:09,363 [INFO] ThirdParty:1030 - CMSIS Pack Vendor :STMicroelectronics FP-SNS-FLIGHT1 5.0.2
2024-03-06 11:55:09,363 [INFO] ThirdParty:1030 - CMSIS Pack Vendor :STMicroelectronics USB_HOST 1.0.0
2024-03-06 11:55:09,363 [INFO] ThirdParty:1030 - CMSIS Pack Vendor :STMicroelectronics X-CUBE-AZRTOS-G4 2.0.0
2024-03-06 11:55:09,364 [INFO] ThirdParty:1030 - CMSIS Pack Vendor :STMicroelectronics PDM2PCM 3.1.0
2024-03-06 11:55:09,364 [INFO] ThirdParty:1030 - CMSIS Pack Vendor :Infineon AIROC-Wi-Fi-Bluetooth-STM32 1.5.1
2024-03-06 11:55:09,364 [INFO] ThirdParty:1030 - CMSIS Pack Vendor :STMicroelectronics PDM2PCM 3.3.0
2024-03-06 11:55:09,364 [INFO] ThirdParty:1030 - CMSIS Pack Vendor :STMicroelectronics X-CUBE-DISPLAY 3.0.0
2024-03-06 11:55:09,364 [INFO] ThirdParty:1030 - CMSIS Pack Vendor :STMicroelectronics FP-SNS-MOTENVWB1 1.3.1
2024-03-06 11:55:09,364 [INFO] ThirdParty:1030 - CMSIS Pack Vendor :STMicroelectronics X-CUBE-BLE1 7.0.0
2024-03-06 11:55:09,364 [INFO] ThirdParty:1030 - CMSIS Pack Vendor :STMicroelectronics FP-ATR-SIGFOX1 3.2.0
2024-03-06 11:55:09,364 [INFO] ThirdParty:1030 - CMSIS Pack Vendor :STMicroelectronics X-CUBE-ISPU 2.0.0
2024-03-06 11:55:09,364 [INFO] ThirdParty:1030 - CMSIS Pack Vendor :STMicroelectronics X-CUBE-EEPRMA1 5.1.0
2024-03-06 11:55:09,364 [INFO] ThirdParty:1030 - CMSIS Pack Vendor :STMicroelectronics HAL Drivers 0.0.0
2024-03-06 11:55:09,364 [INFO] ThirdParty:1030 - CMSIS Pack Vendor :STMicroelectronics MBEDTLS 2.16.2
2024-03-06 11:55:09,364 [INFO] ThirdParty:1030 - CMSIS Pack Vendor :emotas I-CUBE-CANOPEN 1.3.0
2024-03-06 11:55:09,364 [INFO] ThirdParty:1030 - CMSIS Pack Vendor :STMicroelectronics X-CUBE-MEMS1 10.0.0
2024-03-06 11:55:09,364 [INFO] ThirdParty:1030 - CMSIS Pack Vendor :STMicroelectronics X-CUBE-FREERTOS 1.1.0
2024-03-06 11:55:09,364 [INFO] ThirdParty:1030 - CMSIS Pack Vendor :STMicroelectronics X-CUBE-NFC7 1.0.1
2024-03-06 11:55:09,364 [INFO] ThirdParty:1030 - CMSIS Pack Vendor :STMicroelectronics MBEDTLS 2.14.1
2024-03-06 11:55:09,364 [INFO] ThirdParty:1030 - CMSIS Pack Vendor :STMicroelectronics X-CUBE-NFC6 3.0.0
2024-03-06 11:55:09,364 [INFO] ThirdParty:1030 - CMSIS Pack Vendor :portGmbH I-Cube-SoM-uGOAL 1.1.0
2024-03-06 11:55:09,364 [INFO] ThirdParty:1030 - CMSIS Pack Vendor :STMicroelectronics X-CUBE-ALS 1.0.1
2024-03-06 11:55:09,364 [INFO] ThirdParty:1030 - CMSIS Pack Vendor :STMicroelectronics X-CUBE-BLEMGR 3.1.0
2024-03-06 11:55:09,364 [INFO] ThirdParty:1030 - CMSIS Pack Vendor :STMicroelectronics ThreadX 1.0.0
2024-03-06 11:55:09,364 [INFO] ThirdParty:1030 - CMSIS Pack Vendor :STMicroelectronics FP-SNS-SMARTAG2 1.2.0
2024-03-06 11:55:09,365 [INFO] ThirdParty:1030 - CMSIS Pack Vendor :STMicroelectronics X-CUBE-AZRTOS-WL 2.0.0
2024-03-06 11:55:09,365 [INFO] ThirdParty:1030 - CMSIS Pack Vendor :SEGGER I-CUBE-embOS 1.3.1
2024-03-06 11:55:09,365 [INFO] ThirdParty:1030 - CMSIS Pack Vendor :STMicroelectronics USB_DEVICE 1.0.0
2024-03-06 11:55:09,365 [INFO] ThirdParty:1030 - CMSIS Pack Vendor :STMicroelectronics X-CUBE-AI 8.1.0
2024-03-06 11:55:09,365 [INFO] ThirdParty:1030 - CMSIS Pack Vendor :STMicroelectronics X-CUBE-AZRTOS-L4 2.0.0
2024-03-06 11:55:09,365 [INFO] ThirdParty:1030 - CMSIS Pack Vendor :STMicroelectronics ThreadX 0.0.2
2024-03-06 11:55:09,365 [INFO] ThirdParty:1030 - CMSIS Pack Vendor :WES I-CUBE-Cesium 1.3.0
2024-03-06 11:55:09,365 [INFO] ThirdParty:1030 - CMSIS Pack Vendor :STMicroelectronics FP-ATR-ASTRA1 2.0.0
2024-03-06 11:55:09,365 [INFO] ThirdParty:1030 - CMSIS Pack Vendor :STMicroelectronics lwIP 2.1.2
2024-03-06 11:55:09,365 [INFO] ThirdParty:1030 - CMSIS Pack Vendor :STMicroelectronics X-CUBE-SFXS2LP1 4.0.0
2024-03-06 11:55:09,365 [INFO] ThirdParty:1030 - CMSIS Pack Vendor :STMicroelectronics X-CUBE-BLE2 3.3.0
2024-03-06 11:55:09,365 [INFO] ThirdParty:1030 - CMSIS Pack Vendor :STMicroelectronics X-CUBE-TOF1 3.4.1
2024-03-06 11:55:09,365 [INFO] ThirdParty:1030 - CMSIS Pack Vendor :STMicroelectronics X-CUBE-AZRTOS-H7 3.2.0
2024-03-06 11:55:09,365 [INFO] ThirdParty:1030 - CMSIS Pack Vendor :STMicroelectronics PDM2PCM 3.2.0
2024-03-06 11:55:09,366 [INFO] ThirdParty:841 - exiting critical section [change project]
2024-03-06 11:55:09,634 [INFO] PinOutPanel:1499 - setPackage(No Configuration,No Configuration)
2024-03-06 11:55:09,637 [INFO] PinOutPanel:1499 - setPackage(STM32F401RETx,LQFP64)
2024-03-06 11:55:10,147 [INFO] UtilMem:75 - Before build in PCC Used Memory: 229896048 Bytes (741343232)
2024-03-06 11:55:10,977 [INFO] UtilMem:75 - After build in PCC Used Memory: 301725552 Bytes (741343232)
2024-03-06 11:55:11,002 [INFO] IPUIPlugin:80 - create IPUIPlugin
2024-03-06 11:55:11,002 [INFO] IPUIPlugin:80 - create IPUIPlugin
2024-03-06 11:55:11,003 [INFO] IPUIPlugin:80 - create IPUIPlugin
2024-03-06 11:55:11,003 [INFO] IPUIPlugin:80 - create IPUIPlugin
2024-03-06 11:55:11,003 [INFO] IPUIPlugin:80 - create IPUIPlugin
2024-03-06 11:55:11,003 [INFO] IPUIPlugin:80 - create IPUIPlugin
2024-03-06 11:55:11,003 [INFO] IPUIPlugin:80 - create IPUIPlugin
2024-03-06 11:55:11,003 [INFO] IPUIPlugin:80 - create IPUIPlugin
2024-03-06 11:55:11,003 [INFO] IPUIPlugin:80 - create IPUIPlugin
2024-03-06 11:55:11,003 [INFO] IPUIPlugin:80 - create IPUIPlugin
2024-03-06 11:55:11,003 [INFO] IPUIPlugin:80 - create IPUIPlugin
2024-03-06 11:55:11,003 [INFO] IPUIPlugin:80 - create IPUIPlugin
2024-03-06 11:55:11,003 [INFO] IPUIPlugin:80 - create IPUIPlugin
2024-03-06 11:55:11,004 [INFO] IPUIPlugin:80 - create IPUIPlugin
2024-03-06 11:55:11,004 [INFO] IPUIPlugin:80 - create IPUIPlugin
2024-03-06 11:55:11,004 [INFO] IPUIPlugin:80 - create IPUIPlugin
2024-03-06 11:55:11,004 [INFO] IPUIPlugin:80 - create IPUIPlugin
2024-03-06 11:55:11,004 [INFO] IPUIPlugin:80 - create IPUIPlugin
2024-03-06 11:55:11,004 [INFO] IPUIPlugin:80 - create IPUIPlugin
2024-03-06 11:55:11,004 [INFO] IPUIPlugin:80 - create IPUIPlugin
2024-03-06 11:55:11,005 [INFO] IPUIPlugin:80 - create IPUIPlugin
2024-03-06 11:55:11,005 [INFO] IPUIPlugin:80 - create IPUIPlugin
2024-03-06 11:55:11,005 [INFO] IPUIPlugin:80 - create IPUIPlugin
2024-03-06 11:55:11,005 [INFO] IPUIPlugin:80 - create IPUIPlugin
2024-03-06 11:55:11,005 [INFO] IPUIPlugin:80 - create IPUIPlugin
2024-03-06 11:55:11,005 [INFO] IPUIPlugin:80 - create IPUIPlugin
2024-03-06 11:55:11,005 [INFO] IPUIPlugin:80 - create IPUIPlugin
2024-03-06 11:55:11,005 [INFO] IPUIPlugin:80 - create IPUIPlugin
2024-03-06 11:55:11,005 [INFO] IPUIPlugin:80 - create IPUIPlugin
2024-03-06 11:55:11,005 [INFO] IPUIPlugin:80 - create IPUIPlugin
2024-03-06 11:55:11,005 [INFO] IPUIPlugin:80 - create IPUIPlugin
2024-03-06 11:55:11,006 [INFO] IPUIPlugin:80 - create IPUIPlugin
2024-03-06 11:55:11,006 [INFO] IPUIPlugin:80 - create IPUIPlugin
2024-03-06 11:55:11,006 [INFO] IPUIPlugin:80 - create IPUIPlugin
2024-03-06 11:55:11,006 [INFO] IPUIPlugin:80 - create IPUIPlugin
2024-03-06 11:55:11,006 [INFO] IPUIPlugin:80 - create IPUIPlugin
2024-03-06 11:55:11,006 [INFO] IPUIPlugin:80 - create IPUIPlugin
2024-03-06 11:55:11,006 [INFO] IPUIPlugin:80 - create IPUIPlugin
2024-03-06 11:55:11,140 [INFO] ApiDbMcu:508 - Load IP Config File for PDM2PCM
2024-03-06 11:55:11,325 [INFO] CADModel:165 - CPN selected for project levelSTM32F401RET6
2024-03-06 11:55:11,325 [INFO] CADModel:114 - Register for checkConnection events
2024-03-06 11:55:11,375 [INFO] OpenFileManager:343 - Restore cursor
2024-03-06 11:55:12,245 [INFO] UtilMem:75 - End SaveConfig() Used Memory: 393623256 Bytes (741343232)
2024-03-06 11:55:30,587 [INFO] McuFinderGlobals:76 - Set McuFinderConnectedMode to true
2024-03-06 11:55:30,589 [INFO] ApiDb:448 - Save user favorites file C:\Users\revat/.stm32cubeide/favorites.mcus.txt: 0 item(s)
2024-03-06 11:55:30,589 [INFO] ApiDb:452 - User favorites MCUs=[]
2024-03-06 11:55:30,590 [INFO] ApiDb:448 - Save user favorites file C:\Users\revat/.stm32cubeide/favorites.boards.txt: 0 item(s)
2024-03-06 11:55:30,591 [INFO] ApiDb:452 - User favorites Boards=[]
2024-03-06 12:11:47,672 [ERROR] LogOutputStream:75 - [STDERR_REDIRECT] 
